2025-03-12 21:56:25,038 - market_maker - INFO - Starting market making bot in paper trading mode
2025-03-12 21:56:25,043 - market_maker - INFO - Generated 1000 historical candles
2025-03-12 21:56:25,043 - market_maker - INFO - Initialized mock exchange with balances: {'BTC': {'free': 1.0, 'used': 0.0, 'total': 1.0}, 'USDT': {'free': 10000.0, 'used': 0.0, 'total': 10000.0}, 'USD': {'free': 10000.0, 'used': 0.0, 'total': 10000.0}}
2025-03-12 21:56:25,043 - market_maker - INFO - Initialized mock exchange for paper trading
2025-03-12 21:56:25,043 - market_maker - INFO - Initialized order manager for USDT/USD with base size 5.0
2025-03-12 21:56:25,043 - market_maker - INFO - Initialized circuit breakers with price change threshold: 0.2
2025-03-12 21:56:25,043 - market_maker - INFO - Initialized inventory manager with max pct: 0.1, threshold: 0.05
2025-03-12 21:56:25,043 - market_maker - INFO - Initialized A-S model with gamma=0.0001, lambda_b=127087.11, lambda_a=32152.11
2025-03-12 21:56:25,043 - market_maker - INFO - Starting paper trading for 100 cycles
2025-03-12 21:56:25,043 - market_maker - INFO - === Paper Trading Cycle 1/100 ===
2025-03-12 21:56:25,043 - market_maker - INFO - === Market Making Cycle: 2025-03-12 21:56:25.043525 ===
2025-03-12 21:56:25,048 - market_maker - WARNING - Stablecoin depeg detected! Price: 1.618458, deviation: 61.85%
2025-03-12 21:56:25,048 - market_maker - WARNING - Circuit breaker triggered, cancelling all orders
2025-03-12 21:56:25,048 - market_maker - INFO - Cancelling all open orders for USDT/USD
2025-03-12 21:56:25,048 - market_maker - INFO - Cancelled 0 open orders
2025-03-12 21:56:26,053 - market_maker - INFO - === Paper Trading Cycle 2/100 ===
2025-03-12 21:56:26,054 - market_maker - INFO - === Market Making Cycle: 2025-03-12 21:56:26.054351 ===
2025-03-12 21:56:26,056 - market_maker - WARNING - Stablecoin depeg detected! Price: 1.618458, deviation: 61.85%
2025-03-12 21:56:26,057 - market_maker - WARNING - Circuit breaker triggered, cancelling all orders
2025-03-12 21:56:26,057 - market_maker - INFO - Cancelling all open orders for USDT/USD
2025-03-12 21:56:26,057 - market_maker - INFO - Cancelled 0 open orders
2025-03-12 21:56:27,062 - market_maker - INFO - === Paper Trading Cycle 3/100 ===
2025-03-12 21:56:27,063 - market_maker - INFO - === Market Making Cycle: 2025-03-12 21:56:27.063786 ===
2025-03-12 21:56:27,067 - market_maker - WARNING - Stablecoin depeg detected! Price: 1.618458, deviation: 61.85%
2025-03-12 21:56:27,067 - market_maker - WARNING - Circuit breaker triggered, cancelling all orders
2025-03-12 21:56:27,068 - market_maker - INFO - Cancelling all open orders for USDT/USD
2025-03-12 21:56:27,068 - market_maker - INFO - Cancelled 0 open orders
2025-03-12 21:56:28,074 - market_maker - INFO - === Paper Trading Cycle 4/100 ===
2025-03-12 21:56:28,076 - market_maker - INFO - === Market Making Cycle: 2025-03-12 21:56:28.076145 ===
2025-03-12 21:56:28,090 - market_maker - WARNING - Stablecoin depeg detected! Price: 1.618458, deviation: 61.85%
2025-03-12 21:56:28,090 - market_maker - WARNING - Circuit breaker triggered, cancelling all orders
2025-03-12 21:56:28,090 - market_maker - INFO - Cancelling all open orders for USDT/USD
2025-03-12 21:56:28,090 - market_maker - INFO - Cancelled 0 open orders
2025-03-12 21:56:29,096 - market_maker - INFO - === Paper Trading Cycle 5/100 ===
2025-03-12 21:56:29,097 - market_maker - INFO - === Market Making Cycle: 2025-03-12 21:56:29.097167 ===
2025-03-12 21:56:29,101 - market_maker - WARNING - Stablecoin depeg detected! Price: 1.618458, deviation: 61.85%
2025-03-12 21:56:29,102 - market_maker - WARNING - Circuit breaker triggered, cancelling all orders
2025-03-12 21:56:29,102 - market_maker - INFO - Cancelling all open orders for USDT/USD
2025-03-12 21:56:29,102 - market_maker - INFO - Cancelled 0 open orders
2025-03-12 21:56:30,103 - market_maker - INFO - === Paper Trading Cycle 6/100 ===
2025-03-12 21:56:30,105 - market_maker - INFO - === Market Making Cycle: 2025-03-12 21:56:30.105897 ===
2025-03-12 21:56:30,109 - market_maker - WARNING - Stablecoin depeg detected! Price: 1.618458, deviation: 61.85%
2025-03-12 21:56:30,109 - market_maker - WARNING - Circuit breaker triggered, cancelling all orders
2025-03-12 21:56:30,109 - market_maker - INFO - Cancelling all open orders for USDT/USD
2025-03-12 21:56:30,109 - market_maker - INFO - Cancelled 0 open orders
2025-03-12 21:56:31,115 - market_maker - INFO - === Paper Trading Cycle 7/100 ===
2025-03-12 21:56:31,116 - market_maker - INFO - === Market Making Cycle: 2025-03-12 21:56:31.116214 ===
2025-03-12 21:56:31,121 - market_maker - WARNING - Stablecoin depeg detected! Price: 1.618458, deviation: 61.85%
2025-03-12 21:56:31,122 - market_maker - WARNING - Circuit breaker triggered, cancelling all orders
2025-03-12 21:56:31,122 - market_maker - INFO - Cancelling all open orders for USDT/USD
2025-03-12 21:56:31,122 - market_maker - INFO - Cancelled 0 open orders
2025-03-12 21:56:32,127 - market_maker - INFO - === Paper Trading Cycle 8/100 ===
2025-03-12 21:56:32,128 - market_maker - INFO - === Market Making Cycle: 2025-03-12 21:56:32.128600 ===
2025-03-12 21:56:32,133 - market_maker - WARNING - Stablecoin depeg detected! Price: 1.618458, deviation: 61.85%
2025-03-12 21:56:32,133 - market_maker - WARNING - Circuit breaker triggered, cancelling all orders
2025-03-12 21:56:32,133 - market_maker - INFO - Cancelling all open orders for USDT/USD
2025-03-12 21:56:32,133 - market_maker - INFO - Cancelled 0 open orders
2025-03-12 21:56:33,139 - market_maker - INFO - === Paper Trading Cycle 9/100 ===
2025-03-12 21:56:33,139 - market_maker - INFO - === Market Making Cycle: 2025-03-12 21:56:33.139901 ===
2025-03-12 21:56:33,145 - market_maker - WARNING - Stablecoin depeg detected! Price: 1.618458, deviation: 61.85%
2025-03-12 21:56:33,145 - market_maker - WARNING - Circuit breaker triggered, cancelling all orders
2025-03-12 21:56:33,145 - market_maker - INFO - Cancelling all open orders for USDT/USD
2025-03-12 21:56:33,145 - market_maker - INFO - Cancelled 0 open orders
2025-03-12 21:56:34,146 - market_maker - INFO - === Paper Trading Cycle 10/100 ===
2025-03-12 21:56:34,146 - market_maker - INFO - === Market Making Cycle: 2025-03-12 21:56:34.146808 ===
2025-03-12 21:56:34,151 - market_maker - WARNING - Stablecoin depeg detected! Price: 1.618458, deviation: 61.85%
2025-03-12 21:56:34,151 - market_maker - WARNING - Circuit breaker triggered, cancelling all orders
2025-03-12 21:56:34,151 - market_maker - INFO - Cancelling all open orders for USDT/USD
2025-03-12 21:56:34,151 - market_maker - INFO - Cancelled 0 open orders
2025-03-12 21:56:35,157 - market_maker - INFO - === Paper Trading Cycle 11/100 ===
2025-03-12 21:56:35,158 - market_maker - INFO - === Market Making Cycle: 2025-03-12 21:56:35.158360 ===
2025-03-12 21:56:35,163 - market_maker - WARNING - Stablecoin depeg detected! Price: 1.618458, deviation: 61.85%
2025-03-12 21:56:35,163 - market_maker - WARNING - Circuit breaker triggered, cancelling all orders
2025-03-12 21:56:35,164 - market_maker - INFO - Cancelling all open orders for USDT/USD
2025-03-12 21:56:35,164 - market_maker - INFO - Cancelled 0 open orders
2025-03-12 21:56:36,169 - market_maker - INFO - === Paper Trading Cycle 12/100 ===
2025-03-12 21:56:36,170 - market_maker - INFO - === Market Making Cycle: 2025-03-12 21:56:36.170146 ===
2025-03-12 21:56:36,177 - market_maker - WARNING - Stablecoin depeg detected! Price: 1.618458, deviation: 61.85%
2025-03-12 21:56:36,178 - market_maker - WARNING - Circuit breaker triggered, cancelling all orders
2025-03-12 21:56:36,178 - market_maker - INFO - Cancelling all open orders for USDT/USD
2025-03-12 21:56:36,178 - market_maker - INFO - Cancelled 0 open orders
2025-03-12 21:56:37,183 - market_maker - INFO - === Paper Trading Cycle 13/100 ===
2025-03-12 21:56:37,186 - market_maker - INFO - === Market Making Cycle: 2025-03-12 21:56:37.186049 ===
2025-03-12 21:56:37,190 - market_maker - WARNING - Stablecoin depeg detected! Price: 1.618458, deviation: 61.85%
2025-03-12 21:56:37,191 - market_maker - WARNING - Circuit breaker triggered, cancelling all orders
2025-03-12 21:56:37,191 - market_maker - INFO - Cancelling all open orders for USDT/USD
2025-03-12 21:56:37,191 - market_maker - INFO - Cancelled 0 open orders
2025-03-12 21:56:38,196 - market_maker - INFO - === Paper Trading Cycle 14/100 ===
2025-03-12 21:56:38,197 - market_maker - INFO - === Market Making Cycle: 2025-03-12 21:56:38.197837 ===
2025-03-12 21:56:38,203 - market_maker - WARNING - Stablecoin depeg detected! Price: 1.618458, deviation: 61.85%
2025-03-12 21:56:38,203 - market_maker - WARNING - Circuit breaker triggered, cancelling all orders
2025-03-12 21:56:38,204 - market_maker - INFO - Cancelling all open orders for USDT/USD
2025-03-12 21:56:38,204 - market_maker - INFO - Cancelled 0 open orders
2025-03-12 21:56:39,209 - market_maker - INFO - === Paper Trading Cycle 15/100 ===
2025-03-12 21:56:39,210 - market_maker - INFO - === Market Making Cycle: 2025-03-12 21:56:39.210482 ===
2025-03-12 21:56:39,214 - market_maker - WARNING - Stablecoin depeg detected! Price: 1.618458, deviation: 61.85%
2025-03-12 21:56:39,215 - market_maker - WARNING - Circuit breaker triggered, cancelling all orders
2025-03-12 21:56:39,215 - market_maker - INFO - Cancelling all open orders for USDT/USD
2025-03-12 21:56:39,215 - market_maker - INFO - Cancelled 0 open orders
2025-03-12 21:56:40,220 - market_maker - INFO - === Paper Trading Cycle 16/100 ===
2025-03-12 21:56:40,220 - market_maker - INFO - === Market Making Cycle: 2025-03-12 21:56:40.220931 ===
2025-03-12 21:56:40,221 - market_maker - WARNING - Stablecoin depeg detected! Price: 1.618458, deviation: 61.85%
2025-03-12 21:56:40,222 - market_maker - WARNING - Circuit breaker triggered, cancelling all orders
2025-03-12 21:56:40,222 - market_maker - INFO - Cancelling all open orders for USDT/USD
2025-03-12 21:56:40,222 - market_maker - INFO - Cancelled 0 open orders
2025-03-12 21:56:41,227 - market_maker - INFO - === Paper Trading Cycle 17/100 ===
2025-03-12 21:56:41,227 - market_maker - INFO - === Market Making Cycle: 2025-03-12 21:56:41.227600 ===
2025-03-12 21:56:41,230 - market_maker - WARNING - Stablecoin depeg detected! Price: 1.618458, deviation: 61.85%
2025-03-12 21:56:41,230 - market_maker - WARNING - Circuit breaker triggered, cancelling all orders
2025-03-12 21:56:41,230 - market_maker - INFO - Cancelling all open orders for USDT/USD
2025-03-12 21:56:41,230 - market_maker - INFO - Cancelled 0 open orders
2025-03-12 21:56:42,234 - market_maker - INFO - === Paper Trading Cycle 18/100 ===
2025-03-12 21:56:42,234 - market_maker - INFO - === Market Making Cycle: 2025-03-12 21:56:42.234658 ===
2025-03-12 21:56:42,235 - market_maker - WARNING - Stablecoin depeg detected! Price: 1.618458, deviation: 61.85%
2025-03-12 21:56:42,235 - market_maker - WARNING - Circuit breaker triggered, cancelling all orders
2025-03-12 21:56:42,235 - market_maker - INFO - Cancelling all open orders for USDT/USD
2025-03-12 21:56:42,235 - market_maker - INFO - Cancelled 0 open orders
2025-03-12 21:56:43,241 - market_maker - INFO - === Paper Trading Cycle 19/100 ===
2025-03-12 21:56:43,241 - market_maker - INFO - === Market Making Cycle: 2025-03-12 21:56:43.241483 ===
2025-03-12 21:56:43,243 - market_maker - WARNING - Stablecoin depeg detected! Price: 1.618458, deviation: 61.85%
2025-03-12 21:56:43,243 - market_maker - WARNING - Circuit breaker triggered, cancelling all orders
2025-03-12 21:56:43,243 - market_maker - INFO - Cancelling all open orders for USDT/USD
2025-03-12 21:56:43,243 - market_maker - INFO - Cancelled 0 open orders
2025-03-12 21:56:44,248 - market_maker - INFO - === Paper Trading Cycle 20/100 ===
2025-03-12 21:56:44,249 - market_maker - INFO - === Market Making Cycle: 2025-03-12 21:56:44.249906 ===
2025-03-12 21:56:44,254 - market_maker - WARNING - Stablecoin depeg detected! Price: 1.618458, deviation: 61.85%
2025-03-12 21:56:44,254 - market_maker - WARNING - Circuit breaker triggered, cancelling all orders
2025-03-12 21:56:44,254 - market_maker - INFO - Cancelling all open orders for USDT/USD
2025-03-12 21:56:44,255 - market_maker - INFO - Cancelled 0 open orders
2025-03-12 21:56:45,260 - market_maker - INFO - === Paper Trading Cycle 21/100 ===
2025-03-12 21:56:45,261 - market_maker - INFO - === Market Making Cycle: 2025-03-12 21:56:45.261367 ===
2025-03-12 21:56:45,268 - market_maker - WARNING - Stablecoin depeg detected! Price: 1.618458, deviation: 61.85%
2025-03-12 21:56:45,268 - market_maker - WARNING - Circuit breaker triggered, cancelling all orders
2025-03-12 21:56:45,268 - market_maker - INFO - Cancelling all open orders for USDT/USD
2025-03-12 21:56:45,268 - market_maker - INFO - Cancelled 0 open orders
2025-03-12 21:56:46,280 - market_maker - INFO - === Paper Trading Cycle 22/100 ===
2025-03-12 21:56:46,280 - market_maker - INFO - === Market Making Cycle: 2025-03-12 21:56:46.280894 ===
2025-03-12 21:56:46,283 - market_maker - WARNING - Stablecoin depeg detected! Price: 1.618458, deviation: 61.85%
2025-03-12 21:56:46,283 - market_maker - WARNING - Circuit breaker triggered, cancelling all orders
2025-03-12 21:56:46,283 - market_maker - INFO - Cancelling all open orders for USDT/USD
2025-03-12 21:56:46,283 - market_maker - INFO - Cancelled 0 open orders
2025-03-12 21:56:47,288 - market_maker - INFO - === Paper Trading Cycle 23/100 ===
2025-03-12 21:56:47,289 - market_maker - INFO - === Market Making Cycle: 2025-03-12 21:56:47.289255 ===
2025-03-12 21:56:47,291 - market_maker - WARNING - Stablecoin depeg detected! Price: 1.618458, deviation: 61.85%
2025-03-12 21:56:47,291 - market_maker - WARNING - Circuit breaker triggered, cancelling all orders
2025-03-12 21:56:47,291 - market_maker - INFO - Cancelling all open orders for USDT/USD
2025-03-12 21:56:47,291 - market_maker - INFO - Cancelled 0 open orders
2025-03-12 21:56:48,296 - market_maker - INFO - === Paper Trading Cycle 24/100 ===
2025-03-12 21:56:48,296 - market_maker - INFO - === Market Making Cycle: 2025-03-12 21:56:48.296772 ===
2025-03-12 21:56:48,298 - market_maker - WARNING - Stablecoin depeg detected! Price: 1.618458, deviation: 61.85%
2025-03-12 21:56:48,299 - market_maker - WARNING - Circuit breaker triggered, cancelling all orders
2025-03-12 21:56:48,299 - market_maker - INFO - Cancelling all open orders for USDT/USD
2025-03-12 21:56:48,299 - market_maker - INFO - Cancelled 0 open orders
2025-03-12 21:56:49,301 - market_maker - INFO - === Paper Trading Cycle 25/100 ===
2025-03-12 21:56:49,302 - market_maker - INFO - === Market Making Cycle: 2025-03-12 21:56:49.302100 ===
2025-03-12 21:56:49,311 - market_maker - WARNING - Stablecoin depeg detected! Price: 1.618458, deviation: 61.85%
2025-03-12 21:56:49,312 - market_maker - WARNING - Circuit breaker triggered, cancelling all orders
2025-03-12 21:56:49,312 - market_maker - INFO - Cancelling all open orders for USDT/USD
2025-03-12 21:56:49,312 - market_maker - INFO - Cancelled 0 open orders
2025-03-12 21:56:50,317 - market_maker - INFO - === Paper Trading Cycle 26/100 ===
2025-03-12 21:56:50,318 - market_maker - INFO - === Market Making Cycle: 2025-03-12 21:56:50.318574 ===
2025-03-12 21:56:50,323 - market_maker - WARNING - Stablecoin depeg detected! Price: 1.618458, deviation: 61.85%
2025-03-12 21:56:50,324 - market_maker - WARNING - Circuit breaker triggered, cancelling all orders
2025-03-12 21:56:50,324 - market_maker - INFO - Cancelling all open orders for USDT/USD
2025-03-12 21:56:50,324 - market_maker - INFO - Cancelled 0 open orders
2025-03-12 21:56:51,329 - market_maker - INFO - === Paper Trading Cycle 27/100 ===
2025-03-12 21:56:51,331 - market_maker - INFO - === Market Making Cycle: 2025-03-12 21:56:51.331125 ===
2025-03-12 21:56:51,335 - market_maker - WARNING - Stablecoin depeg detected! Price: 1.618458, deviation: 61.85%
2025-03-12 21:56:51,336 - market_maker - WARNING - Circuit breaker triggered, cancelling all orders
2025-03-12 21:56:51,336 - market_maker - INFO - Cancelling all open orders for USDT/USD
2025-03-12 21:56:51,336 - market_maker - INFO - Cancelled 0 open orders
2025-03-12 21:56:52,341 - market_maker - INFO - === Paper Trading Cycle 28/100 ===
2025-03-12 21:56:52,342 - market_maker - INFO - === Market Making Cycle: 2025-03-12 21:56:52.342679 ===
2025-03-12 21:56:52,347 - market_maker - WARNING - Stablecoin depeg detected! Price: 1.618458, deviation: 61.85%
2025-03-12 21:56:52,347 - market_maker - WARNING - Circuit breaker triggered, cancelling all orders
2025-03-12 21:56:52,347 - market_maker - INFO - Cancelling all open orders for USDT/USD
2025-03-12 21:56:52,347 - market_maker - INFO - Cancelled 0 open orders
2025-03-12 21:56:53,352 - market_maker - INFO - === Paper Trading Cycle 29/100 ===
2025-03-12 21:56:53,352 - market_maker - INFO - === Market Making Cycle: 2025-03-12 21:56:53.352770 ===
2025-03-12 21:56:53,360 - market_maker - WARNING - Stablecoin depeg detected! Price: 1.618458, deviation: 61.85%
2025-03-12 21:56:53,360 - market_maker - WARNING - Circuit breaker triggered, cancelling all orders
2025-03-12 21:56:53,360 - market_maker - INFO - Cancelling all open orders for USDT/USD
2025-03-12 21:56:53,360 - market_maker - INFO - Cancelled 0 open orders
2025-03-12 21:56:54,365 - market_maker - INFO - === Paper Trading Cycle 30/100 ===
2025-03-12 21:56:54,366 - market_maker - INFO - === Market Making Cycle: 2025-03-12 21:56:54.365993 ===
2025-03-12 21:56:54,367 - market_maker - WARNING - Stablecoin depeg detected! Price: 1.618458, deviation: 61.85%
2025-03-12 21:56:54,367 - market_maker - WARNING - Circuit breaker triggered, cancelling all orders
2025-03-12 21:56:54,367 - market_maker - INFO - Cancelling all open orders for USDT/USD
2025-03-12 21:56:54,367 - market_maker - INFO - Cancelled 0 open orders
2025-03-12 21:56:55,372 - market_maker - INFO - === Paper Trading Cycle 31/100 ===
2025-03-12 21:56:55,373 - market_maker - INFO - === Market Making Cycle: 2025-03-12 21:56:55.373658 ===
2025-03-12 21:56:55,378 - market_maker - WARNING - Stablecoin depeg detected! Price: 1.618458, deviation: 61.85%
2025-03-12 21:56:55,379 - market_maker - WARNING - Circuit breaker triggered, cancelling all orders
2025-03-12 21:56:55,379 - market_maker - INFO - Cancelling all open orders for USDT/USD
2025-03-12 21:56:55,379 - market_maker - INFO - Cancelled 0 open orders
2025-03-12 21:56:56,384 - market_maker - INFO - === Paper Trading Cycle 32/100 ===
2025-03-12 21:56:56,385 - market_maker - INFO - === Market Making Cycle: 2025-03-12 21:56:56.385363 ===
2025-03-12 21:56:56,388 - market_maker - WARNING - Stablecoin depeg detected! Price: 1.618458, deviation: 61.85%
2025-03-12 21:56:56,389 - market_maker - WARNING - Circuit breaker triggered, cancelling all orders
2025-03-12 21:56:56,389 - market_maker - INFO - Cancelling all open orders for USDT/USD
2025-03-12 21:56:56,389 - market_maker - INFO - Cancelled 0 open orders
2025-03-12 21:56:57,393 - market_maker - INFO - === Paper Trading Cycle 33/100 ===
2025-03-12 21:56:57,393 - market_maker - INFO - === Market Making Cycle: 2025-03-12 21:56:57.393889 ===
2025-03-12 21:56:57,400 - market_maker - WARNING - Stablecoin depeg detected! Price: 1.618458, deviation: 61.85%
2025-03-12 21:56:57,404 - market_maker - WARNING - Circuit breaker triggered, cancelling all orders
2025-03-12 21:56:57,404 - market_maker - INFO - Cancelling all open orders for USDT/USD
2025-03-12 21:56:57,404 - market_maker - INFO - Cancelled 0 open orders
2025-03-12 21:56:58,409 - market_maker - INFO - === Paper Trading Cycle 34/100 ===
2025-03-12 21:56:58,410 - market_maker - INFO - === Market Making Cycle: 2025-03-12 21:56:58.410325 ===
2025-03-12 21:56:58,413 - market_maker - WARNING - Stablecoin depeg detected! Price: 1.618458, deviation: 61.85%
2025-03-12 21:56:58,414 - market_maker - WARNING - Circuit breaker triggered, cancelling all orders
2025-03-12 21:56:58,414 - market_maker - INFO - Cancelling all open orders for USDT/USD
2025-03-12 21:56:58,417 - market_maker - INFO - Cancelled 0 open orders
2025-03-12 21:56:59,419 - market_maker - INFO - === Paper Trading Cycle 35/100 ===
2025-03-12 21:56:59,419 - market_maker - INFO - === Market Making Cycle: 2025-03-12 21:56:59.419553 ===
2025-03-12 21:56:59,420 - market_maker - WARNING - Stablecoin depeg detected! Price: 1.618458, deviation: 61.85%
2025-03-12 21:56:59,420 - market_maker - WARNING - Circuit breaker triggered, cancelling all orders
2025-03-12 21:56:59,420 - market_maker - INFO - Cancelling all open orders for USDT/USD
2025-03-12 21:56:59,420 - market_maker - INFO - Cancelled 0 open orders
2025-03-12 21:57:00,425 - market_maker - INFO - === Paper Trading Cycle 36/100 ===
2025-03-12 21:57:00,427 - market_maker - INFO - === Market Making Cycle: 2025-03-12 21:57:00.427107 ===
2025-03-12 21:57:00,431 - market_maker - WARNING - Stablecoin depeg detected! Price: 1.618458, deviation: 61.85%
2025-03-12 21:57:00,431 - market_maker - WARNING - Circuit breaker triggered, cancelling all orders
2025-03-12 21:57:00,431 - market_maker - INFO - Cancelling all open orders for USDT/USD
2025-03-12 21:57:00,432 - market_maker - INFO - Cancelled 0 open orders
2025-03-12 21:57:01,434 - market_maker - INFO - === Paper Trading Cycle 37/100 ===
2025-03-12 21:57:01,435 - market_maker - INFO - === Market Making Cycle: 2025-03-12 21:57:01.434982 ===
2025-03-12 21:57:01,437 - market_maker - WARNING - Stablecoin depeg detected! Price: 1.618458, deviation: 61.85%
2025-03-12 21:57:01,437 - market_maker - WARNING - Circuit breaker triggered, cancelling all orders
2025-03-12 21:57:01,437 - market_maker - INFO - Cancelling all open orders for USDT/USD
2025-03-12 21:57:01,437 - market_maker - INFO - Cancelled 0 open orders
2025-03-12 21:57:02,441 - market_maker - INFO - === Paper Trading Cycle 38/100 ===
2025-03-12 21:57:02,441 - market_maker - INFO - === Market Making Cycle: 2025-03-12 21:57:02.441827 ===
2025-03-12 21:57:02,447 - market_maker - WARNING - Stablecoin depeg detected! Price: 1.618458, deviation: 61.85%
2025-03-12 21:57:02,447 - market_maker - WARNING - Circuit breaker triggered, cancelling all orders
2025-03-12 21:57:02,447 - market_maker - INFO - Cancelling all open orders for USDT/USD
2025-03-12 21:57:02,448 - market_maker - INFO - Cancelled 0 open orders
2025-03-12 21:57:03,451 - market_maker - INFO - === Paper Trading Cycle 39/100 ===
2025-03-12 21:57:03,452 - market_maker - INFO - === Market Making Cycle: 2025-03-12 21:57:03.452508 ===
2025-03-12 21:57:03,457 - market_maker - WARNING - Stablecoin depeg detected! Price: 1.618458, deviation: 61.85%
2025-03-12 21:57:03,458 - market_maker - WARNING - Circuit breaker triggered, cancelling all orders
2025-03-12 21:57:03,458 - market_maker - INFO - Cancelling all open orders for USDT/USD
2025-03-12 21:57:03,458 - market_maker - INFO - Cancelled 0 open orders
2025-03-12 21:57:04,464 - market_maker - INFO - === Paper Trading Cycle 40/100 ===
2025-03-12 21:57:04,464 - market_maker - INFO - === Market Making Cycle: 2025-03-12 21:57:04.464346 ===
2025-03-12 21:57:04,465 - market_maker - WARNING - Stablecoin depeg detected! Price: 1.618458, deviation: 61.85%
2025-03-12 21:57:04,465 - market_maker - WARNING - Circuit breaker triggered, cancelling all orders
2025-03-12 21:57:04,465 - market_maker - INFO - Cancelling all open orders for USDT/USD
2025-03-12 21:57:04,465 - market_maker - INFO - Cancelled 0 open orders
2025-03-12 21:57:05,466 - market_maker - INFO - === Paper Trading Cycle 41/100 ===
2025-03-12 21:57:05,467 - market_maker - INFO - === Market Making Cycle: 2025-03-12 21:57:05.467751 ===
2025-03-12 21:57:05,471 - market_maker - WARNING - Stablecoin depeg detected! Price: 1.618458, deviation: 61.85%
2025-03-12 21:57:05,472 - market_maker - WARNING - Circuit breaker triggered, cancelling all orders
2025-03-12 21:57:05,472 - market_maker - INFO - Cancelling all open orders for USDT/USD
2025-03-12 21:57:05,472 - market_maker - INFO - Cancelled 0 open orders
2025-03-12 21:57:06,477 - market_maker - INFO - === Paper Trading Cycle 42/100 ===
2025-03-12 21:57:06,478 - market_maker - INFO - === Market Making Cycle: 2025-03-12 21:57:06.478464 ===
2025-03-12 21:57:06,482 - market_maker - WARNING - Stablecoin depeg detected! Price: 1.618458, deviation: 61.85%
2025-03-12 21:57:06,483 - market_maker - WARNING - Circuit breaker triggered, cancelling all orders
2025-03-12 21:57:06,483 - market_maker - INFO - Cancelling all open orders for USDT/USD
2025-03-12 21:57:06,483 - market_maker - INFO - Cancelled 0 open orders
2025-03-12 21:57:07,489 - market_maker - INFO - === Paper Trading Cycle 43/100 ===
2025-03-12 21:57:07,493 - market_maker - INFO - === Market Making Cycle: 2025-03-12 21:57:07.493458 ===
2025-03-12 21:57:07,496 - market_maker - WARNING - Stablecoin depeg detected! Price: 1.618458, deviation: 61.85%
2025-03-12 21:57:07,496 - market_maker - WARNING - Circuit breaker triggered, cancelling all orders
2025-03-12 21:57:07,496 - market_maker - INFO - Cancelling all open orders for USDT/USD
2025-03-12 21:57:07,496 - market_maker - INFO - Cancelled 0 open orders
2025-03-12 21:57:08,501 - market_maker - INFO - === Paper Trading Cycle 44/100 ===
2025-03-12 21:57:08,502 - market_maker - INFO - === Market Making Cycle: 2025-03-12 21:57:08.502330 ===
2025-03-12 21:57:08,506 - market_maker - WARNING - Stablecoin depeg detected! Price: 1.618458, deviation: 61.85%
2025-03-12 21:57:08,507 - market_maker - WARNING - Circuit breaker triggered, cancelling all orders
2025-03-12 21:57:08,507 - market_maker - INFO - Cancelling all open orders for USDT/USD
2025-03-12 21:57:08,507 - market_maker - INFO - Cancelled 0 open orders
2025-03-12 21:57:09,512 - market_maker - INFO - === Paper Trading Cycle 45/100 ===
2025-03-12 21:57:09,512 - market_maker - INFO - === Market Making Cycle: 2025-03-12 21:57:09.512852 ===
2025-03-12 21:57:09,513 - market_maker - WARNING - Stablecoin depeg detected! Price: 1.618458, deviation: 61.85%
2025-03-12 21:57:09,513 - market_maker - WARNING - Circuit breaker triggered, cancelling all orders
2025-03-12 21:57:09,514 - market_maker - INFO - Cancelling all open orders for USDT/USD
2025-03-12 21:57:09,514 - market_maker - INFO - Cancelled 0 open orders
2025-03-12 21:57:10,519 - market_maker - INFO - === Paper Trading Cycle 46/100 ===
2025-03-12 21:57:10,519 - market_maker - INFO - === Market Making Cycle: 2025-03-12 21:57:10.519584 ===
2025-03-12 21:57:10,523 - market_maker - WARNING - Stablecoin depeg detected! Price: 1.618458, deviation: 61.85%
2025-03-12 21:57:10,524 - market_maker - WARNING - Circuit breaker triggered, cancelling all orders
2025-03-12 21:57:10,524 - market_maker - INFO - Cancelling all open orders for USDT/USD
2025-03-12 21:57:10,524 - market_maker - INFO - Cancelled 0 open orders
2025-03-12 21:57:11,529 - market_maker - INFO - === Paper Trading Cycle 47/100 ===
2025-03-12 21:57:11,530 - market_maker - INFO - === Market Making Cycle: 2025-03-12 21:57:11.530257 ===
2025-03-12 21:57:11,534 - market_maker - WARNING - Stablecoin depeg detected! Price: 1.618458, deviation: 61.85%
2025-03-12 21:57:11,535 - market_maker - WARNING - Circuit breaker triggered, cancelling all orders
2025-03-12 21:57:11,535 - market_maker - INFO - Cancelling all open orders for USDT/USD
2025-03-12 21:57:11,535 - market_maker - INFO - Cancelled 0 open orders
2025-03-12 21:57:12,540 - market_maker - INFO - === Paper Trading Cycle 48/100 ===
2025-03-12 21:57:12,541 - market_maker - INFO - === Market Making Cycle: 2025-03-12 21:57:12.541942 ===
2025-03-12 21:57:12,545 - market_maker - WARNING - Stablecoin depeg detected! Price: 1.618458, deviation: 61.85%
2025-03-12 21:57:12,546 - market_maker - WARNING - Circuit breaker triggered, cancelling all orders
2025-03-12 21:57:12,546 - market_maker - INFO - Cancelling all open orders for USDT/USD
2025-03-12 21:57:12,546 - market_maker - INFO - Cancelled 0 open orders
2025-03-12 21:57:13,555 - market_maker - INFO - === Paper Trading Cycle 49/100 ===
2025-03-12 21:57:13,557 - market_maker - INFO - === Market Making Cycle: 2025-03-12 21:57:13.557206 ===
2025-03-12 21:57:13,560 - market_maker - WARNING - Stablecoin depeg detected! Price: 1.618458, deviation: 61.85%
2025-03-12 21:57:13,561 - market_maker - WARNING - Circuit breaker triggered, cancelling all orders
2025-03-12 21:57:13,561 - market_maker - INFO - Cancelling all open orders for USDT/USD
2025-03-12 21:57:13,561 - market_maker - INFO - Cancelled 0 open orders
2025-03-12 21:57:14,562 - market_maker - INFO - === Paper Trading Cycle 50/100 ===
2025-03-12 21:57:14,562 - market_maker - INFO - === Market Making Cycle: 2025-03-12 21:57:14.562355 ===
2025-03-12 21:57:14,564 - market_maker - WARNING - Stablecoin depeg detected! Price: 1.618458, deviation: 61.85%
2025-03-12 21:57:14,564 - market_maker - WARNING - Circuit breaker triggered, cancelling all orders
2025-03-12 21:57:14,564 - market_maker - INFO - Cancelling all open orders for USDT/USD
2025-03-12 21:57:14,564 - market_maker - INFO - Cancelled 0 open orders
2025-03-12 21:57:15,569 - market_maker - INFO - === Paper Trading Cycle 51/100 ===
2025-03-12 21:57:15,570 - market_maker - INFO - === Market Making Cycle: 2025-03-12 21:57:15.570638 ===
2025-03-12 21:57:15,576 - market_maker - WARNING - Stablecoin depeg detected! Price: 1.618458, deviation: 61.85%
2025-03-12 21:57:15,577 - market_maker - WARNING - Circuit breaker triggered, cancelling all orders
2025-03-12 21:57:15,577 - market_maker - INFO - Cancelling all open orders for USDT/USD
2025-03-12 21:57:15,577 - market_maker - INFO - Cancelled 0 open orders
2025-03-12 21:57:16,581 - market_maker - INFO - === Paper Trading Cycle 52/100 ===
2025-03-12 21:57:16,582 - market_maker - INFO - === Market Making Cycle: 2025-03-12 21:57:16.581872 ===
2025-03-12 21:57:16,585 - market_maker - WARNING - Stablecoin depeg detected! Price: 1.618458, deviation: 61.85%
2025-03-12 21:57:16,586 - market_maker - WARNING - Circuit breaker triggered, cancelling all orders
2025-03-12 21:57:16,586 - market_maker - INFO - Cancelling all open orders for USDT/USD
2025-03-12 21:57:16,586 - market_maker - INFO - Cancelled 0 open orders
2025-03-12 21:57:17,591 - market_maker - INFO - === Paper Trading Cycle 53/100 ===
2025-03-12 21:57:17,592 - market_maker - INFO - === Market Making Cycle: 2025-03-12 21:57:17.592101 ===
2025-03-12 21:57:17,598 - market_maker - WARNING - Stablecoin depeg detected! Price: 1.618458, deviation: 61.85%
2025-03-12 21:57:17,598 - market_maker - WARNING - Circuit breaker triggered, cancelling all orders
2025-03-12 21:57:17,598 - market_maker - INFO - Cancelling all open orders for USDT/USD
2025-03-12 21:57:17,598 - market_maker - INFO - Cancelled 0 open orders
2025-03-12 21:57:18,604 - market_maker - INFO - === Paper Trading Cycle 54/100 ===
2025-03-12 21:57:18,604 - market_maker - INFO - === Market Making Cycle: 2025-03-12 21:57:18.604452 ===
2025-03-12 21:57:18,607 - market_maker - WARNING - Stablecoin depeg detected! Price: 1.618458, deviation: 61.85%
2025-03-12 21:57:18,608 - market_maker - WARNING - Circuit breaker triggered, cancelling all orders
2025-03-12 21:57:18,608 - market_maker - INFO - Cancelling all open orders for USDT/USD
2025-03-12 21:57:18,608 - market_maker - INFO - Cancelled 0 open orders
2025-03-12 21:57:19,614 - market_maker - INFO - === Paper Trading Cycle 55/100 ===
2025-03-12 21:57:19,615 - market_maker - INFO - === Market Making Cycle: 2025-03-12 21:57:19.615261 ===
2025-03-12 21:57:19,620 - market_maker - WARNING - Stablecoin depeg detected! Price: 1.618458, deviation: 61.85%
2025-03-12 21:57:19,620 - market_maker - WARNING - Circuit breaker triggered, cancelling all orders
2025-03-12 21:57:19,620 - market_maker - INFO - Cancelling all open orders for USDT/USD
2025-03-12 21:57:19,620 - market_maker - INFO - Cancelled 0 open orders
2025-03-12 21:57:20,622 - market_maker - INFO - === Paper Trading Cycle 56/100 ===
2025-03-12 21:57:20,622 - market_maker - INFO - === Market Making Cycle: 2025-03-12 21:57:20.622391 ===
2025-03-12 21:57:20,625 - market_maker - WARNING - Stablecoin depeg detected! Price: 1.618458, deviation: 61.85%
2025-03-12 21:57:20,626 - market_maker - WARNING - Circuit breaker triggered, cancelling all orders
2025-03-12 21:57:20,626 - market_maker - INFO - Cancelling all open orders for USDT/USD
2025-03-12 21:57:20,626 - market_maker - INFO - Cancelled 0 open orders
2025-03-12 21:57:21,629 - market_maker - INFO - === Paper Trading Cycle 57/100 ===
2025-03-12 21:57:21,632 - market_maker - INFO - === Market Making Cycle: 2025-03-12 21:57:21.632459 ===
2025-03-12 21:57:21,636 - market_maker - WARNING - Stablecoin depeg detected! Price: 1.618458, deviation: 61.85%
2025-03-12 21:57:21,637 - market_maker - WARNING - Circuit breaker triggered, cancelling all orders
2025-03-12 21:57:21,638 - market_maker - INFO - Cancelling all open orders for USDT/USD
2025-03-12 21:57:21,638 - market_maker - INFO - Cancelled 0 open orders
2025-03-12 21:57:22,643 - market_maker - INFO - === Paper Trading Cycle 58/100 ===
2025-03-12 21:57:22,644 - market_maker - INFO - === Market Making Cycle: 2025-03-12 21:57:22.644395 ===
2025-03-12 21:57:22,649 - market_maker - WARNING - Stablecoin depeg detected! Price: 1.618458, deviation: 61.85%
2025-03-12 21:57:22,649 - market_maker - WARNING - Circuit breaker triggered, cancelling all orders
2025-03-12 21:57:22,649 - market_maker - INFO - Cancelling all open orders for USDT/USD
2025-03-12 21:57:22,649 - market_maker - INFO - Cancelled 0 open orders
2025-03-12 21:57:23,652 - market_maker - INFO - === Paper Trading Cycle 59/100 ===
2025-03-12 21:57:23,652 - market_maker - INFO - === Market Making Cycle: 2025-03-12 21:57:23.652409 ===
2025-03-12 21:57:23,655 - market_maker - WARNING - Stablecoin depeg detected! Price: 1.618458, deviation: 61.85%
2025-03-12 21:57:23,655 - market_maker - WARNING - Circuit breaker triggered, cancelling all orders
2025-03-12 21:57:23,655 - market_maker - INFO - Cancelling all open orders for USDT/USD
2025-03-12 21:57:23,655 - market_maker - INFO - Cancelled 0 open orders
2025-03-12 21:57:24,659 - market_maker - INFO - === Paper Trading Cycle 60/100 ===
2025-03-12 21:57:24,661 - market_maker - INFO - === Market Making Cycle: 2025-03-12 21:57:24.660700 ===
2025-03-12 21:57:24,666 - market_maker - WARNING - Stablecoin depeg detected! Price: 1.618458, deviation: 61.85%
2025-03-12 21:57:24,666 - market_maker - WARNING - Circuit breaker triggered, cancelling all orders
2025-03-12 21:57:24,667 - market_maker - INFO - Cancelling all open orders for USDT/USD
2025-03-12 21:57:24,667 - market_maker - INFO - Cancelled 0 open orders
2025-03-12 21:57:25,672 - market_maker - INFO - === Paper Trading Cycle 61/100 ===
2025-03-12 21:57:25,673 - market_maker - INFO - === Market Making Cycle: 2025-03-12 21:57:25.673362 ===
2025-03-12 21:57:25,679 - market_maker - WARNING - Stablecoin depeg detected! Price: 1.618458, deviation: 61.85%
2025-03-12 21:57:25,680 - market_maker - WARNING - Circuit breaker triggered, cancelling all orders
2025-03-12 21:57:25,680 - market_maker - INFO - Cancelling all open orders for USDT/USD
2025-03-12 21:57:25,680 - market_maker - INFO - Cancelled 0 open orders
2025-03-12 21:57:26,686 - market_maker - INFO - === Paper Trading Cycle 62/100 ===
2025-03-12 21:57:26,688 - market_maker - INFO - === Market Making Cycle: 2025-03-12 21:57:26.687866 ===
2025-03-12 21:57:26,692 - market_maker - WARNING - Stablecoin depeg detected! Price: 1.618458, deviation: 61.85%
2025-03-12 21:57:26,692 - market_maker - WARNING - Circuit breaker triggered, cancelling all orders
2025-03-12 21:57:26,692 - market_maker - INFO - Cancelling all open orders for USDT/USD
2025-03-12 21:57:26,692 - market_maker - INFO - Cancelled 0 open orders
2025-03-12 21:57:27,698 - market_maker - INFO - === Paper Trading Cycle 63/100 ===
2025-03-12 21:57:27,700 - market_maker - INFO - === Market Making Cycle: 2025-03-12 21:57:27.700899 ===
2025-03-12 21:57:27,704 - market_maker - WARNING - Stablecoin depeg detected! Price: 1.618458, deviation: 61.85%
2025-03-12 21:57:27,705 - market_maker - WARNING - Circuit breaker triggered, cancelling all orders
2025-03-12 21:57:27,705 - market_maker - INFO - Cancelling all open orders for USDT/USD
2025-03-12 21:57:27,706 - market_maker - INFO - Cancelled 0 open orders
2025-03-12 21:57:28,711 - market_maker - INFO - === Paper Trading Cycle 64/100 ===
2025-03-12 21:57:28,712 - market_maker - INFO - === Market Making Cycle: 2025-03-12 21:57:28.712025 ===
2025-03-12 21:57:28,717 - market_maker - WARNING - Stablecoin depeg detected! Price: 1.618458, deviation: 61.85%
2025-03-12 21:57:28,718 - market_maker - WARNING - Circuit breaker triggered, cancelling all orders
2025-03-12 21:57:28,718 - market_maker - INFO - Cancelling all open orders for USDT/USD
2025-03-12 21:57:28,718 - market_maker - INFO - Cancelled 0 open orders
2025-03-12 21:57:29,723 - market_maker - INFO - === Paper Trading Cycle 65/100 ===
2025-03-12 21:57:29,726 - market_maker - INFO - === Market Making Cycle: 2025-03-12 21:57:29.725981 ===
2025-03-12 21:57:29,729 - market_maker - WARNING - Stablecoin depeg detected! Price: 1.618458, deviation: 61.85%
2025-03-12 21:57:29,730 - market_maker - WARNING - Circuit breaker triggered, cancelling all orders
2025-03-12 21:57:29,730 - market_maker - INFO - Cancelling all open orders for USDT/USD
2025-03-12 21:57:29,730 - market_maker - INFO - Cancelled 0 open orders
2025-03-12 21:57:30,733 - market_maker - INFO - === Paper Trading Cycle 66/100 ===
2025-03-12 21:57:30,734 - market_maker - INFO - === Market Making Cycle: 2025-03-12 21:57:30.733977 ===
2025-03-12 21:57:30,738 - market_maker - WARNING - Stablecoin depeg detected! Price: 1.618458, deviation: 61.85%
2025-03-12 21:57:30,738 - market_maker - WARNING - Circuit breaker triggered, cancelling all orders
2025-03-12 21:57:30,738 - market_maker - INFO - Cancelling all open orders for USDT/USD
2025-03-12 21:57:30,739 - market_maker - INFO - Cancelled 0 open orders
2025-03-12 21:57:31,744 - market_maker - INFO - === Paper Trading Cycle 67/100 ===
2025-03-12 21:57:31,746 - market_maker - INFO - === Market Making Cycle: 2025-03-12 21:57:31.746750 ===
2025-03-12 21:57:31,750 - market_maker - WARNING - Stablecoin depeg detected! Price: 1.618458, deviation: 61.85%
2025-03-12 21:57:31,750 - market_maker - WARNING - Circuit breaker triggered, cancelling all orders
2025-03-12 21:57:31,750 - market_maker - INFO - Cancelling all open orders for USDT/USD
2025-03-12 21:57:31,750 - market_maker - INFO - Cancelled 0 open orders
2025-03-12 21:57:32,752 - market_maker - INFO - === Paper Trading Cycle 68/100 ===
2025-03-12 21:57:32,752 - market_maker - INFO - === Market Making Cycle: 2025-03-12 21:57:32.752851 ===
2025-03-12 21:57:32,757 - market_maker - WARNING - Stablecoin depeg detected! Price: 1.618458, deviation: 61.85%
2025-03-12 21:57:32,757 - market_maker - WARNING - Circuit breaker triggered, cancelling all orders
2025-03-12 21:57:32,757 - market_maker - INFO - Cancelling all open orders for USDT/USD
2025-03-12 21:57:32,757 - market_maker - INFO - Cancelled 0 open orders
2025-03-12 21:57:33,759 - market_maker - INFO - === Paper Trading Cycle 69/100 ===
2025-03-12 21:57:33,760 - market_maker - INFO - === Market Making Cycle: 2025-03-12 21:57:33.760658 ===
2025-03-12 21:57:33,764 - market_maker - WARNING - Stablecoin depeg detected! Price: 1.618458, deviation: 61.85%
2025-03-12 21:57:33,765 - market_maker - WARNING - Circuit breaker triggered, cancelling all orders
2025-03-12 21:57:33,765 - market_maker - INFO - Cancelling all open orders for USDT/USD
2025-03-12 21:57:33,765 - market_maker - INFO - Cancelled 0 open orders
2025-03-12 21:57:34,767 - market_maker - INFO - === Paper Trading Cycle 70/100 ===
2025-03-12 21:57:34,767 - market_maker - INFO - === Market Making Cycle: 2025-03-12 21:57:34.767962 ===
2025-03-12 21:57:34,772 - market_maker - WARNING - Stablecoin depeg detected! Price: 1.618458, deviation: 61.85%
2025-03-12 21:57:34,772 - market_maker - WARNING - Circuit breaker triggered, cancelling all orders
2025-03-12 21:57:34,772 - market_maker - INFO - Cancelling all open orders for USDT/USD
2025-03-12 21:57:34,772 - market_maker - INFO - Cancelled 0 open orders
2025-03-12 21:57:35,773 - market_maker - INFO - === Paper Trading Cycle 71/100 ===
2025-03-12 21:57:35,775 - market_maker - INFO - === Market Making Cycle: 2025-03-12 21:57:35.775770 ===
2025-03-12 21:57:35,779 - market_maker - WARNING - Stablecoin depeg detected! Price: 1.618458, deviation: 61.85%
2025-03-12 21:57:35,779 - market_maker - WARNING - Circuit breaker triggered, cancelling all orders
2025-03-12 21:57:35,779 - market_maker - INFO - Cancelling all open orders for USDT/USD
2025-03-12 21:57:35,779 - market_maker - INFO - Cancelled 0 open orders
2025-03-12 21:57:36,785 - market_maker - INFO - === Paper Trading Cycle 72/100 ===
2025-03-12 21:57:36,786 - market_maker - INFO - === Market Making Cycle: 2025-03-12 21:57:36.786059 ===
2025-03-12 21:57:36,791 - market_maker - WARNING - Stablecoin depeg detected! Price: 1.618458, deviation: 61.85%
2025-03-12 21:57:36,792 - market_maker - WARNING - Circuit breaker triggered, cancelling all orders
2025-03-12 21:57:36,792 - market_maker - INFO - Cancelling all open orders for USDT/USD
2025-03-12 21:57:36,792 - market_maker - INFO - Cancelled 0 open orders
2025-03-12 21:57:37,797 - market_maker - INFO - === Paper Trading Cycle 73/100 ===
2025-03-12 21:57:37,798 - market_maker - INFO - === Market Making Cycle: 2025-03-12 21:57:37.798556 ===
2025-03-12 21:57:37,803 - market_maker - WARNING - Stablecoin depeg detected! Price: 1.618458, deviation: 61.85%
2025-03-12 21:57:37,804 - market_maker - WARNING - Circuit breaker triggered, cancelling all orders
2025-03-12 21:57:37,804 - market_maker - INFO - Cancelling all open orders for USDT/USD
2025-03-12 21:57:37,804 - market_maker - INFO - Cancelled 0 open orders
2025-03-12 21:57:38,809 - market_maker - INFO - === Paper Trading Cycle 74/100 ===
2025-03-12 21:57:38,810 - market_maker - INFO - === Market Making Cycle: 2025-03-12 21:57:38.810654 ===
2025-03-12 21:57:38,815 - market_maker - WARNING - Stablecoin depeg detected! Price: 1.618458, deviation: 61.85%
2025-03-12 21:57:38,816 - market_maker - WARNING - Circuit breaker triggered, cancelling all orders
2025-03-12 21:57:38,816 - market_maker - INFO - Cancelling all open orders for USDT/USD
2025-03-12 21:57:38,816 - market_maker - INFO - Cancelled 0 open orders
2025-03-12 21:57:39,821 - market_maker - INFO - === Paper Trading Cycle 75/100 ===
2025-03-12 21:57:39,822 - market_maker - INFO - === Market Making Cycle: 2025-03-12 21:57:39.822754 ===
2025-03-12 21:57:39,828 - market_maker - WARNING - Stablecoin depeg detected! Price: 1.618458, deviation: 61.85%
2025-03-12 21:57:39,828 - market_maker - WARNING - Circuit breaker triggered, cancelling all orders
2025-03-12 21:57:39,828 - market_maker - INFO - Cancelling all open orders for USDT/USD
2025-03-12 21:57:39,829 - market_maker - INFO - Cancelled 0 open orders
2025-03-12 21:57:40,834 - market_maker - INFO - === Paper Trading Cycle 76/100 ===
2025-03-12 21:57:40,835 - market_maker - INFO - === Market Making Cycle: 2025-03-12 21:57:40.835339 ===
2025-03-12 21:57:40,840 - market_maker - WARNING - Stablecoin depeg detected! Price: 1.618458, deviation: 61.85%
2025-03-12 21:57:40,840 - market_maker - WARNING - Circuit breaker triggered, cancelling all orders
2025-03-12 21:57:40,840 - market_maker - INFO - Cancelling all open orders for USDT/USD
2025-03-12 21:57:40,840 - market_maker - INFO - Cancelled 0 open orders
2025-03-12 21:57:41,842 - market_maker - INFO - === Paper Trading Cycle 77/100 ===
2025-03-12 21:57:41,842 - market_maker - INFO - === Market Making Cycle: 2025-03-12 21:57:41.842882 ===
2025-03-12 21:57:41,849 - market_maker - WARNING - Stablecoin depeg detected! Price: 1.618458, deviation: 61.85%
2025-03-12 21:57:41,849 - market_maker - WARNING - Circuit breaker triggered, cancelling all orders
2025-03-12 21:57:41,849 - market_maker - INFO - Cancelling all open orders for USDT/USD
2025-03-12 21:57:41,849 - market_maker - INFO - Cancelled 0 open orders
2025-03-12 21:57:42,850 - market_maker - INFO - === Paper Trading Cycle 78/100 ===
2025-03-12 21:57:42,851 - market_maker - INFO - === Market Making Cycle: 2025-03-12 21:57:42.851722 ===
2025-03-12 21:57:42,856 - market_maker - WARNING - Stablecoin depeg detected! Price: 1.618458, deviation: 61.85%
2025-03-12 21:57:42,856 - market_maker - WARNING - Circuit breaker triggered, cancelling all orders
2025-03-12 21:57:42,856 - market_maker - INFO - Cancelling all open orders for USDT/USD
2025-03-12 21:57:42,856 - market_maker - INFO - Cancelled 0 open orders
2025-03-12 21:57:43,863 - market_maker - INFO - === Paper Trading Cycle 79/100 ===
2025-03-12 21:57:43,865 - market_maker - INFO - === Market Making Cycle: 2025-03-12 21:57:43.865548 ===
2025-03-12 21:57:43,868 - market_maker - WARNING - Stablecoin depeg detected! Price: 1.618458, deviation: 61.85%
2025-03-12 21:57:43,869 - market_maker - WARNING - Circuit breaker triggered, cancelling all orders
2025-03-12 21:57:43,869 - market_maker - INFO - Cancelling all open orders for USDT/USD
2025-03-12 21:57:43,869 - market_maker - INFO - Cancelled 0 open orders
2025-03-12 21:57:44,871 - market_maker - INFO - === Paper Trading Cycle 80/100 ===
2025-03-12 21:57:44,871 - market_maker - INFO - === Market Making Cycle: 2025-03-12 21:57:44.871261 ===
2025-03-12 21:57:44,872 - market_maker - WARNING - Stablecoin depeg detected! Price: 1.618458, deviation: 61.85%
2025-03-12 21:57:44,872 - market_maker - WARNING - Circuit breaker triggered, cancelling all orders
2025-03-12 21:57:44,872 - market_maker - INFO - Cancelling all open orders for USDT/USD
2025-03-12 21:57:44,872 - market_maker - INFO - Cancelled 0 open orders
2025-03-12 21:57:45,877 - market_maker - INFO - === Paper Trading Cycle 81/100 ===
2025-03-12 21:57:45,878 - market_maker - INFO - === Market Making Cycle: 2025-03-12 21:57:45.878772 ===
2025-03-12 21:57:45,883 - market_maker - WARNING - Stablecoin depeg detected! Price: 1.618458, deviation: 61.85%
2025-03-12 21:57:45,884 - market_maker - WARNING - Circuit breaker triggered, cancelling all orders
2025-03-12 21:57:45,884 - market_maker - INFO - Cancelling all open orders for USDT/USD
2025-03-12 21:57:45,884 - market_maker - INFO - Cancelled 0 open orders
2025-03-12 21:57:46,886 - market_maker - INFO - === Paper Trading Cycle 82/100 ===
2025-03-12 21:57:46,887 - market_maker - INFO - === Market Making Cycle: 2025-03-12 21:57:46.887551 ===
2025-03-12 21:57:46,891 - market_maker - WARNING - Stablecoin depeg detected! Price: 1.618458, deviation: 61.85%
2025-03-12 21:57:46,891 - market_maker - WARNING - Circuit breaker triggered, cancelling all orders
2025-03-12 21:57:46,891 - market_maker - INFO - Cancelling all open orders for USDT/USD
2025-03-12 21:57:46,891 - market_maker - INFO - Cancelled 0 open orders
2025-03-12 21:57:47,896 - market_maker - INFO - === Paper Trading Cycle 83/100 ===
2025-03-12 21:57:47,898 - market_maker - INFO - === Market Making Cycle: 2025-03-12 21:57:47.898260 ===
2025-03-12 21:57:47,901 - market_maker - WARNING - Stablecoin depeg detected! Price: 1.618458, deviation: 61.85%
2025-03-12 21:57:47,901 - market_maker - WARNING - Circuit breaker triggered, cancelling all orders
2025-03-12 21:57:47,901 - market_maker - INFO - Cancelling all open orders for USDT/USD
2025-03-12 21:57:47,901 - market_maker - INFO - Cancelled 0 open orders
2025-03-12 21:57:48,902 - market_maker - INFO - === Paper Trading Cycle 84/100 ===
2025-03-12 21:57:48,902 - market_maker - INFO - === Market Making Cycle: 2025-03-12 21:57:48.902963 ===
2025-03-12 21:57:48,904 - market_maker - WARNING - Stablecoin depeg detected! Price: 1.618458, deviation: 61.85%
2025-03-12 21:57:48,905 - market_maker - WARNING - Circuit breaker triggered, cancelling all orders
2025-03-12 21:57:48,905 - market_maker - INFO - Cancelling all open orders for USDT/USD
2025-03-12 21:57:48,905 - market_maker - INFO - Cancelled 0 open orders
2025-03-12 21:57:49,908 - market_maker - INFO - === Paper Trading Cycle 85/100 ===
2025-03-12 21:57:49,909 - market_maker - INFO - === Market Making Cycle: 2025-03-12 21:57:49.909612 ===
2025-03-12 21:57:49,912 - market_maker - WARNING - Stablecoin depeg detected! Price: 1.618458, deviation: 61.85%
2025-03-12 21:57:49,912 - market_maker - WARNING - Circuit breaker triggered, cancelling all orders
2025-03-12 21:57:49,912 - market_maker - INFO - Cancelling all open orders for USDT/USD
2025-03-12 21:57:49,912 - market_maker - INFO - Cancelled 0 open orders
2025-03-12 21:57:50,917 - market_maker - INFO - === Paper Trading Cycle 86/100 ===
2025-03-12 21:57:50,918 - market_maker - INFO - === Market Making Cycle: 2025-03-12 21:57:50.918802 ===
2025-03-12 21:57:50,927 - market_maker - WARNING - Stablecoin depeg detected! Price: 1.618458, deviation: 61.85%
2025-03-12 21:57:50,928 - market_maker - WARNING - Circuit breaker triggered, cancelling all orders
2025-03-12 21:57:50,928 - market_maker - INFO - Cancelling all open orders for USDT/USD
2025-03-12 21:57:50,928 - market_maker - INFO - Cancelled 0 open orders
2025-03-12 21:57:51,932 - market_maker - INFO - === Paper Trading Cycle 87/100 ===
2025-03-12 21:57:51,932 - market_maker - INFO - === Market Making Cycle: 2025-03-12 21:57:51.932414 ===
2025-03-12 21:57:51,933 - market_maker - WARNING - Stablecoin depeg detected! Price: 1.618458, deviation: 61.85%
2025-03-12 21:57:51,933 - market_maker - WARNING - Circuit breaker triggered, cancelling all orders
2025-03-12 21:57:51,933 - market_maker - INFO - Cancelling all open orders for USDT/USD
2025-03-12 21:57:51,933 - market_maker - INFO - Cancelled 0 open orders
2025-03-12 21:57:52,935 - market_maker - INFO - === Paper Trading Cycle 88/100 ===
2025-03-12 21:57:52,935 - market_maker - INFO - === Market Making Cycle: 2025-03-12 21:57:52.935662 ===
2025-03-12 21:57:52,937 - market_maker - WARNING - Stablecoin depeg detected! Price: 1.618458, deviation: 61.85%
2025-03-12 21:57:52,937 - market_maker - WARNING - Circuit breaker triggered, cancelling all orders
2025-03-12 21:57:52,937 - market_maker - INFO - Cancelling all open orders for USDT/USD
2025-03-12 21:57:52,937 - market_maker - INFO - Cancelled 0 open orders
2025-03-12 21:57:53,123 - market_maker - INFO - Paper trading stopped by user
2025-03-12 21:57:53,128 - market_maker - INFO - === Paper Trading Results ===
2025-03-12 21:57:53,128 - market_maker - INFO - Completed 0 position records
2025-03-12 21:57:53,128 - market_maker - INFO - Executed 0 trades
