2025-03-12 22:59:22,990 - market_maker - INFO - Starting market making bot in paper trading mode
2025-03-12 22:59:22,993 - market_maker - INFO - Generated 1000 historical candles
2025-03-12 22:59:22,993 - market_maker - INFO - Initialized mock exchange with balances: {'BTC': {'free': 1.0, 'used': 0.0, 'total': 1.0}, 'USDT': {'free': 10000.0, 'used': 0.0, 'total': 10000.0}, 'USD': {'free': 10000.0, 'used': 0.0, 'total': 10000.0}}
2025-03-12 22:59:22,993 - market_maker - INFO - Initialized mock exchange for paper trading
2025-03-12 22:59:22,993 - market_maker - INFO - Initialized order manager for USDT/USD with base size 5.0
2025-03-12 22:59:22,993 - market_maker - INFO - Initialized circuit breakers with price change threshold: 0.2
2025-03-12 22:59:22,993 - market_maker - INFO - Initialized inventory manager with max pct: 0.1, threshold: 0.05
2025-03-12 22:59:22,993 - market_maker - INFO - Initialized A-S model with gamma=0.001, lambda_b=397.57, lambda_a=1442.46
2025-03-12 22:59:22,993 - market_maker - INFO - Starting paper trading for 100 cycles
2025-03-12 22:59:22,993 - market_maker - INFO - === Paper Trading Cycle 1/100 ===
2025-03-12 22:59:22,993 - market_maker - INFO - === Market Making Cycle: 2025-03-12 22:59:22.993933 ===
2025-03-12 22:59:22,994 - market_maker - WARNING - Stablecoin depeg detected! Price: 1.227327, deviation: 22.73%
2025-03-12 22:59:22,995 - market_maker - WARNING - Circuit breaker triggered, cancelling all orders
2025-03-12 22:59:22,995 - market_maker - INFO - Cancelling all open orders for USDT/USD
2025-03-12 22:59:22,995 - market_maker - INFO - Cancelled 0 open orders
2025-03-12 22:59:23,007 - market_maker - INFO - === Paper Trading Cycle 2/100 ===
2025-03-12 22:59:23,007 - market_maker - INFO - === Market Making Cycle: 2025-03-12 22:59:23.007766 ===
2025-03-12 22:59:23,008 - market_maker - WARNING - Stablecoin depeg detected! Price: 1.227327, deviation: 22.73%
2025-03-12 22:59:23,008 - market_maker - WARNING - Circuit breaker triggered, cancelling all orders
2025-03-12 22:59:23,008 - market_maker - INFO - Cancelling all open orders for USDT/USD
2025-03-12 22:59:23,008 - market_maker - INFO - Cancelled 0 open orders
2025-03-12 22:59:23,019 - market_maker - INFO - === Paper Trading Cycle 3/100 ===
2025-03-12 22:59:23,019 - market_maker - INFO - === Market Making Cycle: 2025-03-12 22:59:23.019790 ===
2025-03-12 22:59:23,020 - market_maker - WARNING - Stablecoin depeg detected! Price: 1.227327, deviation: 22.73%
2025-03-12 22:59:23,020 - market_maker - WARNING - Circuit breaker triggered, cancelling all orders
2025-03-12 22:59:23,020 - market_maker - INFO - Cancelling all open orders for USDT/USD
2025-03-12 22:59:23,020 - market_maker - INFO - Cancelled 0 open orders
2025-03-12 22:59:23,033 - market_maker - INFO - === Paper Trading Cycle 4/100 ===
2025-03-12 22:59:23,033 - market_maker - INFO - === Market Making Cycle: 2025-03-12 22:59:23.033402 ===
2025-03-12 22:59:23,034 - market_maker - WARNING - Stablecoin depeg detected! Price: 1.227327, deviation: 22.73%
2025-03-12 22:59:23,034 - market_maker - WARNING - Circuit breaker triggered, cancelling all orders
2025-03-12 22:59:23,034 - market_maker - INFO - Cancelling all open orders for USDT/USD
2025-03-12 22:59:23,034 - market_maker - INFO - Cancelled 0 open orders
2025-03-12 22:59:23,044 - market_maker - INFO - === Paper Trading Cycle 5/100 ===
2025-03-12 22:59:23,044 - market_maker - INFO - === Market Making Cycle: 2025-03-12 22:59:23.044823 ===
2025-03-12 22:59:23,045 - market_maker - WARNING - Stablecoin depeg detected! Price: 1.227327, deviation: 22.73%
2025-03-12 22:59:23,045 - market_maker - WARNING - Circuit breaker triggered, cancelling all orders
2025-03-12 22:59:23,045 - market_maker - INFO - Cancelling all open orders for USDT/USD
2025-03-12 22:59:23,045 - market_maker - INFO - Cancelled 0 open orders
2025-03-12 22:59:23,057 - market_maker - INFO - === Paper Trading Cycle 6/100 ===
2025-03-12 22:59:23,058 - market_maker - INFO - === Market Making Cycle: 2025-03-12 22:59:23.058122 ===
2025-03-12 22:59:23,058 - market_maker - WARNING - Stablecoin depeg detected! Price: 1.227327, deviation: 22.73%
2025-03-12 22:59:23,059 - market_maker - WARNING - Circuit breaker triggered, cancelling all orders
2025-03-12 22:59:23,059 - market_maker - INFO - Cancelling all open orders for USDT/USD
2025-03-12 22:59:23,059 - market_maker - INFO - Cancelled 0 open orders
2025-03-12 22:59:23,070 - market_maker - INFO - === Paper Trading Cycle 7/100 ===
2025-03-12 22:59:23,070 - market_maker - INFO - === Market Making Cycle: 2025-03-12 22:59:23.070699 ===
2025-03-12 22:59:23,071 - market_maker - WARNING - Stablecoin depeg detected! Price: 1.227327, deviation: 22.73%
2025-03-12 22:59:23,071 - market_maker - WARNING - Circuit breaker triggered, cancelling all orders
2025-03-12 22:59:23,071 - market_maker - INFO - Cancelling all open orders for USDT/USD
2025-03-12 22:59:23,071 - market_maker - INFO - Cancelled 0 open orders
2025-03-12 22:59:23,084 - market_maker - INFO - === Paper Trading Cycle 8/100 ===
2025-03-12 22:59:23,084 - market_maker - INFO - === Market Making Cycle: 2025-03-12 22:59:23.084235 ===
2025-03-12 22:59:23,085 - market_maker - WARNING - Stablecoin depeg detected! Price: 1.227327, deviation: 22.73%
2025-03-12 22:59:23,085 - market_maker - WARNING - Circuit breaker triggered, cancelling all orders
2025-03-12 22:59:23,085 - market_maker - INFO - Cancelling all open orders for USDT/USD
2025-03-12 22:59:23,085 - market_maker - INFO - Cancelled 0 open orders
2025-03-12 22:59:23,096 - market_maker - INFO - === Paper Trading Cycle 9/100 ===
2025-03-12 22:59:23,096 - market_maker - INFO - === Market Making Cycle: 2025-03-12 22:59:23.096690 ===
2025-03-12 22:59:23,097 - market_maker - WARNING - Stablecoin depeg detected! Price: 1.227327, deviation: 22.73%
2025-03-12 22:59:23,097 - market_maker - WARNING - Circuit breaker triggered, cancelling all orders
2025-03-12 22:59:23,097 - market_maker - INFO - Cancelling all open orders for USDT/USD
2025-03-12 22:59:23,097 - market_maker - INFO - Cancelled 0 open orders
2025-03-12 22:59:23,109 - market_maker - INFO - === Paper Trading Cycle 10/100 ===
2025-03-12 22:59:23,109 - market_maker - INFO - === Market Making Cycle: 2025-03-12 22:59:23.109253 ===
2025-03-12 22:59:23,110 - market_maker - WARNING - Stablecoin depeg detected! Price: 1.227327, deviation: 22.73%
2025-03-12 22:59:23,110 - market_maker - WARNING - Circuit breaker triggered, cancelling all orders
2025-03-12 22:59:23,110 - market_maker - INFO - Cancelling all open orders for USDT/USD
2025-03-12 22:59:23,110 - market_maker - INFO - Cancelled 0 open orders
2025-03-12 22:59:23,120 - market_maker - INFO - === Paper Trading Cycle 11/100 ===
2025-03-12 22:59:23,121 - market_maker - INFO - === Market Making Cycle: 2025-03-12 22:59:23.121008 ===
2025-03-12 22:59:23,121 - market_maker - WARNING - Stablecoin depeg detected! Price: 1.227327, deviation: 22.73%
2025-03-12 22:59:23,121 - market_maker - WARNING - Circuit breaker triggered, cancelling all orders
2025-03-12 22:59:23,121 - market_maker - INFO - Cancelling all open orders for USDT/USD
2025-03-12 22:59:23,121 - market_maker - INFO - Cancelled 0 open orders
2025-03-12 22:59:23,133 - market_maker - INFO - === Paper Trading Cycle 12/100 ===
2025-03-12 22:59:23,133 - market_maker - INFO - === Market Making Cycle: 2025-03-12 22:59:23.133523 ===
2025-03-12 22:59:23,134 - market_maker - WARNING - Stablecoin depeg detected! Price: 1.227327, deviation: 22.73%
2025-03-12 22:59:23,134 - market_maker - WARNING - Circuit breaker triggered, cancelling all orders
2025-03-12 22:59:23,134 - market_maker - INFO - Cancelling all open orders for USDT/USD
2025-03-12 22:59:23,134 - market_maker - INFO - Cancelled 0 open orders
2025-03-12 22:59:23,146 - market_maker - INFO - === Paper Trading Cycle 13/100 ===
2025-03-12 22:59:23,146 - market_maker - INFO - === Market Making Cycle: 2025-03-12 22:59:23.146196 ===
2025-03-12 22:59:23,147 - market_maker - WARNING - Stablecoin depeg detected! Price: 1.227327, deviation: 22.73%
2025-03-12 22:59:23,147 - market_maker - WARNING - Circuit breaker triggered, cancelling all orders
2025-03-12 22:59:23,147 - market_maker - INFO - Cancelling all open orders for USDT/USD
2025-03-12 22:59:23,147 - market_maker - INFO - Cancelled 0 open orders
2025-03-12 22:59:23,158 - market_maker - INFO - === Paper Trading Cycle 14/100 ===
2025-03-12 22:59:23,158 - market_maker - INFO - === Market Making Cycle: 2025-03-12 22:59:23.158980 ===
2025-03-12 22:59:23,159 - market_maker - WARNING - Stablecoin depeg detected! Price: 1.227327, deviation: 22.73%
2025-03-12 22:59:23,160 - market_maker - WARNING - Circuit breaker triggered, cancelling all orders
2025-03-12 22:59:23,160 - market_maker - INFO - Cancelling all open orders for USDT/USD
2025-03-12 22:59:23,160 - market_maker - INFO - Cancelled 0 open orders
2025-03-12 22:59:23,172 - market_maker - INFO - === Paper Trading Cycle 15/100 ===
2025-03-12 22:59:23,172 - market_maker - INFO - === Market Making Cycle: 2025-03-12 22:59:23.172854 ===
2025-03-12 22:59:23,173 - market_maker - WARNING - Stablecoin depeg detected! Price: 1.227327, deviation: 22.73%
2025-03-12 22:59:23,173 - market_maker - WARNING - Circuit breaker triggered, cancelling all orders
2025-03-12 22:59:23,173 - market_maker - INFO - Cancelling all open orders for USDT/USD
2025-03-12 22:59:23,174 - market_maker - INFO - Cancelled 0 open orders
2025-03-12 22:59:23,186 - market_maker - INFO - === Paper Trading Cycle 16/100 ===
2025-03-12 22:59:23,186 - market_maker - INFO - === Market Making Cycle: 2025-03-12 22:59:23.186718 ===
2025-03-12 22:59:23,187 - market_maker - WARNING - Stablecoin depeg detected! Price: 1.227327, deviation: 22.73%
2025-03-12 22:59:23,187 - market_maker - WARNING - Circuit breaker triggered, cancelling all orders
2025-03-12 22:59:23,187 - market_maker - INFO - Cancelling all open orders for USDT/USD
2025-03-12 22:59:23,187 - market_maker - INFO - Cancelled 0 open orders
2025-03-12 22:59:23,199 - market_maker - INFO - === Paper Trading Cycle 17/100 ===
2025-03-12 22:59:23,199 - market_maker - INFO - === Market Making Cycle: 2025-03-12 22:59:23.199182 ===
2025-03-12 22:59:23,199 - market_maker - WARNING - Stablecoin depeg detected! Price: 1.227327, deviation: 22.73%
2025-03-12 22:59:23,200 - market_maker - WARNING - Circuit breaker triggered, cancelling all orders
2025-03-12 22:59:23,200 - market_maker - INFO - Cancelling all open orders for USDT/USD
2025-03-12 22:59:23,200 - market_maker - INFO - Cancelled 0 open orders
2025-03-12 22:59:23,211 - market_maker - INFO - === Paper Trading Cycle 18/100 ===
2025-03-12 22:59:23,211 - market_maker - INFO - === Market Making Cycle: 2025-03-12 22:59:23.211324 ===
2025-03-12 22:59:23,213 - market_maker - WARNING - Stablecoin depeg detected! Price: 1.227327, deviation: 22.73%
2025-03-12 22:59:23,214 - market_maker - WARNING - Circuit breaker triggered, cancelling all orders
2025-03-12 22:59:23,214 - market_maker - INFO - Cancelling all open orders for USDT/USD
2025-03-12 22:59:23,214 - market_maker - INFO - Cancelled 0 open orders
2025-03-12 22:59:23,226 - market_maker - INFO - === Paper Trading Cycle 19/100 ===
2025-03-12 22:59:23,226 - market_maker - INFO - === Market Making Cycle: 2025-03-12 22:59:23.226931 ===
2025-03-12 22:59:23,228 - market_maker - WARNING - Stablecoin depeg detected! Price: 1.227327, deviation: 22.73%
2025-03-12 22:59:23,228 - market_maker - WARNING - Circuit breaker triggered, cancelling all orders
2025-03-12 22:59:23,228 - market_maker - INFO - Cancelling all open orders for USDT/USD
2025-03-12 22:59:23,228 - market_maker - INFO - Cancelled 0 open orders
2025-03-12 22:59:23,241 - market_maker - INFO - === Paper Trading Cycle 20/100 ===
2025-03-12 22:59:23,241 - market_maker - INFO - === Market Making Cycle: 2025-03-12 22:59:23.241321 ===
2025-03-12 22:59:23,242 - market_maker - WARNING - Stablecoin depeg detected! Price: 1.227327, deviation: 22.73%
2025-03-12 22:59:23,242 - market_maker - WARNING - Circuit breaker triggered, cancelling all orders
2025-03-12 22:59:23,242 - market_maker - INFO - Cancelling all open orders for USDT/USD
2025-03-12 22:59:23,242 - market_maker - INFO - Cancelled 0 open orders
2025-03-12 22:59:23,255 - market_maker - INFO - === Paper Trading Cycle 21/100 ===
2025-03-12 22:59:23,255 - market_maker - INFO - === Market Making Cycle: 2025-03-12 22:59:23.255252 ===
2025-03-12 22:59:23,256 - market_maker - WARNING - Stablecoin depeg detected! Price: 1.227327, deviation: 22.73%
2025-03-12 22:59:23,256 - market_maker - WARNING - Circuit breaker triggered, cancelling all orders
2025-03-12 22:59:23,256 - market_maker - INFO - Cancelling all open orders for USDT/USD
2025-03-12 22:59:23,256 - market_maker - INFO - Cancelled 0 open orders
2025-03-12 22:59:23,268 - market_maker - INFO - === Paper Trading Cycle 22/100 ===
2025-03-12 22:59:23,268 - market_maker - INFO - === Market Making Cycle: 2025-03-12 22:59:23.268907 ===
2025-03-12 22:59:23,269 - market_maker - WARNING - Stablecoin depeg detected! Price: 1.227327, deviation: 22.73%
2025-03-12 22:59:23,269 - market_maker - WARNING - Circuit breaker triggered, cancelling all orders
2025-03-12 22:59:23,269 - market_maker - INFO - Cancelling all open orders for USDT/USD
2025-03-12 22:59:23,269 - market_maker - INFO - Cancelled 0 open orders
2025-03-12 22:59:23,281 - market_maker - INFO - === Paper Trading Cycle 23/100 ===
2025-03-12 22:59:23,281 - market_maker - INFO - === Market Making Cycle: 2025-03-12 22:59:23.281314 ===
2025-03-12 22:59:23,282 - market_maker - WARNING - Stablecoin depeg detected! Price: 1.227327, deviation: 22.73%
2025-03-12 22:59:23,282 - market_maker - WARNING - Circuit breaker triggered, cancelling all orders
2025-03-12 22:59:23,282 - market_maker - INFO - Cancelling all open orders for USDT/USD
2025-03-12 22:59:23,282 - market_maker - INFO - Cancelled 0 open orders
2025-03-12 22:59:23,295 - market_maker - INFO - === Paper Trading Cycle 24/100 ===
2025-03-12 22:59:23,295 - market_maker - INFO - === Market Making Cycle: 2025-03-12 22:59:23.295669 ===
2025-03-12 22:59:23,296 - market_maker - WARNING - Stablecoin depeg detected! Price: 1.227327, deviation: 22.73%
2025-03-12 22:59:23,297 - market_maker - WARNING - Circuit breaker triggered, cancelling all orders
2025-03-12 22:59:23,297 - market_maker - INFO - Cancelling all open orders for USDT/USD
2025-03-12 22:59:23,297 - market_maker - INFO - Cancelled 0 open orders
2025-03-12 22:59:23,309 - market_maker - INFO - === Paper Trading Cycle 25/100 ===
2025-03-12 22:59:23,309 - market_maker - INFO - === Market Making Cycle: 2025-03-12 22:59:23.309865 ===
2025-03-12 22:59:23,310 - market_maker - WARNING - Stablecoin depeg detected! Price: 1.227327, deviation: 22.73%
2025-03-12 22:59:23,310 - market_maker - WARNING - Circuit breaker triggered, cancelling all orders
2025-03-12 22:59:23,310 - market_maker - INFO - Cancelling all open orders for USDT/USD
2025-03-12 22:59:23,310 - market_maker - INFO - Cancelled 0 open orders
2025-03-12 22:59:23,322 - market_maker - INFO - === Paper Trading Cycle 26/100 ===
2025-03-12 22:59:23,322 - market_maker - INFO - === Market Making Cycle: 2025-03-12 22:59:23.322573 ===
2025-03-12 22:59:23,323 - market_maker - WARNING - Stablecoin depeg detected! Price: 1.227327, deviation: 22.73%
2025-03-12 22:59:23,323 - market_maker - WARNING - Circuit breaker triggered, cancelling all orders
2025-03-12 22:59:23,323 - market_maker - INFO - Cancelling all open orders for USDT/USD
2025-03-12 22:59:23,323 - market_maker - INFO - Cancelled 0 open orders
2025-03-12 22:59:23,336 - market_maker - INFO - === Paper Trading Cycle 27/100 ===
2025-03-12 22:59:23,336 - market_maker - INFO - === Market Making Cycle: 2025-03-12 22:59:23.336692 ===
2025-03-12 22:59:23,337 - market_maker - WARNING - Stablecoin depeg detected! Price: 1.227327, deviation: 22.73%
2025-03-12 22:59:23,337 - market_maker - WARNING - Circuit breaker triggered, cancelling all orders
2025-03-12 22:59:23,337 - market_maker - INFO - Cancelling all open orders for USDT/USD
2025-03-12 22:59:23,337 - market_maker - INFO - Cancelled 0 open orders
2025-03-12 22:59:23,350 - market_maker - INFO - === Paper Trading Cycle 28/100 ===
2025-03-12 22:59:23,350 - market_maker - INFO - === Market Making Cycle: 2025-03-12 22:59:23.350425 ===
2025-03-12 22:59:23,351 - market_maker - WARNING - Stablecoin depeg detected! Price: 1.227327, deviation: 22.73%
2025-03-12 22:59:23,351 - market_maker - WARNING - Circuit breaker triggered, cancelling all orders
2025-03-12 22:59:23,351 - market_maker - INFO - Cancelling all open orders for USDT/USD
2025-03-12 22:59:23,351 - market_maker - INFO - Cancelled 0 open orders
2025-03-12 22:59:23,363 - market_maker - INFO - === Paper Trading Cycle 29/100 ===
2025-03-12 22:59:23,363 - market_maker - INFO - === Market Making Cycle: 2025-03-12 22:59:23.363327 ===
2025-03-12 22:59:23,364 - market_maker - WARNING - Stablecoin depeg detected! Price: 1.227327, deviation: 22.73%
2025-03-12 22:59:23,364 - market_maker - WARNING - Circuit breaker triggered, cancelling all orders
2025-03-12 22:59:23,364 - market_maker - INFO - Cancelling all open orders for USDT/USD
2025-03-12 22:59:23,364 - market_maker - INFO - Cancelled 0 open orders
2025-03-12 22:59:23,377 - market_maker - INFO - === Paper Trading Cycle 30/100 ===
2025-03-12 22:59:23,377 - market_maker - INFO - === Market Making Cycle: 2025-03-12 22:59:23.377368 ===
2025-03-12 22:59:23,378 - market_maker - WARNING - Stablecoin depeg detected! Price: 1.227327, deviation: 22.73%
2025-03-12 22:59:23,378 - market_maker - WARNING - Circuit breaker triggered, cancelling all orders
2025-03-12 22:59:23,378 - market_maker - INFO - Cancelling all open orders for USDT/USD
2025-03-12 22:59:23,378 - market_maker - INFO - Cancelled 0 open orders
2025-03-12 22:59:23,390 - market_maker - INFO - === Paper Trading Cycle 31/100 ===
2025-03-12 22:59:23,390 - market_maker - INFO - === Market Making Cycle: 2025-03-12 22:59:23.390743 ===
2025-03-12 22:59:23,391 - market_maker - WARNING - Stablecoin depeg detected! Price: 1.227327, deviation: 22.73%
2025-03-12 22:59:23,391 - market_maker - WARNING - Circuit breaker triggered, cancelling all orders
2025-03-12 22:59:23,391 - market_maker - INFO - Cancelling all open orders for USDT/USD
2025-03-12 22:59:23,391 - market_maker - INFO - Cancelled 0 open orders
2025-03-12 22:59:23,403 - market_maker - INFO - === Paper Trading Cycle 32/100 ===
2025-03-12 22:59:23,403 - market_maker - INFO - === Market Making Cycle: 2025-03-12 22:59:23.403145 ===
2025-03-12 22:59:23,403 - market_maker - WARNING - Stablecoin depeg detected! Price: 1.227327, deviation: 22.73%
2025-03-12 22:59:23,404 - market_maker - WARNING - Circuit breaker triggered, cancelling all orders
2025-03-12 22:59:23,404 - market_maker - INFO - Cancelling all open orders for USDT/USD
2025-03-12 22:59:23,404 - market_maker - INFO - Cancelled 0 open orders
2025-03-12 22:59:23,416 - market_maker - INFO - === Paper Trading Cycle 33/100 ===
2025-03-12 22:59:23,416 - market_maker - INFO - === Market Making Cycle: 2025-03-12 22:59:23.416786 ===
2025-03-12 22:59:23,417 - market_maker - WARNING - Stablecoin depeg detected! Price: 1.227327, deviation: 22.73%
2025-03-12 22:59:23,417 - market_maker - WARNING - Circuit breaker triggered, cancelling all orders
2025-03-12 22:59:23,417 - market_maker - INFO - Cancelling all open orders for USDT/USD
2025-03-12 22:59:23,417 - market_maker - INFO - Cancelled 0 open orders
2025-03-12 22:59:23,430 - market_maker - INFO - === Paper Trading Cycle 34/100 ===
2025-03-12 22:59:23,430 - market_maker - INFO - === Market Making Cycle: 2025-03-12 22:59:23.430447 ===
2025-03-12 22:59:23,431 - market_maker - WARNING - Stablecoin depeg detected! Price: 1.227327, deviation: 22.73%
2025-03-12 22:59:23,431 - market_maker - WARNING - Circuit breaker triggered, cancelling all orders
2025-03-12 22:59:23,431 - market_maker - INFO - Cancelling all open orders for USDT/USD
2025-03-12 22:59:23,431 - market_maker - INFO - Cancelled 0 open orders
2025-03-12 22:59:23,442 - market_maker - INFO - === Paper Trading Cycle 35/100 ===
2025-03-12 22:59:23,442 - market_maker - INFO - === Market Making Cycle: 2025-03-12 22:59:23.442135 ===
2025-03-12 22:59:23,443 - market_maker - WARNING - Stablecoin depeg detected! Price: 1.227327, deviation: 22.73%
2025-03-12 22:59:23,443 - market_maker - WARNING - Circuit breaker triggered, cancelling all orders
2025-03-12 22:59:23,443 - market_maker - INFO - Cancelling all open orders for USDT/USD
2025-03-12 22:59:23,443 - market_maker - INFO - Cancelled 0 open orders
2025-03-12 22:59:23,454 - market_maker - INFO - === Paper Trading Cycle 36/100 ===
2025-03-12 22:59:23,454 - market_maker - INFO - === Market Making Cycle: 2025-03-12 22:59:23.454227 ===
2025-03-12 22:59:23,455 - market_maker - WARNING - Stablecoin depeg detected! Price: 1.227327, deviation: 22.73%
2025-03-12 22:59:23,455 - market_maker - WARNING - Circuit breaker triggered, cancelling all orders
2025-03-12 22:59:23,455 - market_maker - INFO - Cancelling all open orders for USDT/USD
2025-03-12 22:59:23,455 - market_maker - INFO - Cancelled 0 open orders
2025-03-12 22:59:23,468 - market_maker - INFO - === Paper Trading Cycle 37/100 ===
2025-03-12 22:59:23,468 - market_maker - INFO - === Market Making Cycle: 2025-03-12 22:59:23.468178 ===
2025-03-12 22:59:23,469 - market_maker - WARNING - Stablecoin depeg detected! Price: 1.227327, deviation: 22.73%
2025-03-12 22:59:23,469 - market_maker - WARNING - Circuit breaker triggered, cancelling all orders
2025-03-12 22:59:23,469 - market_maker - INFO - Cancelling all open orders for USDT/USD
2025-03-12 22:59:23,469 - market_maker - INFO - Cancelled 0 open orders
2025-03-12 22:59:23,481 - market_maker - INFO - === Paper Trading Cycle 38/100 ===
2025-03-12 22:59:23,481 - market_maker - INFO - === Market Making Cycle: 2025-03-12 22:59:23.481145 ===
2025-03-12 22:59:23,482 - market_maker - WARNING - Stablecoin depeg detected! Price: 1.227327, deviation: 22.73%
2025-03-12 22:59:23,482 - market_maker - WARNING - Circuit breaker triggered, cancelling all orders
2025-03-12 22:59:23,482 - market_maker - INFO - Cancelling all open orders for USDT/USD
2025-03-12 22:59:23,482 - market_maker - INFO - Cancelled 0 open orders
2025-03-12 22:59:23,495 - market_maker - INFO - === Paper Trading Cycle 39/100 ===
2025-03-12 22:59:23,495 - market_maker - INFO - === Market Making Cycle: 2025-03-12 22:59:23.495156 ===
2025-03-12 22:59:23,496 - market_maker - WARNING - Stablecoin depeg detected! Price: 1.227327, deviation: 22.73%
2025-03-12 22:59:23,496 - market_maker - WARNING - Circuit breaker triggered, cancelling all orders
2025-03-12 22:59:23,496 - market_maker - INFO - Cancelling all open orders for USDT/USD
2025-03-12 22:59:23,496 - market_maker - INFO - Cancelled 0 open orders
2025-03-12 22:59:23,508 - market_maker - INFO - === Paper Trading Cycle 40/100 ===
2025-03-12 22:59:23,509 - market_maker - INFO - === Market Making Cycle: 2025-03-12 22:59:23.509020 ===
2025-03-12 22:59:23,509 - market_maker - WARNING - Stablecoin depeg detected! Price: 1.227327, deviation: 22.73%
2025-03-12 22:59:23,509 - market_maker - WARNING - Circuit breaker triggered, cancelling all orders
2025-03-12 22:59:23,509 - market_maker - INFO - Cancelling all open orders for USDT/USD
2025-03-12 22:59:23,509 - market_maker - INFO - Cancelled 0 open orders
2025-03-12 22:59:23,520 - market_maker - INFO - === Paper Trading Cycle 41/100 ===
2025-03-12 22:59:23,520 - market_maker - INFO - === Market Making Cycle: 2025-03-12 22:59:23.520740 ===
2025-03-12 22:59:23,521 - market_maker - WARNING - Stablecoin depeg detected! Price: 1.227327, deviation: 22.73%
2025-03-12 22:59:23,521 - market_maker - WARNING - Circuit breaker triggered, cancelling all orders
2025-03-12 22:59:23,521 - market_maker - INFO - Cancelling all open orders for USDT/USD
2025-03-12 22:59:23,521 - market_maker - INFO - Cancelled 0 open orders
2025-03-12 22:59:23,534 - market_maker - INFO - === Paper Trading Cycle 42/100 ===
2025-03-12 22:59:23,534 - market_maker - INFO - === Market Making Cycle: 2025-03-12 22:59:23.534391 ===
2025-03-12 22:59:23,535 - market_maker - WARNING - Stablecoin depeg detected! Price: 1.227327, deviation: 22.73%
2025-03-12 22:59:23,535 - market_maker - WARNING - Circuit breaker triggered, cancelling all orders
2025-03-12 22:59:23,535 - market_maker - INFO - Cancelling all open orders for USDT/USD
2025-03-12 22:59:23,535 - market_maker - INFO - Cancelled 0 open orders
2025-03-12 22:59:23,547 - market_maker - INFO - === Paper Trading Cycle 43/100 ===
2025-03-12 22:59:23,548 - market_maker - INFO - === Market Making Cycle: 2025-03-12 22:59:23.548005 ===
2025-03-12 22:59:23,549 - market_maker - WARNING - Stablecoin depeg detected! Price: 1.227327, deviation: 22.73%
2025-03-12 22:59:23,549 - market_maker - WARNING - Circuit breaker triggered, cancelling all orders
2025-03-12 22:59:23,549 - market_maker - INFO - Cancelling all open orders for USDT/USD
2025-03-12 22:59:23,549 - market_maker - INFO - Cancelled 0 open orders
2025-03-12 22:59:23,559 - market_maker - INFO - === Paper Trading Cycle 44/100 ===
2025-03-12 22:59:23,560 - market_maker - INFO - === Market Making Cycle: 2025-03-12 22:59:23.560057 ===
2025-03-12 22:59:23,560 - market_maker - WARNING - Stablecoin depeg detected! Price: 1.227327, deviation: 22.73%
2025-03-12 22:59:23,560 - market_maker - WARNING - Circuit breaker triggered, cancelling all orders
2025-03-12 22:59:23,560 - market_maker - INFO - Cancelling all open orders for USDT/USD
2025-03-12 22:59:23,561 - market_maker - INFO - Cancelled 0 open orders
2025-03-12 22:59:23,573 - market_maker - INFO - === Paper Trading Cycle 45/100 ===
2025-03-12 22:59:23,573 - market_maker - INFO - === Market Making Cycle: 2025-03-12 22:59:23.573805 ===
2025-03-12 22:59:23,574 - market_maker - WARNING - Stablecoin depeg detected! Price: 1.227327, deviation: 22.73%
2025-03-12 22:59:23,574 - market_maker - WARNING - Circuit breaker triggered, cancelling all orders
2025-03-12 22:59:23,574 - market_maker - INFO - Cancelling all open orders for USDT/USD
2025-03-12 22:59:23,574 - market_maker - INFO - Cancelled 0 open orders
2025-03-12 22:59:23,585 - market_maker - INFO - === Paper Trading Cycle 46/100 ===
2025-03-12 22:59:23,585 - market_maker - INFO - === Market Making Cycle: 2025-03-12 22:59:23.585565 ===
2025-03-12 22:59:23,586 - market_maker - WARNING - Stablecoin depeg detected! Price: 1.227327, deviation: 22.73%
2025-03-12 22:59:23,586 - market_maker - WARNING - Circuit breaker triggered, cancelling all orders
2025-03-12 22:59:23,586 - market_maker - INFO - Cancelling all open orders for USDT/USD
2025-03-12 22:59:23,586 - market_maker - INFO - Cancelled 0 open orders
2025-03-12 22:59:23,599 - market_maker - INFO - === Paper Trading Cycle 47/100 ===
2025-03-12 22:59:23,599 - market_maker - INFO - === Market Making Cycle: 2025-03-12 22:59:23.599671 ===
2025-03-12 22:59:23,600 - market_maker - WARNING - Stablecoin depeg detected! Price: 1.227327, deviation: 22.73%
2025-03-12 22:59:23,600 - market_maker - WARNING - Circuit breaker triggered, cancelling all orders
2025-03-12 22:59:23,600 - market_maker - INFO - Cancelling all open orders for USDT/USD
2025-03-12 22:59:23,600 - market_maker - INFO - Cancelled 0 open orders
2025-03-12 22:59:23,613 - market_maker - INFO - === Paper Trading Cycle 48/100 ===
2025-03-12 22:59:23,613 - market_maker - INFO - === Market Making Cycle: 2025-03-12 22:59:23.613545 ===
2025-03-12 22:59:23,614 - market_maker - WARNING - Stablecoin depeg detected! Price: 1.227327, deviation: 22.73%
2025-03-12 22:59:23,614 - market_maker - WARNING - Circuit breaker triggered, cancelling all orders
2025-03-12 22:59:23,614 - market_maker - INFO - Cancelling all open orders for USDT/USD
2025-03-12 22:59:23,614 - market_maker - INFO - Cancelled 0 open orders
2025-03-12 22:59:23,624 - market_maker - INFO - === Paper Trading Cycle 49/100 ===
2025-03-12 22:59:23,625 - market_maker - INFO - === Market Making Cycle: 2025-03-12 22:59:23.625012 ===
2025-03-12 22:59:23,625 - market_maker - WARNING - Stablecoin depeg detected! Price: 1.227327, deviation: 22.73%
2025-03-12 22:59:23,625 - market_maker - WARNING - Circuit breaker triggered, cancelling all orders
2025-03-12 22:59:23,626 - market_maker - INFO - Cancelling all open orders for USDT/USD
2025-03-12 22:59:23,626 - market_maker - INFO - Cancelled 0 open orders
2025-03-12 22:59:23,637 - market_maker - INFO - === Paper Trading Cycle 50/100 ===
2025-03-12 22:59:23,637 - market_maker - INFO - === Market Making Cycle: 2025-03-12 22:59:23.637504 ===
2025-03-12 22:59:23,638 - market_maker - WARNING - Stablecoin depeg detected! Price: 1.227327, deviation: 22.73%
2025-03-12 22:59:23,638 - market_maker - WARNING - Circuit breaker triggered, cancelling all orders
2025-03-12 22:59:23,638 - market_maker - INFO - Cancelling all open orders for USDT/USD
2025-03-12 22:59:23,638 - market_maker - INFO - Cancelled 0 open orders
2025-03-12 22:59:23,651 - market_maker - INFO - === Paper Trading Cycle 51/100 ===
2025-03-12 22:59:23,651 - market_maker - INFO - === Market Making Cycle: 2025-03-12 22:59:23.651292 ===
2025-03-12 22:59:23,652 - market_maker - WARNING - Stablecoin depeg detected! Price: 1.227327, deviation: 22.73%
2025-03-12 22:59:23,652 - market_maker - WARNING - Circuit breaker triggered, cancelling all orders
2025-03-12 22:59:23,652 - market_maker - INFO - Cancelling all open orders for USDT/USD
2025-03-12 22:59:23,652 - market_maker - INFO - Cancelled 0 open orders
2025-03-12 22:59:23,664 - market_maker - INFO - === Paper Trading Cycle 52/100 ===
2025-03-12 22:59:23,665 - market_maker - INFO - === Market Making Cycle: 2025-03-12 22:59:23.664999 ===
2025-03-12 22:59:23,665 - market_maker - WARNING - Stablecoin depeg detected! Price: 1.227327, deviation: 22.73%
2025-03-12 22:59:23,666 - market_maker - WARNING - Circuit breaker triggered, cancelling all orders
2025-03-12 22:59:23,666 - market_maker - INFO - Cancelling all open orders for USDT/USD
2025-03-12 22:59:23,666 - market_maker - INFO - Cancelled 0 open orders
2025-03-12 22:59:23,678 - market_maker - INFO - === Paper Trading Cycle 53/100 ===
2025-03-12 22:59:23,678 - market_maker - INFO - === Market Making Cycle: 2025-03-12 22:59:23.678798 ===
2025-03-12 22:59:23,679 - market_maker - WARNING - Stablecoin depeg detected! Price: 1.227327, deviation: 22.73%
2025-03-12 22:59:23,679 - market_maker - WARNING - Circuit breaker triggered, cancelling all orders
2025-03-12 22:59:23,679 - market_maker - INFO - Cancelling all open orders for USDT/USD
2025-03-12 22:59:23,679 - market_maker - INFO - Cancelled 0 open orders
2025-03-12 22:59:23,691 - market_maker - INFO - === Paper Trading Cycle 54/100 ===
2025-03-12 22:59:23,691 - market_maker - INFO - === Market Making Cycle: 2025-03-12 22:59:23.691235 ===
2025-03-12 22:59:23,692 - market_maker - WARNING - Stablecoin depeg detected! Price: 1.227327, deviation: 22.73%
2025-03-12 22:59:23,692 - market_maker - WARNING - Circuit breaker triggered, cancelling all orders
2025-03-12 22:59:23,692 - market_maker - INFO - Cancelling all open orders for USDT/USD
2025-03-12 22:59:23,692 - market_maker - INFO - Cancelled 0 open orders
2025-03-12 22:59:23,704 - market_maker - INFO - === Paper Trading Cycle 55/100 ===
2025-03-12 22:59:23,705 - market_maker - INFO - === Market Making Cycle: 2025-03-12 22:59:23.705011 ===
2025-03-12 22:59:23,706 - market_maker - WARNING - Stablecoin depeg detected! Price: 1.227327, deviation: 22.73%
2025-03-12 22:59:23,706 - market_maker - WARNING - Circuit breaker triggered, cancelling all orders
2025-03-12 22:59:23,706 - market_maker - INFO - Cancelling all open orders for USDT/USD
2025-03-12 22:59:23,706 - market_maker - INFO - Cancelled 0 open orders
2025-03-12 22:59:23,719 - market_maker - INFO - === Paper Trading Cycle 56/100 ===
2025-03-12 22:59:23,719 - market_maker - INFO - === Market Making Cycle: 2025-03-12 22:59:23.719177 ===
2025-03-12 22:59:23,720 - market_maker - WARNING - Stablecoin depeg detected! Price: 1.227327, deviation: 22.73%
2025-03-12 22:59:23,720 - market_maker - WARNING - Circuit breaker triggered, cancelling all orders
2025-03-12 22:59:23,720 - market_maker - INFO - Cancelling all open orders for USDT/USD
2025-03-12 22:59:23,720 - market_maker - INFO - Cancelled 0 open orders
2025-03-12 22:59:23,733 - market_maker - INFO - === Paper Trading Cycle 57/100 ===
2025-03-12 22:59:23,733 - market_maker - INFO - === Market Making Cycle: 2025-03-12 22:59:23.733329 ===
2025-03-12 22:59:23,734 - market_maker - WARNING - Stablecoin depeg detected! Price: 1.227327, deviation: 22.73%
2025-03-12 22:59:23,734 - market_maker - WARNING - Circuit breaker triggered, cancelling all orders
2025-03-12 22:59:23,734 - market_maker - INFO - Cancelling all open orders for USDT/USD
2025-03-12 22:59:23,734 - market_maker - INFO - Cancelled 0 open orders
2025-03-12 22:59:23,745 - market_maker - INFO - === Paper Trading Cycle 58/100 ===
2025-03-12 22:59:23,745 - market_maker - INFO - === Market Making Cycle: 2025-03-12 22:59:23.745962 ===
2025-03-12 22:59:23,747 - market_maker - WARNING - Stablecoin depeg detected! Price: 1.227327, deviation: 22.73%
2025-03-12 22:59:23,747 - market_maker - WARNING - Circuit breaker triggered, cancelling all orders
2025-03-12 22:59:23,747 - market_maker - INFO - Cancelling all open orders for USDT/USD
2025-03-12 22:59:23,747 - market_maker - INFO - Cancelled 0 open orders
2025-03-12 22:59:23,760 - market_maker - INFO - === Paper Trading Cycle 59/100 ===
2025-03-12 22:59:23,760 - market_maker - INFO - === Market Making Cycle: 2025-03-12 22:59:23.760139 ===
2025-03-12 22:59:23,761 - market_maker - WARNING - Stablecoin depeg detected! Price: 1.227327, deviation: 22.73%
2025-03-12 22:59:23,761 - market_maker - WARNING - Circuit breaker triggered, cancelling all orders
2025-03-12 22:59:23,761 - market_maker - INFO - Cancelling all open orders for USDT/USD
2025-03-12 22:59:23,761 - market_maker - INFO - Cancelled 0 open orders
2025-03-12 22:59:23,772 - market_maker - INFO - === Paper Trading Cycle 60/100 ===
2025-03-12 22:59:23,772 - market_maker - INFO - === Market Making Cycle: 2025-03-12 22:59:23.772818 ===
2025-03-12 22:59:23,774 - market_maker - WARNING - Stablecoin depeg detected! Price: 1.227327, deviation: 22.73%
2025-03-12 22:59:23,774 - market_maker - WARNING - Circuit breaker triggered, cancelling all orders
2025-03-12 22:59:23,774 - market_maker - INFO - Cancelling all open orders for USDT/USD
2025-03-12 22:59:23,774 - market_maker - INFO - Cancelled 0 open orders
2025-03-12 22:59:23,786 - market_maker - INFO - === Paper Trading Cycle 61/100 ===
2025-03-12 22:59:23,787 - market_maker - INFO - === Market Making Cycle: 2025-03-12 22:59:23.787082 ===
2025-03-12 22:59:23,787 - market_maker - WARNING - Stablecoin depeg detected! Price: 1.227327, deviation: 22.73%
2025-03-12 22:59:23,788 - market_maker - WARNING - Circuit breaker triggered, cancelling all orders
2025-03-12 22:59:23,788 - market_maker - INFO - Cancelling all open orders for USDT/USD
2025-03-12 22:59:23,788 - market_maker - INFO - Cancelled 0 open orders
2025-03-12 22:59:23,798 - market_maker - INFO - === Paper Trading Cycle 62/100 ===
2025-03-12 22:59:23,799 - market_maker - INFO - === Market Making Cycle: 2025-03-12 22:59:23.798989 ===
2025-03-12 22:59:23,800 - market_maker - WARNING - Stablecoin depeg detected! Price: 1.227327, deviation: 22.73%
2025-03-12 22:59:23,800 - market_maker - WARNING - Circuit breaker triggered, cancelling all orders
2025-03-12 22:59:23,800 - market_maker - INFO - Cancelling all open orders for USDT/USD
2025-03-12 22:59:23,800 - market_maker - INFO - Cancelled 0 open orders
2025-03-12 22:59:23,813 - market_maker - INFO - === Paper Trading Cycle 63/100 ===
2025-03-12 22:59:23,813 - market_maker - INFO - === Market Making Cycle: 2025-03-12 22:59:23.813157 ===
2025-03-12 22:59:23,813 - market_maker - WARNING - Stablecoin depeg detected! Price: 1.227327, deviation: 22.73%
2025-03-12 22:59:23,814 - market_maker - WARNING - Circuit breaker triggered, cancelling all orders
2025-03-12 22:59:23,814 - market_maker - INFO - Cancelling all open orders for USDT/USD
2025-03-12 22:59:23,814 - market_maker - INFO - Cancelled 0 open orders
2025-03-12 22:59:23,825 - market_maker - INFO - === Paper Trading Cycle 64/100 ===
2025-03-12 22:59:23,825 - market_maker - INFO - === Market Making Cycle: 2025-03-12 22:59:23.825376 ===
2025-03-12 22:59:23,826 - market_maker - WARNING - Stablecoin depeg detected! Price: 1.227327, deviation: 22.73%
2025-03-12 22:59:23,826 - market_maker - WARNING - Circuit breaker triggered, cancelling all orders
2025-03-12 22:59:23,826 - market_maker - INFO - Cancelling all open orders for USDT/USD
2025-03-12 22:59:23,826 - market_maker - INFO - Cancelled 0 open orders
2025-03-12 22:59:23,837 - market_maker - INFO - === Paper Trading Cycle 65/100 ===
2025-03-12 22:59:23,837 - market_maker - INFO - === Market Making Cycle: 2025-03-12 22:59:23.837498 ===
2025-03-12 22:59:23,838 - market_maker - WARNING - Stablecoin depeg detected! Price: 1.227327, deviation: 22.73%
2025-03-12 22:59:23,838 - market_maker - WARNING - Circuit breaker triggered, cancelling all orders
2025-03-12 22:59:23,838 - market_maker - INFO - Cancelling all open orders for USDT/USD
2025-03-12 22:59:23,838 - market_maker - INFO - Cancelled 0 open orders
2025-03-12 22:59:23,851 - market_maker - INFO - === Paper Trading Cycle 66/100 ===
2025-03-12 22:59:23,851 - market_maker - INFO - === Market Making Cycle: 2025-03-12 22:59:23.851733 ===
2025-03-12 22:59:23,852 - market_maker - WARNING - Stablecoin depeg detected! Price: 1.227327, deviation: 22.73%
2025-03-12 22:59:23,852 - market_maker - WARNING - Circuit breaker triggered, cancelling all orders
2025-03-12 22:59:23,852 - market_maker - INFO - Cancelling all open orders for USDT/USD
2025-03-12 22:59:23,852 - market_maker - INFO - Cancelled 0 open orders
2025-03-12 22:59:23,863 - market_maker - INFO - === Paper Trading Cycle 67/100 ===
2025-03-12 22:59:23,863 - market_maker - INFO - === Market Making Cycle: 2025-03-12 22:59:23.863846 ===
2025-03-12 22:59:23,864 - market_maker - WARNING - Stablecoin depeg detected! Price: 1.227327, deviation: 22.73%
2025-03-12 22:59:23,865 - market_maker - WARNING - Circuit breaker triggered, cancelling all orders
2025-03-12 22:59:23,865 - market_maker - INFO - Cancelling all open orders for USDT/USD
2025-03-12 22:59:23,865 - market_maker - INFO - Cancelled 0 open orders
2025-03-12 22:59:23,877 - market_maker - INFO - === Paper Trading Cycle 68/100 ===
2025-03-12 22:59:23,877 - market_maker - INFO - === Market Making Cycle: 2025-03-12 22:59:23.877903 ===
2025-03-12 22:59:23,879 - market_maker - WARNING - Stablecoin depeg detected! Price: 1.227327, deviation: 22.73%
2025-03-12 22:59:23,879 - market_maker - WARNING - Circuit breaker triggered, cancelling all orders
2025-03-12 22:59:23,879 - market_maker - INFO - Cancelling all open orders for USDT/USD
2025-03-12 22:59:23,879 - market_maker - INFO - Cancelled 0 open orders
2025-03-12 22:59:23,892 - market_maker - INFO - === Paper Trading Cycle 69/100 ===
2025-03-12 22:59:23,892 - market_maker - INFO - === Market Making Cycle: 2025-03-12 22:59:23.892386 ===
2025-03-12 22:59:23,894 - market_maker - WARNING - Stablecoin depeg detected! Price: 1.227327, deviation: 22.73%
2025-03-12 22:59:23,894 - market_maker - WARNING - Circuit breaker triggered, cancelling all orders
2025-03-12 22:59:23,894 - market_maker - INFO - Cancelling all open orders for USDT/USD
2025-03-12 22:59:23,894 - market_maker - INFO - Cancelled 0 open orders
2025-03-12 22:59:23,907 - market_maker - INFO - === Paper Trading Cycle 70/100 ===
2025-03-12 22:59:23,909 - market_maker - INFO - === Market Making Cycle: 2025-03-12 22:59:23.909691 ===
2025-03-12 22:59:23,911 - market_maker - WARNING - Stablecoin depeg detected! Price: 1.227327, deviation: 22.73%
2025-03-12 22:59:23,911 - market_maker - WARNING - Circuit breaker triggered, cancelling all orders
2025-03-12 22:59:23,912 - market_maker - INFO - Cancelling all open orders for USDT/USD
2025-03-12 22:59:23,912 - market_maker - INFO - Cancelled 0 open orders
2025-03-12 22:59:23,925 - market_maker - INFO - === Paper Trading Cycle 71/100 ===
2025-03-12 22:59:23,925 - market_maker - INFO - === Market Making Cycle: 2025-03-12 22:59:23.925491 ===
2025-03-12 22:59:23,926 - market_maker - WARNING - Stablecoin depeg detected! Price: 1.227327, deviation: 22.73%
2025-03-12 22:59:23,926 - market_maker - WARNING - Circuit breaker triggered, cancelling all orders
2025-03-12 22:59:23,927 - market_maker - INFO - Cancelling all open orders for USDT/USD
2025-03-12 22:59:23,927 - market_maker - INFO - Cancelled 0 open orders
2025-03-12 22:59:23,939 - market_maker - INFO - === Paper Trading Cycle 72/100 ===
2025-03-12 22:59:23,940 - market_maker - INFO - === Market Making Cycle: 2025-03-12 22:59:23.940220 ===
2025-03-12 22:59:23,944 - market_maker - WARNING - Stablecoin depeg detected! Price: 1.227327, deviation: 22.73%
2025-03-12 22:59:23,944 - market_maker - WARNING - Circuit breaker triggered, cancelling all orders
2025-03-12 22:59:23,944 - market_maker - INFO - Cancelling all open orders for USDT/USD
2025-03-12 22:59:23,944 - market_maker - INFO - Cancelled 0 open orders
2025-03-12 22:59:23,957 - market_maker - INFO - === Paper Trading Cycle 73/100 ===
2025-03-12 22:59:23,957 - market_maker - INFO - === Market Making Cycle: 2025-03-12 22:59:23.957633 ===
2025-03-12 22:59:23,959 - market_maker - WARNING - Stablecoin depeg detected! Price: 1.227327, deviation: 22.73%
2025-03-12 22:59:23,959 - market_maker - WARNING - Circuit breaker triggered, cancelling all orders
2025-03-12 22:59:23,959 - market_maker - INFO - Cancelling all open orders for USDT/USD
2025-03-12 22:59:23,959 - market_maker - INFO - Cancelled 0 open orders
2025-03-12 22:59:23,972 - market_maker - INFO - === Paper Trading Cycle 74/100 ===
2025-03-12 22:59:23,972 - market_maker - INFO - === Market Making Cycle: 2025-03-12 22:59:23.972447 ===
2025-03-12 22:59:23,978 - market_maker - WARNING - Stablecoin depeg detected! Price: 1.227327, deviation: 22.73%
2025-03-12 22:59:23,978 - market_maker - WARNING - Circuit breaker triggered, cancelling all orders
2025-03-12 22:59:23,978 - market_maker - INFO - Cancelling all open orders for USDT/USD
2025-03-12 22:59:23,979 - market_maker - INFO - Cancelled 0 open orders
2025-03-12 22:59:23,990 - market_maker - INFO - === Paper Trading Cycle 75/100 ===
2025-03-12 22:59:23,990 - market_maker - INFO - === Market Making Cycle: 2025-03-12 22:59:23.990704 ===
2025-03-12 22:59:23,992 - market_maker - WARNING - Stablecoin depeg detected! Price: 1.227327, deviation: 22.73%
2025-03-12 22:59:23,993 - market_maker - WARNING - Circuit breaker triggered, cancelling all orders
2025-03-12 22:59:23,993 - market_maker - INFO - Cancelling all open orders for USDT/USD
2025-03-12 22:59:23,993 - market_maker - INFO - Cancelled 0 open orders
2025-03-12 22:59:24,006 - market_maker - INFO - === Paper Trading Cycle 76/100 ===
2025-03-12 22:59:24,007 - market_maker - INFO - === Market Making Cycle: 2025-03-12 22:59:24.007890 ===
2025-03-12 22:59:24,009 - market_maker - WARNING - Stablecoin depeg detected! Price: 1.227327, deviation: 22.73%
2025-03-12 22:59:24,009 - market_maker - WARNING - Circuit breaker triggered, cancelling all orders
2025-03-12 22:59:24,009 - market_maker - INFO - Cancelling all open orders for USDT/USD
2025-03-12 22:59:24,009 - market_maker - INFO - Cancelled 0 open orders
2025-03-12 22:59:24,021 - market_maker - INFO - === Paper Trading Cycle 77/100 ===
2025-03-12 22:59:24,021 - market_maker - INFO - === Market Making Cycle: 2025-03-12 22:59:24.021318 ===
2025-03-12 22:59:24,022 - market_maker - WARNING - Stablecoin depeg detected! Price: 1.227327, deviation: 22.73%
2025-03-12 22:59:24,022 - market_maker - WARNING - Circuit breaker triggered, cancelling all orders
2025-03-12 22:59:24,022 - market_maker - INFO - Cancelling all open orders for USDT/USD
2025-03-12 22:59:24,023 - market_maker - INFO - Cancelled 0 open orders
2025-03-12 22:59:24,035 - market_maker - INFO - === Paper Trading Cycle 78/100 ===
2025-03-12 22:59:24,035 - market_maker - INFO - === Market Making Cycle: 2025-03-12 22:59:24.035809 ===
2025-03-12 22:59:24,036 - market_maker - WARNING - Stablecoin depeg detected! Price: 1.227327, deviation: 22.73%
2025-03-12 22:59:24,036 - market_maker - WARNING - Circuit breaker triggered, cancelling all orders
2025-03-12 22:59:24,036 - market_maker - INFO - Cancelling all open orders for USDT/USD
2025-03-12 22:59:24,036 - market_maker - INFO - Cancelled 0 open orders
2025-03-12 22:59:24,050 - market_maker - INFO - === Paper Trading Cycle 79/100 ===
2025-03-12 22:59:24,051 - market_maker - INFO - === Market Making Cycle: 2025-03-12 22:59:24.051812 ===
2025-03-12 22:59:24,053 - market_maker - WARNING - Stablecoin depeg detected! Price: 1.227327, deviation: 22.73%
2025-03-12 22:59:24,053 - market_maker - WARNING - Circuit breaker triggered, cancelling all orders
2025-03-12 22:59:24,053 - market_maker - INFO - Cancelling all open orders for USDT/USD
2025-03-12 22:59:24,054 - market_maker - INFO - Cancelled 0 open orders
2025-03-12 22:59:24,065 - market_maker - INFO - === Paper Trading Cycle 80/100 ===
2025-03-12 22:59:24,069 - market_maker - INFO - === Market Making Cycle: 2025-03-12 22:59:24.069074 ===
2025-03-12 22:59:24,071 - market_maker - WARNING - Stablecoin depeg detected! Price: 1.227327, deviation: 22.73%
2025-03-12 22:59:24,071 - market_maker - WARNING - Circuit breaker triggered, cancelling all orders
2025-03-12 22:59:24,071 - market_maker - INFO - Cancelling all open orders for USDT/USD
2025-03-12 22:59:24,071 - market_maker - INFO - Cancelled 0 open orders
2025-03-12 22:59:24,084 - market_maker - INFO - === Paper Trading Cycle 81/100 ===
2025-03-12 22:59:24,084 - market_maker - INFO - === Market Making Cycle: 2025-03-12 22:59:24.084771 ===
2025-03-12 22:59:24,085 - market_maker - WARNING - Stablecoin depeg detected! Price: 1.227327, deviation: 22.73%
2025-03-12 22:59:24,085 - market_maker - WARNING - Circuit breaker triggered, cancelling all orders
2025-03-12 22:59:24,085 - market_maker - INFO - Cancelling all open orders for USDT/USD
2025-03-12 22:59:24,085 - market_maker - INFO - Cancelled 0 open orders
2025-03-12 22:59:24,098 - market_maker - INFO - === Paper Trading Cycle 82/100 ===
2025-03-12 22:59:24,101 - market_maker - INFO - === Market Making Cycle: 2025-03-12 22:59:24.098538 ===
2025-03-12 22:59:24,103 - market_maker - WARNING - Stablecoin depeg detected! Price: 1.227327, deviation: 22.73%
2025-03-12 22:59:24,103 - market_maker - WARNING - Circuit breaker triggered, cancelling all orders
2025-03-12 22:59:24,103 - market_maker - INFO - Cancelling all open orders for USDT/USD
2025-03-12 22:59:24,103 - market_maker - INFO - Cancelled 0 open orders
2025-03-12 22:59:24,113 - market_maker - INFO - === Paper Trading Cycle 83/100 ===
2025-03-12 22:59:24,113 - market_maker - INFO - === Market Making Cycle: 2025-03-12 22:59:24.113885 ===
2025-03-12 22:59:24,114 - market_maker - WARNING - Stablecoin depeg detected! Price: 1.227327, deviation: 22.73%
2025-03-12 22:59:24,114 - market_maker - WARNING - Circuit breaker triggered, cancelling all orders
2025-03-12 22:59:24,114 - market_maker - INFO - Cancelling all open orders for USDT/USD
2025-03-12 22:59:24,114 - market_maker - INFO - Cancelled 0 open orders
2025-03-12 22:59:24,127 - market_maker - INFO - === Paper Trading Cycle 84/100 ===
2025-03-12 22:59:24,127 - market_maker - INFO - === Market Making Cycle: 2025-03-12 22:59:24.127947 ===
2025-03-12 22:59:24,130 - market_maker - WARNING - Stablecoin depeg detected! Price: 1.227327, deviation: 22.73%
2025-03-12 22:59:24,130 - market_maker - WARNING - Circuit breaker triggered, cancelling all orders
2025-03-12 22:59:24,130 - market_maker - INFO - Cancelling all open orders for USDT/USD
2025-03-12 22:59:24,130 - market_maker - INFO - Cancelled 0 open orders
2025-03-12 22:59:24,143 - market_maker - INFO - === Paper Trading Cycle 85/100 ===
2025-03-12 22:59:24,143 - market_maker - INFO - === Market Making Cycle: 2025-03-12 22:59:24.143450 ===
2025-03-12 22:59:24,145 - market_maker - WARNING - Stablecoin depeg detected! Price: 1.227327, deviation: 22.73%
2025-03-12 22:59:24,145 - market_maker - WARNING - Circuit breaker triggered, cancelling all orders
2025-03-12 22:59:24,145 - market_maker - INFO - Cancelling all open orders for USDT/USD
2025-03-12 22:59:24,145 - market_maker - INFO - Cancelled 0 open orders
2025-03-12 22:59:24,159 - market_maker - INFO - === Paper Trading Cycle 86/100 ===
2025-03-12 22:59:24,159 - market_maker - INFO - === Market Making Cycle: 2025-03-12 22:59:24.159830 ===
2025-03-12 22:59:24,161 - market_maker - WARNING - Stablecoin depeg detected! Price: 1.227327, deviation: 22.73%
2025-03-12 22:59:24,161 - market_maker - WARNING - Circuit breaker triggered, cancelling all orders
2025-03-12 22:59:24,161 - market_maker - INFO - Cancelling all open orders for USDT/USD
2025-03-12 22:59:24,161 - market_maker - INFO - Cancelled 0 open orders
2025-03-12 22:59:24,174 - market_maker - INFO - === Paper Trading Cycle 87/100 ===
2025-03-12 22:59:24,174 - market_maker - INFO - === Market Making Cycle: 2025-03-12 22:59:24.174429 ===
2025-03-12 22:59:24,175 - market_maker - WARNING - Stablecoin depeg detected! Price: 1.227327, deviation: 22.73%
2025-03-12 22:59:24,176 - market_maker - WARNING - Circuit breaker triggered, cancelling all orders
2025-03-12 22:59:24,176 - market_maker - INFO - Cancelling all open orders for USDT/USD
2025-03-12 22:59:24,176 - market_maker - INFO - Cancelled 0 open orders
2025-03-12 22:59:24,188 - market_maker - INFO - === Paper Trading Cycle 88/100 ===
2025-03-12 22:59:24,189 - market_maker - INFO - === Market Making Cycle: 2025-03-12 22:59:24.189021 ===
2025-03-12 22:59:24,190 - market_maker - WARNING - Stablecoin depeg detected! Price: 1.227327, deviation: 22.73%
2025-03-12 22:59:24,190 - market_maker - WARNING - Circuit breaker triggered, cancelling all orders
2025-03-12 22:59:24,190 - market_maker - INFO - Cancelling all open orders for USDT/USD
2025-03-12 22:59:24,190 - market_maker - INFO - Cancelled 0 open orders
2025-03-12 22:59:24,201 - market_maker - INFO - === Paper Trading Cycle 89/100 ===
2025-03-12 22:59:24,201 - market_maker - INFO - === Market Making Cycle: 2025-03-12 22:59:24.201265 ===
2025-03-12 22:59:24,203 - market_maker - WARNING - Stablecoin depeg detected! Price: 1.227327, deviation: 22.73%
2025-03-12 22:59:24,203 - market_maker - WARNING - Circuit breaker triggered, cancelling all orders
2025-03-12 22:59:24,203 - market_maker - INFO - Cancelling all open orders for USDT/USD
2025-03-12 22:59:24,203 - market_maker - INFO - Cancelled 0 open orders
2025-03-12 22:59:24,214 - market_maker - INFO - === Paper Trading Cycle 90/100 ===
2025-03-12 22:59:24,214 - market_maker - INFO - === Market Making Cycle: 2025-03-12 22:59:24.214735 ===
2025-03-12 22:59:24,218 - market_maker - WARNING - Stablecoin depeg detected! Price: 1.227327, deviation: 22.73%
2025-03-12 22:59:24,218 - market_maker - WARNING - Circuit breaker triggered, cancelling all orders
2025-03-12 22:59:24,218 - market_maker - INFO - Cancelling all open orders for USDT/USD
2025-03-12 22:59:24,218 - market_maker - INFO - Cancelled 0 open orders
2025-03-12 22:59:24,230 - market_maker - INFO - === Paper Trading Cycle 91/100 ===
2025-03-12 22:59:24,230 - market_maker - INFO - === Market Making Cycle: 2025-03-12 22:59:24.230468 ===
2025-03-12 22:59:24,231 - market_maker - WARNING - Stablecoin depeg detected! Price: 1.227327, deviation: 22.73%
2025-03-12 22:59:24,231 - market_maker - WARNING - Circuit breaker triggered, cancelling all orders
2025-03-12 22:59:24,231 - market_maker - INFO - Cancelling all open orders for USDT/USD
2025-03-12 22:59:24,232 - market_maker - INFO - Cancelled 0 open orders
2025-03-12 22:59:24,244 - market_maker - INFO - === Paper Trading Cycle 92/100 ===
2025-03-12 22:59:24,245 - market_maker - INFO - === Market Making Cycle: 2025-03-12 22:59:24.245843 ===
2025-03-12 22:59:24,247 - market_maker - WARNING - Stablecoin depeg detected! Price: 1.227327, deviation: 22.73%
2025-03-12 22:59:24,247 - market_maker - WARNING - Circuit breaker triggered, cancelling all orders
2025-03-12 22:59:24,247 - market_maker - INFO - Cancelling all open orders for USDT/USD
2025-03-12 22:59:24,247 - market_maker - INFO - Cancelled 0 open orders
2025-03-12 22:59:24,260 - market_maker - INFO - === Paper Trading Cycle 93/100 ===
2025-03-12 22:59:24,260 - market_maker - INFO - === Market Making Cycle: 2025-03-12 22:59:24.260511 ===
2025-03-12 22:59:24,261 - market_maker - WARNING - Stablecoin depeg detected! Price: 1.227327, deviation: 22.73%
2025-03-12 22:59:24,261 - market_maker - WARNING - Circuit breaker triggered, cancelling all orders
2025-03-12 22:59:24,261 - market_maker - INFO - Cancelling all open orders for USDT/USD
2025-03-12 22:59:24,261 - market_maker - INFO - Cancelled 0 open orders
2025-03-12 22:59:24,274 - market_maker - INFO - === Paper Trading Cycle 94/100 ===
2025-03-12 22:59:24,274 - market_maker - INFO - === Market Making Cycle: 2025-03-12 22:59:24.274349 ===
2025-03-12 22:59:24,275 - market_maker - WARNING - Stablecoin depeg detected! Price: 1.227327, deviation: 22.73%
2025-03-12 22:59:24,275 - market_maker - WARNING - Circuit breaker triggered, cancelling all orders
2025-03-12 22:59:24,275 - market_maker - INFO - Cancelling all open orders for USDT/USD
2025-03-12 22:59:24,275 - market_maker - INFO - Cancelled 0 open orders
2025-03-12 22:59:24,285 - market_maker - INFO - === Paper Trading Cycle 95/100 ===
2025-03-12 22:59:24,286 - market_maker - INFO - === Market Making Cycle: 2025-03-12 22:59:24.286042 ===
2025-03-12 22:59:24,286 - market_maker - WARNING - Stablecoin depeg detected! Price: 1.227327, deviation: 22.73%
2025-03-12 22:59:24,286 - market_maker - WARNING - Circuit breaker triggered, cancelling all orders
2025-03-12 22:59:24,286 - market_maker - INFO - Cancelling all open orders for USDT/USD
2025-03-12 22:59:24,286 - market_maker - INFO - Cancelled 0 open orders
2025-03-12 22:59:24,301 - market_maker - INFO - === Paper Trading Cycle 96/100 ===
2025-03-12 22:59:24,301 - market_maker - INFO - === Market Making Cycle: 2025-03-12 22:59:24.301457 ===
2025-03-12 22:59:24,302 - market_maker - WARNING - Stablecoin depeg detected! Price: 1.227327, deviation: 22.73%
2025-03-12 22:59:24,302 - market_maker - WARNING - Circuit breaker triggered, cancelling all orders
2025-03-12 22:59:24,302 - market_maker - INFO - Cancelling all open orders for USDT/USD
2025-03-12 22:59:24,302 - market_maker - INFO - Cancelled 0 open orders
2025-03-12 22:59:24,314 - market_maker - INFO - === Paper Trading Cycle 97/100 ===
2025-03-12 22:59:24,315 - market_maker - INFO - === Market Making Cycle: 2025-03-12 22:59:24.315156 ===
2025-03-12 22:59:24,316 - market_maker - WARNING - Stablecoin depeg detected! Price: 1.227327, deviation: 22.73%
2025-03-12 22:59:24,316 - market_maker - WARNING - Circuit breaker triggered, cancelling all orders
2025-03-12 22:59:24,316 - market_maker - INFO - Cancelling all open orders for USDT/USD
2025-03-12 22:59:24,316 - market_maker - INFO - Cancelled 0 open orders
2025-03-12 22:59:24,331 - market_maker - INFO - === Paper Trading Cycle 98/100 ===
2025-03-12 22:59:24,332 - market_maker - INFO - === Market Making Cycle: 2025-03-12 22:59:24.332079 ===
2025-03-12 22:59:24,334 - market_maker - WARNING - Stablecoin depeg detected! Price: 1.227327, deviation: 22.73%
2025-03-12 22:59:24,334 - market_maker - WARNING - Circuit breaker triggered, cancelling all orders
2025-03-12 22:59:24,334 - market_maker - INFO - Cancelling all open orders for USDT/USD
2025-03-12 22:59:24,334 - market_maker - INFO - Cancelled 0 open orders
2025-03-12 22:59:24,347 - market_maker - INFO - === Paper Trading Cycle 99/100 ===
2025-03-12 22:59:24,348 - market_maker - INFO - === Market Making Cycle: 2025-03-12 22:59:24.348093 ===
2025-03-12 22:59:24,350 - market_maker - WARNING - Stablecoin depeg detected! Price: 1.227327, deviation: 22.73%
2025-03-12 22:59:24,350 - market_maker - WARNING - Circuit breaker triggered, cancelling all orders
2025-03-12 22:59:24,350 - market_maker - INFO - Cancelling all open orders for USDT/USD
2025-03-12 22:59:24,350 - market_maker - INFO - Cancelled 0 open orders
2025-03-12 22:59:24,363 - market_maker - INFO - === Paper Trading Cycle 100/100 ===
2025-03-12 22:59:24,364 - market_maker - INFO - === Market Making Cycle: 2025-03-12 22:59:24.363754 ===
2025-03-12 22:59:24,366 - market_maker - WARNING - Stablecoin depeg detected! Price: 1.227327, deviation: 22.73%
2025-03-12 22:59:24,366 - market_maker - WARNING - Circuit breaker triggered, cancelling all orders
2025-03-12 22:59:24,366 - market_maker - INFO - Cancelling all open orders for USDT/USD
2025-03-12 22:59:24,366 - market_maker - INFO - Cancelled 0 open orders
2025-03-12 22:59:24,380 - market_maker - INFO - === Paper Trading Results ===
2025-03-12 22:59:24,380 - market_maker - INFO - Completed 0 position records
2025-03-12 22:59:24,380 - market_maker - INFO - Executed 0 trades
