2025-03-12 17:52:56,960 - market_maker - INFO - Starting market making bot
2025-03-12 17:52:56,962 - market_maker - INFO - Successfully initialized kraken exchange
2025-03-12 17:52:56,963 - market_maker - INFO - Initialized order manager for USDT/USD with base size 100.0
2025-03-12 17:52:56,963 - market_maker - INFO - Initialized circuit breakers with price change threshold: 0.1
2025-03-12 17:52:56,963 - market_maker - INFO - Initialized inventory manager with max pct: 0.1, threshold: 0.05
2025-03-12 17:52:56,963 - market_maker - INFO - Initialized A-S model with gamma=0.1, lambda_b=1.0, lambda_a=1.0
2025-03-12 17:52:56,963 - market_maker - INFO - === Market Making Cycle: 2025-03-12 17:52:56.963108 ===
2025-03-12 17:52:56,963 - market_maker - INFO - Fetching 40 1m candles for USDT/USD
2025-03-12 17:52:59,464 - market_maker - INFO - Successfully fetched 40 candles
2025-03-12 17:52:59,468 - market_maker - INFO - Current volatility estimate: 0.000008
2025-03-12 17:53:02,330 - market_maker - INFO - Balances: USDT=0, USD=0
2025-03-12 17:53:03,298 - market_maker - INFO - Updated inventory: 0.0000 (base: 0, quote: 0)
2025-03-12 17:53:03,299 - market_maker - INFO - A-S Model - Mid: 0.999765, Bid: 0.046663, Ask: 1.952867
2025-03-12 17:53:03,299 - market_maker - INFO - Prices - Mid: 0.999765, Bid: 0.046663, Ask: 1.952867
2025-03-12 17:53:03,299 - market_maker - INFO - Cancelling all open orders for USDT/USD
2025-03-12 17:53:06,319 - market_maker - INFO - Cancelled 0 open orders
2025-03-12 17:53:06,320 - market_maker - INFO - Placing buy order: 100.0 @ 0.046663
2025-03-12 17:53:06,579 - market_maker - ERROR - Error placing buy order: kraken {"error":["EOrder:Insufficient funds"]}
2025-03-12 17:53:06,580 - market_maker - INFO - Placing sell order: 100.0 @ 1.952867
2025-03-12 17:53:06,714 - market_maker - ERROR - Error placing sell order: kraken {"error":["EOrder:Insufficient funds"]}
2025-03-12 17:53:06,715 - market_maker - INFO - Cycle completed - Vol: 0.000008, Inv: 0.0000
2025-03-12 17:53:12,490 - market_maker - INFO - Bot stopped by user
2025-03-12 17:53:12,491 - market_maker - INFO - Cancelling all open orders for USDT/USD
2025-03-12 17:53:12,615 - market_maker - INFO - Cancelled 0 open orders
2025-03-12 17:53:12,615 - market_maker - INFO - Bot shutting down
2025-03-12 17:53:12,615 - market_maker - INFO - Cancelling all open orders for USDT/USD
