2025-03-12 21:35:14,473 - market_maker - INFO - Starting market making bot in paper trading mode
2025-03-12 21:35:14,477 - market_maker - INFO - Generated 1000 historical candles
2025-03-12 21:35:14,478 - market_maker - INFO - Initialized mock exchange with balances: {'BTC': {'free': 1.0, 'used': 0.0, 'total': 1.0}, 'USDT': {'free': 10000.0, 'used': 0.0, 'total': 10000.0}, 'USD': {'free': 10000.0, 'used': 0.0, 'total': 10000.0}}
2025-03-12 21:35:14,478 - market_maker - INFO - Initialized mock exchange for paper trading
2025-03-12 21:35:14,478 - market_maker - INFO - Initialized order manager for USDT/USD with base size 5.0
2025-03-12 21:35:14,478 - market_maker - INFO - Initialized circuit breakers with price change threshold: 0.2
2025-03-12 21:35:14,478 - market_maker - INFO - Initialized inventory manager with max pct: 0.1, threshold: 0.05
2025-03-12 21:35:14,478 - market_maker - INFO - Initialized A-S model with gamma=0.0001, lambda_b=1968834.64, lambda_a=87855.51
2025-03-12 21:35:14,478 - market_maker - INFO - Starting paper trading for 100 cycles
2025-03-12 21:35:14,478 - market_maker - INFO - === Paper Trading Cycle 1/100 ===
2025-03-12 21:35:14,478 - market_maker - INFO - === Market Making Cycle: 2025-03-12 21:35:14.478364 ===
2025-03-12 21:35:14,484 - market_maker - WARNING - Stablecoin depeg detected! Price: 1.055411, deviation: 5.54%
2025-03-12 21:35:14,484 - market_maker - WARNING - Circuit breaker triggered, cancelling all orders
2025-03-12 21:35:14,484 - market_maker - INFO - Cancelling all open orders for USDT/USD
2025-03-12 21:35:14,484 - market_maker - INFO - Cancelled 0 open orders
2025-03-12 21:35:15,489 - market_maker - INFO - === Paper Trading Cycle 2/100 ===
2025-03-12 21:35:15,490 - market_maker - INFO - === Market Making Cycle: 2025-03-12 21:35:15.490260 ===
2025-03-12 21:35:15,491 - market_maker - WARNING - Stablecoin depeg detected! Price: 1.055411, deviation: 5.54%
2025-03-12 21:35:15,491 - market_maker - WARNING - Circuit breaker triggered, cancelling all orders
2025-03-12 21:35:15,491 - market_maker - INFO - Cancelling all open orders for USDT/USD
2025-03-12 21:35:15,491 - market_maker - INFO - Cancelled 0 open orders
2025-03-12 21:35:16,497 - market_maker - INFO - === Paper Trading Cycle 3/100 ===
2025-03-12 21:35:16,497 - market_maker - INFO - === Market Making Cycle: 2025-03-12 21:35:16.497174 ===
2025-03-12 21:35:16,498 - market_maker - WARNING - Stablecoin depeg detected! Price: 1.055411, deviation: 5.54%
2025-03-12 21:35:16,498 - market_maker - WARNING - Circuit breaker triggered, cancelling all orders
2025-03-12 21:35:16,498 - market_maker - INFO - Cancelling all open orders for USDT/USD
2025-03-12 21:35:16,498 - market_maker - INFO - Cancelled 0 open orders
2025-03-12 21:35:17,503 - market_maker - INFO - === Paper Trading Cycle 4/100 ===
2025-03-12 21:35:17,505 - market_maker - INFO - === Market Making Cycle: 2025-03-12 21:35:17.505033 ===
2025-03-12 21:35:17,510 - market_maker - WARNING - Stablecoin depeg detected! Price: 1.055411, deviation: 5.54%
2025-03-12 21:35:17,511 - market_maker - WARNING - Circuit breaker triggered, cancelling all orders
2025-03-12 21:35:17,511 - market_maker - INFO - Cancelling all open orders for USDT/USD
2025-03-12 21:35:17,511 - market_maker - INFO - Cancelled 0 open orders
2025-03-12 21:35:18,516 - market_maker - INFO - === Paper Trading Cycle 5/100 ===
2025-03-12 21:35:18,518 - market_maker - INFO - === Market Making Cycle: 2025-03-12 21:35:18.518059 ===
2025-03-12 21:35:18,522 - market_maker - WARNING - Stablecoin depeg detected! Price: 1.055411, deviation: 5.54%
2025-03-12 21:35:18,523 - market_maker - WARNING - Circuit breaker triggered, cancelling all orders
2025-03-12 21:35:18,523 - market_maker - INFO - Cancelling all open orders for USDT/USD
2025-03-12 21:35:18,524 - market_maker - INFO - Cancelled 0 open orders
2025-03-12 21:35:19,529 - market_maker - INFO - === Paper Trading Cycle 6/100 ===
2025-03-12 21:35:19,533 - market_maker - INFO - === Market Making Cycle: 2025-03-12 21:35:19.533193 ===
2025-03-12 21:35:19,535 - market_maker - WARNING - Stablecoin depeg detected! Price: 1.055411, deviation: 5.54%
2025-03-12 21:35:19,536 - market_maker - WARNING - Circuit breaker triggered, cancelling all orders
2025-03-12 21:35:19,536 - market_maker - INFO - Cancelling all open orders for USDT/USD
2025-03-12 21:35:19,536 - market_maker - INFO - Cancelled 0 open orders
2025-03-12 21:35:20,543 - market_maker - INFO - === Paper Trading Cycle 7/100 ===
2025-03-12 21:35:20,543 - market_maker - INFO - === Market Making Cycle: 2025-03-12 21:35:20.543772 ===
2025-03-12 21:35:20,551 - market_maker - WARNING - Stablecoin depeg detected! Price: 1.055411, deviation: 5.54%
2025-03-12 21:35:20,552 - market_maker - WARNING - Circuit breaker triggered, cancelling all orders
2025-03-12 21:35:20,552 - market_maker - INFO - Cancelling all open orders for USDT/USD
2025-03-12 21:35:20,552 - market_maker - INFO - Cancelled 0 open orders
2025-03-12 21:35:21,557 - market_maker - INFO - === Paper Trading Cycle 8/100 ===
2025-03-12 21:35:21,558 - market_maker - INFO - === Market Making Cycle: 2025-03-12 21:35:21.558045 ===
2025-03-12 21:35:21,559 - market_maker - WARNING - Stablecoin depeg detected! Price: 1.055411, deviation: 5.54%
2025-03-12 21:35:21,559 - market_maker - WARNING - Circuit breaker triggered, cancelling all orders
2025-03-12 21:35:21,559 - market_maker - INFO - Cancelling all open orders for USDT/USD
2025-03-12 21:35:21,559 - market_maker - INFO - Cancelled 0 open orders
2025-03-12 21:35:22,564 - market_maker - INFO - === Paper Trading Cycle 9/100 ===
2025-03-12 21:35:22,567 - market_maker - INFO - === Market Making Cycle: 2025-03-12 21:35:22.567722 ===
2025-03-12 21:35:22,573 - market_maker - WARNING - Stablecoin depeg detected! Price: 1.055411, deviation: 5.54%
2025-03-12 21:35:22,573 - market_maker - WARNING - Circuit breaker triggered, cancelling all orders
2025-03-12 21:35:22,573 - market_maker - INFO - Cancelling all open orders for USDT/USD
2025-03-12 21:35:22,573 - market_maker - INFO - Cancelled 0 open orders
2025-03-12 21:35:23,579 - market_maker - INFO - === Paper Trading Cycle 10/100 ===
2025-03-12 21:35:23,580 - market_maker - INFO - === Market Making Cycle: 2025-03-12 21:35:23.580287 ===
2025-03-12 21:35:23,585 - market_maker - WARNING - Stablecoin depeg detected! Price: 1.055411, deviation: 5.54%
2025-03-12 21:35:23,586 - market_maker - WARNING - Circuit breaker triggered, cancelling all orders
2025-03-12 21:35:23,586 - market_maker - INFO - Cancelling all open orders for USDT/USD
2025-03-12 21:35:23,586 - market_maker - INFO - Cancelled 0 open orders
2025-03-12 21:35:24,592 - market_maker - INFO - === Paper Trading Cycle 11/100 ===
2025-03-12 21:35:24,592 - market_maker - INFO - === Market Making Cycle: 2025-03-12 21:35:24.592352 ===
2025-03-12 21:35:24,593 - market_maker - WARNING - Stablecoin depeg detected! Price: 1.055411, deviation: 5.54%
2025-03-12 21:35:24,593 - market_maker - WARNING - Circuit breaker triggered, cancelling all orders
2025-03-12 21:35:24,593 - market_maker - INFO - Cancelling all open orders for USDT/USD
2025-03-12 21:35:24,593 - market_maker - INFO - Cancelled 0 open orders
2025-03-12 21:35:25,599 - market_maker - INFO - === Paper Trading Cycle 12/100 ===
2025-03-12 21:35:25,599 - market_maker - INFO - === Market Making Cycle: 2025-03-12 21:35:25.599587 ===
2025-03-12 21:35:25,601 - market_maker - WARNING - Stablecoin depeg detected! Price: 1.055411, deviation: 5.54%
2025-03-12 21:35:25,601 - market_maker - WARNING - Circuit breaker triggered, cancelling all orders
2025-03-12 21:35:25,601 - market_maker - INFO - Cancelling all open orders for USDT/USD
2025-03-12 21:35:25,601 - market_maker - INFO - Cancelled 0 open orders
2025-03-12 21:35:26,609 - market_maker - INFO - === Paper Trading Cycle 13/100 ===
2025-03-12 21:35:26,610 - market_maker - INFO - === Market Making Cycle: 2025-03-12 21:35:26.610325 ===
2025-03-12 21:35:26,612 - market_maker - WARNING - Stablecoin depeg detected! Price: 1.055411, deviation: 5.54%
2025-03-12 21:35:26,612 - market_maker - WARNING - Circuit breaker triggered, cancelling all orders
2025-03-12 21:35:26,612 - market_maker - INFO - Cancelling all open orders for USDT/USD
2025-03-12 21:35:26,612 - market_maker - INFO - Cancelled 0 open orders
2025-03-12 21:35:27,618 - market_maker - INFO - === Paper Trading Cycle 14/100 ===
2025-03-12 21:35:27,619 - market_maker - INFO - === Market Making Cycle: 2025-03-12 21:35:27.619097 ===
2025-03-12 21:35:27,623 - market_maker - WARNING - Stablecoin depeg detected! Price: 1.055411, deviation: 5.54%
2025-03-12 21:35:27,623 - market_maker - WARNING - Circuit breaker triggered, cancelling all orders
2025-03-12 21:35:27,624 - market_maker - INFO - Cancelling all open orders for USDT/USD
2025-03-12 21:35:27,624 - market_maker - INFO - Cancelled 0 open orders
2025-03-12 21:35:28,628 - market_maker - INFO - === Paper Trading Cycle 15/100 ===
2025-03-12 21:35:28,629 - market_maker - INFO - === Market Making Cycle: 2025-03-12 21:35:28.629277 ===
2025-03-12 21:35:28,633 - market_maker - WARNING - Stablecoin depeg detected! Price: 1.055411, deviation: 5.54%
2025-03-12 21:35:28,634 - market_maker - WARNING - Circuit breaker triggered, cancelling all orders
2025-03-12 21:35:28,634 - market_maker - INFO - Cancelling all open orders for USDT/USD
2025-03-12 21:35:28,634 - market_maker - INFO - Cancelled 0 open orders
2025-03-12 21:35:29,639 - market_maker - INFO - === Paper Trading Cycle 16/100 ===
2025-03-12 21:35:29,640 - market_maker - INFO - === Market Making Cycle: 2025-03-12 21:35:29.640567 ===
2025-03-12 21:35:29,645 - market_maker - WARNING - Stablecoin depeg detected! Price: 1.055411, deviation: 5.54%
2025-03-12 21:35:29,645 - market_maker - WARNING - Circuit breaker triggered, cancelling all orders
2025-03-12 21:35:29,645 - market_maker - INFO - Cancelling all open orders for USDT/USD
2025-03-12 21:35:29,645 - market_maker - INFO - Cancelled 0 open orders
2025-03-12 21:35:30,646 - market_maker - INFO - === Paper Trading Cycle 17/100 ===
2025-03-12 21:35:30,647 - market_maker - INFO - === Market Making Cycle: 2025-03-12 21:35:30.647247 ===
2025-03-12 21:35:30,651 - market_maker - WARNING - Stablecoin depeg detected! Price: 1.055411, deviation: 5.54%
2025-03-12 21:35:30,652 - market_maker - WARNING - Circuit breaker triggered, cancelling all orders
2025-03-12 21:35:30,652 - market_maker - INFO - Cancelling all open orders for USDT/USD
2025-03-12 21:35:30,652 - market_maker - INFO - Cancelled 0 open orders
2025-03-12 21:35:31,655 - market_maker - INFO - === Paper Trading Cycle 18/100 ===
2025-03-12 21:35:31,656 - market_maker - INFO - === Market Making Cycle: 2025-03-12 21:35:31.656251 ===
2025-03-12 21:35:31,660 - market_maker - WARNING - Stablecoin depeg detected! Price: 1.055411, deviation: 5.54%
2025-03-12 21:35:31,660 - market_maker - WARNING - Circuit breaker triggered, cancelling all orders
2025-03-12 21:35:31,660 - market_maker - INFO - Cancelling all open orders for USDT/USD
2025-03-12 21:35:31,661 - market_maker - INFO - Cancelled 0 open orders
2025-03-12 21:35:32,666 - market_maker - INFO - === Paper Trading Cycle 19/100 ===
2025-03-12 21:35:32,667 - market_maker - INFO - === Market Making Cycle: 2025-03-12 21:35:32.667324 ===
2025-03-12 21:35:32,671 - market_maker - WARNING - Stablecoin depeg detected! Price: 1.055411, deviation: 5.54%
2025-03-12 21:35:32,672 - market_maker - WARNING - Circuit breaker triggered, cancelling all orders
2025-03-12 21:35:32,672 - market_maker - INFO - Cancelling all open orders for USDT/USD
2025-03-12 21:35:32,672 - market_maker - INFO - Cancelled 0 open orders
2025-03-12 21:35:32,944 - market_maker - INFO - Paper trading stopped by user
2025-03-12 21:35:32,946 - market_maker - INFO - === Paper Trading Results ===
2025-03-12 21:35:32,946 - market_maker - INFO - Completed 0 position records
2025-03-12 21:35:32,946 - market_maker - INFO - Executed 0 trades
