2025-03-12 18:50:03,095 - market_maker - INFO - Starting market making bot
2025-03-12 18:50:03,097 - market_maker - INFO - Successfully initialized kraken exchange
2025-03-12 18:50:03,097 - market_maker - INFO - Initialized order manager for USDT/USD with base size 100.0
2025-03-12 18:50:03,097 - market_maker - INFO - Initialized circuit breakers with price change threshold: 0.1
2025-03-12 18:50:03,097 - market_maker - INFO - Initialized inventory manager with max pct: 0.1, threshold: 0.05
2025-03-12 18:50:03,097 - market_maker - INFO - Initialized A-S model with gamma=0.1, lambda_b=1.0, lambda_a=1.0
2025-03-12 18:50:03,097 - market_maker - INFO - === Market Making Cycle: 2025-03-12 18:50:03.097595 ===
2025-03-12 18:50:03,097 - market_maker - INFO - Fetching 40 1m candles for USDT/USD
2025-03-12 18:50:05,518 - market_maker - INFO - Successfully fetched 40 candles
2025-03-12 18:50:05,523 - market_maker - INFO - Current volatility estimate: 0.000008
2025-03-12 18:50:08,430 - market_maker - INFO - Balances: USDT=0, USD=0
2025-03-12 18:50:09,430 - market_maker - INFO - Updated inventory: 0.0000 (base: 0, quote: 0)
2025-03-12 18:50:09,431 - market_maker - INFO - A-S Model - Mid: 0.999795, Bid: 0.046693, Ask: 1.952897
2025-03-12 18:50:09,431 - market_maker - INFO - Prices - Mid: 0.999795, Bid: 0.046693, Ask: 1.952897
2025-03-12 18:50:09,431 - market_maker - INFO - Cancelling all open orders for USDT/USD
2025-03-12 18:50:12,456 - market_maker - INFO - Cancelled 0 open orders
2025-03-12 18:50:12,457 - market_maker - INFO - Placing buy order: 100.0 @ 0.046693
2025-03-12 18:50:12,616 - market_maker - ERROR - Error placing buy order: kraken {"error":["EOrder:Insufficient funds"]}
2025-03-12 18:50:12,617 - market_maker - INFO - Placing sell order: 100.0 @ 1.952897
2025-03-12 18:50:12,803 - market_maker - ERROR - Error placing sell order: kraken {"error":["EOrder:Insufficient funds"]}
2025-03-12 18:50:12,803 - market_maker - INFO - Cycle completed - Vol: 0.000008, Inv: 0.0000
2025-03-12 18:50:19,564 - market_maker - INFO - Bot stopped by user
2025-03-12 18:50:19,565 - market_maker - INFO - Cancelling all open orders for USDT/USD
2025-03-12 18:50:19,705 - market_maker - INFO - Cancelled 0 open orders
2025-03-12 18:50:19,706 - market_maker - INFO - Bot shutting down
2025-03-12 18:50:19,706 - market_maker - INFO - Cancelling all open orders for USDT/USD
