2025-03-12 21:36:39,371 - market_maker - INFO - Starting market making bot in paper trading mode
2025-03-12 21:36:39,376 - market_maker - INFO - Generated 1000 historical candles
2025-03-12 21:36:39,376 - market_maker - INFO - Initialized mock exchange with balances: {'BTC': {'free': 1.0, 'used': 0.0, 'total': 1.0}, 'USDT': {'free': 10000.0, 'used': 0.0, 'total': 10000.0}, 'USD': {'free': 10000.0, 'used': 0.0, 'total': 10000.0}}
2025-03-12 21:36:39,376 - market_maker - INFO - Initialized mock exchange for paper trading
2025-03-12 21:36:39,376 - market_maker - INFO - Initialized order manager for USDT/USD with base size 5.0
2025-03-12 21:36:39,376 - market_maker - INFO - Initialized circuit breakers with price change threshold: 0.2
2025-03-12 21:36:39,376 - market_maker - INFO - Initialized inventory manager with max pct: 0.1, threshold: 0.05
2025-03-12 21:36:39,376 - market_maker - INFO - Initialized A-S model with gamma=0.0001, lambda_b=1968834.64, lambda_a=87855.51
2025-03-12 21:36:39,376 - market_maker - INFO - Starting paper trading for 100 cycles
2025-03-12 21:36:39,376 - market_maker - INFO - === Paper Trading Cycle 1/100 ===
2025-03-12 21:36:39,376 - market_maker - INFO - === Market Making Cycle: 2025-03-12 21:36:39.376514 ===
2025-03-12 21:36:39,381 - market_maker - WARNING - Stablecoin depeg detected! Price: 1.147437, deviation: 14.74%
2025-03-12 21:36:39,381 - market_maker - WARNING - Circuit breaker triggered, cancelling all orders
2025-03-12 21:36:39,381 - market_maker - INFO - Cancelling all open orders for USDT/USD
2025-03-12 21:36:39,381 - market_maker - INFO - Cancelled 0 open orders
2025-03-12 21:36:40,387 - market_maker - INFO - === Paper Trading Cycle 2/100 ===
2025-03-12 21:36:40,388 - market_maker - INFO - === Market Making Cycle: 2025-03-12 21:36:40.388609 ===
2025-03-12 21:36:40,393 - market_maker - WARNING - Stablecoin depeg detected! Price: 1.147437, deviation: 14.74%
2025-03-12 21:36:40,393 - market_maker - WARNING - Circuit breaker triggered, cancelling all orders
2025-03-12 21:36:40,393 - market_maker - INFO - Cancelling all open orders for USDT/USD
2025-03-12 21:36:40,394 - market_maker - INFO - Cancelled 0 open orders
2025-03-12 21:36:41,399 - market_maker - INFO - === Paper Trading Cycle 3/100 ===
2025-03-12 21:36:41,400 - market_maker - INFO - === Market Making Cycle: 2025-03-12 21:36:41.400231 ===
2025-03-12 21:36:41,402 - market_maker - WARNING - Stablecoin depeg detected! Price: 1.147437, deviation: 14.74%
2025-03-12 21:36:41,403 - market_maker - WARNING - Circuit breaker triggered, cancelling all orders
2025-03-12 21:36:41,403 - market_maker - INFO - Cancelling all open orders for USDT/USD
2025-03-12 21:36:41,403 - market_maker - INFO - Cancelled 0 open orders
2025-03-12 21:36:42,409 - market_maker - INFO - === Paper Trading Cycle 4/100 ===
2025-03-12 21:36:42,409 - market_maker - INFO - === Market Making Cycle: 2025-03-12 21:36:42.409342 ===
2025-03-12 21:36:42,410 - market_maker - WARNING - Stablecoin depeg detected! Price: 1.147437, deviation: 14.74%
2025-03-12 21:36:42,410 - market_maker - WARNING - Circuit breaker triggered, cancelling all orders
2025-03-12 21:36:42,410 - market_maker - INFO - Cancelling all open orders for USDT/USD
2025-03-12 21:36:42,410 - market_maker - INFO - Cancelled 0 open orders
2025-03-12 21:36:43,412 - market_maker - INFO - === Paper Trading Cycle 5/100 ===
2025-03-12 21:36:43,413 - market_maker - INFO - === Market Making Cycle: 2025-03-12 21:36:43.413788 ===
2025-03-12 21:36:43,418 - market_maker - WARNING - Stablecoin depeg detected! Price: 1.147437, deviation: 14.74%
2025-03-12 21:36:43,418 - market_maker - WARNING - Circuit breaker triggered, cancelling all orders
2025-03-12 21:36:43,418 - market_maker - INFO - Cancelling all open orders for USDT/USD
2025-03-12 21:36:43,418 - market_maker - INFO - Cancelled 0 open orders
2025-03-12 21:36:44,424 - market_maker - INFO - === Paper Trading Cycle 6/100 ===
2025-03-12 21:36:44,425 - market_maker - INFO - === Market Making Cycle: 2025-03-12 21:36:44.425156 ===
2025-03-12 21:36:44,431 - market_maker - WARNING - Stablecoin depeg detected! Price: 1.147437, deviation: 14.74%
2025-03-12 21:36:44,432 - market_maker - WARNING - Circuit breaker triggered, cancelling all orders
2025-03-12 21:36:44,432 - market_maker - INFO - Cancelling all open orders for USDT/USD
2025-03-12 21:36:44,432 - market_maker - INFO - Cancelled 0 open orders
2025-03-12 21:36:45,437 - market_maker - INFO - === Paper Trading Cycle 7/100 ===
2025-03-12 21:36:45,438 - market_maker - INFO - === Market Making Cycle: 2025-03-12 21:36:45.438231 ===
2025-03-12 21:36:45,440 - market_maker - WARNING - Stablecoin depeg detected! Price: 1.147437, deviation: 14.74%
2025-03-12 21:36:45,440 - market_maker - WARNING - Circuit breaker triggered, cancelling all orders
2025-03-12 21:36:45,440 - market_maker - INFO - Cancelling all open orders for USDT/USD
2025-03-12 21:36:45,440 - market_maker - INFO - Cancelled 0 open orders
2025-03-12 21:36:46,441 - market_maker - INFO - === Paper Trading Cycle 8/100 ===
2025-03-12 21:36:46,443 - market_maker - INFO - === Market Making Cycle: 2025-03-12 21:36:46.442854 ===
2025-03-12 21:36:46,448 - market_maker - WARNING - Stablecoin depeg detected! Price: 1.147437, deviation: 14.74%
2025-03-12 21:36:46,448 - market_maker - WARNING - Circuit breaker triggered, cancelling all orders
2025-03-12 21:36:46,448 - market_maker - INFO - Cancelling all open orders for USDT/USD
2025-03-12 21:36:46,449 - market_maker - INFO - Cancelled 0 open orders
2025-03-12 21:36:47,454 - market_maker - INFO - === Paper Trading Cycle 9/100 ===
2025-03-12 21:36:47,454 - market_maker - INFO - === Market Making Cycle: 2025-03-12 21:36:47.454616 ===
2025-03-12 21:36:47,456 - market_maker - WARNING - Stablecoin depeg detected! Price: 1.147437, deviation: 14.74%
2025-03-12 21:36:47,456 - market_maker - WARNING - Circuit breaker triggered, cancelling all orders
2025-03-12 21:36:47,456 - market_maker - INFO - Cancelling all open orders for USDT/USD
2025-03-12 21:36:47,456 - market_maker - INFO - Cancelled 0 open orders
2025-03-12 21:36:48,457 - market_maker - INFO - === Paper Trading Cycle 10/100 ===
2025-03-12 21:36:48,458 - market_maker - INFO - === Market Making Cycle: 2025-03-12 21:36:48.458042 ===
2025-03-12 21:36:48,459 - market_maker - WARNING - Stablecoin depeg detected! Price: 1.147437, deviation: 14.74%
2025-03-12 21:36:48,460 - market_maker - WARNING - Circuit breaker triggered, cancelling all orders
2025-03-12 21:36:48,460 - market_maker - INFO - Cancelling all open orders for USDT/USD
2025-03-12 21:36:48,460 - market_maker - INFO - Cancelled 0 open orders
2025-03-12 21:36:49,462 - market_maker - INFO - === Paper Trading Cycle 11/100 ===
2025-03-12 21:36:49,462 - market_maker - INFO - === Market Making Cycle: 2025-03-12 21:36:49.462301 ===
2025-03-12 21:36:49,463 - market_maker - WARNING - Stablecoin depeg detected! Price: 1.147437, deviation: 14.74%
2025-03-12 21:36:49,463 - market_maker - WARNING - Circuit breaker triggered, cancelling all orders
2025-03-12 21:36:49,463 - market_maker - INFO - Cancelling all open orders for USDT/USD
2025-03-12 21:36:49,463 - market_maker - INFO - Cancelled 0 open orders
2025-03-12 21:36:50,469 - market_maker - INFO - === Paper Trading Cycle 12/100 ===
2025-03-12 21:36:50,474 - market_maker - INFO - === Market Making Cycle: 2025-03-12 21:36:50.474248 ===
2025-03-12 21:36:50,476 - market_maker - WARNING - Stablecoin depeg detected! Price: 1.147437, deviation: 14.74%
2025-03-12 21:36:50,476 - market_maker - WARNING - Circuit breaker triggered, cancelling all orders
2025-03-12 21:36:50,477 - market_maker - INFO - Cancelling all open orders for USDT/USD
2025-03-12 21:36:50,477 - market_maker - INFO - Cancelled 0 open orders
2025-03-12 21:36:51,479 - market_maker - INFO - === Paper Trading Cycle 13/100 ===
2025-03-12 21:36:51,479 - market_maker - INFO - === Market Making Cycle: 2025-03-12 21:36:51.479268 ===
2025-03-12 21:36:51,480 - market_maker - WARNING - Stablecoin depeg detected! Price: 1.147437, deviation: 14.74%
2025-03-12 21:36:51,480 - market_maker - WARNING - Circuit breaker triggered, cancelling all orders
2025-03-12 21:36:51,480 - market_maker - INFO - Cancelling all open orders for USDT/USD
2025-03-12 21:36:51,480 - market_maker - INFO - Cancelled 0 open orders
2025-03-12 21:36:52,485 - market_maker - INFO - === Paper Trading Cycle 14/100 ===
2025-03-12 21:36:52,486 - market_maker - INFO - === Market Making Cycle: 2025-03-12 21:36:52.486046 ===
2025-03-12 21:36:52,487 - market_maker - WARNING - Stablecoin depeg detected! Price: 1.147437, deviation: 14.74%
2025-03-12 21:36:52,487 - market_maker - WARNING - Circuit breaker triggered, cancelling all orders
2025-03-12 21:36:52,487 - market_maker - INFO - Cancelling all open orders for USDT/USD
2025-03-12 21:36:52,487 - market_maker - INFO - Cancelled 0 open orders
2025-03-12 21:36:53,493 - market_maker - INFO - === Paper Trading Cycle 15/100 ===
2025-03-12 21:36:53,493 - market_maker - INFO - === Market Making Cycle: 2025-03-12 21:36:53.493545 ===
2025-03-12 21:36:53,496 - market_maker - WARNING - Stablecoin depeg detected! Price: 1.147437, deviation: 14.74%
2025-03-12 21:36:53,496 - market_maker - WARNING - Circuit breaker triggered, cancelling all orders
2025-03-12 21:36:53,496 - market_maker - INFO - Cancelling all open orders for USDT/USD
2025-03-12 21:36:53,496 - market_maker - INFO - Cancelled 0 open orders
2025-03-12 21:36:54,503 - market_maker - INFO - === Paper Trading Cycle 16/100 ===
2025-03-12 21:36:54,505 - market_maker - INFO - === Market Making Cycle: 2025-03-12 21:36:54.505918 ===
2025-03-12 21:36:54,516 - market_maker - WARNING - Stablecoin depeg detected! Price: 1.147437, deviation: 14.74%
2025-03-12 21:36:54,516 - market_maker - WARNING - Circuit breaker triggered, cancelling all orders
2025-03-12 21:36:54,517 - market_maker - INFO - Cancelling all open orders for USDT/USD
2025-03-12 21:36:54,517 - market_maker - INFO - Cancelled 0 open orders
2025-03-12 21:36:55,518 - market_maker - INFO - === Paper Trading Cycle 17/100 ===
2025-03-12 21:36:55,518 - market_maker - INFO - === Market Making Cycle: 2025-03-12 21:36:55.518874 ===
2025-03-12 21:36:55,520 - market_maker - WARNING - Stablecoin depeg detected! Price: 1.147437, deviation: 14.74%
2025-03-12 21:36:55,520 - market_maker - WARNING - Circuit breaker triggered, cancelling all orders
2025-03-12 21:36:55,520 - market_maker - INFO - Cancelling all open orders for USDT/USD
2025-03-12 21:36:55,520 - market_maker - INFO - Cancelled 0 open orders
2025-03-12 21:36:56,526 - market_maker - INFO - === Paper Trading Cycle 18/100 ===
2025-03-12 21:36:56,527 - market_maker - INFO - === Market Making Cycle: 2025-03-12 21:36:56.527779 ===
2025-03-12 21:36:56,532 - market_maker - WARNING - Stablecoin depeg detected! Price: 1.147437, deviation: 14.74%
2025-03-12 21:36:56,533 - market_maker - WARNING - Circuit breaker triggered, cancelling all orders
2025-03-12 21:36:56,533 - market_maker - INFO - Cancelling all open orders for USDT/USD
2025-03-12 21:36:56,533 - market_maker - INFO - Cancelled 0 open orders
2025-03-12 21:36:57,538 - market_maker - INFO - === Paper Trading Cycle 19/100 ===
2025-03-12 21:36:57,539 - market_maker - INFO - === Market Making Cycle: 2025-03-12 21:36:57.539158 ===
2025-03-12 21:36:57,541 - market_maker - WARNING - Stablecoin depeg detected! Price: 1.147437, deviation: 14.74%
2025-03-12 21:36:57,541 - market_maker - WARNING - Circuit breaker triggered, cancelling all orders
2025-03-12 21:36:57,541 - market_maker - INFO - Cancelling all open orders for USDT/USD
2025-03-12 21:36:57,541 - market_maker - INFO - Cancelled 0 open orders
2025-03-12 21:36:58,546 - market_maker - INFO - === Paper Trading Cycle 20/100 ===
2025-03-12 21:36:58,546 - market_maker - INFO - === Market Making Cycle: 2025-03-12 21:36:58.546889 ===
2025-03-12 21:36:58,549 - market_maker - WARNING - Stablecoin depeg detected! Price: 1.147437, deviation: 14.74%
2025-03-12 21:36:58,549 - market_maker - WARNING - Circuit breaker triggered, cancelling all orders
2025-03-12 21:36:58,549 - market_maker - INFO - Cancelling all open orders for USDT/USD
2025-03-12 21:36:58,550 - market_maker - INFO - Cancelled 0 open orders
2025-03-12 21:36:59,555 - market_maker - INFO - === Paper Trading Cycle 21/100 ===
2025-03-12 21:36:59,556 - market_maker - INFO - === Market Making Cycle: 2025-03-12 21:36:59.556463 ===
2025-03-12 21:36:59,560 - market_maker - WARNING - Stablecoin depeg detected! Price: 1.147437, deviation: 14.74%
2025-03-12 21:36:59,560 - market_maker - WARNING - Circuit breaker triggered, cancelling all orders
2025-03-12 21:36:59,560 - market_maker - INFO - Cancelling all open orders for USDT/USD
2025-03-12 21:36:59,560 - market_maker - INFO - Cancelled 0 open orders
2025-03-12 21:37:00,568 - market_maker - INFO - === Paper Trading Cycle 22/100 ===
2025-03-12 21:37:00,569 - market_maker - INFO - === Market Making Cycle: 2025-03-12 21:37:00.568943 ===
2025-03-12 21:37:00,571 - market_maker - WARNING - Stablecoin depeg detected! Price: 1.147437, deviation: 14.74%
2025-03-12 21:37:00,571 - market_maker - WARNING - Circuit breaker triggered, cancelling all orders
2025-03-12 21:37:00,571 - market_maker - INFO - Cancelling all open orders for USDT/USD
2025-03-12 21:37:00,571 - market_maker - INFO - Cancelled 0 open orders
2025-03-12 21:37:01,574 - market_maker - INFO - === Paper Trading Cycle 23/100 ===
2025-03-12 21:37:01,580 - market_maker - INFO - === Market Making Cycle: 2025-03-12 21:37:01.580658 ===
2025-03-12 21:37:01,583 - market_maker - WARNING - Stablecoin depeg detected! Price: 1.147437, deviation: 14.74%
2025-03-12 21:37:01,588 - market_maker - WARNING - Circuit breaker triggered, cancelling all orders
2025-03-12 21:37:01,590 - market_maker - INFO - Cancelling all open orders for USDT/USD
2025-03-12 21:37:01,590 - market_maker - INFO - Cancelled 0 open orders
2025-03-12 21:37:02,593 - market_maker - INFO - === Paper Trading Cycle 24/100 ===
2025-03-12 21:37:02,594 - market_maker - INFO - === Market Making Cycle: 2025-03-12 21:37:02.594561 ===
2025-03-12 21:37:02,601 - market_maker - WARNING - Stablecoin depeg detected! Price: 1.147437, deviation: 14.74%
2025-03-12 21:37:02,602 - market_maker - WARNING - Circuit breaker triggered, cancelling all orders
2025-03-12 21:37:02,602 - market_maker - INFO - Cancelling all open orders for USDT/USD
2025-03-12 21:37:02,602 - market_maker - INFO - Cancelled 0 open orders
2025-03-12 21:37:03,609 - market_maker - INFO - === Paper Trading Cycle 25/100 ===
2025-03-12 21:37:03,610 - market_maker - INFO - === Market Making Cycle: 2025-03-12 21:37:03.610706 ===
2025-03-12 21:37:03,614 - market_maker - WARNING - Stablecoin depeg detected! Price: 1.147437, deviation: 14.74%
2025-03-12 21:37:03,614 - market_maker - WARNING - Circuit breaker triggered, cancelling all orders
2025-03-12 21:37:03,614 - market_maker - INFO - Cancelling all open orders for USDT/USD
2025-03-12 21:37:03,614 - market_maker - INFO - Cancelled 0 open orders
2025-03-12 21:37:04,621 - market_maker - INFO - === Paper Trading Cycle 26/100 ===
2025-03-12 21:37:04,622 - market_maker - INFO - === Market Making Cycle: 2025-03-12 21:37:04.622060 ===
2025-03-12 21:37:04,626 - market_maker - WARNING - Stablecoin depeg detected! Price: 1.147437, deviation: 14.74%
2025-03-12 21:37:04,626 - market_maker - WARNING - Circuit breaker triggered, cancelling all orders
2025-03-12 21:37:04,626 - market_maker - INFO - Cancelling all open orders for USDT/USD
2025-03-12 21:37:04,627 - market_maker - INFO - Cancelled 0 open orders
2025-03-12 21:37:05,632 - market_maker - INFO - === Paper Trading Cycle 27/100 ===
2025-03-12 21:37:05,632 - market_maker - INFO - === Market Making Cycle: 2025-03-12 21:37:05.632517 ===
2025-03-12 21:37:05,634 - market_maker - WARNING - Stablecoin depeg detected! Price: 1.147437, deviation: 14.74%
2025-03-12 21:37:05,634 - market_maker - WARNING - Circuit breaker triggered, cancelling all orders
2025-03-12 21:37:05,634 - market_maker - INFO - Cancelling all open orders for USDT/USD
2025-03-12 21:37:05,634 - market_maker - INFO - Cancelled 0 open orders
2025-03-12 21:37:06,640 - market_maker - INFO - === Paper Trading Cycle 28/100 ===
2025-03-12 21:37:06,641 - market_maker - INFO - === Market Making Cycle: 2025-03-12 21:37:06.641114 ===
2025-03-12 21:37:06,649 - market_maker - WARNING - Stablecoin depeg detected! Price: 1.147437, deviation: 14.74%
2025-03-12 21:37:06,650 - market_maker - WARNING - Circuit breaker triggered, cancelling all orders
2025-03-12 21:37:06,650 - market_maker - INFO - Cancelling all open orders for USDT/USD
2025-03-12 21:37:06,650 - market_maker - INFO - Cancelled 0 open orders
2025-03-12 21:37:07,656 - market_maker - INFO - === Paper Trading Cycle 29/100 ===
2025-03-12 21:37:07,656 - market_maker - INFO - === Market Making Cycle: 2025-03-12 21:37:07.656634 ===
2025-03-12 21:37:07,662 - market_maker - WARNING - Stablecoin depeg detected! Price: 1.147437, deviation: 14.74%
2025-03-12 21:37:07,662 - market_maker - WARNING - Circuit breaker triggered, cancelling all orders
2025-03-12 21:37:07,663 - market_maker - INFO - Cancelling all open orders for USDT/USD
2025-03-12 21:37:07,663 - market_maker - INFO - Cancelled 0 open orders
2025-03-12 21:37:08,668 - market_maker - INFO - === Paper Trading Cycle 30/100 ===
2025-03-12 21:37:08,669 - market_maker - INFO - === Market Making Cycle: 2025-03-12 21:37:08.669253 ===
2025-03-12 21:37:08,675 - market_maker - WARNING - Stablecoin depeg detected! Price: 1.147437, deviation: 14.74%
2025-03-12 21:37:08,675 - market_maker - WARNING - Circuit breaker triggered, cancelling all orders
2025-03-12 21:37:08,675 - market_maker - INFO - Cancelling all open orders for USDT/USD
2025-03-12 21:37:08,675 - market_maker - INFO - Cancelled 0 open orders
2025-03-12 21:37:09,679 - market_maker - INFO - === Paper Trading Cycle 31/100 ===
2025-03-12 21:37:09,681 - market_maker - INFO - === Market Making Cycle: 2025-03-12 21:37:09.680876 ===
2025-03-12 21:37:09,684 - market_maker - WARNING - Stablecoin depeg detected! Price: 1.147437, deviation: 14.74%
2025-03-12 21:37:09,684 - market_maker - WARNING - Circuit breaker triggered, cancelling all orders
2025-03-12 21:37:09,684 - market_maker - INFO - Cancelling all open orders for USDT/USD
2025-03-12 21:37:09,685 - market_maker - INFO - Cancelled 0 open orders
2025-03-12 21:37:10,691 - market_maker - INFO - === Paper Trading Cycle 32/100 ===
2025-03-12 21:37:10,692 - market_maker - INFO - === Market Making Cycle: 2025-03-12 21:37:10.692080 ===
2025-03-12 21:37:10,696 - market_maker - WARNING - Stablecoin depeg detected! Price: 1.147437, deviation: 14.74%
2025-03-12 21:37:10,696 - market_maker - WARNING - Circuit breaker triggered, cancelling all orders
2025-03-12 21:37:10,696 - market_maker - INFO - Cancelling all open orders for USDT/USD
2025-03-12 21:37:10,697 - market_maker - INFO - Cancelled 0 open orders
2025-03-12 21:37:11,702 - market_maker - INFO - === Paper Trading Cycle 33/100 ===
2025-03-12 21:37:11,703 - market_maker - INFO - === Market Making Cycle: 2025-03-12 21:37:11.703123 ===
2025-03-12 21:37:11,706 - market_maker - WARNING - Stablecoin depeg detected! Price: 1.147437, deviation: 14.74%
2025-03-12 21:37:11,707 - market_maker - WARNING - Circuit breaker triggered, cancelling all orders
2025-03-12 21:37:11,707 - market_maker - INFO - Cancelling all open orders for USDT/USD
2025-03-12 21:37:11,707 - market_maker - INFO - Cancelled 0 open orders
2025-03-12 21:37:12,709 - market_maker - INFO - === Paper Trading Cycle 34/100 ===
2025-03-12 21:37:12,710 - market_maker - INFO - === Market Making Cycle: 2025-03-12 21:37:12.710157 ===
2025-03-12 21:37:12,712 - market_maker - WARNING - Stablecoin depeg detected! Price: 1.147437, deviation: 14.74%
2025-03-12 21:37:12,712 - market_maker - WARNING - Circuit breaker triggered, cancelling all orders
2025-03-12 21:37:12,712 - market_maker - INFO - Cancelling all open orders for USDT/USD
2025-03-12 21:37:12,712 - market_maker - INFO - Cancelled 0 open orders
2025-03-12 21:37:13,720 - market_maker - INFO - === Paper Trading Cycle 35/100 ===
2025-03-12 21:37:13,720 - market_maker - INFO - === Market Making Cycle: 2025-03-12 21:37:13.720966 ===
2025-03-12 21:37:13,722 - market_maker - WARNING - Stablecoin depeg detected! Price: 1.147437, deviation: 14.74%
2025-03-12 21:37:13,723 - market_maker - WARNING - Circuit breaker triggered, cancelling all orders
2025-03-12 21:37:13,723 - market_maker - INFO - Cancelling all open orders for USDT/USD
2025-03-12 21:37:13,723 - market_maker - INFO - Cancelled 0 open orders
2025-03-12 21:37:14,728 - market_maker - INFO - === Paper Trading Cycle 36/100 ===
2025-03-12 21:37:14,730 - market_maker - INFO - === Market Making Cycle: 2025-03-12 21:37:14.729664 ===
2025-03-12 21:37:14,733 - market_maker - WARNING - Stablecoin depeg detected! Price: 1.147437, deviation: 14.74%
2025-03-12 21:37:14,733 - market_maker - WARNING - Circuit breaker triggered, cancelling all orders
2025-03-12 21:37:14,733 - market_maker - INFO - Cancelling all open orders for USDT/USD
2025-03-12 21:37:14,733 - market_maker - INFO - Cancelled 0 open orders
2025-03-12 21:37:15,738 - market_maker - INFO - === Paper Trading Cycle 37/100 ===
2025-03-12 21:37:15,742 - market_maker - INFO - === Market Making Cycle: 2025-03-12 21:37:15.742020 ===
2025-03-12 21:37:15,745 - market_maker - WARNING - Stablecoin depeg detected! Price: 1.147437, deviation: 14.74%
2025-03-12 21:37:15,746 - market_maker - WARNING - Circuit breaker triggered, cancelling all orders
2025-03-12 21:37:15,746 - market_maker - INFO - Cancelling all open orders for USDT/USD
2025-03-12 21:37:15,746 - market_maker - INFO - Cancelled 0 open orders
2025-03-12 21:37:16,751 - market_maker - INFO - === Paper Trading Cycle 38/100 ===
2025-03-12 21:37:16,754 - market_maker - INFO - === Market Making Cycle: 2025-03-12 21:37:16.752886 ===
2025-03-12 21:37:16,757 - market_maker - WARNING - Stablecoin depeg detected! Price: 1.147437, deviation: 14.74%
2025-03-12 21:37:16,757 - market_maker - WARNING - Circuit breaker triggered, cancelling all orders
2025-03-12 21:37:16,758 - market_maker - INFO - Cancelling all open orders for USDT/USD
2025-03-12 21:37:16,758 - market_maker - INFO - Cancelled 0 open orders
2025-03-12 21:37:17,763 - market_maker - INFO - === Paper Trading Cycle 39/100 ===
2025-03-12 21:37:17,763 - market_maker - INFO - === Market Making Cycle: 2025-03-12 21:37:17.763626 ===
2025-03-12 21:37:17,764 - market_maker - WARNING - Stablecoin depeg detected! Price: 1.147437, deviation: 14.74%
2025-03-12 21:37:17,764 - market_maker - WARNING - Circuit breaker triggered, cancelling all orders
2025-03-12 21:37:17,764 - market_maker - INFO - Cancelling all open orders for USDT/USD
2025-03-12 21:37:17,764 - market_maker - INFO - Cancelled 0 open orders
2025-03-12 21:37:18,768 - market_maker - INFO - === Paper Trading Cycle 40/100 ===
2025-03-12 21:37:18,769 - market_maker - INFO - === Market Making Cycle: 2025-03-12 21:37:18.769306 ===
2025-03-12 21:37:18,771 - market_maker - WARNING - Stablecoin depeg detected! Price: 1.147437, deviation: 14.74%
2025-03-12 21:37:18,771 - market_maker - WARNING - Circuit breaker triggered, cancelling all orders
2025-03-12 21:37:18,771 - market_maker - INFO - Cancelling all open orders for USDT/USD
2025-03-12 21:37:18,771 - market_maker - INFO - Cancelled 0 open orders
2025-03-12 21:37:19,776 - market_maker - INFO - === Paper Trading Cycle 41/100 ===
2025-03-12 21:37:19,776 - market_maker - INFO - === Market Making Cycle: 2025-03-12 21:37:19.776604 ===
2025-03-12 21:37:19,778 - market_maker - WARNING - Stablecoin depeg detected! Price: 1.147437, deviation: 14.74%
2025-03-12 21:37:19,779 - market_maker - WARNING - Circuit breaker triggered, cancelling all orders
2025-03-12 21:37:19,779 - market_maker - INFO - Cancelling all open orders for USDT/USD
2025-03-12 21:37:19,779 - market_maker - INFO - Cancelled 0 open orders
2025-03-12 21:37:20,785 - market_maker - INFO - === Paper Trading Cycle 42/100 ===
2025-03-12 21:37:20,786 - market_maker - INFO - === Market Making Cycle: 2025-03-12 21:37:20.786156 ===
2025-03-12 21:37:20,789 - market_maker - WARNING - Stablecoin depeg detected! Price: 1.147437, deviation: 14.74%
2025-03-12 21:37:20,789 - market_maker - WARNING - Circuit breaker triggered, cancelling all orders
2025-03-12 21:37:20,789 - market_maker - INFO - Cancelling all open orders for USDT/USD
2025-03-12 21:37:20,790 - market_maker - INFO - Cancelled 0 open orders
2025-03-12 21:37:21,796 - market_maker - INFO - === Paper Trading Cycle 43/100 ===
2025-03-12 21:37:21,796 - market_maker - INFO - === Market Making Cycle: 2025-03-12 21:37:21.796940 ===
2025-03-12 21:37:21,804 - market_maker - WARNING - Stablecoin depeg detected! Price: 1.147437, deviation: 14.74%
2025-03-12 21:37:21,804 - market_maker - WARNING - Circuit breaker triggered, cancelling all orders
2025-03-12 21:37:21,804 - market_maker - INFO - Cancelling all open orders for USDT/USD
2025-03-12 21:37:21,804 - market_maker - INFO - Cancelled 0 open orders
2025-03-12 21:37:22,809 - market_maker - INFO - === Paper Trading Cycle 44/100 ===
2025-03-12 21:37:22,809 - market_maker - INFO - === Market Making Cycle: 2025-03-12 21:37:22.809586 ===
2025-03-12 21:37:22,811 - market_maker - WARNING - Stablecoin depeg detected! Price: 1.147437, deviation: 14.74%
2025-03-12 21:37:22,812 - market_maker - WARNING - Circuit breaker triggered, cancelling all orders
2025-03-12 21:37:22,812 - market_maker - INFO - Cancelling all open orders for USDT/USD
2025-03-12 21:37:22,812 - market_maker - INFO - Cancelled 0 open orders
2025-03-12 21:37:23,819 - market_maker - INFO - === Paper Trading Cycle 45/100 ===
2025-03-12 21:37:23,822 - market_maker - INFO - === Market Making Cycle: 2025-03-12 21:37:23.822076 ===
2025-03-12 21:37:23,824 - market_maker - WARNING - Stablecoin depeg detected! Price: 1.147437, deviation: 14.74%
2025-03-12 21:37:23,825 - market_maker - WARNING - Circuit breaker triggered, cancelling all orders
2025-03-12 21:37:23,825 - market_maker - INFO - Cancelling all open orders for USDT/USD
2025-03-12 21:37:23,825 - market_maker - INFO - Cancelled 0 open orders
2025-03-12 21:37:24,830 - market_maker - INFO - === Paper Trading Cycle 46/100 ===
2025-03-12 21:37:24,832 - market_maker - INFO - === Market Making Cycle: 2025-03-12 21:37:24.832283 ===
2025-03-12 21:37:24,836 - market_maker - WARNING - Stablecoin depeg detected! Price: 1.147437, deviation: 14.74%
2025-03-12 21:37:24,836 - market_maker - WARNING - Circuit breaker triggered, cancelling all orders
2025-03-12 21:37:24,836 - market_maker - INFO - Cancelling all open orders for USDT/USD
2025-03-12 21:37:24,836 - market_maker - INFO - Cancelled 0 open orders
2025-03-12 21:37:25,841 - market_maker - INFO - === Paper Trading Cycle 47/100 ===
2025-03-12 21:37:25,842 - market_maker - INFO - === Market Making Cycle: 2025-03-12 21:37:25.842098 ===
2025-03-12 21:37:25,843 - market_maker - WARNING - Stablecoin depeg detected! Price: 1.147437, deviation: 14.74%
2025-03-12 21:37:25,844 - market_maker - WARNING - Circuit breaker triggered, cancelling all orders
2025-03-12 21:37:25,844 - market_maker - INFO - Cancelling all open orders for USDT/USD
2025-03-12 21:37:25,844 - market_maker - INFO - Cancelled 0 open orders
2025-03-12 21:37:26,849 - market_maker - INFO - === Paper Trading Cycle 48/100 ===
2025-03-12 21:37:26,851 - market_maker - INFO - === Market Making Cycle: 2025-03-12 21:37:26.851493 ===
2025-03-12 21:37:26,855 - market_maker - WARNING - Stablecoin depeg detected! Price: 1.147437, deviation: 14.74%
2025-03-12 21:37:26,855 - market_maker - WARNING - Circuit breaker triggered, cancelling all orders
2025-03-12 21:37:26,855 - market_maker - INFO - Cancelling all open orders for USDT/USD
2025-03-12 21:37:26,856 - market_maker - INFO - Cancelled 0 open orders
2025-03-12 21:37:27,858 - market_maker - INFO - === Paper Trading Cycle 49/100 ===
2025-03-12 21:37:27,859 - market_maker - INFO - === Market Making Cycle: 2025-03-12 21:37:27.859389 ===
2025-03-12 21:37:27,861 - market_maker - WARNING - Stablecoin depeg detected! Price: 1.147437, deviation: 14.74%
2025-03-12 21:37:27,862 - market_maker - WARNING - Circuit breaker triggered, cancelling all orders
2025-03-12 21:37:27,862 - market_maker - INFO - Cancelling all open orders for USDT/USD
2025-03-12 21:37:27,862 - market_maker - INFO - Cancelled 0 open orders
2025-03-12 21:37:28,867 - market_maker - INFO - === Paper Trading Cycle 50/100 ===
2025-03-12 21:37:28,867 - market_maker - INFO - === Market Making Cycle: 2025-03-12 21:37:28.867846 ===
2025-03-12 21:37:28,869 - market_maker - WARNING - Stablecoin depeg detected! Price: 1.147437, deviation: 14.74%
2025-03-12 21:37:28,869 - market_maker - WARNING - Circuit breaker triggered, cancelling all orders
2025-03-12 21:37:28,869 - market_maker - INFO - Cancelling all open orders for USDT/USD
2025-03-12 21:37:28,869 - market_maker - INFO - Cancelled 0 open orders
2025-03-12 21:37:29,872 - market_maker - INFO - === Paper Trading Cycle 51/100 ===
2025-03-12 21:37:29,875 - market_maker - INFO - === Market Making Cycle: 2025-03-12 21:37:29.875097 ===
2025-03-12 21:37:29,877 - market_maker - WARNING - Stablecoin depeg detected! Price: 1.147437, deviation: 14.74%
2025-03-12 21:37:29,878 - market_maker - WARNING - Circuit breaker triggered, cancelling all orders
2025-03-12 21:37:29,878 - market_maker - INFO - Cancelling all open orders for USDT/USD
2025-03-12 21:37:29,878 - market_maker - INFO - Cancelled 0 open orders
2025-03-12 21:37:30,883 - market_maker - INFO - === Paper Trading Cycle 52/100 ===
2025-03-12 21:37:30,886 - market_maker - INFO - === Market Making Cycle: 2025-03-12 21:37:30.886073 ===
2025-03-12 21:37:30,890 - market_maker - WARNING - Stablecoin depeg detected! Price: 1.147437, deviation: 14.74%
2025-03-12 21:37:30,890 - market_maker - WARNING - Circuit breaker triggered, cancelling all orders
2025-03-12 21:37:30,890 - market_maker - INFO - Cancelling all open orders for USDT/USD
2025-03-12 21:37:30,890 - market_maker - INFO - Cancelled 0 open orders
2025-03-12 21:37:31,896 - market_maker - INFO - === Paper Trading Cycle 53/100 ===
2025-03-12 21:37:31,896 - market_maker - INFO - === Market Making Cycle: 2025-03-12 21:37:31.896841 ===
2025-03-12 21:37:31,903 - market_maker - WARNING - Stablecoin depeg detected! Price: 1.147437, deviation: 14.74%
2025-03-12 21:37:31,903 - market_maker - WARNING - Circuit breaker triggered, cancelling all orders
2025-03-12 21:37:31,903 - market_maker - INFO - Cancelling all open orders for USDT/USD
2025-03-12 21:37:31,904 - market_maker - INFO - Cancelled 0 open orders
2025-03-12 21:37:32,909 - market_maker - INFO - === Paper Trading Cycle 54/100 ===
2025-03-12 21:37:32,910 - market_maker - INFO - === Market Making Cycle: 2025-03-12 21:37:32.909985 ===
2025-03-12 21:37:32,913 - market_maker - WARNING - Stablecoin depeg detected! Price: 1.147437, deviation: 14.74%
2025-03-12 21:37:32,914 - market_maker - WARNING - Circuit breaker triggered, cancelling all orders
2025-03-12 21:37:32,914 - market_maker - INFO - Cancelling all open orders for USDT/USD
2025-03-12 21:37:32,914 - market_maker - INFO - Cancelled 0 open orders
2025-03-12 21:37:33,919 - market_maker - INFO - === Paper Trading Cycle 55/100 ===
2025-03-12 21:37:33,922 - market_maker - INFO - === Market Making Cycle: 2025-03-12 21:37:33.922327 ===
2025-03-12 21:37:33,925 - market_maker - WARNING - Stablecoin depeg detected! Price: 1.147437, deviation: 14.74%
2025-03-12 21:37:33,926 - market_maker - WARNING - Circuit breaker triggered, cancelling all orders
2025-03-12 21:37:33,926 - market_maker - INFO - Cancelling all open orders for USDT/USD
2025-03-12 21:37:33,926 - market_maker - INFO - Cancelled 0 open orders
2025-03-12 21:37:34,931 - market_maker - INFO - === Paper Trading Cycle 56/100 ===
2025-03-12 21:37:34,931 - market_maker - INFO - === Market Making Cycle: 2025-03-12 21:37:34.931712 ===
2025-03-12 21:37:34,933 - market_maker - WARNING - Stablecoin depeg detected! Price: 1.147437, deviation: 14.74%
2025-03-12 21:37:34,933 - market_maker - WARNING - Circuit breaker triggered, cancelling all orders
2025-03-12 21:37:34,933 - market_maker - INFO - Cancelling all open orders for USDT/USD
2025-03-12 21:37:34,934 - market_maker - INFO - Cancelled 0 open orders
2025-03-12 21:37:35,938 - market_maker - INFO - === Paper Trading Cycle 57/100 ===
2025-03-12 21:37:35,938 - market_maker - INFO - === Market Making Cycle: 2025-03-12 21:37:35.938779 ===
2025-03-12 21:37:35,941 - market_maker - WARNING - Stablecoin depeg detected! Price: 1.147437, deviation: 14.74%
2025-03-12 21:37:35,941 - market_maker - WARNING - Circuit breaker triggered, cancelling all orders
2025-03-12 21:37:35,941 - market_maker - INFO - Cancelling all open orders for USDT/USD
2025-03-12 21:37:35,941 - market_maker - INFO - Cancelled 0 open orders
2025-03-12 21:37:36,945 - market_maker - INFO - === Paper Trading Cycle 58/100 ===
2025-03-12 21:37:36,946 - market_maker - INFO - === Market Making Cycle: 2025-03-12 21:37:36.946211 ===
2025-03-12 21:37:36,947 - market_maker - WARNING - Stablecoin depeg detected! Price: 1.147437, deviation: 14.74%
2025-03-12 21:37:36,947 - market_maker - WARNING - Circuit breaker triggered, cancelling all orders
2025-03-12 21:37:36,947 - market_maker - INFO - Cancelling all open orders for USDT/USD
2025-03-12 21:37:36,947 - market_maker - INFO - Cancelled 0 open orders
2025-03-12 21:37:37,952 - market_maker - INFO - === Paper Trading Cycle 59/100 ===
2025-03-12 21:37:37,953 - market_maker - INFO - === Market Making Cycle: 2025-03-12 21:37:37.953088 ===
2025-03-12 21:37:37,953 - market_maker - WARNING - Stablecoin depeg detected! Price: 1.147437, deviation: 14.74%
2025-03-12 21:37:37,953 - market_maker - WARNING - Circuit breaker triggered, cancelling all orders
2025-03-12 21:37:37,953 - market_maker - INFO - Cancelling all open orders for USDT/USD
2025-03-12 21:37:37,953 - market_maker - INFO - Cancelled 0 open orders
2025-03-12 21:37:38,954 - market_maker - INFO - === Paper Trading Cycle 60/100 ===
2025-03-12 21:37:38,954 - market_maker - INFO - === Market Making Cycle: 2025-03-12 21:37:38.954749 ===
2025-03-12 21:37:38,956 - market_maker - WARNING - Stablecoin depeg detected! Price: 1.147437, deviation: 14.74%
2025-03-12 21:37:38,957 - market_maker - WARNING - Circuit breaker triggered, cancelling all orders
2025-03-12 21:37:38,957 - market_maker - INFO - Cancelling all open orders for USDT/USD
2025-03-12 21:37:38,957 - market_maker - INFO - Cancelled 0 open orders
2025-03-12 21:37:39,962 - market_maker - INFO - === Paper Trading Cycle 61/100 ===
2025-03-12 21:37:39,962 - market_maker - INFO - === Market Making Cycle: 2025-03-12 21:37:39.962767 ===
2025-03-12 21:37:39,965 - market_maker - WARNING - Stablecoin depeg detected! Price: 1.147437, deviation: 14.74%
2025-03-12 21:37:39,965 - market_maker - WARNING - Circuit breaker triggered, cancelling all orders
2025-03-12 21:37:39,965 - market_maker - INFO - Cancelling all open orders for USDT/USD
2025-03-12 21:37:39,965 - market_maker - INFO - Cancelled 0 open orders
2025-03-12 21:37:40,970 - market_maker - INFO - === Paper Trading Cycle 62/100 ===
2025-03-12 21:37:40,970 - market_maker - INFO - === Market Making Cycle: 2025-03-12 21:37:40.970690 ===
2025-03-12 21:37:40,972 - market_maker - WARNING - Stablecoin depeg detected! Price: 1.147437, deviation: 14.74%
2025-03-12 21:37:40,973 - market_maker - WARNING - Circuit breaker triggered, cancelling all orders
2025-03-12 21:37:40,973 - market_maker - INFO - Cancelling all open orders for USDT/USD
2025-03-12 21:37:40,973 - market_maker - INFO - Cancelled 0 open orders
2025-03-12 21:37:41,976 - market_maker - INFO - === Paper Trading Cycle 63/100 ===
2025-03-12 21:37:41,976 - market_maker - INFO - === Market Making Cycle: 2025-03-12 21:37:41.976404 ===
2025-03-12 21:37:41,977 - market_maker - WARNING - Stablecoin depeg detected! Price: 1.147437, deviation: 14.74%
2025-03-12 21:37:41,977 - market_maker - WARNING - Circuit breaker triggered, cancelling all orders
2025-03-12 21:37:41,977 - market_maker - INFO - Cancelling all open orders for USDT/USD
2025-03-12 21:37:41,977 - market_maker - INFO - Cancelled 0 open orders
2025-03-12 21:37:42,982 - market_maker - INFO - === Paper Trading Cycle 64/100 ===
2025-03-12 21:37:42,983 - market_maker - INFO - === Market Making Cycle: 2025-03-12 21:37:42.983001 ===
2025-03-12 21:37:42,985 - market_maker - WARNING - Stablecoin depeg detected! Price: 1.147437, deviation: 14.74%
2025-03-12 21:37:42,985 - market_maker - WARNING - Circuit breaker triggered, cancelling all orders
2025-03-12 21:37:42,985 - market_maker - INFO - Cancelling all open orders for USDT/USD
2025-03-12 21:37:42,985 - market_maker - INFO - Cancelled 0 open orders
2025-03-12 21:37:43,991 - market_maker - INFO - === Paper Trading Cycle 65/100 ===
2025-03-12 21:37:43,996 - market_maker - INFO - === Market Making Cycle: 2025-03-12 21:37:43.995998 ===
2025-03-12 21:37:43,998 - market_maker - WARNING - Stablecoin depeg detected! Price: 1.147437, deviation: 14.74%
2025-03-12 21:37:43,998 - market_maker - WARNING - Circuit breaker triggered, cancelling all orders
2025-03-12 21:37:43,998 - market_maker - INFO - Cancelling all open orders for USDT/USD
2025-03-12 21:37:43,998 - market_maker - INFO - Cancelled 0 open orders
2025-03-12 21:37:45,000 - market_maker - INFO - === Paper Trading Cycle 66/100 ===
2025-03-12 21:37:45,000 - market_maker - INFO - === Market Making Cycle: 2025-03-12 21:37:45.000389 ===
2025-03-12 21:37:45,002 - market_maker - WARNING - Stablecoin depeg detected! Price: 1.147437, deviation: 14.74%
2025-03-12 21:37:45,002 - market_maker - WARNING - Circuit breaker triggered, cancelling all orders
2025-03-12 21:37:45,002 - market_maker - INFO - Cancelling all open orders for USDT/USD
2025-03-12 21:37:45,002 - market_maker - INFO - Cancelled 0 open orders
2025-03-12 21:37:46,010 - market_maker - INFO - === Paper Trading Cycle 67/100 ===
2025-03-12 21:37:46,010 - market_maker - INFO - === Market Making Cycle: 2025-03-12 21:37:46.010628 ===
2025-03-12 21:37:46,013 - market_maker - WARNING - Stablecoin depeg detected! Price: 1.147437, deviation: 14.74%
2025-03-12 21:37:46,013 - market_maker - WARNING - Circuit breaker triggered, cancelling all orders
2025-03-12 21:37:46,013 - market_maker - INFO - Cancelling all open orders for USDT/USD
2025-03-12 21:37:46,013 - market_maker - INFO - Cancelled 0 open orders
2025-03-12 21:37:47,019 - market_maker - INFO - === Paper Trading Cycle 68/100 ===
2025-03-12 21:37:47,019 - market_maker - INFO - === Market Making Cycle: 2025-03-12 21:37:47.019443 ===
2025-03-12 21:37:47,021 - market_maker - WARNING - Stablecoin depeg detected! Price: 1.147437, deviation: 14.74%
2025-03-12 21:37:47,023 - market_maker - WARNING - Circuit breaker triggered, cancelling all orders
2025-03-12 21:37:47,024 - market_maker - INFO - Cancelling all open orders for USDT/USD
2025-03-12 21:37:47,024 - market_maker - INFO - Cancelled 0 open orders
2025-03-12 21:37:48,029 - market_maker - INFO - === Paper Trading Cycle 69/100 ===
2025-03-12 21:37:48,029 - market_maker - INFO - === Market Making Cycle: 2025-03-12 21:37:48.029741 ===
2025-03-12 21:37:48,030 - market_maker - WARNING - Stablecoin depeg detected! Price: 1.147437, deviation: 14.74%
2025-03-12 21:37:48,030 - market_maker - WARNING - Circuit breaker triggered, cancelling all orders
2025-03-12 21:37:48,030 - market_maker - INFO - Cancelling all open orders for USDT/USD
2025-03-12 21:37:48,031 - market_maker - INFO - Cancelled 0 open orders
2025-03-12 21:37:49,037 - market_maker - INFO - === Paper Trading Cycle 70/100 ===
2025-03-12 21:37:49,039 - market_maker - INFO - === Market Making Cycle: 2025-03-12 21:37:49.039683 ===
2025-03-12 21:37:49,043 - market_maker - WARNING - Stablecoin depeg detected! Price: 1.147437, deviation: 14.74%
2025-03-12 21:37:49,043 - market_maker - WARNING - Circuit breaker triggered, cancelling all orders
2025-03-12 21:37:49,043 - market_maker - INFO - Cancelling all open orders for USDT/USD
2025-03-12 21:37:49,043 - market_maker - INFO - Cancelled 0 open orders
2025-03-12 21:37:50,054 - market_maker - INFO - === Paper Trading Cycle 71/100 ===
2025-03-12 21:37:50,054 - market_maker - INFO - === Market Making Cycle: 2025-03-12 21:37:50.054549 ===
2025-03-12 21:37:50,056 - market_maker - WARNING - Stablecoin depeg detected! Price: 1.147437, deviation: 14.74%
2025-03-12 21:37:50,056 - market_maker - WARNING - Circuit breaker triggered, cancelling all orders
2025-03-12 21:37:50,056 - market_maker - INFO - Cancelling all open orders for USDT/USD
2025-03-12 21:37:50,056 - market_maker - INFO - Cancelled 0 open orders
2025-03-12 21:37:51,062 - market_maker - INFO - === Paper Trading Cycle 72/100 ===
2025-03-12 21:37:51,062 - market_maker - INFO - === Market Making Cycle: 2025-03-12 21:37:51.062443 ===
2025-03-12 21:37:51,064 - market_maker - WARNING - Stablecoin depeg detected! Price: 1.147437, deviation: 14.74%
2025-03-12 21:37:51,064 - market_maker - WARNING - Circuit breaker triggered, cancelling all orders
2025-03-12 21:37:51,064 - market_maker - INFO - Cancelling all open orders for USDT/USD
2025-03-12 21:37:51,064 - market_maker - INFO - Cancelled 0 open orders
2025-03-12 21:37:52,068 - market_maker - INFO - === Paper Trading Cycle 73/100 ===
2025-03-12 21:37:52,068 - market_maker - INFO - === Market Making Cycle: 2025-03-12 21:37:52.068860 ===
2025-03-12 21:37:52,071 - market_maker - WARNING - Stablecoin depeg detected! Price: 1.147437, deviation: 14.74%
2025-03-12 21:37:52,071 - market_maker - WARNING - Circuit breaker triggered, cancelling all orders
2025-03-12 21:37:52,071 - market_maker - INFO - Cancelling all open orders for USDT/USD
2025-03-12 21:37:52,072 - market_maker - INFO - Cancelled 0 open orders
2025-03-12 21:37:53,078 - market_maker - INFO - === Paper Trading Cycle 74/100 ===
2025-03-12 21:37:53,081 - market_maker - INFO - === Market Making Cycle: 2025-03-12 21:37:53.081713 ===
2025-03-12 21:37:53,084 - market_maker - WARNING - Stablecoin depeg detected! Price: 1.147437, deviation: 14.74%
2025-03-12 21:37:53,085 - market_maker - WARNING - Circuit breaker triggered, cancelling all orders
2025-03-12 21:37:53,085 - market_maker - INFO - Cancelling all open orders for USDT/USD
2025-03-12 21:37:53,085 - market_maker - INFO - Cancelled 0 open orders
2025-03-12 21:37:54,090 - market_maker - INFO - === Paper Trading Cycle 75/100 ===
2025-03-12 21:37:54,090 - market_maker - INFO - === Market Making Cycle: 2025-03-12 21:37:54.090826 ===
2025-03-12 21:37:54,091 - market_maker - WARNING - Stablecoin depeg detected! Price: 1.147437, deviation: 14.74%
2025-03-12 21:37:54,092 - market_maker - WARNING - Circuit breaker triggered, cancelling all orders
2025-03-12 21:37:54,092 - market_maker - INFO - Cancelling all open orders for USDT/USD
2025-03-12 21:37:54,092 - market_maker - INFO - Cancelled 0 open orders
2025-03-12 21:37:55,097 - market_maker - INFO - === Paper Trading Cycle 76/100 ===
2025-03-12 21:37:55,098 - market_maker - INFO - === Market Making Cycle: 2025-03-12 21:37:55.098603 ===
2025-03-12 21:37:55,104 - market_maker - WARNING - Stablecoin depeg detected! Price: 1.147437, deviation: 14.74%
2025-03-12 21:37:55,104 - market_maker - WARNING - Circuit breaker triggered, cancelling all orders
2025-03-12 21:37:55,105 - market_maker - INFO - Cancelling all open orders for USDT/USD
2025-03-12 21:37:55,105 - market_maker - INFO - Cancelled 0 open orders
2025-03-12 21:37:56,110 - market_maker - INFO - === Paper Trading Cycle 77/100 ===
2025-03-12 21:37:56,110 - market_maker - INFO - === Market Making Cycle: 2025-03-12 21:37:56.110809 ===
2025-03-12 21:37:56,112 - market_maker - WARNING - Stablecoin depeg detected! Price: 1.147437, deviation: 14.74%
2025-03-12 21:37:56,113 - market_maker - WARNING - Circuit breaker triggered, cancelling all orders
2025-03-12 21:37:56,113 - market_maker - INFO - Cancelling all open orders for USDT/USD
2025-03-12 21:37:56,113 - market_maker - INFO - Cancelled 0 open orders
2025-03-12 21:37:57,119 - market_maker - INFO - === Paper Trading Cycle 78/100 ===
2025-03-12 21:37:57,120 - market_maker - INFO - === Market Making Cycle: 2025-03-12 21:37:57.120068 ===
2025-03-12 21:37:57,123 - market_maker - WARNING - Stablecoin depeg detected! Price: 1.147437, deviation: 14.74%
2025-03-12 21:37:57,123 - market_maker - WARNING - Circuit breaker triggered, cancelling all orders
2025-03-12 21:37:57,123 - market_maker - INFO - Cancelling all open orders for USDT/USD
2025-03-12 21:37:57,123 - market_maker - INFO - Cancelled 0 open orders
2025-03-12 21:37:58,129 - market_maker - INFO - === Paper Trading Cycle 79/100 ===
2025-03-12 21:37:58,130 - market_maker - INFO - === Market Making Cycle: 2025-03-12 21:37:58.130325 ===
2025-03-12 21:37:58,132 - market_maker - WARNING - Stablecoin depeg detected! Price: 1.147437, deviation: 14.74%
2025-03-12 21:37:58,133 - market_maker - WARNING - Circuit breaker triggered, cancelling all orders
2025-03-12 21:37:58,133 - market_maker - INFO - Cancelling all open orders for USDT/USD
2025-03-12 21:37:58,133 - market_maker - INFO - Cancelled 0 open orders
2025-03-12 21:37:59,137 - market_maker - INFO - === Paper Trading Cycle 80/100 ===
2025-03-12 21:37:59,140 - market_maker - INFO - === Market Making Cycle: 2025-03-12 21:37:59.140274 ===
2025-03-12 21:37:59,144 - market_maker - WARNING - Stablecoin depeg detected! Price: 1.147437, deviation: 14.74%
2025-03-12 21:37:59,145 - market_maker - WARNING - Circuit breaker triggered, cancelling all orders
2025-03-12 21:37:59,145 - market_maker - INFO - Cancelling all open orders for USDT/USD
2025-03-12 21:37:59,145 - market_maker - INFO - Cancelled 0 open orders
2025-03-12 21:38:00,147 - market_maker - INFO - === Paper Trading Cycle 81/100 ===
2025-03-12 21:38:00,148 - market_maker - INFO - === Market Making Cycle: 2025-03-12 21:38:00.148276 ===
2025-03-12 21:38:00,151 - market_maker - WARNING - Stablecoin depeg detected! Price: 1.147437, deviation: 14.74%
2025-03-12 21:38:00,152 - market_maker - WARNING - Circuit breaker triggered, cancelling all orders
2025-03-12 21:38:00,152 - market_maker - INFO - Cancelling all open orders for USDT/USD
2025-03-12 21:38:00,152 - market_maker - INFO - Cancelled 0 open orders
2025-03-12 21:38:01,157 - market_maker - INFO - === Paper Trading Cycle 82/100 ===
2025-03-12 21:38:01,161 - market_maker - INFO - === Market Making Cycle: 2025-03-12 21:38:01.161478 ===
2025-03-12 21:38:01,164 - market_maker - WARNING - Stablecoin depeg detected! Price: 1.147437, deviation: 14.74%
2025-03-12 21:38:01,164 - market_maker - WARNING - Circuit breaker triggered, cancelling all orders
2025-03-12 21:38:01,164 - market_maker - INFO - Cancelling all open orders for USDT/USD
2025-03-12 21:38:01,165 - market_maker - INFO - Cancelled 0 open orders
2025-03-12 21:38:02,169 - market_maker - INFO - === Paper Trading Cycle 83/100 ===
2025-03-12 21:38:02,169 - market_maker - INFO - === Market Making Cycle: 2025-03-12 21:38:02.169455 ===
2025-03-12 21:38:02,171 - market_maker - WARNING - Stablecoin depeg detected! Price: 1.147437, deviation: 14.74%
2025-03-12 21:38:02,172 - market_maker - WARNING - Circuit breaker triggered, cancelling all orders
2025-03-12 21:38:02,172 - market_maker - INFO - Cancelling all open orders for USDT/USD
2025-03-12 21:38:02,172 - market_maker - INFO - Cancelled 0 open orders
2025-03-12 21:38:03,177 - market_maker - INFO - === Paper Trading Cycle 84/100 ===
2025-03-12 21:38:03,179 - market_maker - INFO - === Market Making Cycle: 2025-03-12 21:38:03.179229 ===
2025-03-12 21:38:03,184 - market_maker - WARNING - Stablecoin depeg detected! Price: 1.147437, deviation: 14.74%
2025-03-12 21:38:03,185 - market_maker - WARNING - Circuit breaker triggered, cancelling all orders
2025-03-12 21:38:03,185 - market_maker - INFO - Cancelling all open orders for USDT/USD
2025-03-12 21:38:03,185 - market_maker - INFO - Cancelled 0 open orders
2025-03-12 21:38:04,190 - market_maker - INFO - === Paper Trading Cycle 85/100 ===
2025-03-12 21:38:04,190 - market_maker - INFO - === Market Making Cycle: 2025-03-12 21:38:04.190942 ===
2025-03-12 21:38:04,191 - market_maker - WARNING - Stablecoin depeg detected! Price: 1.147437, deviation: 14.74%
2025-03-12 21:38:04,191 - market_maker - WARNING - Circuit breaker triggered, cancelling all orders
2025-03-12 21:38:04,192 - market_maker - INFO - Cancelling all open orders for USDT/USD
2025-03-12 21:38:04,192 - market_maker - INFO - Cancelled 0 open orders
2025-03-12 21:38:05,197 - market_maker - INFO - === Paper Trading Cycle 86/100 ===
2025-03-12 21:38:05,197 - market_maker - INFO - === Market Making Cycle: 2025-03-12 21:38:05.197523 ===
2025-03-12 21:38:05,199 - market_maker - WARNING - Stablecoin depeg detected! Price: 1.147437, deviation: 14.74%
2025-03-12 21:38:05,199 - market_maker - WARNING - Circuit breaker triggered, cancelling all orders
2025-03-12 21:38:05,199 - market_maker - INFO - Cancelling all open orders for USDT/USD
2025-03-12 21:38:05,199 - market_maker - INFO - Cancelled 0 open orders
2025-03-12 21:38:06,205 - market_maker - INFO - === Paper Trading Cycle 87/100 ===
2025-03-12 21:38:06,205 - market_maker - INFO - === Market Making Cycle: 2025-03-12 21:38:06.205334 ===
2025-03-12 21:38:06,206 - market_maker - WARNING - Stablecoin depeg detected! Price: 1.147437, deviation: 14.74%
2025-03-12 21:38:06,206 - market_maker - WARNING - Circuit breaker triggered, cancelling all orders
2025-03-12 21:38:06,206 - market_maker - INFO - Cancelling all open orders for USDT/USD
2025-03-12 21:38:06,206 - market_maker - INFO - Cancelled 0 open orders
2025-03-12 21:38:07,210 - market_maker - INFO - === Paper Trading Cycle 88/100 ===
2025-03-12 21:38:07,210 - market_maker - INFO - === Market Making Cycle: 2025-03-12 21:38:07.210708 ===
2025-03-12 21:38:07,211 - market_maker - WARNING - Stablecoin depeg detected! Price: 1.147437, deviation: 14.74%
2025-03-12 21:38:07,211 - market_maker - WARNING - Circuit breaker triggered, cancelling all orders
2025-03-12 21:38:07,211 - market_maker - INFO - Cancelling all open orders for USDT/USD
2025-03-12 21:38:07,211 - market_maker - INFO - Cancelled 0 open orders
2025-03-12 21:38:08,214 - market_maker - INFO - === Paper Trading Cycle 89/100 ===
2025-03-12 21:38:08,215 - market_maker - INFO - === Market Making Cycle: 2025-03-12 21:38:08.214989 ===
2025-03-12 21:38:08,219 - market_maker - WARNING - Stablecoin depeg detected! Price: 1.147437, deviation: 14.74%
2025-03-12 21:38:08,219 - market_maker - WARNING - Circuit breaker triggered, cancelling all orders
2025-03-12 21:38:08,219 - market_maker - INFO - Cancelling all open orders for USDT/USD
2025-03-12 21:38:08,219 - market_maker - INFO - Cancelled 0 open orders
2025-03-12 21:38:09,227 - market_maker - INFO - === Paper Trading Cycle 90/100 ===
2025-03-12 21:38:09,230 - market_maker - INFO - === Market Making Cycle: 2025-03-12 21:38:09.230109 ===
2025-03-12 21:38:09,232 - market_maker - WARNING - Stablecoin depeg detected! Price: 1.147437, deviation: 14.74%
2025-03-12 21:38:09,232 - market_maker - WARNING - Circuit breaker triggered, cancelling all orders
2025-03-12 21:38:09,232 - market_maker - INFO - Cancelling all open orders for USDT/USD
2025-03-12 21:38:09,232 - market_maker - INFO - Cancelled 0 open orders
2025-03-12 21:38:10,238 - market_maker - INFO - === Paper Trading Cycle 91/100 ===
2025-03-12 21:38:10,240 - market_maker - INFO - === Market Making Cycle: 2025-03-12 21:38:10.240579 ===
2025-03-12 21:38:10,244 - market_maker - WARNING - Stablecoin depeg detected! Price: 1.147437, deviation: 14.74%
2025-03-12 21:38:10,244 - market_maker - WARNING - Circuit breaker triggered, cancelling all orders
2025-03-12 21:38:10,244 - market_maker - INFO - Cancelling all open orders for USDT/USD
2025-03-12 21:38:10,244 - market_maker - INFO - Cancelled 0 open orders
2025-03-12 21:38:11,250 - market_maker - INFO - === Paper Trading Cycle 92/100 ===
2025-03-12 21:38:11,250 - market_maker - INFO - === Market Making Cycle: 2025-03-12 21:38:11.250485 ===
2025-03-12 21:38:11,252 - market_maker - WARNING - Stablecoin depeg detected! Price: 1.147437, deviation: 14.74%
2025-03-12 21:38:11,252 - market_maker - WARNING - Circuit breaker triggered, cancelling all orders
2025-03-12 21:38:11,252 - market_maker - INFO - Cancelling all open orders for USDT/USD
2025-03-12 21:38:11,252 - market_maker - INFO - Cancelled 0 open orders
2025-03-12 21:38:12,257 - market_maker - INFO - === Paper Trading Cycle 93/100 ===
2025-03-12 21:38:12,258 - market_maker - INFO - === Market Making Cycle: 2025-03-12 21:38:12.258223 ===
2025-03-12 21:38:12,260 - market_maker - WARNING - Stablecoin depeg detected! Price: 1.147437, deviation: 14.74%
2025-03-12 21:38:12,260 - market_maker - WARNING - Circuit breaker triggered, cancelling all orders
2025-03-12 21:38:12,260 - market_maker - INFO - Cancelling all open orders for USDT/USD
2025-03-12 21:38:12,260 - market_maker - INFO - Cancelled 0 open orders
2025-03-12 21:38:13,265 - market_maker - INFO - === Paper Trading Cycle 94/100 ===
2025-03-12 21:38:13,265 - market_maker - INFO - === Market Making Cycle: 2025-03-12 21:38:13.265796 ===
2025-03-12 21:38:13,266 - market_maker - WARNING - Stablecoin depeg detected! Price: 1.147437, deviation: 14.74%
2025-03-12 21:38:13,266 - market_maker - WARNING - Circuit breaker triggered, cancelling all orders
2025-03-12 21:38:13,266 - market_maker - INFO - Cancelling all open orders for USDT/USD
2025-03-12 21:38:13,267 - market_maker - INFO - Cancelled 0 open orders
2025-03-12 21:38:14,272 - market_maker - INFO - === Paper Trading Cycle 95/100 ===
2025-03-12 21:38:14,272 - market_maker - INFO - === Market Making Cycle: 2025-03-12 21:38:14.272611 ===
2025-03-12 21:38:14,274 - market_maker - WARNING - Stablecoin depeg detected! Price: 1.147437, deviation: 14.74%
2025-03-12 21:38:14,274 - market_maker - WARNING - Circuit breaker triggered, cancelling all orders
2025-03-12 21:38:14,275 - market_maker - INFO - Cancelling all open orders for USDT/USD
2025-03-12 21:38:14,275 - market_maker - INFO - Cancelled 0 open orders
2025-03-12 21:38:15,277 - market_maker - INFO - === Paper Trading Cycle 96/100 ===
2025-03-12 21:38:15,277 - market_maker - INFO - === Market Making Cycle: 2025-03-12 21:38:15.277925 ===
2025-03-12 21:38:15,279 - market_maker - WARNING - Stablecoin depeg detected! Price: 1.147437, deviation: 14.74%
2025-03-12 21:38:15,279 - market_maker - WARNING - Circuit breaker triggered, cancelling all orders
2025-03-12 21:38:15,279 - market_maker - INFO - Cancelling all open orders for USDT/USD
2025-03-12 21:38:15,279 - market_maker - INFO - Cancelled 0 open orders
2025-03-12 21:38:16,284 - market_maker - INFO - === Paper Trading Cycle 97/100 ===
2025-03-12 21:38:16,284 - market_maker - INFO - === Market Making Cycle: 2025-03-12 21:38:16.284825 ===
2025-03-12 21:38:16,285 - market_maker - WARNING - Stablecoin depeg detected! Price: 1.147437, deviation: 14.74%
2025-03-12 21:38:16,285 - market_maker - WARNING - Circuit breaker triggered, cancelling all orders
2025-03-12 21:38:16,285 - market_maker - INFO - Cancelling all open orders for USDT/USD
2025-03-12 21:38:16,285 - market_maker - INFO - Cancelled 0 open orders
2025-03-12 21:38:17,291 - market_maker - INFO - === Paper Trading Cycle 98/100 ===
2025-03-12 21:38:17,291 - market_maker - INFO - === Market Making Cycle: 2025-03-12 21:38:17.291131 ===
2025-03-12 21:38:17,291 - market_maker - WARNING - Stablecoin depeg detected! Price: 1.147437, deviation: 14.74%
2025-03-12 21:38:17,292 - market_maker - WARNING - Circuit breaker triggered, cancelling all orders
2025-03-12 21:38:17,292 - market_maker - INFO - Cancelling all open orders for USDT/USD
2025-03-12 21:38:17,292 - market_maker - INFO - Cancelled 0 open orders
2025-03-12 21:38:18,293 - market_maker - INFO - === Paper Trading Cycle 99/100 ===
2025-03-12 21:38:18,293 - market_maker - INFO - === Market Making Cycle: 2025-03-12 21:38:18.293840 ===
2025-03-12 21:38:18,296 - market_maker - WARNING - Stablecoin depeg detected! Price: 1.147437, deviation: 14.74%
2025-03-12 21:38:18,296 - market_maker - WARNING - Circuit breaker triggered, cancelling all orders
2025-03-12 21:38:18,297 - market_maker - INFO - Cancelling all open orders for USDT/USD
2025-03-12 21:38:18,297 - market_maker - INFO - Cancelled 0 open orders
2025-03-12 21:38:19,300 - market_maker - INFO - === Paper Trading Cycle 100/100 ===
2025-03-12 21:38:19,301 - market_maker - INFO - === Market Making Cycle: 2025-03-12 21:38:19.301029 ===
2025-03-12 21:38:19,302 - market_maker - WARNING - Stablecoin depeg detected! Price: 1.147437, deviation: 14.74%
2025-03-12 21:38:19,302 - market_maker - WARNING - Circuit breaker triggered, cancelling all orders
2025-03-12 21:38:19,302 - market_maker - INFO - Cancelling all open orders for USDT/USD
2025-03-12 21:38:19,302 - market_maker - INFO - Cancelled 0 open orders
2025-03-12 21:38:20,310 - market_maker - INFO - === Paper Trading Results ===
2025-03-12 21:38:20,310 - market_maker - INFO - Completed 0 position records
2025-03-12 21:38:20,310 - market_maker - INFO - Executed 0 trades
