2025-03-12 20:48:05,650 - market_maker - INFO - Starting market making bot
2025-03-12 20:48:05,652 - market_maker - INFO - Successfully initialized kraken exchange
2025-03-12 20:48:05,652 - market_maker - INFO - Initialized order manager for USDT/USD with base size 5.0
2025-03-12 20:48:05,652 - market_maker - INFO - Initialized circuit breakers with price change threshold: 0.1
2025-03-12 20:48:05,652 - market_maker - INFO - Initialized inventory manager with max pct: 0.1, threshold: 0.05
2025-03-12 20:48:05,652 - market_maker - INFO - Initialized A-S model with gamma=0.0001, lambda_b=50.0, lambda_a=50.0
2025-03-12 20:48:05,652 - market_maker - INFO - === Market Making Cycle: 2025-03-12 20:48:05.652922 ===
2025-03-12 20:48:05,652 - market_maker - INFO - Fetching 40 1m candles for USDT/USD
2025-03-12 20:48:08,008 - market_maker - INFO - Successfully fetched 40 candles
2025-03-12 20:48:08,012 - market_maker - INFO - Current volatility estimate: 0.000009
2025-03-12 20:48:10,987 - market_maker - INFO - Balances: USDT=0, USD=0
2025-03-12 20:48:11,979 - market_maker - INFO - Updated inventory: 0.0000 (base: 0, quote: 0)
2025-03-12 20:48:11,979 - market_maker - INFO - A-S Model - Mid: 0.999795, Bid: 0.979795, Ask: 1.019795
2025-03-12 20:48:11,979 - market_maker - INFO - Prices - Mid: 0.999795, Bid: 0.979795, Ask: 1.019795
2025-03-12 20:48:11,979 - market_maker - INFO - Cancelling all open orders for USDT/USD
2025-03-12 20:48:14,982 - market_maker - INFO - Cancelled 0 open orders
2025-03-12 20:48:14,982 - market_maker - INFO - Placing buy order: 5.0 @ 0.979795
2025-03-12 20:48:15,101 - market_maker - ERROR - Error placing buy order: kraken {"error":["EOrder:Insufficient funds"]}
2025-03-12 20:48:15,102 - market_maker - INFO - Placing sell order: 5.0 @ 1.019795
2025-03-12 20:48:15,214 - market_maker - ERROR - Error placing sell order: kraken {"error":["EOrder:Insufficient funds"]}
2025-03-12 20:48:15,214 - market_maker - INFO - Cycle completed - Vol: 0.000009, Inv: 0.0000
2025-03-12 20:48:20,150 - market_maker - INFO - Bot stopped by user
2025-03-12 20:48:20,151 - market_maker - INFO - Cancelling all open orders for USDT/USD
2025-03-12 20:48:20,272 - market_maker - INFO - Cancelled 0 open orders
2025-03-12 20:48:20,272 - market_maker - INFO - Bot shutting down
2025-03-12 20:48:20,272 - market_maker - INFO - Cancelling all open orders for USDT/USD
