2025-03-13 00:36:52,883 - market_maker - INFO - Starting market making bot
2025-03-13 00:36:52,883 - market_maker - INFO - Calculating updated lambda values for USDT/USD...
2025-03-13 00:36:52,884 - market_maker - INFO - Estimating lambda values for USDT/USD from order book data...
2025-03-13 00:37:03,542 - market_maker - INFO - Estimated lambda values for USDT/USD: lambda_b=194841.12, lambda_a=50.00
2025-03-13 00:37:03,543 - market_maker - INFO - Latest λ values: λ_b = 194841.12, λ_a = 50.00
2025-03-13 00:37:03,556 - market_maker - INFO - Successfully initialized kraken exchange
2025-03-13 00:37:03,557 - market_maker - INFO - Initialized order manager for USDT/USD with base size 5.0
2025-03-13 00:37:03,557 - market_maker - INFO - Initialized circuit breakers with price change threshold: 0.1
2025-03-13 00:37:03,557 - market_maker - INFO - Initialized inventory manager with max pct: 0.1, threshold: 0.05
2025-03-13 00:37:03,557 - market_maker - INFO - Initialized A-S model with gamma=0.001, lambda_b=194841.11975530925, lambda_a=50.0
2025-03-13 00:37:03,557 - market_maker - INFO - Avellaneda-Stoikov model initialized with: γ=0.001, λ_b=194841.12, λ_a=50.00
2025-03-13 00:37:03,557 - market_maker - INFO - === Market Making Cycle: 2025-03-13 00:37:03.557427 ===
2025-03-13 00:37:03,557 - market_maker - INFO - Fetching 40 5m candles for USDT/USD
2025-03-13 00:37:06,103 - market_maker - INFO - Successfully fetched 40 candles
2025-03-13 00:37:08,909 - market_maker - INFO - Balances: USDT=0, USD=0
2025-03-13 00:37:09,893 - market_maker - INFO - Updated inventory: 0.0000 (base: 0, quote: 0)
2025-03-13 00:37:09,894 - market_maker - INFO - A-S Model - Mid: 0.999815, Bid: 0.999810, Ask: 1.019815
2025-03-13 00:37:09,894 - market_maker - INFO - Prices - Mid: 0.999815, Bid: 0.999810, Ask: 1.019815
2025-03-13 00:37:12,902 - market_maker - INFO - Placing buy order: 5.0 @ 0.999810
2025-03-13 00:37:13,028 - market_maker - ERROR - Error placing buy order: kraken {"error":["EOrder:Insufficient funds"]}
2025-03-13 00:37:13,028 - market_maker - INFO - Placing sell order: 5.0 @ 1.019815
2025-03-13 00:37:13,154 - market_maker - ERROR - Error placing sell order: kraken {"error":["EOrder:Insufficient funds"]}
2025-03-13 00:37:13,154 - market_maker - INFO - Cycle completed - Vol: 0.000073, Inv: 0.0000
2025-03-13 00:37:29,247 - market_maker - INFO - Bot stopped by user
2025-03-13 00:37:29,248 - market_maker - INFO - Cancelling all open orders for USDT/USD
2025-03-13 00:37:29,373 - market_maker - INFO - Cancelled 0 open orders
2025-03-13 00:37:29,374 - market_maker - INFO - Bot shutting down
2025-03-13 00:37:29,374 - market_maker - INFO - Cancelling all open orders for USDT/USD
