2025-03-12 20:55:14,072 - market_maker - INFO - Starting market making bot
2025-03-12 20:55:14,075 - market_maker - INFO - Successfully initialized kraken exchange
2025-03-12 20:55:14,075 - market_maker - INFO - Initialized order manager for USDT/USD with base size 5.0
2025-03-12 20:55:14,075 - market_maker - INFO - Initialized circuit breakers with price change threshold: 0.1
2025-03-12 20:55:14,075 - market_maker - INFO - Initialized inventory manager with max pct: 0.1, threshold: 0.05
2025-03-12 20:55:14,075 - market_maker - INFO - Initialized A-S model with gamma=0.0001, lambda_b=100.0, lambda_a=100.0
2025-03-12 20:55:14,075 - market_maker - INFO - === Market Making Cycle: 2025-03-12 20:55:14.075469 ===
2025-03-12 20:55:14,075 - market_maker - INFO - Fetching 40 1m candles for USDT/USD
2025-03-12 20:55:16,493 - market_maker - INFO - Successfully fetched 40 candles
2025-03-12 20:55:16,498 - market_maker - INFO - Current volatility estimate: 0.000063
2025-03-12 20:55:19,432 - market_maker - INFO - Balances: USDT=0, USD=0
2025-03-12 20:55:20,425 - market_maker - INFO - Updated inventory: 0.0000 (base: 0, quote: 0)
2025-03-12 20:55:20,425 - market_maker - INFO - A-S Model - Mid: 0.999645, Bid: 0.989645, Ask: 1.009645
2025-03-12 20:55:20,425 - market_maker - INFO - Prices - Mid: 0.999645, Bid: 0.989645, Ask: 1.009645
2025-03-12 20:55:20,425 - market_maker - INFO - Cancelling all open orders for USDT/USD
2025-03-12 20:55:23,496 - market_maker - INFO - Cancelled 0 open orders
2025-03-12 20:55:23,498 - market_maker - INFO - Placing buy order: 5.0 @ 0.989645
2025-03-12 20:55:23,689 - market_maker - ERROR - Error placing buy order: kraken {"error":["EOrder:Insufficient funds"]}
2025-03-12 20:55:23,690 - market_maker - INFO - Placing sell order: 5.0 @ 1.009645
2025-03-12 20:55:23,887 - market_maker - ERROR - Error placing sell order: kraken {"error":["EOrder:Insufficient funds"]}
2025-03-12 20:55:23,888 - market_maker - INFO - Cycle completed - Vol: 0.000063, Inv: 0.0000
2025-03-12 20:55:30,822 - market_maker - INFO - Bot stopped by user
2025-03-12 20:55:30,822 - market_maker - INFO - Cancelling all open orders for USDT/USD
2025-03-12 20:55:30,949 - market_maker - INFO - Cancelled 0 open orders
2025-03-12 20:55:30,949 - market_maker - INFO - Bot shutting down
2025-03-12 20:55:30,949 - market_maker - INFO - Cancelling all open orders for USDT/USD
2025-03-12 20:55:33,932 - market_maker - INFO - Cancelled 0 open orders
