2025-03-12 18:52:08,266 - market_maker - INFO - Starting market making bot
2025-03-12 18:52:08,269 - market_maker - INFO - Successfully initialized kraken exchange
2025-03-12 18:52:08,269 - market_maker - INFO - Initialized order manager for USDT/USD with base size 100.0
2025-03-12 18:52:08,269 - market_maker - INFO - Initialized circuit breakers with price change threshold: 0.1
2025-03-12 18:52:08,269 - market_maker - INFO - Initialized inventory manager with max pct: 0.1, threshold: 0.05
2025-03-12 18:52:08,269 - market_maker - INFO - Initialized A-S model with gamma=0.1, lambda_b=1.5, lambda_a=1.5
2025-03-12 18:52:08,269 - market_maker - INFO - === Market Making Cycle: 2025-03-12 18:52:08.269152 ===
2025-03-12 18:52:08,269 - market_maker - INFO - Fetching 40 1m candles for USDT/USD
2025-03-12 18:52:10,714 - market_maker - INFO - Successfully fetched 40 candles
2025-03-12 18:52:10,717 - market_maker - INFO - Current volatility estimate: 0.000007
2025-03-12 18:52:13,628 - market_maker - INFO - Balances: USDT=0, USD=0
2025-03-12 18:52:14,605 - market_maker - INFO - Updated inventory: 0.0000 (base: 0, quote: 0)
2025-03-12 18:52:14,605 - market_maker - INFO - A-S Model - Mid: 0.999795, Bid: 0.354410, Ask: 1.645180
2025-03-12 18:52:14,605 - market_maker - INFO - Prices - Mid: 0.999795, Bid: 0.354410, Ask: 1.645180
2025-03-12 18:52:14,605 - market_maker - INFO - Cancelling all open orders for USDT/USD
2025-03-12 18:52:17,663 - market_maker - INFO - Cancelled 0 open orders
2025-03-12 18:52:17,664 - market_maker - INFO - Placing buy order: 100.0 @ 0.354410
2025-03-12 18:52:17,783 - market_maker - ERROR - Error placing buy order: kraken {"error":["EOrder:Insufficient funds"]}
2025-03-12 18:52:17,783 - market_maker - INFO - Placing sell order: 100.0 @ 1.645180
2025-03-12 18:52:18,055 - market_maker - ERROR - Error placing sell order: kraken {"error":["EOrder:Insufficient funds"]}
2025-03-12 18:52:18,056 - market_maker - INFO - Cycle completed - Vol: 0.000007, Inv: 0.0000
2025-03-12 18:53:18,058 - market_maker - INFO - === Market Making Cycle: 2025-03-12 18:53:18.057686 ===
2025-03-12 18:53:18,060 - market_maker - INFO - Fetching 40 1m candles for USDT/USD
2025-03-12 18:53:18,361 - market_maker - INFO - Successfully fetched 40 candles
2025-03-12 18:53:18,364 - market_maker - INFO - Current volatility estimate: 0.000008
2025-03-12 18:53:21,198 - market_maker - INFO - Balances: USDT=0, USD=0
2025-03-12 18:53:22,109 - market_maker - INFO - Updated inventory: 0.0000 (base: 0, quote: 0)
2025-03-12 18:53:22,109 - market_maker - INFO - A-S Model - Mid: 0.999795, Bid: 0.354410, Ask: 1.645180
2025-03-12 18:53:22,110 - market_maker - INFO - Prices - Mid: 0.999795, Bid: 0.354410, Ask: 1.645180
2025-03-12 18:53:22,110 - market_maker - INFO - Cancelling all open orders for USDT/USD
2025-03-12 18:53:25,277 - market_maker - INFO - Cancelled 0 open orders
2025-03-12 18:53:25,278 - market_maker - INFO - Placing buy order: 100.0 @ 0.354410
2025-03-12 18:53:25,429 - market_maker - ERROR - Error placing buy order: kraken {"error":["EOrder:Insufficient funds"]}
2025-03-12 18:53:25,430 - market_maker - INFO - Placing sell order: 100.0 @ 1.645180
2025-03-12 18:53:25,546 - market_maker - ERROR - Error placing sell order: kraken {"error":["EOrder:Insufficient funds"]}
2025-03-12 18:53:25,547 - market_maker - INFO - Cycle completed - Vol: 0.000008, Inv: 0.0000
2025-03-12 18:53:28,859 - market_maker - INFO - Bot stopped by user
2025-03-12 18:53:28,859 - market_maker - INFO - Cancelling all open orders for USDT/USD
2025-03-12 18:53:28,988 - market_maker - INFO - Cancelled 0 open orders
2025-03-12 18:53:28,988 - market_maker - INFO - Bot shutting down
2025-03-12 18:53:28,989 - market_maker - INFO - Cancelling all open orders for USDT/USD
