2025-03-12 20:08:28,071 - market_maker - INFO - Starting market making bot
2025-03-12 20:08:28,073 - market_maker - INFO - Successfully initialized kraken exchange
2025-03-12 20:08:28,074 - market_maker - INFO - Initialized order manager for USDT/USD with base size 5.0
2025-03-12 20:08:28,074 - market_maker - INFO - Initialized circuit breakers with price change threshold: 0.1
2025-03-12 20:08:28,074 - market_maker - INFO - Initialized inventory manager with max pct: 0.1, threshold: 0.05
2025-03-12 20:08:28,074 - market_maker - INFO - Initialized A-S model with gamma=0.1, lambda_b=500.0, lambda_a=500.0
2025-03-12 20:08:28,074 - market_maker - INFO - === Market Making Cycle: 2025-03-12 20:08:28.074161 ===
2025-03-12 20:08:28,074 - market_maker - INFO - Fetching 40 1m candles for USDT/USD
2025-03-12 20:08:30,509 - market_maker - INFO - Successfully fetched 40 candles
2025-03-12 20:08:30,513 - market_maker - INFO - Current volatility estimate: 0.000011
2025-03-12 20:08:33,468 - market_maker - INFO - Balances: USDT=0, USD=0
2025-03-12 20:08:34,424 - market_maker - INFO - Updated inventory: 0.0000 (base: 0, quote: 0)
2025-03-12 20:08:34,425 - market_maker - INFO - A-S Model - Mid: 0.999785, Bid: 0.997785, Ask: 1.001785
2025-03-12 20:08:34,425 - market_maker - INFO - Prices - Mid: 0.999785, Bid: 0.997785, Ask: 1.001785
2025-03-12 20:08:34,425 - market_maker - INFO - Cancelling all open orders for USDT/USD
2025-03-12 20:08:37,443 - market_maker - INFO - Cancelled 0 open orders
2025-03-12 20:08:37,443 - market_maker - INFO - Placing buy order: 5.0 @ 0.997785
2025-03-12 20:08:37,659 - market_maker - ERROR - Error placing buy order: kraken {"error":["EOrder:Insufficient funds"]}
2025-03-12 20:08:37,659 - market_maker - INFO - Placing sell order: 5.0 @ 1.001785
2025-03-12 20:08:37,766 - market_maker - ERROR - Error placing sell order: kraken {"error":["EOrder:Insufficient funds"]}
2025-03-12 20:08:37,766 - market_maker - INFO - Cycle completed - Vol: 0.000011, Inv: 0.0000
2025-03-12 20:09:37,771 - market_maker - INFO - === Market Making Cycle: 2025-03-12 20:09:37.771149 ===
2025-03-12 20:09:37,774 - market_maker - INFO - Fetching 40 1m candles for USDT/USD
2025-03-12 20:09:37,968 - market_maker - INFO - Successfully fetched 40 candles
2025-03-12 20:09:37,971 - market_maker - INFO - Current volatility estimate: 0.000009
2025-03-12 20:09:40,916 - market_maker - INFO - Balances: USDT=0, USD=0
2025-03-12 20:09:41,916 - market_maker - INFO - Updated inventory: 0.0000 (base: 0, quote: 0)
2025-03-12 20:09:41,917 - market_maker - INFO - A-S Model - Mid: 0.999785, Bid: 0.997785, Ask: 1.001785
2025-03-12 20:09:41,917 - market_maker - INFO - Prices - Mid: 0.999785, Bid: 0.997785, Ask: 1.001785
2025-03-12 20:09:41,917 - market_maker - INFO - Cancelling all open orders for USDT/USD
2025-03-12 20:09:44,919 - market_maker - INFO - Cancelled 0 open orders
2025-03-12 20:09:44,920 - market_maker - INFO - Placing buy order: 5.0 @ 0.997785
2025-03-12 20:09:45,057 - market_maker - ERROR - Error placing buy order: kraken {"error":["EOrder:Insufficient funds"]}
2025-03-12 20:09:45,058 - market_maker - INFO - Placing sell order: 5.0 @ 1.001785
2025-03-12 20:09:45,190 - market_maker - ERROR - Error placing sell order: kraken {"error":["EOrder:Insufficient funds"]}
2025-03-12 20:09:45,191 - market_maker - INFO - Cycle completed - Vol: 0.000009, Inv: 0.0000
2025-03-12 20:10:45,194 - market_maker - INFO - === Market Making Cycle: 2025-03-12 20:10:45.194513 ===
2025-03-12 20:10:45,197 - market_maker - INFO - Fetching 40 1m candles for USDT/USD
2025-03-12 20:10:45,405 - market_maker - INFO - Successfully fetched 40 candles
2025-03-12 20:10:45,407 - market_maker - INFO - Current volatility estimate: 0.000008
2025-03-12 20:10:48,339 - market_maker - INFO - Balances: USDT=0, USD=0
2025-03-12 20:10:49,333 - market_maker - INFO - Updated inventory: 0.0000 (base: 0, quote: 0)
2025-03-12 20:10:49,333 - market_maker - INFO - A-S Model - Mid: 0.999785, Bid: 0.997785, Ask: 1.001785
2025-03-12 20:10:49,333 - market_maker - INFO - Prices - Mid: 0.999785, Bid: 0.997785, Ask: 1.001785
2025-03-12 20:10:49,333 - market_maker - INFO - Cancelling all open orders for USDT/USD
2025-03-12 20:10:52,361 - market_maker - INFO - Cancelled 0 open orders
2025-03-12 20:10:52,361 - market_maker - INFO - Placing buy order: 5.0 @ 0.997785
2025-03-12 20:10:52,490 - market_maker - ERROR - Error placing buy order: kraken {"error":["EOrder:Insufficient funds"]}
2025-03-12 20:10:52,490 - market_maker - INFO - Placing sell order: 5.0 @ 1.001785
2025-03-12 20:10:52,660 - market_maker - ERROR - Error placing sell order: kraken {"error":["EOrder:Insufficient funds"]}
2025-03-12 20:10:52,661 - market_maker - INFO - Cycle completed - Vol: 0.000008, Inv: 0.0000
2025-03-12 20:11:52,666 - market_maker - INFO - === Market Making Cycle: 2025-03-12 20:11:52.665450 ===
2025-03-12 20:11:52,669 - market_maker - INFO - Fetching 40 1m candles for USDT/USD
2025-03-12 20:11:52,877 - market_maker - INFO - Successfully fetched 40 candles
2025-03-12 20:11:52,880 - market_maker - INFO - Current volatility estimate: 0.000008
2025-03-12 20:11:55,810 - market_maker - INFO - Balances: USDT=0, USD=0
2025-03-12 20:11:56,849 - market_maker - INFO - Updated inventory: 0.0000 (base: 0, quote: 0)
2025-03-12 20:11:56,849 - market_maker - INFO - A-S Model - Mid: 0.999785, Bid: 0.997785, Ask: 1.001785
2025-03-12 20:11:56,849 - market_maker - INFO - Prices - Mid: 0.999785, Bid: 0.997785, Ask: 1.001785
2025-03-12 20:11:56,849 - market_maker - INFO - Cancelling all open orders for USDT/USD
2025-03-12 20:11:59,807 - market_maker - INFO - Cancelled 0 open orders
2025-03-12 20:11:59,808 - market_maker - INFO - Placing buy order: 5.0 @ 0.997785
2025-03-12 20:11:59,993 - market_maker - ERROR - Error placing buy order: kraken {"error":["EOrder:Insufficient funds"]}
2025-03-12 20:11:59,993 - market_maker - INFO - Placing sell order: 5.0 @ 1.001785
2025-03-12 20:12:00,121 - market_maker - ERROR - Error placing sell order: kraken {"error":["EOrder:Insufficient funds"]}
2025-03-12 20:12:00,121 - market_maker - INFO - Cycle completed - Vol: 0.000008, Inv: 0.0000
2025-03-12 20:13:00,123 - market_maker - INFO - === Market Making Cycle: 2025-03-12 20:13:00.122779 ===
2025-03-12 20:13:00,125 - market_maker - INFO - Fetching 40 1m candles for USDT/USD
2025-03-12 20:13:00,347 - market_maker - INFO - Successfully fetched 40 candles
2025-03-12 20:13:00,350 - market_maker - INFO - Current volatility estimate: 0.000009
2025-03-12 20:13:03,297 - market_maker - INFO - Balances: USDT=0, USD=0
2025-03-12 20:13:04,262 - market_maker - INFO - Updated inventory: 0.0000 (base: 0, quote: 0)
2025-03-12 20:13:04,262 - market_maker - INFO - A-S Model - Mid: 0.999785, Bid: 0.997785, Ask: 1.001785
2025-03-12 20:13:04,262 - market_maker - INFO - Prices - Mid: 0.999785, Bid: 0.997785, Ask: 1.001785
2025-03-12 20:13:04,263 - market_maker - INFO - Cancelling all open orders for USDT/USD
2025-03-12 20:13:07,272 - market_maker - INFO - Cancelled 0 open orders
2025-03-12 20:13:07,273 - market_maker - INFO - Placing buy order: 5.0 @ 0.997785
2025-03-12 20:13:07,476 - market_maker - ERROR - Error placing buy order: kraken {"error":["EOrder:Insufficient funds"]}
2025-03-12 20:13:07,476 - market_maker - INFO - Placing sell order: 5.0 @ 1.001785
2025-03-12 20:13:08,872 - market_maker - ERROR - Error placing sell order: kraken {"error":["EOrder:Insufficient funds"]}
2025-03-12 20:13:08,873 - market_maker - INFO - Cycle completed - Vol: 0.000009, Inv: 0.0000
2025-03-12 20:14:08,876 - market_maker - INFO - === Market Making Cycle: 2025-03-12 20:14:08.876466 ===
2025-03-12 20:14:08,879 - market_maker - INFO - Fetching 40 1m candles for USDT/USD
2025-03-12 20:14:09,107 - market_maker - INFO - Successfully fetched 40 candles
2025-03-12 20:14:09,110 - market_maker - INFO - Current volatility estimate: 0.000008
2025-03-12 20:14:12,462 - market_maker - INFO - Balances: USDT=0, USD=0
2025-03-12 20:14:13,017 - market_maker - INFO - Updated inventory: 0.0000 (base: 0, quote: 0)
2025-03-12 20:14:13,018 - market_maker - INFO - A-S Model - Mid: 0.999785, Bid: 0.997785, Ask: 1.001785
2025-03-12 20:14:13,018 - market_maker - INFO - Prices - Mid: 0.999785, Bid: 0.997785, Ask: 1.001785
2025-03-12 20:14:13,018 - market_maker - INFO - Cancelling all open orders for USDT/USD
2025-03-12 20:14:16,026 - market_maker - INFO - Cancelled 0 open orders
2025-03-12 20:14:16,026 - market_maker - INFO - Placing buy order: 5.0 @ 0.997785
2025-03-12 20:14:16,203 - market_maker - ERROR - Error placing buy order: kraken {"error":["EOrder:Insufficient funds"]}
2025-03-12 20:14:16,203 - market_maker - INFO - Placing sell order: 5.0 @ 1.001785
2025-03-12 20:14:16,329 - market_maker - ERROR - Error placing sell order: kraken {"error":["EOrder:Insufficient funds"]}
2025-03-12 20:14:16,330 - market_maker - INFO - Cycle completed - Vol: 0.000008, Inv: 0.0000
2025-03-12 20:15:16,335 - market_maker - INFO - === Market Making Cycle: 2025-03-12 20:15:16.334208 ===
2025-03-12 20:15:16,336 - market_maker - INFO - Fetching 40 1m candles for USDT/USD
2025-03-12 20:15:16,606 - market_maker - INFO - Successfully fetched 40 candles
2025-03-12 20:15:16,609 - market_maker - INFO - Current volatility estimate: 0.000008
2025-03-12 20:15:19,463 - market_maker - INFO - Balances: USDT=0, USD=0
2025-03-12 20:15:20,456 - market_maker - INFO - Updated inventory: 0.0000 (base: 0, quote: 0)
2025-03-12 20:15:20,456 - market_maker - INFO - A-S Model - Mid: 0.999785, Bid: 0.997785, Ask: 1.001785
2025-03-12 20:15:20,456 - market_maker - INFO - Prices - Mid: 0.999785, Bid: 0.997785, Ask: 1.001785
2025-03-12 20:15:20,456 - market_maker - INFO - Cancelling all open orders for USDT/USD
2025-03-12 20:15:23,554 - market_maker - INFO - Cancelled 0 open orders
2025-03-12 20:15:23,554 - market_maker - INFO - Placing buy order: 5.0 @ 0.997785
2025-03-12 20:15:23,679 - market_maker - ERROR - Error placing buy order: kraken {"error":["EOrder:Insufficient funds"]}
2025-03-12 20:15:23,680 - market_maker - INFO - Placing sell order: 5.0 @ 1.001785
2025-03-12 20:15:23,813 - market_maker - ERROR - Error placing sell order: kraken {"error":["EOrder:Insufficient funds"]}
2025-03-12 20:15:23,813 - market_maker - INFO - Cycle completed - Vol: 0.000008, Inv: 0.0000
2025-03-12 20:16:23,816 - market_maker - INFO - === Market Making Cycle: 2025-03-12 20:16:23.816040 ===
2025-03-12 20:16:23,817 - market_maker - INFO - Fetching 40 1m candles for USDT/USD
2025-03-12 20:16:24,071 - market_maker - INFO - Successfully fetched 40 candles
2025-03-12 20:16:24,073 - market_maker - INFO - Current volatility estimate: 0.000008
2025-03-12 20:16:26,982 - market_maker - INFO - Balances: USDT=0, USD=0
2025-03-12 20:16:28,004 - market_maker - INFO - Updated inventory: 0.0000 (base: 0, quote: 0)
2025-03-12 20:16:28,004 - market_maker - INFO - A-S Model - Mid: 0.999785, Bid: 0.997785, Ask: 1.001785
2025-03-12 20:16:28,005 - market_maker - INFO - Prices - Mid: 0.999785, Bid: 0.997785, Ask: 1.001785
2025-03-12 20:16:28,005 - market_maker - INFO - Cancelling all open orders for USDT/USD
2025-03-12 20:16:31,044 - market_maker - INFO - Cancelled 0 open orders
2025-03-12 20:16:31,045 - market_maker - INFO - Placing buy order: 5.0 @ 0.997785
2025-03-12 20:16:31,336 - market_maker - ERROR - Error placing buy order: kraken {"error":["EOrder:Insufficient funds"]}
2025-03-12 20:16:31,336 - market_maker - INFO - Placing sell order: 5.0 @ 1.001785
2025-03-12 20:16:31,466 - market_maker - ERROR - Error placing sell order: kraken {"error":["EOrder:Insufficient funds"]}
2025-03-12 20:16:31,466 - market_maker - INFO - Cycle completed - Vol: 0.000008, Inv: 0.0000
2025-03-12 20:17:31,467 - market_maker - INFO - === Market Making Cycle: 2025-03-12 20:17:31.467095 ===
2025-03-12 20:17:31,468 - market_maker - INFO - Fetching 40 1m candles for USDT/USD
2025-03-12 20:17:31,664 - market_maker - INFO - Successfully fetched 40 candles
2025-03-12 20:17:31,666 - market_maker - INFO - Current volatility estimate: 0.000008
2025-03-12 20:17:34,616 - market_maker - INFO - Balances: USDT=0, USD=0
2025-03-12 20:17:35,650 - market_maker - INFO - Updated inventory: 0.0000 (base: 0, quote: 0)
2025-03-12 20:17:35,651 - market_maker - INFO - A-S Model - Mid: 0.999785, Bid: 0.997785, Ask: 1.001785
2025-03-12 20:17:35,651 - market_maker - INFO - Prices - Mid: 0.999785, Bid: 0.997785, Ask: 1.001785
2025-03-12 20:17:35,651 - market_maker - INFO - Cancelling all open orders for USDT/USD
2025-03-12 20:17:38,675 - market_maker - INFO - Cancelled 0 open orders
2025-03-12 20:17:38,676 - market_maker - INFO - Placing buy order: 5.0 @ 0.997785
2025-03-12 20:17:38,797 - market_maker - ERROR - Error placing buy order: kraken {"error":["EOrder:Insufficient funds"]}
2025-03-12 20:17:38,797 - market_maker - INFO - Placing sell order: 5.0 @ 1.001785
2025-03-12 20:17:38,930 - market_maker - ERROR - Error placing sell order: kraken {"error":["EOrder:Insufficient funds"]}
2025-03-12 20:17:38,930 - market_maker - INFO - Cycle completed - Vol: 0.000008, Inv: 0.0000
2025-03-12 20:18:38,936 - market_maker - INFO - === Market Making Cycle: 2025-03-12 20:18:38.935156 ===
2025-03-12 20:18:38,938 - market_maker - INFO - Fetching 40 1m candles for USDT/USD
2025-03-12 20:18:39,100 - market_maker - INFO - Successfully fetched 40 candles
2025-03-12 20:18:39,104 - market_maker - INFO - Current volatility estimate: 0.000008
2025-03-12 20:18:42,110 - market_maker - INFO - Balances: USDT=0, USD=0
2025-03-12 20:18:43,065 - market_maker - INFO - Updated inventory: 0.0000 (base: 0, quote: 0)
2025-03-12 20:18:43,066 - market_maker - INFO - A-S Model - Mid: 0.999785, Bid: 0.997785, Ask: 1.001785
2025-03-12 20:18:43,066 - market_maker - INFO - Prices - Mid: 0.999785, Bid: 0.997785, Ask: 1.001785
2025-03-12 20:18:43,066 - market_maker - INFO - Cancelling all open orders for USDT/USD
2025-03-12 20:18:46,127 - market_maker - INFO - Cancelled 0 open orders
2025-03-12 20:18:46,128 - market_maker - INFO - Placing buy order: 5.0 @ 0.997785
2025-03-12 20:18:46,307 - market_maker - ERROR - Error placing buy order: kraken {"error":["EOrder:Insufficient funds"]}
2025-03-12 20:18:46,307 - market_maker - INFO - Placing sell order: 5.0 @ 1.001785
2025-03-12 20:18:46,430 - market_maker - ERROR - Error placing sell order: kraken {"error":["EOrder:Insufficient funds"]}
2025-03-12 20:18:46,431 - market_maker - INFO - Cycle completed - Vol: 0.000008, Inv: 0.0000
2025-03-12 20:19:46,435 - market_maker - INFO - === Market Making Cycle: 2025-03-12 20:19:46.434874 ===
2025-03-12 20:19:46,437 - market_maker - INFO - Fetching 40 1m candles for USDT/USD
2025-03-12 20:19:46,799 - market_maker - INFO - Successfully fetched 40 candles
2025-03-12 20:19:46,803 - market_maker - INFO - Current volatility estimate: 0.000008
2025-03-12 20:19:49,558 - market_maker - INFO - Balances: USDT=0, USD=0
2025-03-12 20:19:50,569 - market_maker - INFO - Updated inventory: 0.0000 (base: 0, quote: 0)
2025-03-12 20:19:50,570 - market_maker - INFO - A-S Model - Mid: 0.999795, Bid: 0.997795, Ask: 1.001795
2025-03-12 20:19:50,570 - market_maker - INFO - Prices - Mid: 0.999795, Bid: 0.997795, Ask: 1.001795
2025-03-12 20:19:50,570 - market_maker - INFO - Cancelling all open orders for USDT/USD
2025-03-12 20:19:53,576 - market_maker - INFO - Cancelled 0 open orders
2025-03-12 20:19:53,576 - market_maker - INFO - Placing buy order: 5.0 @ 0.997795
2025-03-12 20:19:53,694 - market_maker - ERROR - Error placing buy order: kraken {"error":["EOrder:Insufficient funds"]}
2025-03-12 20:19:53,694 - market_maker - INFO - Placing sell order: 5.0 @ 1.001795
2025-03-12 20:19:53,817 - market_maker - ERROR - Error placing sell order: kraken {"error":["EOrder:Insufficient funds"]}
2025-03-12 20:19:53,817 - market_maker - INFO - Cycle completed - Vol: 0.000008, Inv: 0.0000
2025-03-12 20:20:28,955 - market_maker - INFO - Bot stopped by user
2025-03-12 20:20:28,956 - market_maker - INFO - Cancelling all open orders for USDT/USD
2025-03-12 20:20:29,092 - market_maker - INFO - Cancelled 0 open orders
2025-03-12 20:20:29,092 - market_maker - INFO - Bot shutting down
2025-03-12 20:20:29,092 - market_maker - INFO - Cancelling all open orders for USDT/USD
