2025-03-12 22:38:48,489 - market_maker - INFO - Starting market making bot in paper trading mode
2025-03-12 22:38:48,493 - market_maker - INFO - Generated 1000 historical candles
2025-03-12 22:38:48,493 - market_maker - INFO - Initialized mock exchange with balances: {'BTC': {'free': 1.0, 'used': 0.0, 'total': 1.0}, 'USDT': {'free': 10000.0, 'used': 0.0, 'total': 10000.0}, 'USD': {'free': 10000.0, 'used': 0.0, 'total': 10000.0}}
2025-03-12 22:38:48,493 - market_maker - INFO - Initialized mock exchange for paper trading
2025-03-12 22:38:48,493 - market_maker - INFO - Initialized order manager for USDT/USD with base size 5.0
2025-03-12 22:38:48,493 - market_maker - INFO - Initialized circuit breakers with price change threshold: 0.2
2025-03-12 22:38:48,493 - market_maker - INFO - Initialized inventory manager with max pct: 0.1, threshold: 0.05
2025-03-12 22:38:48,493 - market_maker - INFO - Initialized A-S model with gamma=0.001, lambda_b=397.57, lambda_a=1442.46
2025-03-12 22:38:48,493 - market_maker - INFO - Starting paper trading for 100 cycles
2025-03-12 22:38:48,493 - market_maker - INFO - === Paper Trading Cycle 1/100 ===
2025-03-12 22:38:48,493 - market_maker - INFO - === Market Making Cycle: 2025-03-12 22:38:48.493873 ===
2025-03-12 22:38:48,498 - market_maker - WARNING - Stablecoin depeg detected! Price: 0.795158, deviation: 20.48%
2025-03-12 22:38:48,498 - market_maker - WARNING - Circuit breaker triggered, cancelling all orders
2025-03-12 22:38:48,498 - market_maker - INFO - Cancelling all open orders for USDT/USD
2025-03-12 22:38:48,498 - market_maker - INFO - Cancelled 0 open orders
2025-03-12 22:38:48,511 - market_maker - INFO - === Paper Trading Cycle 2/100 ===
2025-03-12 22:38:48,511 - market_maker - INFO - === Market Making Cycle: 2025-03-12 22:38:48.511397 ===
2025-03-12 22:38:48,512 - market_maker - WARNING - Stablecoin depeg detected! Price: 0.795158, deviation: 20.48%
2025-03-12 22:38:48,512 - market_maker - WARNING - Circuit breaker triggered, cancelling all orders
2025-03-12 22:38:48,512 - market_maker - INFO - Cancelling all open orders for USDT/USD
2025-03-12 22:38:48,512 - market_maker - INFO - Cancelled 0 open orders
2025-03-12 22:38:48,523 - market_maker - INFO - === Paper Trading Cycle 3/100 ===
2025-03-12 22:38:48,523 - market_maker - INFO - === Market Making Cycle: 2025-03-12 22:38:48.523405 ===
2025-03-12 22:38:48,524 - market_maker - WARNING - Stablecoin depeg detected! Price: 0.795158, deviation: 20.48%
2025-03-12 22:38:48,524 - market_maker - WARNING - Circuit breaker triggered, cancelling all orders
2025-03-12 22:38:48,524 - market_maker - INFO - Cancelling all open orders for USDT/USD
2025-03-12 22:38:48,524 - market_maker - INFO - Cancelled 0 open orders
2025-03-12 22:38:48,535 - market_maker - INFO - === Paper Trading Cycle 4/100 ===
2025-03-12 22:38:48,535 - market_maker - INFO - === Market Making Cycle: 2025-03-12 22:38:48.535896 ===
2025-03-12 22:38:48,536 - market_maker - WARNING - Stablecoin depeg detected! Price: 0.795158, deviation: 20.48%
2025-03-12 22:38:48,536 - market_maker - WARNING - Circuit breaker triggered, cancelling all orders
2025-03-12 22:38:48,536 - market_maker - INFO - Cancelling all open orders for USDT/USD
2025-03-12 22:38:48,536 - market_maker - INFO - Cancelled 0 open orders
2025-03-12 22:38:48,549 - market_maker - INFO - === Paper Trading Cycle 5/100 ===
2025-03-12 22:38:48,549 - market_maker - INFO - === Market Making Cycle: 2025-03-12 22:38:48.549463 ===
2025-03-12 22:38:48,550 - market_maker - WARNING - Stablecoin depeg detected! Price: 0.795158, deviation: 20.48%
2025-03-12 22:38:48,550 - market_maker - WARNING - Circuit breaker triggered, cancelling all orders
2025-03-12 22:38:48,550 - market_maker - INFO - Cancelling all open orders for USDT/USD
2025-03-12 22:38:48,550 - market_maker - INFO - Cancelled 0 open orders
2025-03-12 22:38:48,562 - market_maker - INFO - === Paper Trading Cycle 6/100 ===
2025-03-12 22:38:48,563 - market_maker - INFO - === Market Making Cycle: 2025-03-12 22:38:48.562940 ===
2025-03-12 22:38:48,563 - market_maker - WARNING - Stablecoin depeg detected! Price: 0.795158, deviation: 20.48%
2025-03-12 22:38:48,563 - market_maker - WARNING - Circuit breaker triggered, cancelling all orders
2025-03-12 22:38:48,563 - market_maker - INFO - Cancelling all open orders for USDT/USD
2025-03-12 22:38:48,563 - market_maker - INFO - Cancelled 0 open orders
2025-03-12 22:38:48,576 - market_maker - INFO - === Paper Trading Cycle 7/100 ===
2025-03-12 22:38:48,576 - market_maker - INFO - === Market Making Cycle: 2025-03-12 22:38:48.576537 ===
2025-03-12 22:38:48,577 - market_maker - WARNING - Stablecoin depeg detected! Price: 0.795158, deviation: 20.48%
2025-03-12 22:38:48,577 - market_maker - WARNING - Circuit breaker triggered, cancelling all orders
2025-03-12 22:38:48,577 - market_maker - INFO - Cancelling all open orders for USDT/USD
2025-03-12 22:38:48,577 - market_maker - INFO - Cancelled 0 open orders
2025-03-12 22:38:48,588 - market_maker - INFO - === Paper Trading Cycle 8/100 ===
2025-03-12 22:38:48,588 - market_maker - INFO - === Market Making Cycle: 2025-03-12 22:38:48.588874 ===
2025-03-12 22:38:48,589 - market_maker - WARNING - Stablecoin depeg detected! Price: 0.795158, deviation: 20.48%
2025-03-12 22:38:48,589 - market_maker - WARNING - Circuit breaker triggered, cancelling all orders
2025-03-12 22:38:48,589 - market_maker - INFO - Cancelling all open orders for USDT/USD
2025-03-12 22:38:48,589 - market_maker - INFO - Cancelled 0 open orders
2025-03-12 22:38:48,602 - market_maker - INFO - === Paper Trading Cycle 9/100 ===
2025-03-12 22:38:48,602 - market_maker - INFO - === Market Making Cycle: 2025-03-12 22:38:48.602539 ===
2025-03-12 22:38:48,603 - market_maker - WARNING - Stablecoin depeg detected! Price: 0.795158, deviation: 20.48%
2025-03-12 22:38:48,603 - market_maker - WARNING - Circuit breaker triggered, cancelling all orders
2025-03-12 22:38:48,603 - market_maker - INFO - Cancelling all open orders for USDT/USD
2025-03-12 22:38:48,603 - market_maker - INFO - Cancelled 0 open orders
2025-03-12 22:38:48,615 - market_maker - INFO - === Paper Trading Cycle 10/100 ===
2025-03-12 22:38:48,615 - market_maker - INFO - === Market Making Cycle: 2025-03-12 22:38:48.615302 ===
2025-03-12 22:38:48,616 - market_maker - WARNING - Stablecoin depeg detected! Price: 0.795158, deviation: 20.48%
2025-03-12 22:38:48,616 - market_maker - WARNING - Circuit breaker triggered, cancelling all orders
2025-03-12 22:38:48,616 - market_maker - INFO - Cancelling all open orders for USDT/USD
2025-03-12 22:38:48,616 - market_maker - INFO - Cancelled 0 open orders
2025-03-12 22:38:48,629 - market_maker - INFO - === Paper Trading Cycle 11/100 ===
2025-03-12 22:38:48,629 - market_maker - INFO - === Market Making Cycle: 2025-03-12 22:38:48.629377 ===
2025-03-12 22:38:48,630 - market_maker - WARNING - Stablecoin depeg detected! Price: 0.795158, deviation: 20.48%
2025-03-12 22:38:48,630 - market_maker - WARNING - Circuit breaker triggered, cancelling all orders
2025-03-12 22:38:48,630 - market_maker - INFO - Cancelling all open orders for USDT/USD
2025-03-12 22:38:48,630 - market_maker - INFO - Cancelled 0 open orders
2025-03-12 22:38:48,641 - market_maker - INFO - === Paper Trading Cycle 12/100 ===
2025-03-12 22:38:48,641 - market_maker - INFO - === Market Making Cycle: 2025-03-12 22:38:48.641516 ===
2025-03-12 22:38:48,642 - market_maker - WARNING - Stablecoin depeg detected! Price: 0.795158, deviation: 20.48%
2025-03-12 22:38:48,642 - market_maker - WARNING - Circuit breaker triggered, cancelling all orders
2025-03-12 22:38:48,642 - market_maker - INFO - Cancelling all open orders for USDT/USD
2025-03-12 22:38:48,642 - market_maker - INFO - Cancelled 0 open orders
2025-03-12 22:38:48,655 - market_maker - INFO - === Paper Trading Cycle 13/100 ===
2025-03-12 22:38:48,655 - market_maker - INFO - === Market Making Cycle: 2025-03-12 22:38:48.655477 ===
2025-03-12 22:38:48,656 - market_maker - WARNING - Stablecoin depeg detected! Price: 0.795158, deviation: 20.48%
2025-03-12 22:38:48,656 - market_maker - WARNING - Circuit breaker triggered, cancelling all orders
2025-03-12 22:38:48,656 - market_maker - INFO - Cancelling all open orders for USDT/USD
2025-03-12 22:38:48,656 - market_maker - INFO - Cancelled 0 open orders
2025-03-12 22:38:48,669 - market_maker - INFO - === Paper Trading Cycle 14/100 ===
2025-03-12 22:38:48,669 - market_maker - INFO - === Market Making Cycle: 2025-03-12 22:38:48.669420 ===
2025-03-12 22:38:48,670 - market_maker - WARNING - Stablecoin depeg detected! Price: 0.795158, deviation: 20.48%
2025-03-12 22:38:48,670 - market_maker - WARNING - Circuit breaker triggered, cancelling all orders
2025-03-12 22:38:48,670 - market_maker - INFO - Cancelling all open orders for USDT/USD
2025-03-12 22:38:48,670 - market_maker - INFO - Cancelled 0 open orders
2025-03-12 22:38:48,682 - market_maker - INFO - === Paper Trading Cycle 15/100 ===
2025-03-12 22:38:48,682 - market_maker - INFO - === Market Making Cycle: 2025-03-12 22:38:48.682968 ===
2025-03-12 22:38:48,683 - market_maker - WARNING - Stablecoin depeg detected! Price: 0.795158, deviation: 20.48%
2025-03-12 22:38:48,683 - market_maker - WARNING - Circuit breaker triggered, cancelling all orders
2025-03-12 22:38:48,683 - market_maker - INFO - Cancelling all open orders for USDT/USD
2025-03-12 22:38:48,683 - market_maker - INFO - Cancelled 0 open orders
2025-03-12 22:38:48,696 - market_maker - INFO - === Paper Trading Cycle 16/100 ===
2025-03-12 22:38:48,696 - market_maker - INFO - === Market Making Cycle: 2025-03-12 22:38:48.696463 ===
2025-03-12 22:38:48,697 - market_maker - WARNING - Stablecoin depeg detected! Price: 0.795158, deviation: 20.48%
2025-03-12 22:38:48,697 - market_maker - WARNING - Circuit breaker triggered, cancelling all orders
2025-03-12 22:38:48,697 - market_maker - INFO - Cancelling all open orders for USDT/USD
2025-03-12 22:38:48,697 - market_maker - INFO - Cancelled 0 open orders
2025-03-12 22:38:48,708 - market_maker - INFO - === Paper Trading Cycle 17/100 ===
2025-03-12 22:38:48,708 - market_maker - INFO - === Market Making Cycle: 2025-03-12 22:38:48.708459 ===
2025-03-12 22:38:48,709 - market_maker - WARNING - Stablecoin depeg detected! Price: 0.795158, deviation: 20.48%
2025-03-12 22:38:48,709 - market_maker - WARNING - Circuit breaker triggered, cancelling all orders
2025-03-12 22:38:48,709 - market_maker - INFO - Cancelling all open orders for USDT/USD
2025-03-12 22:38:48,709 - market_maker - INFO - Cancelled 0 open orders
2025-03-12 22:38:48,720 - market_maker - INFO - === Paper Trading Cycle 18/100 ===
2025-03-12 22:38:48,720 - market_maker - INFO - === Market Making Cycle: 2025-03-12 22:38:48.720693 ===
2025-03-12 22:38:48,721 - market_maker - WARNING - Stablecoin depeg detected! Price: 0.795158, deviation: 20.48%
2025-03-12 22:38:48,721 - market_maker - WARNING - Circuit breaker triggered, cancelling all orders
2025-03-12 22:38:48,721 - market_maker - INFO - Cancelling all open orders for USDT/USD
2025-03-12 22:38:48,721 - market_maker - INFO - Cancelled 0 open orders
2025-03-12 22:38:48,733 - market_maker - INFO - === Paper Trading Cycle 19/100 ===
2025-03-12 22:38:48,733 - market_maker - INFO - === Market Making Cycle: 2025-03-12 22:38:48.733976 ===
2025-03-12 22:38:48,734 - market_maker - WARNING - Stablecoin depeg detected! Price: 0.795158, deviation: 20.48%
2025-03-12 22:38:48,734 - market_maker - WARNING - Circuit breaker triggered, cancelling all orders
2025-03-12 22:38:48,734 - market_maker - INFO - Cancelling all open orders for USDT/USD
2025-03-12 22:38:48,734 - market_maker - INFO - Cancelled 0 open orders
2025-03-12 22:38:48,746 - market_maker - INFO - === Paper Trading Cycle 20/100 ===
2025-03-12 22:38:48,746 - market_maker - INFO - === Market Making Cycle: 2025-03-12 22:38:48.746115 ===
2025-03-12 22:38:48,747 - market_maker - WARNING - Stablecoin depeg detected! Price: 0.795158, deviation: 20.48%
2025-03-12 22:38:48,747 - market_maker - WARNING - Circuit breaker triggered, cancelling all orders
2025-03-12 22:38:48,747 - market_maker - INFO - Cancelling all open orders for USDT/USD
2025-03-12 22:38:48,747 - market_maker - INFO - Cancelled 0 open orders
2025-03-12 22:38:48,758 - market_maker - INFO - === Paper Trading Cycle 21/100 ===
2025-03-12 22:38:48,759 - market_maker - INFO - === Market Making Cycle: 2025-03-12 22:38:48.759010 ===
2025-03-12 22:38:48,760 - market_maker - WARNING - Stablecoin depeg detected! Price: 0.795158, deviation: 20.48%
2025-03-12 22:38:48,760 - market_maker - WARNING - Circuit breaker triggered, cancelling all orders
2025-03-12 22:38:48,760 - market_maker - INFO - Cancelling all open orders for USDT/USD
2025-03-12 22:38:48,760 - market_maker - INFO - Cancelled 0 open orders
2025-03-12 22:38:48,772 - market_maker - INFO - === Paper Trading Cycle 22/100 ===
2025-03-12 22:38:48,773 - market_maker - INFO - === Market Making Cycle: 2025-03-12 22:38:48.773126 ===
2025-03-12 22:38:48,774 - market_maker - WARNING - Stablecoin depeg detected! Price: 0.795158, deviation: 20.48%
2025-03-12 22:38:48,774 - market_maker - WARNING - Circuit breaker triggered, cancelling all orders
2025-03-12 22:38:48,774 - market_maker - INFO - Cancelling all open orders for USDT/USD
2025-03-12 22:38:48,774 - market_maker - INFO - Cancelled 0 open orders
2025-03-12 22:38:48,786 - market_maker - INFO - === Paper Trading Cycle 23/100 ===
2025-03-12 22:38:48,787 - market_maker - INFO - === Market Making Cycle: 2025-03-12 22:38:48.787077 ===
2025-03-12 22:38:48,788 - market_maker - WARNING - Stablecoin depeg detected! Price: 0.795158, deviation: 20.48%
2025-03-12 22:38:48,788 - market_maker - WARNING - Circuit breaker triggered, cancelling all orders
2025-03-12 22:38:48,788 - market_maker - INFO - Cancelling all open orders for USDT/USD
2025-03-12 22:38:48,788 - market_maker - INFO - Cancelled 0 open orders
2025-03-12 22:38:48,801 - market_maker - INFO - === Paper Trading Cycle 24/100 ===
2025-03-12 22:38:48,801 - market_maker - INFO - === Market Making Cycle: 2025-03-12 22:38:48.801198 ===
2025-03-12 22:38:48,802 - market_maker - WARNING - Stablecoin depeg detected! Price: 0.795158, deviation: 20.48%
2025-03-12 22:38:48,802 - market_maker - WARNING - Circuit breaker triggered, cancelling all orders
2025-03-12 22:38:48,802 - market_maker - INFO - Cancelling all open orders for USDT/USD
2025-03-12 22:38:48,802 - market_maker - INFO - Cancelled 0 open orders
2025-03-12 22:38:48,815 - market_maker - INFO - === Paper Trading Cycle 25/100 ===
2025-03-12 22:38:48,815 - market_maker - INFO - === Market Making Cycle: 2025-03-12 22:38:48.815149 ===
2025-03-12 22:38:48,816 - market_maker - WARNING - Stablecoin depeg detected! Price: 0.795158, deviation: 20.48%
2025-03-12 22:38:48,816 - market_maker - WARNING - Circuit breaker triggered, cancelling all orders
2025-03-12 22:38:48,816 - market_maker - INFO - Cancelling all open orders for USDT/USD
2025-03-12 22:38:48,816 - market_maker - INFO - Cancelled 0 open orders
2025-03-12 22:38:48,827 - market_maker - INFO - === Paper Trading Cycle 26/100 ===
2025-03-12 22:38:48,827 - market_maker - INFO - === Market Making Cycle: 2025-03-12 22:38:48.827874 ===
2025-03-12 22:38:48,828 - market_maker - WARNING - Stablecoin depeg detected! Price: 0.795158, deviation: 20.48%
2025-03-12 22:38:48,829 - market_maker - WARNING - Circuit breaker triggered, cancelling all orders
2025-03-12 22:38:48,829 - market_maker - INFO - Cancelling all open orders for USDT/USD
2025-03-12 22:38:48,829 - market_maker - INFO - Cancelled 0 open orders
2025-03-12 22:38:48,841 - market_maker - INFO - === Paper Trading Cycle 27/100 ===
2025-03-12 22:38:48,841 - market_maker - INFO - === Market Making Cycle: 2025-03-12 22:38:48.841903 ===
2025-03-12 22:38:48,843 - market_maker - WARNING - Stablecoin depeg detected! Price: 0.795158, deviation: 20.48%
2025-03-12 22:38:48,843 - market_maker - WARNING - Circuit breaker triggered, cancelling all orders
2025-03-12 22:38:48,843 - market_maker - INFO - Cancelling all open orders for USDT/USD
2025-03-12 22:38:48,843 - market_maker - INFO - Cancelled 0 open orders
2025-03-12 22:38:48,856 - market_maker - INFO - === Paper Trading Cycle 28/100 ===
2025-03-12 22:38:48,856 - market_maker - INFO - === Market Making Cycle: 2025-03-12 22:38:48.856134 ===
2025-03-12 22:38:48,857 - market_maker - WARNING - Stablecoin depeg detected! Price: 0.795158, deviation: 20.48%
2025-03-12 22:38:48,857 - market_maker - WARNING - Circuit breaker triggered, cancelling all orders
2025-03-12 22:38:48,857 - market_maker - INFO - Cancelling all open orders for USDT/USD
2025-03-12 22:38:48,857 - market_maker - INFO - Cancelled 0 open orders
2025-03-12 22:38:48,870 - market_maker - INFO - === Paper Trading Cycle 29/100 ===
2025-03-12 22:38:48,870 - market_maker - INFO - === Market Making Cycle: 2025-03-12 22:38:48.870211 ===
2025-03-12 22:38:48,871 - market_maker - WARNING - Stablecoin depeg detected! Price: 0.795158, deviation: 20.48%
2025-03-12 22:38:48,871 - market_maker - WARNING - Circuit breaker triggered, cancelling all orders
2025-03-12 22:38:48,871 - market_maker - INFO - Cancelling all open orders for USDT/USD
2025-03-12 22:38:48,871 - market_maker - INFO - Cancelled 0 open orders
2025-03-12 22:38:48,883 - market_maker - INFO - === Paper Trading Cycle 30/100 ===
2025-03-12 22:38:48,884 - market_maker - INFO - === Market Making Cycle: 2025-03-12 22:38:48.884016 ===
2025-03-12 22:38:48,885 - market_maker - WARNING - Stablecoin depeg detected! Price: 0.795158, deviation: 20.48%
2025-03-12 22:38:48,885 - market_maker - WARNING - Circuit breaker triggered, cancelling all orders
2025-03-12 22:38:48,885 - market_maker - INFO - Cancelling all open orders for USDT/USD
2025-03-12 22:38:48,885 - market_maker - INFO - Cancelled 0 open orders
2025-03-12 22:38:48,897 - market_maker - INFO - === Paper Trading Cycle 31/100 ===
2025-03-12 22:38:48,898 - market_maker - INFO - === Market Making Cycle: 2025-03-12 22:38:48.898145 ===
2025-03-12 22:38:48,899 - market_maker - WARNING - Stablecoin depeg detected! Price: 0.795158, deviation: 20.48%
2025-03-12 22:38:48,899 - market_maker - WARNING - Circuit breaker triggered, cancelling all orders
2025-03-12 22:38:48,899 - market_maker - INFO - Cancelling all open orders for USDT/USD
2025-03-12 22:38:48,899 - market_maker - INFO - Cancelled 0 open orders
2025-03-12 22:38:48,912 - market_maker - INFO - === Paper Trading Cycle 32/100 ===
2025-03-12 22:38:48,912 - market_maker - INFO - === Market Making Cycle: 2025-03-12 22:38:48.912459 ===
2025-03-12 22:38:48,913 - market_maker - WARNING - Stablecoin depeg detected! Price: 0.795158, deviation: 20.48%
2025-03-12 22:38:48,913 - market_maker - WARNING - Circuit breaker triggered, cancelling all orders
2025-03-12 22:38:48,913 - market_maker - INFO - Cancelling all open orders for USDT/USD
2025-03-12 22:38:48,913 - market_maker - INFO - Cancelled 0 open orders
2025-03-12 22:38:48,925 - market_maker - INFO - === Paper Trading Cycle 33/100 ===
2025-03-12 22:38:48,925 - market_maker - INFO - === Market Making Cycle: 2025-03-12 22:38:48.925672 ===
2025-03-12 22:38:48,927 - market_maker - WARNING - Stablecoin depeg detected! Price: 0.795158, deviation: 20.48%
2025-03-12 22:38:48,927 - market_maker - WARNING - Circuit breaker triggered, cancelling all orders
2025-03-12 22:38:48,927 - market_maker - INFO - Cancelling all open orders for USDT/USD
2025-03-12 22:38:48,927 - market_maker - INFO - Cancelled 0 open orders
2025-03-12 22:38:48,940 - market_maker - INFO - === Paper Trading Cycle 34/100 ===
2025-03-12 22:38:48,940 - market_maker - INFO - === Market Making Cycle: 2025-03-12 22:38:48.940135 ===
2025-03-12 22:38:48,941 - market_maker - WARNING - Stablecoin depeg detected! Price: 0.795158, deviation: 20.48%
2025-03-12 22:38:48,941 - market_maker - WARNING - Circuit breaker triggered, cancelling all orders
2025-03-12 22:38:48,941 - market_maker - INFO - Cancelling all open orders for USDT/USD
2025-03-12 22:38:48,941 - market_maker - INFO - Cancelled 0 open orders
2025-03-12 22:38:48,952 - market_maker - INFO - === Paper Trading Cycle 35/100 ===
2025-03-12 22:38:48,953 - market_maker - INFO - === Market Making Cycle: 2025-03-12 22:38:48.953100 ===
2025-03-12 22:38:48,954 - market_maker - WARNING - Stablecoin depeg detected! Price: 0.795158, deviation: 20.48%
2025-03-12 22:38:48,954 - market_maker - WARNING - Circuit breaker triggered, cancelling all orders
2025-03-12 22:38:48,954 - market_maker - INFO - Cancelling all open orders for USDT/USD
2025-03-12 22:38:48,954 - market_maker - INFO - Cancelled 0 open orders
2025-03-12 22:38:48,967 - market_maker - INFO - === Paper Trading Cycle 36/100 ===
2025-03-12 22:38:48,967 - market_maker - INFO - === Market Making Cycle: 2025-03-12 22:38:48.967254 ===
2025-03-12 22:38:48,968 - market_maker - WARNING - Stablecoin depeg detected! Price: 0.795158, deviation: 20.48%
2025-03-12 22:38:48,968 - market_maker - WARNING - Circuit breaker triggered, cancelling all orders
2025-03-12 22:38:48,968 - market_maker - INFO - Cancelling all open orders for USDT/USD
2025-03-12 22:38:48,968 - market_maker - INFO - Cancelled 0 open orders
2025-03-12 22:38:48,981 - market_maker - INFO - === Paper Trading Cycle 37/100 ===
2025-03-12 22:38:48,981 - market_maker - INFO - === Market Making Cycle: 2025-03-12 22:38:48.981521 ===
2025-03-12 22:38:48,983 - market_maker - WARNING - Stablecoin depeg detected! Price: 0.795158, deviation: 20.48%
2025-03-12 22:38:48,983 - market_maker - WARNING - Circuit breaker triggered, cancelling all orders
2025-03-12 22:38:48,983 - market_maker - INFO - Cancelling all open orders for USDT/USD
2025-03-12 22:38:48,983 - market_maker - INFO - Cancelled 0 open orders
2025-03-12 22:38:48,996 - market_maker - INFO - === Paper Trading Cycle 38/100 ===
2025-03-12 22:38:48,996 - market_maker - INFO - === Market Making Cycle: 2025-03-12 22:38:48.996192 ===
2025-03-12 22:38:48,997 - market_maker - WARNING - Stablecoin depeg detected! Price: 0.795158, deviation: 20.48%
2025-03-12 22:38:48,997 - market_maker - WARNING - Circuit breaker triggered, cancelling all orders
2025-03-12 22:38:48,997 - market_maker - INFO - Cancelling all open orders for USDT/USD
2025-03-12 22:38:48,997 - market_maker - INFO - Cancelled 0 open orders
2025-03-12 22:38:49,010 - market_maker - INFO - === Paper Trading Cycle 39/100 ===
2025-03-12 22:38:49,010 - market_maker - INFO - === Market Making Cycle: 2025-03-12 22:38:49.010517 ===
2025-03-12 22:38:49,011 - market_maker - WARNING - Stablecoin depeg detected! Price: 0.795158, deviation: 20.48%
2025-03-12 22:38:49,011 - market_maker - WARNING - Circuit breaker triggered, cancelling all orders
2025-03-12 22:38:49,011 - market_maker - INFO - Cancelling all open orders for USDT/USD
2025-03-12 22:38:49,012 - market_maker - INFO - Cancelled 0 open orders
2025-03-12 22:38:49,022 - market_maker - INFO - === Paper Trading Cycle 40/100 ===
2025-03-12 22:38:49,022 - market_maker - INFO - === Market Making Cycle: 2025-03-12 22:38:49.022418 ===
2025-03-12 22:38:49,023 - market_maker - WARNING - Stablecoin depeg detected! Price: 0.795158, deviation: 20.48%
2025-03-12 22:38:49,023 - market_maker - WARNING - Circuit breaker triggered, cancelling all orders
2025-03-12 22:38:49,023 - market_maker - INFO - Cancelling all open orders for USDT/USD
2025-03-12 22:38:49,023 - market_maker - INFO - Cancelled 0 open orders
2025-03-12 22:38:49,036 - market_maker - INFO - === Paper Trading Cycle 41/100 ===
2025-03-12 22:38:49,036 - market_maker - INFO - === Market Making Cycle: 2025-03-12 22:38:49.036529 ===
2025-03-12 22:38:49,037 - market_maker - WARNING - Stablecoin depeg detected! Price: 0.795158, deviation: 20.48%
2025-03-12 22:38:49,037 - market_maker - WARNING - Circuit breaker triggered, cancelling all orders
2025-03-12 22:38:49,038 - market_maker - INFO - Cancelling all open orders for USDT/USD
2025-03-12 22:38:49,038 - market_maker - INFO - Cancelled 0 open orders
2025-03-12 22:38:49,050 - market_maker - INFO - === Paper Trading Cycle 42/100 ===
2025-03-12 22:38:49,050 - market_maker - INFO - === Market Making Cycle: 2025-03-12 22:38:49.050596 ===
2025-03-12 22:38:49,051 - market_maker - WARNING - Stablecoin depeg detected! Price: 0.795158, deviation: 20.48%
2025-03-12 22:38:49,052 - market_maker - WARNING - Circuit breaker triggered, cancelling all orders
2025-03-12 22:38:49,052 - market_maker - INFO - Cancelling all open orders for USDT/USD
2025-03-12 22:38:49,052 - market_maker - INFO - Cancelled 0 open orders
2025-03-12 22:38:49,062 - market_maker - INFO - === Paper Trading Cycle 43/100 ===
2025-03-12 22:38:49,063 - market_maker - INFO - === Market Making Cycle: 2025-03-12 22:38:49.063067 ===
2025-03-12 22:38:49,064 - market_maker - WARNING - Stablecoin depeg detected! Price: 0.795158, deviation: 20.48%
2025-03-12 22:38:49,064 - market_maker - WARNING - Circuit breaker triggered, cancelling all orders
2025-03-12 22:38:49,064 - market_maker - INFO - Cancelling all open orders for USDT/USD
2025-03-12 22:38:49,064 - market_maker - INFO - Cancelled 0 open orders
2025-03-12 22:38:49,075 - market_maker - INFO - === Paper Trading Cycle 44/100 ===
2025-03-12 22:38:49,075 - market_maker - INFO - === Market Making Cycle: 2025-03-12 22:38:49.075183 ===
2025-03-12 22:38:49,076 - market_maker - WARNING - Stablecoin depeg detected! Price: 0.795158, deviation: 20.48%
2025-03-12 22:38:49,076 - market_maker - WARNING - Circuit breaker triggered, cancelling all orders
2025-03-12 22:38:49,076 - market_maker - INFO - Cancelling all open orders for USDT/USD
2025-03-12 22:38:49,076 - market_maker - INFO - Cancelled 0 open orders
2025-03-12 22:38:49,089 - market_maker - INFO - === Paper Trading Cycle 45/100 ===
2025-03-12 22:38:49,089 - market_maker - INFO - === Market Making Cycle: 2025-03-12 22:38:49.089297 ===
2025-03-12 22:38:49,090 - market_maker - WARNING - Stablecoin depeg detected! Price: 0.795158, deviation: 20.48%
2025-03-12 22:38:49,090 - market_maker - WARNING - Circuit breaker triggered, cancelling all orders
2025-03-12 22:38:49,090 - market_maker - INFO - Cancelling all open orders for USDT/USD
2025-03-12 22:38:49,090 - market_maker - INFO - Cancelled 0 open orders
2025-03-12 22:38:49,103 - market_maker - INFO - === Paper Trading Cycle 46/100 ===
2025-03-12 22:38:49,103 - market_maker - INFO - === Market Making Cycle: 2025-03-12 22:38:49.103514 ===
2025-03-12 22:38:49,104 - market_maker - WARNING - Stablecoin depeg detected! Price: 0.795158, deviation: 20.48%
2025-03-12 22:38:49,104 - market_maker - WARNING - Circuit breaker triggered, cancelling all orders
2025-03-12 22:38:49,104 - market_maker - INFO - Cancelling all open orders for USDT/USD
2025-03-12 22:38:49,104 - market_maker - INFO - Cancelled 0 open orders
2025-03-12 22:38:49,117 - market_maker - INFO - === Paper Trading Cycle 47/100 ===
2025-03-12 22:38:49,117 - market_maker - INFO - === Market Making Cycle: 2025-03-12 22:38:49.117385 ===
2025-03-12 22:38:49,118 - market_maker - WARNING - Stablecoin depeg detected! Price: 0.795158, deviation: 20.48%
2025-03-12 22:38:49,118 - market_maker - WARNING - Circuit breaker triggered, cancelling all orders
2025-03-12 22:38:49,118 - market_maker - INFO - Cancelling all open orders for USDT/USD
2025-03-12 22:38:49,118 - market_maker - INFO - Cancelled 0 open orders
2025-03-12 22:38:49,131 - market_maker - INFO - === Paper Trading Cycle 48/100 ===
2025-03-12 22:38:49,131 - market_maker - INFO - === Market Making Cycle: 2025-03-12 22:38:49.131331 ===
2025-03-12 22:38:49,132 - market_maker - WARNING - Stablecoin depeg detected! Price: 0.795158, deviation: 20.48%
2025-03-12 22:38:49,132 - market_maker - WARNING - Circuit breaker triggered, cancelling all orders
2025-03-12 22:38:49,132 - market_maker - INFO - Cancelling all open orders for USDT/USD
2025-03-12 22:38:49,132 - market_maker - INFO - Cancelled 0 open orders
2025-03-12 22:38:49,143 - market_maker - INFO - === Paper Trading Cycle 49/100 ===
2025-03-12 22:38:49,143 - market_maker - INFO - === Market Making Cycle: 2025-03-12 22:38:49.143946 ===
2025-03-12 22:38:49,144 - market_maker - WARNING - Stablecoin depeg detected! Price: 0.795158, deviation: 20.48%
2025-03-12 22:38:49,145 - market_maker - WARNING - Circuit breaker triggered, cancelling all orders
2025-03-12 22:38:49,145 - market_maker - INFO - Cancelling all open orders for USDT/USD
2025-03-12 22:38:49,145 - market_maker - INFO - Cancelled 0 open orders
2025-03-12 22:38:49,157 - market_maker - INFO - === Paper Trading Cycle 50/100 ===
2025-03-12 22:38:49,157 - market_maker - INFO - === Market Making Cycle: 2025-03-12 22:38:49.157774 ===
2025-03-12 22:38:49,158 - market_maker - WARNING - Stablecoin depeg detected! Price: 0.795158, deviation: 20.48%
2025-03-12 22:38:49,158 - market_maker - WARNING - Circuit breaker triggered, cancelling all orders
2025-03-12 22:38:49,158 - market_maker - INFO - Cancelling all open orders for USDT/USD
2025-03-12 22:38:49,158 - market_maker - INFO - Cancelled 0 open orders
2025-03-12 22:38:49,169 - market_maker - INFO - === Paper Trading Cycle 51/100 ===
2025-03-12 22:38:49,170 - market_maker - INFO - === Market Making Cycle: 2025-03-12 22:38:49.170082 ===
2025-03-12 22:38:49,171 - market_maker - WARNING - Stablecoin depeg detected! Price: 0.795158, deviation: 20.48%
2025-03-12 22:38:49,171 - market_maker - WARNING - Circuit breaker triggered, cancelling all orders
2025-03-12 22:38:49,171 - market_maker - INFO - Cancelling all open orders for USDT/USD
2025-03-12 22:38:49,171 - market_maker - INFO - Cancelled 0 open orders
2025-03-12 22:38:49,184 - market_maker - INFO - === Paper Trading Cycle 52/100 ===
2025-03-12 22:38:49,184 - market_maker - INFO - === Market Making Cycle: 2025-03-12 22:38:49.184250 ===
2025-03-12 22:38:49,185 - market_maker - WARNING - Stablecoin depeg detected! Price: 0.795158, deviation: 20.48%
2025-03-12 22:38:49,185 - market_maker - WARNING - Circuit breaker triggered, cancelling all orders
2025-03-12 22:38:49,185 - market_maker - INFO - Cancelling all open orders for USDT/USD
2025-03-12 22:38:49,185 - market_maker - INFO - Cancelled 0 open orders
2025-03-12 22:38:49,196 - market_maker - INFO - === Paper Trading Cycle 53/100 ===
2025-03-12 22:38:49,196 - market_maker - INFO - === Market Making Cycle: 2025-03-12 22:38:49.196718 ===
2025-03-12 22:38:49,197 - market_maker - WARNING - Stablecoin depeg detected! Price: 0.795158, deviation: 20.48%
2025-03-12 22:38:49,197 - market_maker - WARNING - Circuit breaker triggered, cancelling all orders
2025-03-12 22:38:49,197 - market_maker - INFO - Cancelling all open orders for USDT/USD
2025-03-12 22:38:49,197 - market_maker - INFO - Cancelled 0 open orders
2025-03-12 22:38:49,210 - market_maker - INFO - === Paper Trading Cycle 54/100 ===
2025-03-12 22:38:49,210 - market_maker - INFO - === Market Making Cycle: 2025-03-12 22:38:49.210487 ===
2025-03-12 22:38:49,211 - market_maker - WARNING - Stablecoin depeg detected! Price: 0.795158, deviation: 20.48%
2025-03-12 22:38:49,211 - market_maker - WARNING - Circuit breaker triggered, cancelling all orders
2025-03-12 22:38:49,211 - market_maker - INFO - Cancelling all open orders for USDT/USD
2025-03-12 22:38:49,211 - market_maker - INFO - Cancelled 0 open orders
2025-03-12 22:38:49,224 - market_maker - INFO - === Paper Trading Cycle 55/100 ===
2025-03-12 22:38:49,224 - market_maker - INFO - === Market Making Cycle: 2025-03-12 22:38:49.224239 ===
2025-03-12 22:38:49,225 - market_maker - WARNING - Stablecoin depeg detected! Price: 0.795158, deviation: 20.48%
2025-03-12 22:38:49,225 - market_maker - WARNING - Circuit breaker triggered, cancelling all orders
2025-03-12 22:38:49,225 - market_maker - INFO - Cancelling all open orders for USDT/USD
2025-03-12 22:38:49,225 - market_maker - INFO - Cancelled 0 open orders
2025-03-12 22:38:49,236 - market_maker - INFO - === Paper Trading Cycle 56/100 ===
2025-03-12 22:38:49,237 - market_maker - INFO - === Market Making Cycle: 2025-03-12 22:38:49.237086 ===
2025-03-12 22:38:49,237 - market_maker - WARNING - Stablecoin depeg detected! Price: 0.795158, deviation: 20.48%
2025-03-12 22:38:49,238 - market_maker - WARNING - Circuit breaker triggered, cancelling all orders
2025-03-12 22:38:49,238 - market_maker - INFO - Cancelling all open orders for USDT/USD
2025-03-12 22:38:49,238 - market_maker - INFO - Cancelled 0 open orders
2025-03-12 22:38:49,250 - market_maker - INFO - === Paper Trading Cycle 57/100 ===
2025-03-12 22:38:49,251 - market_maker - INFO - === Market Making Cycle: 2025-03-12 22:38:49.250989 ===
2025-03-12 22:38:49,251 - market_maker - WARNING - Stablecoin depeg detected! Price: 0.795158, deviation: 20.48%
2025-03-12 22:38:49,251 - market_maker - WARNING - Circuit breaker triggered, cancelling all orders
2025-03-12 22:38:49,252 - market_maker - INFO - Cancelling all open orders for USDT/USD
2025-03-12 22:38:49,252 - market_maker - INFO - Cancelled 0 open orders
2025-03-12 22:38:49,264 - market_maker - INFO - === Paper Trading Cycle 58/100 ===
2025-03-12 22:38:49,264 - market_maker - INFO - === Market Making Cycle: 2025-03-12 22:38:49.264825 ===
2025-03-12 22:38:49,265 - market_maker - WARNING - Stablecoin depeg detected! Price: 0.795158, deviation: 20.48%
2025-03-12 22:38:49,266 - market_maker - WARNING - Circuit breaker triggered, cancelling all orders
2025-03-12 22:38:49,266 - market_maker - INFO - Cancelling all open orders for USDT/USD
2025-03-12 22:38:49,266 - market_maker - INFO - Cancelled 0 open orders
2025-03-12 22:38:49,278 - market_maker - INFO - === Paper Trading Cycle 59/100 ===
2025-03-12 22:38:49,278 - market_maker - INFO - === Market Making Cycle: 2025-03-12 22:38:49.278867 ===
2025-03-12 22:38:49,279 - market_maker - WARNING - Stablecoin depeg detected! Price: 0.795158, deviation: 20.48%
2025-03-12 22:38:49,279 - market_maker - WARNING - Circuit breaker triggered, cancelling all orders
2025-03-12 22:38:49,279 - market_maker - INFO - Cancelling all open orders for USDT/USD
2025-03-12 22:38:49,279 - market_maker - INFO - Cancelled 0 open orders
2025-03-12 22:38:49,292 - market_maker - INFO - === Paper Trading Cycle 60/100 ===
2025-03-12 22:38:49,292 - market_maker - INFO - === Market Making Cycle: 2025-03-12 22:38:49.292585 ===
2025-03-12 22:38:49,293 - market_maker - WARNING - Stablecoin depeg detected! Price: 0.795158, deviation: 20.48%
2025-03-12 22:38:49,293 - market_maker - WARNING - Circuit breaker triggered, cancelling all orders
2025-03-12 22:38:49,293 - market_maker - INFO - Cancelling all open orders for USDT/USD
2025-03-12 22:38:49,293 - market_maker - INFO - Cancelled 0 open orders
2025-03-12 22:38:49,306 - market_maker - INFO - === Paper Trading Cycle 61/100 ===
2025-03-12 22:38:49,306 - market_maker - INFO - === Market Making Cycle: 2025-03-12 22:38:49.306085 ===
2025-03-12 22:38:49,306 - market_maker - WARNING - Stablecoin depeg detected! Price: 0.795158, deviation: 20.48%
2025-03-12 22:38:49,306 - market_maker - WARNING - Circuit breaker triggered, cancelling all orders
2025-03-12 22:38:49,306 - market_maker - INFO - Cancelling all open orders for USDT/USD
2025-03-12 22:38:49,306 - market_maker - INFO - Cancelled 0 open orders
2025-03-12 22:38:49,319 - market_maker - INFO - === Paper Trading Cycle 62/100 ===
2025-03-12 22:38:49,319 - market_maker - INFO - === Market Making Cycle: 2025-03-12 22:38:49.319708 ===
2025-03-12 22:38:49,320 - market_maker - WARNING - Stablecoin depeg detected! Price: 0.795158, deviation: 20.48%
2025-03-12 22:38:49,320 - market_maker - WARNING - Circuit breaker triggered, cancelling all orders
2025-03-12 22:38:49,320 - market_maker - INFO - Cancelling all open orders for USDT/USD
2025-03-12 22:38:49,320 - market_maker - INFO - Cancelled 0 open orders
2025-03-12 22:38:49,333 - market_maker - INFO - === Paper Trading Cycle 63/100 ===
2025-03-12 22:38:49,333 - market_maker - INFO - === Market Making Cycle: 2025-03-12 22:38:49.333454 ===
2025-03-12 22:38:49,334 - market_maker - WARNING - Stablecoin depeg detected! Price: 0.795158, deviation: 20.48%
2025-03-12 22:38:49,334 - market_maker - WARNING - Circuit breaker triggered, cancelling all orders
2025-03-12 22:38:49,334 - market_maker - INFO - Cancelling all open orders for USDT/USD
2025-03-12 22:38:49,334 - market_maker - INFO - Cancelled 0 open orders
2025-03-12 22:38:49,347 - market_maker - INFO - === Paper Trading Cycle 64/100 ===
2025-03-12 22:38:49,347 - market_maker - INFO - === Market Making Cycle: 2025-03-12 22:38:49.347439 ===
2025-03-12 22:38:49,348 - market_maker - WARNING - Stablecoin depeg detected! Price: 0.795158, deviation: 20.48%
2025-03-12 22:38:49,348 - market_maker - WARNING - Circuit breaker triggered, cancelling all orders
2025-03-12 22:38:49,348 - market_maker - INFO - Cancelling all open orders for USDT/USD
2025-03-12 22:38:49,348 - market_maker - INFO - Cancelled 0 open orders
2025-03-12 22:38:49,358 - market_maker - INFO - === Paper Trading Cycle 65/100 ===
2025-03-12 22:38:49,358 - market_maker - INFO - === Market Making Cycle: 2025-03-12 22:38:49.358802 ===
2025-03-12 22:38:49,359 - market_maker - WARNING - Stablecoin depeg detected! Price: 0.795158, deviation: 20.48%
2025-03-12 22:38:49,359 - market_maker - WARNING - Circuit breaker triggered, cancelling all orders
2025-03-12 22:38:49,359 - market_maker - INFO - Cancelling all open orders for USDT/USD
2025-03-12 22:38:49,359 - market_maker - INFO - Cancelled 0 open orders
2025-03-12 22:38:49,372 - market_maker - INFO - === Paper Trading Cycle 66/100 ===
2025-03-12 22:38:49,372 - market_maker - INFO - === Market Making Cycle: 2025-03-12 22:38:49.372544 ===
2025-03-12 22:38:49,373 - market_maker - WARNING - Stablecoin depeg detected! Price: 0.795158, deviation: 20.48%
2025-03-12 22:38:49,373 - market_maker - WARNING - Circuit breaker triggered, cancelling all orders
2025-03-12 22:38:49,373 - market_maker - INFO - Cancelling all open orders for USDT/USD
2025-03-12 22:38:49,373 - market_maker - INFO - Cancelled 0 open orders
2025-03-12 22:38:49,386 - market_maker - INFO - === Paper Trading Cycle 67/100 ===
2025-03-12 22:38:49,386 - market_maker - INFO - === Market Making Cycle: 2025-03-12 22:38:49.386538 ===
2025-03-12 22:38:49,387 - market_maker - WARNING - Stablecoin depeg detected! Price: 0.795158, deviation: 20.48%
2025-03-12 22:38:49,387 - market_maker - WARNING - Circuit breaker triggered, cancelling all orders
2025-03-12 22:38:49,387 - market_maker - INFO - Cancelling all open orders for USDT/USD
2025-03-12 22:38:49,387 - market_maker - INFO - Cancelled 0 open orders
2025-03-12 22:38:49,400 - market_maker - INFO - === Paper Trading Cycle 68/100 ===
2025-03-12 22:38:49,400 - market_maker - INFO - === Market Making Cycle: 2025-03-12 22:38:49.400463 ===
2025-03-12 22:38:49,401 - market_maker - WARNING - Stablecoin depeg detected! Price: 0.795158, deviation: 20.48%
2025-03-12 22:38:49,401 - market_maker - WARNING - Circuit breaker triggered, cancelling all orders
2025-03-12 22:38:49,401 - market_maker - INFO - Cancelling all open orders for USDT/USD
2025-03-12 22:38:49,401 - market_maker - INFO - Cancelled 0 open orders
2025-03-12 22:38:49,414 - market_maker - INFO - === Paper Trading Cycle 69/100 ===
2025-03-12 22:38:49,414 - market_maker - INFO - === Market Making Cycle: 2025-03-12 22:38:49.414729 ===
2025-03-12 22:38:49,415 - market_maker - WARNING - Stablecoin depeg detected! Price: 0.795158, deviation: 20.48%
2025-03-12 22:38:49,416 - market_maker - WARNING - Circuit breaker triggered, cancelling all orders
2025-03-12 22:38:49,416 - market_maker - INFO - Cancelling all open orders for USDT/USD
2025-03-12 22:38:49,416 - market_maker - INFO - Cancelled 0 open orders
2025-03-12 22:38:49,429 - market_maker - INFO - === Paper Trading Cycle 70/100 ===
2025-03-12 22:38:49,432 - market_maker - INFO - === Market Making Cycle: 2025-03-12 22:38:49.432770 ===
2025-03-12 22:38:49,437 - market_maker - WARNING - Stablecoin depeg detected! Price: 0.795158, deviation: 20.48%
2025-03-12 22:38:49,437 - market_maker - WARNING - Circuit breaker triggered, cancelling all orders
2025-03-12 22:38:49,437 - market_maker - INFO - Cancelling all open orders for USDT/USD
2025-03-12 22:38:49,437 - market_maker - INFO - Cancelled 0 open orders
2025-03-12 22:38:49,450 - market_maker - INFO - === Paper Trading Cycle 71/100 ===
2025-03-12 22:38:49,450 - market_maker - INFO - === Market Making Cycle: 2025-03-12 22:38:49.450501 ===
2025-03-12 22:38:49,457 - market_maker - WARNING - Stablecoin depeg detected! Price: 0.795158, deviation: 20.48%
2025-03-12 22:38:49,461 - market_maker - WARNING - Circuit breaker triggered, cancelling all orders
2025-03-12 22:38:49,461 - market_maker - INFO - Cancelling all open orders for USDT/USD
2025-03-12 22:38:49,461 - market_maker - INFO - Cancelled 0 open orders
2025-03-12 22:38:49,474 - market_maker - INFO - === Paper Trading Cycle 72/100 ===
2025-03-12 22:38:49,474 - market_maker - INFO - === Market Making Cycle: 2025-03-12 22:38:49.474571 ===
2025-03-12 22:38:49,475 - market_maker - WARNING - Stablecoin depeg detected! Price: 0.795158, deviation: 20.48%
2025-03-12 22:38:49,475 - market_maker - WARNING - Circuit breaker triggered, cancelling all orders
2025-03-12 22:38:49,475 - market_maker - INFO - Cancelling all open orders for USDT/USD
2025-03-12 22:38:49,475 - market_maker - INFO - Cancelled 0 open orders
2025-03-12 22:38:49,489 - market_maker - INFO - === Paper Trading Cycle 73/100 ===
2025-03-12 22:38:49,489 - market_maker - INFO - === Market Making Cycle: 2025-03-12 22:38:49.489462 ===
2025-03-12 22:38:49,490 - market_maker - WARNING - Stablecoin depeg detected! Price: 0.795158, deviation: 20.48%
2025-03-12 22:38:49,490 - market_maker - WARNING - Circuit breaker triggered, cancelling all orders
2025-03-12 22:38:49,490 - market_maker - INFO - Cancelling all open orders for USDT/USD
2025-03-12 22:38:49,490 - market_maker - INFO - Cancelled 0 open orders
2025-03-12 22:38:49,502 - market_maker - INFO - === Paper Trading Cycle 74/100 ===
2025-03-12 22:38:49,503 - market_maker - INFO - === Market Making Cycle: 2025-03-12 22:38:49.503105 ===
2025-03-12 22:38:49,503 - market_maker - WARNING - Stablecoin depeg detected! Price: 0.795158, deviation: 20.48%
2025-03-12 22:38:49,504 - market_maker - WARNING - Circuit breaker triggered, cancelling all orders
2025-03-12 22:38:49,504 - market_maker - INFO - Cancelling all open orders for USDT/USD
2025-03-12 22:38:49,504 - market_maker - INFO - Cancelled 0 open orders
2025-03-12 22:38:49,515 - market_maker - INFO - === Paper Trading Cycle 75/100 ===
2025-03-12 22:38:49,516 - market_maker - INFO - === Market Making Cycle: 2025-03-12 22:38:49.516028 ===
2025-03-12 22:38:49,516 - market_maker - WARNING - Stablecoin depeg detected! Price: 0.795158, deviation: 20.48%
2025-03-12 22:38:49,516 - market_maker - WARNING - Circuit breaker triggered, cancelling all orders
2025-03-12 22:38:49,516 - market_maker - INFO - Cancelling all open orders for USDT/USD
2025-03-12 22:38:49,517 - market_maker - INFO - Cancelled 0 open orders
2025-03-12 22:38:49,529 - market_maker - INFO - === Paper Trading Cycle 76/100 ===
2025-03-12 22:38:49,529 - market_maker - INFO - === Market Making Cycle: 2025-03-12 22:38:49.529656 ===
2025-03-12 22:38:49,530 - market_maker - WARNING - Stablecoin depeg detected! Price: 0.795158, deviation: 20.48%
2025-03-12 22:38:49,530 - market_maker - WARNING - Circuit breaker triggered, cancelling all orders
2025-03-12 22:38:49,530 - market_maker - INFO - Cancelling all open orders for USDT/USD
2025-03-12 22:38:49,530 - market_maker - INFO - Cancelled 0 open orders
2025-03-12 22:38:49,541 - market_maker - INFO - === Paper Trading Cycle 77/100 ===
2025-03-12 22:38:49,542 - market_maker - INFO - === Market Making Cycle: 2025-03-12 22:38:49.542058 ===
2025-03-12 22:38:49,542 - market_maker - WARNING - Stablecoin depeg detected! Price: 0.795158, deviation: 20.48%
2025-03-12 22:38:49,542 - market_maker - WARNING - Circuit breaker triggered, cancelling all orders
2025-03-12 22:38:49,542 - market_maker - INFO - Cancelling all open orders for USDT/USD
2025-03-12 22:38:49,542 - market_maker - INFO - Cancelled 0 open orders
2025-03-12 22:38:49,555 - market_maker - INFO - === Paper Trading Cycle 78/100 ===
2025-03-12 22:38:49,555 - market_maker - INFO - === Market Making Cycle: 2025-03-12 22:38:49.555634 ===
2025-03-12 22:38:49,556 - market_maker - WARNING - Stablecoin depeg detected! Price: 0.795158, deviation: 20.48%
2025-03-12 22:38:49,556 - market_maker - WARNING - Circuit breaker triggered, cancelling all orders
2025-03-12 22:38:49,556 - market_maker - INFO - Cancelling all open orders for USDT/USD
2025-03-12 22:38:49,556 - market_maker - INFO - Cancelled 0 open orders
2025-03-12 22:38:49,567 - market_maker - INFO - === Paper Trading Cycle 79/100 ===
2025-03-12 22:38:49,567 - market_maker - INFO - === Market Making Cycle: 2025-03-12 22:38:49.567662 ===
2025-03-12 22:38:49,568 - market_maker - WARNING - Stablecoin depeg detected! Price: 0.795158, deviation: 20.48%
2025-03-12 22:38:49,568 - market_maker - WARNING - Circuit breaker triggered, cancelling all orders
2025-03-12 22:38:49,568 - market_maker - INFO - Cancelling all open orders for USDT/USD
2025-03-12 22:38:49,568 - market_maker - INFO - Cancelled 0 open orders
2025-03-12 22:38:49,581 - market_maker - INFO - === Paper Trading Cycle 80/100 ===
2025-03-12 22:38:49,581 - market_maker - INFO - === Market Making Cycle: 2025-03-12 22:38:49.581272 ===
2025-03-12 22:38:49,582 - market_maker - WARNING - Stablecoin depeg detected! Price: 0.795158, deviation: 20.48%
2025-03-12 22:38:49,582 - market_maker - WARNING - Circuit breaker triggered, cancelling all orders
2025-03-12 22:38:49,582 - market_maker - INFO - Cancelling all open orders for USDT/USD
2025-03-12 22:38:49,582 - market_maker - INFO - Cancelled 0 open orders
2025-03-12 22:38:49,594 - market_maker - INFO - === Paper Trading Cycle 81/100 ===
2025-03-12 22:38:49,594 - market_maker - INFO - === Market Making Cycle: 2025-03-12 22:38:49.594702 ===
2025-03-12 22:38:49,595 - market_maker - WARNING - Stablecoin depeg detected! Price: 0.795158, deviation: 20.48%
2025-03-12 22:38:49,595 - market_maker - WARNING - Circuit breaker triggered, cancelling all orders
2025-03-12 22:38:49,595 - market_maker - INFO - Cancelling all open orders for USDT/USD
2025-03-12 22:38:49,595 - market_maker - INFO - Cancelled 0 open orders
2025-03-12 22:38:49,608 - market_maker - INFO - === Paper Trading Cycle 82/100 ===
2025-03-12 22:38:49,608 - market_maker - INFO - === Market Making Cycle: 2025-03-12 22:38:49.608486 ===
2025-03-12 22:38:49,609 - market_maker - WARNING - Stablecoin depeg detected! Price: 0.795158, deviation: 20.48%
2025-03-12 22:38:49,609 - market_maker - WARNING - Circuit breaker triggered, cancelling all orders
2025-03-12 22:38:49,609 - market_maker - INFO - Cancelling all open orders for USDT/USD
2025-03-12 22:38:49,609 - market_maker - INFO - Cancelled 0 open orders
2025-03-12 22:38:49,622 - market_maker - INFO - === Paper Trading Cycle 83/100 ===
2025-03-12 22:38:49,622 - market_maker - INFO - === Market Making Cycle: 2025-03-12 22:38:49.622678 ===
2025-03-12 22:38:49,623 - market_maker - WARNING - Stablecoin depeg detected! Price: 0.795158, deviation: 20.48%
2025-03-12 22:38:49,623 - market_maker - WARNING - Circuit breaker triggered, cancelling all orders
2025-03-12 22:38:49,623 - market_maker - INFO - Cancelling all open orders for USDT/USD
2025-03-12 22:38:49,623 - market_maker - INFO - Cancelled 0 open orders
2025-03-12 22:38:49,636 - market_maker - INFO - === Paper Trading Cycle 84/100 ===
2025-03-12 22:38:49,636 - market_maker - INFO - === Market Making Cycle: 2025-03-12 22:38:49.636479 ===
2025-03-12 22:38:49,637 - market_maker - WARNING - Stablecoin depeg detected! Price: 0.795158, deviation: 20.48%
2025-03-12 22:38:49,637 - market_maker - WARNING - Circuit breaker triggered, cancelling all orders
2025-03-12 22:38:49,637 - market_maker - INFO - Cancelling all open orders for USDT/USD
2025-03-12 22:38:49,637 - market_maker - INFO - Cancelled 0 open orders
2025-03-12 22:38:49,649 - market_maker - INFO - === Paper Trading Cycle 85/100 ===
2025-03-12 22:38:49,649 - market_maker - INFO - === Market Making Cycle: 2025-03-12 22:38:49.649175 ===
2025-03-12 22:38:49,650 - market_maker - WARNING - Stablecoin depeg detected! Price: 0.795158, deviation: 20.48%
2025-03-12 22:38:49,650 - market_maker - WARNING - Circuit breaker triggered, cancelling all orders
2025-03-12 22:38:49,650 - market_maker - INFO - Cancelling all open orders for USDT/USD
2025-03-12 22:38:49,650 - market_maker - INFO - Cancelled 0 open orders
2025-03-12 22:38:49,662 - market_maker - INFO - === Paper Trading Cycle 86/100 ===
2025-03-12 22:38:49,663 - market_maker - INFO - === Market Making Cycle: 2025-03-12 22:38:49.663033 ===
2025-03-12 22:38:49,663 - market_maker - WARNING - Stablecoin depeg detected! Price: 0.795158, deviation: 20.48%
2025-03-12 22:38:49,664 - market_maker - WARNING - Circuit breaker triggered, cancelling all orders
2025-03-12 22:38:49,664 - market_maker - INFO - Cancelling all open orders for USDT/USD
2025-03-12 22:38:49,664 - market_maker - INFO - Cancelled 0 open orders
2025-03-12 22:38:49,675 - market_maker - INFO - === Paper Trading Cycle 87/100 ===
2025-03-12 22:38:49,675 - market_maker - INFO - === Market Making Cycle: 2025-03-12 22:38:49.675446 ===
2025-03-12 22:38:49,676 - market_maker - WARNING - Stablecoin depeg detected! Price: 0.795158, deviation: 20.48%
2025-03-12 22:38:49,676 - market_maker - WARNING - Circuit breaker triggered, cancelling all orders
2025-03-12 22:38:49,676 - market_maker - INFO - Cancelling all open orders for USDT/USD
2025-03-12 22:38:49,676 - market_maker - INFO - Cancelled 0 open orders
2025-03-12 22:38:49,687 - market_maker - INFO - === Paper Trading Cycle 88/100 ===
2025-03-12 22:38:49,688 - market_maker - INFO - === Market Making Cycle: 2025-03-12 22:38:49.688087 ===
2025-03-12 22:38:49,689 - market_maker - WARNING - Stablecoin depeg detected! Price: 0.795158, deviation: 20.48%
2025-03-12 22:38:49,689 - market_maker - WARNING - Circuit breaker triggered, cancelling all orders
2025-03-12 22:38:49,689 - market_maker - INFO - Cancelling all open orders for USDT/USD
2025-03-12 22:38:49,689 - market_maker - INFO - Cancelled 0 open orders
2025-03-12 22:38:49,700 - market_maker - INFO - === Paper Trading Cycle 89/100 ===
2025-03-12 22:38:49,700 - market_maker - INFO - === Market Making Cycle: 2025-03-12 22:38:49.700596 ===
2025-03-12 22:38:49,701 - market_maker - WARNING - Stablecoin depeg detected! Price: 0.795158, deviation: 20.48%
2025-03-12 22:38:49,701 - market_maker - WARNING - Circuit breaker triggered, cancelling all orders
2025-03-12 22:38:49,701 - market_maker - INFO - Cancelling all open orders for USDT/USD
2025-03-12 22:38:49,701 - market_maker - INFO - Cancelled 0 open orders
2025-03-12 22:38:49,714 - market_maker - INFO - === Paper Trading Cycle 90/100 ===
2025-03-12 22:38:49,714 - market_maker - INFO - === Market Making Cycle: 2025-03-12 22:38:49.714322 ===
2025-03-12 22:38:49,715 - market_maker - WARNING - Stablecoin depeg detected! Price: 0.795158, deviation: 20.48%
2025-03-12 22:38:49,715 - market_maker - WARNING - Circuit breaker triggered, cancelling all orders
2025-03-12 22:38:49,715 - market_maker - INFO - Cancelling all open orders for USDT/USD
2025-03-12 22:38:49,715 - market_maker - INFO - Cancelled 0 open orders
2025-03-12 22:38:49,728 - market_maker - INFO - === Paper Trading Cycle 91/100 ===
2025-03-12 22:38:49,728 - market_maker - INFO - === Market Making Cycle: 2025-03-12 22:38:49.728377 ===
2025-03-12 22:38:49,729 - market_maker - WARNING - Stablecoin depeg detected! Price: 0.795158, deviation: 20.48%
2025-03-12 22:38:49,729 - market_maker - WARNING - Circuit breaker triggered, cancelling all orders
2025-03-12 22:38:49,729 - market_maker - INFO - Cancelling all open orders for USDT/USD
2025-03-12 22:38:49,729 - market_maker - INFO - Cancelled 0 open orders
2025-03-12 22:38:49,741 - market_maker - INFO - === Paper Trading Cycle 92/100 ===
2025-03-12 22:38:49,742 - market_maker - INFO - === Market Making Cycle: 2025-03-12 22:38:49.742122 ===
2025-03-12 22:38:49,743 - market_maker - WARNING - Stablecoin depeg detected! Price: 0.795158, deviation: 20.48%
2025-03-12 22:38:49,743 - market_maker - WARNING - Circuit breaker triggered, cancelling all orders
2025-03-12 22:38:49,743 - market_maker - INFO - Cancelling all open orders for USDT/USD
2025-03-12 22:38:49,743 - market_maker - INFO - Cancelled 0 open orders
2025-03-12 22:38:49,756 - market_maker - INFO - === Paper Trading Cycle 93/100 ===
2025-03-12 22:38:49,756 - market_maker - INFO - === Market Making Cycle: 2025-03-12 22:38:49.756169 ===
2025-03-12 22:38:49,757 - market_maker - WARNING - Stablecoin depeg detected! Price: 0.795158, deviation: 20.48%
2025-03-12 22:38:49,757 - market_maker - WARNING - Circuit breaker triggered, cancelling all orders
2025-03-12 22:38:49,757 - market_maker - INFO - Cancelling all open orders for USDT/USD
2025-03-12 22:38:49,757 - market_maker - INFO - Cancelled 0 open orders
2025-03-12 22:38:49,769 - market_maker - INFO - === Paper Trading Cycle 94/100 ===
2025-03-12 22:38:49,769 - market_maker - INFO - === Market Making Cycle: 2025-03-12 22:38:49.769607 ===
2025-03-12 22:38:49,770 - market_maker - WARNING - Stablecoin depeg detected! Price: 0.795158, deviation: 20.48%
2025-03-12 22:38:49,770 - market_maker - WARNING - Circuit breaker triggered, cancelling all orders
2025-03-12 22:38:49,770 - market_maker - INFO - Cancelling all open orders for USDT/USD
2025-03-12 22:38:49,771 - market_maker - INFO - Cancelled 0 open orders
2025-03-12 22:38:49,781 - market_maker - INFO - === Paper Trading Cycle 95/100 ===
2025-03-12 22:38:49,781 - market_maker - INFO - === Market Making Cycle: 2025-03-12 22:38:49.781767 ===
2025-03-12 22:38:49,782 - market_maker - WARNING - Stablecoin depeg detected! Price: 0.795158, deviation: 20.48%
2025-03-12 22:38:49,782 - market_maker - WARNING - Circuit breaker triggered, cancelling all orders
2025-03-12 22:38:49,782 - market_maker - INFO - Cancelling all open orders for USDT/USD
2025-03-12 22:38:49,783 - market_maker - INFO - Cancelled 0 open orders
2025-03-12 22:38:49,794 - market_maker - INFO - === Paper Trading Cycle 96/100 ===
2025-03-12 22:38:49,794 - market_maker - INFO - === Market Making Cycle: 2025-03-12 22:38:49.794864 ===
2025-03-12 22:38:49,796 - market_maker - WARNING - Stablecoin depeg detected! Price: 0.795158, deviation: 20.48%
2025-03-12 22:38:49,796 - market_maker - WARNING - Circuit breaker triggered, cancelling all orders
2025-03-12 22:38:49,796 - market_maker - INFO - Cancelling all open orders for USDT/USD
2025-03-12 22:38:49,796 - market_maker - INFO - Cancelled 0 open orders
2025-03-12 22:38:49,809 - market_maker - INFO - === Paper Trading Cycle 97/100 ===
2025-03-12 22:38:49,809 - market_maker - INFO - === Market Making Cycle: 2025-03-12 22:38:49.809175 ===
2025-03-12 22:38:49,810 - market_maker - WARNING - Stablecoin depeg detected! Price: 0.795158, deviation: 20.48%
2025-03-12 22:38:49,810 - market_maker - WARNING - Circuit breaker triggered, cancelling all orders
2025-03-12 22:38:49,810 - market_maker - INFO - Cancelling all open orders for USDT/USD
2025-03-12 22:38:49,810 - market_maker - INFO - Cancelled 0 open orders
2025-03-12 22:38:49,821 - market_maker - INFO - === Paper Trading Cycle 98/100 ===
2025-03-12 22:38:49,821 - market_maker - INFO - === Market Making Cycle: 2025-03-12 22:38:49.821445 ===
2025-03-12 22:38:49,822 - market_maker - WARNING - Stablecoin depeg detected! Price: 0.795158, deviation: 20.48%
2025-03-12 22:38:49,822 - market_maker - WARNING - Circuit breaker triggered, cancelling all orders
2025-03-12 22:38:49,822 - market_maker - INFO - Cancelling all open orders for USDT/USD
2025-03-12 22:38:49,822 - market_maker - INFO - Cancelled 0 open orders
2025-03-12 22:38:49,835 - market_maker - INFO - === Paper Trading Cycle 99/100 ===
2025-03-12 22:38:49,835 - market_maker - INFO - === Market Making Cycle: 2025-03-12 22:38:49.835701 ===
2025-03-12 22:38:49,836 - market_maker - WARNING - Stablecoin depeg detected! Price: 0.795158, deviation: 20.48%
2025-03-12 22:38:49,837 - market_maker - WARNING - Circuit breaker triggered, cancelling all orders
2025-03-12 22:38:49,837 - market_maker - INFO - Cancelling all open orders for USDT/USD
2025-03-12 22:38:49,837 - market_maker - INFO - Cancelled 0 open orders
2025-03-12 22:38:49,849 - market_maker - INFO - === Paper Trading Cycle 100/100 ===
2025-03-12 22:38:49,849 - market_maker - INFO - === Market Making Cycle: 2025-03-12 22:38:49.849974 ===
2025-03-12 22:38:49,851 - market_maker - WARNING - Stablecoin depeg detected! Price: 0.795158, deviation: 20.48%
2025-03-12 22:38:49,851 - market_maker - WARNING - Circuit breaker triggered, cancelling all orders
2025-03-12 22:38:49,851 - market_maker - INFO - Cancelling all open orders for USDT/USD
2025-03-12 22:38:49,851 - market_maker - INFO - Cancelled 0 open orders
2025-03-12 22:38:49,866 - market_maker - INFO - === Paper Trading Results ===
2025-03-12 22:38:49,866 - market_maker - INFO - Completed 0 position records
2025-03-12 22:38:49,866 - market_maker - INFO - Executed 0 trades
