2025-03-12 21:35:36,772 - market_maker - INFO - Starting market making bot in paper trading mode
2025-03-12 21:35:36,776 - market_maker - INFO - Generated 1000 historical candles
2025-03-12 21:35:36,776 - market_maker - INFO - Initialized mock exchange with balances: {'BTC': {'free': 1.0, 'used': 0.0, 'total': 1.0}, 'USDT': {'free': 10000.0, 'used': 0.0, 'total': 10000.0}, 'USD': {'free': 10000.0, 'used': 0.0, 'total': 10000.0}}
2025-03-12 21:35:36,776 - market_maker - INFO - Initialized mock exchange for paper trading
2025-03-12 21:35:36,776 - market_maker - INFO - Initialized order manager for USDT/USD with base size 5.0
2025-03-12 21:35:36,776 - market_maker - INFO - Initialized circuit breakers with price change threshold: 0.2
2025-03-12 21:35:36,776 - market_maker - INFO - Initialized inventory manager with max pct: 0.1, threshold: 0.05
2025-03-12 21:35:36,776 - market_maker - INFO - Initialized A-S model with gamma=0.0001, lambda_b=1968834.64, lambda_a=87855.51
2025-03-12 21:35:36,776 - market_maker - INFO - Starting paper trading for 100 cycles
2025-03-12 21:35:36,776 - market_maker - INFO - === Paper Trading Cycle 1/100 ===
2025-03-12 21:35:36,776 - market_maker - INFO - === Market Making Cycle: 2025-03-12 21:35:36.776480 ===
2025-03-12 21:35:36,777 - market_maker - WARNING - Stablecoin depeg detected! Price: 1.477668, deviation: 47.77%
2025-03-12 21:35:36,777 - market_maker - WARNING - Circuit breaker triggered, cancelling all orders
2025-03-12 21:35:36,777 - market_maker - INFO - Cancelling all open orders for USDT/USD
2025-03-12 21:35:36,777 - market_maker - INFO - Cancelled 0 open orders
2025-03-12 21:35:37,782 - market_maker - INFO - === Paper Trading Cycle 2/100 ===
2025-03-12 21:35:37,784 - market_maker - INFO - === Market Making Cycle: 2025-03-12 21:35:37.783950 ===
2025-03-12 21:35:37,789 - market_maker - WARNING - Stablecoin depeg detected! Price: 1.477668, deviation: 47.77%
2025-03-12 21:35:37,789 - market_maker - WARNING - Circuit breaker triggered, cancelling all orders
2025-03-12 21:35:37,789 - market_maker - INFO - Cancelling all open orders for USDT/USD
2025-03-12 21:35:37,789 - market_maker - INFO - Cancelled 0 open orders
2025-03-12 21:35:38,795 - market_maker - INFO - === Paper Trading Cycle 3/100 ===
2025-03-12 21:35:38,796 - market_maker - INFO - === Market Making Cycle: 2025-03-12 21:35:38.796842 ===
2025-03-12 21:35:38,801 - market_maker - WARNING - Stablecoin depeg detected! Price: 1.477668, deviation: 47.77%
2025-03-12 21:35:38,801 - market_maker - WARNING - Circuit breaker triggered, cancelling all orders
2025-03-12 21:35:38,802 - market_maker - INFO - Cancelling all open orders for USDT/USD
2025-03-12 21:35:38,802 - market_maker - INFO - Cancelled 0 open orders
2025-03-12 21:35:39,807 - market_maker - INFO - === Paper Trading Cycle 4/100 ===
2025-03-12 21:35:39,807 - market_maker - INFO - === Market Making Cycle: 2025-03-12 21:35:39.807903 ===
2025-03-12 21:35:39,812 - market_maker - WARNING - Stablecoin depeg detected! Price: 1.477668, deviation: 47.77%
2025-03-12 21:35:39,813 - market_maker - WARNING - Circuit breaker triggered, cancelling all orders
2025-03-12 21:35:39,813 - market_maker - INFO - Cancelling all open orders for USDT/USD
2025-03-12 21:35:39,813 - market_maker - INFO - Cancelled 0 open orders
2025-03-12 21:35:40,814 - market_maker - INFO - === Paper Trading Cycle 5/100 ===
2025-03-12 21:35:40,815 - market_maker - INFO - === Market Making Cycle: 2025-03-12 21:35:40.815643 ===
2025-03-12 21:35:40,820 - market_maker - WARNING - Stablecoin depeg detected! Price: 1.477668, deviation: 47.77%
2025-03-12 21:35:40,820 - market_maker - WARNING - Circuit breaker triggered, cancelling all orders
2025-03-12 21:35:40,820 - market_maker - INFO - Cancelling all open orders for USDT/USD
2025-03-12 21:35:40,820 - market_maker - INFO - Cancelled 0 open orders
2025-03-12 21:35:41,825 - market_maker - INFO - === Paper Trading Cycle 6/100 ===
2025-03-12 21:35:41,827 - market_maker - INFO - === Market Making Cycle: 2025-03-12 21:35:41.827265 ===
2025-03-12 21:35:41,831 - market_maker - WARNING - Stablecoin depeg detected! Price: 1.477668, deviation: 47.77%
2025-03-12 21:35:41,832 - market_maker - WARNING - Circuit breaker triggered, cancelling all orders
2025-03-12 21:35:41,832 - market_maker - INFO - Cancelling all open orders for USDT/USD
2025-03-12 21:35:41,832 - market_maker - INFO - Cancelled 0 open orders
2025-03-12 21:35:42,603 - market_maker - INFO - Paper trading stopped by user
2025-03-12 21:35:42,605 - market_maker - INFO - === Paper Trading Results ===
2025-03-12 21:35:42,605 - market_maker - INFO - Completed 0 position records
2025-03-12 21:35:42,606 - market_maker - INFO - Executed 0 trades
