2025-03-12 21:16:06,300 - market_maker - INFO - Starting market making bot in paper trading mode
2025-03-12 21:16:06,305 - market_maker - INFO - Generated 1000 historical candles
2025-03-12 21:16:06,305 - market_maker - INFO - Initialized mock exchange with balances: {'BTC': {'free': 1.0, 'used': 0.0, 'total': 1.0}, 'USDT': {'free': 10000.0, 'used': 0.0, 'total': 10000.0}, 'USD': {'free': 10000.0, 'used': 0.0, 'total': 10000.0}}
2025-03-12 21:16:06,305 - market_maker - INFO - Initialized mock exchange for paper trading
2025-03-12 21:16:06,305 - market_maker - INFO - Initialized order manager for USDT/USD with base size 5.0
2025-03-12 21:16:06,305 - market_maker - INFO - Initialized circuit breakers with price change threshold: 0.1
2025-03-12 21:16:06,305 - market_maker - INFO - Initialized inventory manager with max pct: 0.1, threshold: 0.05
2025-03-12 21:16:06,305 - market_maker - INFO - Initialized A-S model with gamma=0.0001, lambda_b=1968834.64, lambda_a=87855.51
2025-03-12 21:16:06,305 - market_maker - INFO - Starting paper trading for 100 cycles
2025-03-12 21:16:06,305 - market_maker - INFO - === Paper Trading Cycle 1/100 ===
2025-03-12 21:16:06,305 - market_maker - INFO - === Market Making Cycle: 2025-03-12 21:16:06.305431 ===
2025-03-12 21:16:06,310 - market_maker - WARNING - Stablecoin depeg detected! Price: 5963.450373, deviation: 596245.04%
2025-03-12 21:16:06,310 - market_maker - WARNING - Circuit breaker triggered, cancelling all orders
2025-03-12 21:16:06,310 - market_maker - INFO - Cancelling all open orders for USDT/USD
2025-03-12 21:16:06,310 - market_maker - INFO - Cancelled 0 open orders
2025-03-12 21:16:07,319 - market_maker - INFO - === Paper Trading Cycle 2/100 ===
2025-03-12 21:16:07,322 - market_maker - INFO - === Market Making Cycle: 2025-03-12 21:16:07.321815 ===
2025-03-12 21:16:07,351 - market_maker - WARNING - Stablecoin depeg detected! Price: 5963.450373, deviation: 596245.04%
2025-03-12 21:16:07,351 - market_maker - WARNING - Circuit breaker triggered, cancelling all orders
2025-03-12 21:16:07,351 - market_maker - INFO - Cancelling all open orders for USDT/USD
2025-03-12 21:16:07,351 - market_maker - INFO - Cancelled 0 open orders
2025-03-12 21:16:08,356 - market_maker - INFO - === Paper Trading Cycle 3/100 ===
2025-03-12 21:16:08,357 - market_maker - INFO - === Market Making Cycle: 2025-03-12 21:16:08.357239 ===
2025-03-12 21:16:08,358 - market_maker - WARNING - Stablecoin depeg detected! Price: 5963.450373, deviation: 596245.04%
2025-03-12 21:16:08,359 - market_maker - WARNING - Circuit breaker triggered, cancelling all orders
2025-03-12 21:16:08,359 - market_maker - INFO - Cancelling all open orders for USDT/USD
2025-03-12 21:16:08,359 - market_maker - INFO - Cancelled 0 open orders
2025-03-12 21:16:09,367 - market_maker - INFO - === Paper Trading Cycle 4/100 ===
2025-03-12 21:16:09,371 - market_maker - INFO - === Market Making Cycle: 2025-03-12 21:16:09.371735 ===
2025-03-12 21:16:09,390 - market_maker - WARNING - Stablecoin depeg detected! Price: 5963.450373, deviation: 596245.04%
2025-03-12 21:16:09,390 - market_maker - WARNING - Circuit breaker triggered, cancelling all orders
2025-03-12 21:16:09,390 - market_maker - INFO - Cancelling all open orders for USDT/USD
2025-03-12 21:16:09,390 - market_maker - INFO - Cancelled 0 open orders
2025-03-12 21:16:10,396 - market_maker - INFO - === Paper Trading Cycle 5/100 ===
2025-03-12 21:16:10,396 - market_maker - INFO - === Market Making Cycle: 2025-03-12 21:16:10.396358 ===
2025-03-12 21:16:10,398 - market_maker - WARNING - Stablecoin depeg detected! Price: 5963.450373, deviation: 596245.04%
2025-03-12 21:16:10,398 - market_maker - WARNING - Circuit breaker triggered, cancelling all orders
2025-03-12 21:16:10,398 - market_maker - INFO - Cancelling all open orders for USDT/USD
2025-03-12 21:16:10,398 - market_maker - INFO - Cancelled 0 open orders
2025-03-12 21:16:11,404 - market_maker - INFO - === Paper Trading Cycle 6/100 ===
2025-03-12 21:16:11,404 - market_maker - INFO - === Market Making Cycle: 2025-03-12 21:16:11.404887 ===
2025-03-12 21:16:11,410 - market_maker - WARNING - Stablecoin depeg detected! Price: 5963.450373, deviation: 596245.04%
2025-03-12 21:16:11,410 - market_maker - WARNING - Circuit breaker triggered, cancelling all orders
2025-03-12 21:16:11,410 - market_maker - INFO - Cancelling all open orders for USDT/USD
2025-03-12 21:16:11,411 - market_maker - INFO - Cancelled 0 open orders
2025-03-12 21:16:12,416 - market_maker - INFO - === Paper Trading Cycle 7/100 ===
2025-03-12 21:16:12,417 - market_maker - INFO - === Market Making Cycle: 2025-03-12 21:16:12.417566 ===
2025-03-12 21:16:12,423 - market_maker - WARNING - Stablecoin depeg detected! Price: 5963.450373, deviation: 596245.04%
2025-03-12 21:16:12,423 - market_maker - WARNING - Circuit breaker triggered, cancelling all orders
2025-03-12 21:16:12,423 - market_maker - INFO - Cancelling all open orders for USDT/USD
2025-03-12 21:16:12,423 - market_maker - INFO - Cancelled 0 open orders
2025-03-12 21:16:13,429 - market_maker - INFO - === Paper Trading Cycle 8/100 ===
2025-03-12 21:16:13,430 - market_maker - INFO - === Market Making Cycle: 2025-03-12 21:16:13.430375 ===
2025-03-12 21:16:13,434 - market_maker - WARNING - Stablecoin depeg detected! Price: 5963.450373, deviation: 596245.04%
2025-03-12 21:16:13,435 - market_maker - WARNING - Circuit breaker triggered, cancelling all orders
2025-03-12 21:16:13,435 - market_maker - INFO - Cancelling all open orders for USDT/USD
2025-03-12 21:16:13,435 - market_maker - INFO - Cancelled 0 open orders
2025-03-12 21:16:14,440 - market_maker - INFO - === Paper Trading Cycle 9/100 ===
2025-03-12 21:16:14,441 - market_maker - INFO - === Market Making Cycle: 2025-03-12 21:16:14.440992 ===
2025-03-12 21:16:14,441 - market_maker - WARNING - Stablecoin depeg detected! Price: 5963.450373, deviation: 596245.04%
2025-03-12 21:16:14,442 - market_maker - WARNING - Circuit breaker triggered, cancelling all orders
2025-03-12 21:16:14,442 - market_maker - INFO - Cancelling all open orders for USDT/USD
2025-03-12 21:16:14,442 - market_maker - INFO - Cancelled 0 open orders
2025-03-12 21:16:15,447 - market_maker - INFO - === Paper Trading Cycle 10/100 ===
2025-03-12 21:16:15,449 - market_maker - INFO - === Market Making Cycle: 2025-03-12 21:16:15.448988 ===
2025-03-12 21:16:15,453 - market_maker - WARNING - Stablecoin depeg detected! Price: 5963.450373, deviation: 596245.04%
2025-03-12 21:16:15,453 - market_maker - WARNING - Circuit breaker triggered, cancelling all orders
2025-03-12 21:16:15,453 - market_maker - INFO - Cancelling all open orders for USDT/USD
2025-03-12 21:16:15,453 - market_maker - INFO - Cancelled 0 open orders
2025-03-12 21:16:16,459 - market_maker - INFO - === Paper Trading Cycle 11/100 ===
2025-03-12 21:16:16,460 - market_maker - INFO - === Market Making Cycle: 2025-03-12 21:16:16.460387 ===
2025-03-12 21:16:16,465 - market_maker - WARNING - Stablecoin depeg detected! Price: 5963.450373, deviation: 596245.04%
2025-03-12 21:16:16,465 - market_maker - WARNING - Circuit breaker triggered, cancelling all orders
2025-03-12 21:16:16,466 - market_maker - INFO - Cancelling all open orders for USDT/USD
2025-03-12 21:16:16,466 - market_maker - INFO - Cancelled 0 open orders
2025-03-12 21:16:17,471 - market_maker - INFO - === Paper Trading Cycle 12/100 ===
2025-03-12 21:16:17,472 - market_maker - INFO - === Market Making Cycle: 2025-03-12 21:16:17.472598 ===
2025-03-12 21:16:17,477 - market_maker - WARNING - Stablecoin depeg detected! Price: 5963.450373, deviation: 596245.04%
2025-03-12 21:16:17,477 - market_maker - WARNING - Circuit breaker triggered, cancelling all orders
2025-03-12 21:16:17,477 - market_maker - INFO - Cancelling all open orders for USDT/USD
2025-03-12 21:16:17,477 - market_maker - INFO - Cancelled 0 open orders
2025-03-12 21:16:18,483 - market_maker - INFO - === Paper Trading Cycle 13/100 ===
2025-03-12 21:16:18,484 - market_maker - INFO - === Market Making Cycle: 2025-03-12 21:16:18.484714 ===
2025-03-12 21:16:18,489 - market_maker - WARNING - Stablecoin depeg detected! Price: 5963.450373, deviation: 596245.04%
2025-03-12 21:16:18,489 - market_maker - WARNING - Circuit breaker triggered, cancelling all orders
2025-03-12 21:16:18,489 - market_maker - INFO - Cancelling all open orders for USDT/USD
2025-03-12 21:16:18,490 - market_maker - INFO - Cancelled 0 open orders
2025-03-12 21:16:19,495 - market_maker - INFO - === Paper Trading Cycle 14/100 ===
2025-03-12 21:16:19,495 - market_maker - INFO - === Market Making Cycle: 2025-03-12 21:16:19.495613 ===
2025-03-12 21:16:19,496 - market_maker - WARNING - Stablecoin depeg detected! Price: 5963.450373, deviation: 596245.04%
2025-03-12 21:16:19,496 - market_maker - WARNING - Circuit breaker triggered, cancelling all orders
2025-03-12 21:16:19,496 - market_maker - INFO - Cancelling all open orders for USDT/USD
2025-03-12 21:16:19,497 - market_maker - INFO - Cancelled 0 open orders
2025-03-12 21:16:20,502 - market_maker - INFO - === Paper Trading Cycle 15/100 ===
2025-03-12 21:16:20,503 - market_maker - INFO - === Market Making Cycle: 2025-03-12 21:16:20.503455 ===
2025-03-12 21:16:20,507 - market_maker - WARNING - Stablecoin depeg detected! Price: 5963.450373, deviation: 596245.04%
2025-03-12 21:16:20,508 - market_maker - WARNING - Circuit breaker triggered, cancelling all orders
2025-03-12 21:16:20,508 - market_maker - INFO - Cancelling all open orders for USDT/USD
2025-03-12 21:16:20,508 - market_maker - INFO - Cancelled 0 open orders
2025-03-12 21:16:21,513 - market_maker - INFO - === Paper Trading Cycle 16/100 ===
2025-03-12 21:16:21,515 - market_maker - INFO - === Market Making Cycle: 2025-03-12 21:16:21.515058 ===
2025-03-12 21:16:21,519 - market_maker - WARNING - Stablecoin depeg detected! Price: 5963.450373, deviation: 596245.04%
2025-03-12 21:16:21,520 - market_maker - WARNING - Circuit breaker triggered, cancelling all orders
2025-03-12 21:16:21,520 - market_maker - INFO - Cancelling all open orders for USDT/USD
2025-03-12 21:16:21,520 - market_maker - INFO - Cancelled 0 open orders
2025-03-12 21:16:22,526 - market_maker - INFO - === Paper Trading Cycle 17/100 ===
2025-03-12 21:16:22,526 - market_maker - INFO - === Market Making Cycle: 2025-03-12 21:16:22.526930 ===
2025-03-12 21:16:22,532 - market_maker - WARNING - Stablecoin depeg detected! Price: 5963.450373, deviation: 596245.04%
2025-03-12 21:16:22,533 - market_maker - WARNING - Circuit breaker triggered, cancelling all orders
2025-03-12 21:16:22,533 - market_maker - INFO - Cancelling all open orders for USDT/USD
2025-03-12 21:16:22,533 - market_maker - INFO - Cancelled 0 open orders
2025-03-12 21:16:23,540 - market_maker - INFO - === Paper Trading Cycle 18/100 ===
2025-03-12 21:16:23,541 - market_maker - INFO - === Market Making Cycle: 2025-03-12 21:16:23.541109 ===
2025-03-12 21:16:23,543 - market_maker - WARNING - Stablecoin depeg detected! Price: 5963.450373, deviation: 596245.04%
2025-03-12 21:16:23,543 - market_maker - WARNING - Circuit breaker triggered, cancelling all orders
2025-03-12 21:16:23,543 - market_maker - INFO - Cancelling all open orders for USDT/USD
2025-03-12 21:16:23,543 - market_maker - INFO - Cancelled 0 open orders
2025-03-12 21:16:24,549 - market_maker - INFO - === Paper Trading Cycle 19/100 ===
2025-03-12 21:16:24,549 - market_maker - INFO - === Market Making Cycle: 2025-03-12 21:16:24.549215 ===
2025-03-12 21:16:24,550 - market_maker - WARNING - Stablecoin depeg detected! Price: 5963.450373, deviation: 596245.04%
2025-03-12 21:16:24,550 - market_maker - WARNING - Circuit breaker triggered, cancelling all orders
2025-03-12 21:16:24,550 - market_maker - INFO - Cancelling all open orders for USDT/USD
2025-03-12 21:16:24,550 - market_maker - INFO - Cancelled 0 open orders
2025-03-12 21:16:25,555 - market_maker - INFO - === Paper Trading Cycle 20/100 ===
2025-03-12 21:16:25,557 - market_maker - INFO - === Market Making Cycle: 2025-03-12 21:16:25.556993 ===
2025-03-12 21:16:25,565 - market_maker - WARNING - Stablecoin depeg detected! Price: 5963.450373, deviation: 596245.04%
2025-03-12 21:16:25,566 - market_maker - WARNING - Circuit breaker triggered, cancelling all orders
2025-03-12 21:16:25,566 - market_maker - INFO - Cancelling all open orders for USDT/USD
2025-03-12 21:16:25,566 - market_maker - INFO - Cancelled 0 open orders
2025-03-12 21:16:26,573 - market_maker - INFO - === Paper Trading Cycle 21/100 ===
2025-03-12 21:16:26,574 - market_maker - INFO - === Market Making Cycle: 2025-03-12 21:16:26.574434 ===
2025-03-12 21:16:26,577 - market_maker - WARNING - Stablecoin depeg detected! Price: 5963.450373, deviation: 596245.04%
2025-03-12 21:16:26,577 - market_maker - WARNING - Circuit breaker triggered, cancelling all orders
2025-03-12 21:16:26,577 - market_maker - INFO - Cancelling all open orders for USDT/USD
2025-03-12 21:16:26,578 - market_maker - INFO - Cancelled 0 open orders
2025-03-12 21:16:27,458 - market_maker - INFO - Paper trading stopped by user
2025-03-12 21:16:27,463 - market_maker - INFO - === Paper Trading Results ===
2025-03-12 21:16:27,463 - market_maker - INFO - Completed 0 position records
2025-03-12 21:16:27,463 - market_maker - INFO - Executed 0 trades
