2025-03-12 22:38:56,119 - market_maker - INFO - Starting market making bot in paper trading mode
2025-03-12 22:38:56,123 - market_maker - INFO - Generated 1000 historical candles
2025-03-12 22:38:56,123 - market_maker - INFO - Initialized mock exchange with balances: {'BTC': {'free': 1.0, 'used': 0.0, 'total': 1.0}, 'USDT': {'free': 10000.0, 'used': 0.0, 'total': 10000.0}, 'USD': {'free': 10000.0, 'used': 0.0, 'total': 10000.0}}
2025-03-12 22:38:56,123 - market_maker - INFO - Initialized mock exchange for paper trading
2025-03-12 22:38:56,123 - market_maker - INFO - Initialized order manager for USDT/USD with base size 5.0
2025-03-12 22:38:56,123 - market_maker - INFO - Initialized circuit breakers with price change threshold: 0.2
2025-03-12 22:38:56,123 - market_maker - INFO - Initialized inventory manager with max pct: 0.1, threshold: 0.05
2025-03-12 22:38:56,123 - market_maker - INFO - Initialized A-S model with gamma=0.001, lambda_b=397.57, lambda_a=1442.46
2025-03-12 22:38:56,123 - market_maker - INFO - Starting paper trading for 100 cycles
2025-03-12 22:38:56,123 - market_maker - INFO - === Paper Trading Cycle 1/100 ===
2025-03-12 22:38:56,123 - market_maker - INFO - === Market Making Cycle: 2025-03-12 22:38:56.123370 ===
2025-03-12 22:38:56,124 - market_maker - WARNING - Stablecoin depeg detected! Price: 0.484857, deviation: 51.51%
2025-03-12 22:38:56,124 - market_maker - WARNING - Circuit breaker triggered, cancelling all orders
2025-03-12 22:38:56,124 - market_maker - INFO - Cancelling all open orders for USDT/USD
2025-03-12 22:38:56,124 - market_maker - INFO - Cancelled 0 open orders
2025-03-12 22:38:56,136 - market_maker - INFO - === Paper Trading Cycle 2/100 ===
2025-03-12 22:38:56,136 - market_maker - INFO - === Market Making Cycle: 2025-03-12 22:38:56.136399 ===
2025-03-12 22:38:56,137 - market_maker - WARNING - Stablecoin depeg detected! Price: 0.484857, deviation: 51.51%
2025-03-12 22:38:56,137 - market_maker - WARNING - Circuit breaker triggered, cancelling all orders
2025-03-12 22:38:56,137 - market_maker - INFO - Cancelling all open orders for USDT/USD
2025-03-12 22:38:56,137 - market_maker - INFO - Cancelled 0 open orders
2025-03-12 22:38:56,148 - market_maker - INFO - === Paper Trading Cycle 3/100 ===
2025-03-12 22:38:56,148 - market_maker - INFO - === Market Making Cycle: 2025-03-12 22:38:56.148300 ===
2025-03-12 22:38:56,149 - market_maker - WARNING - Stablecoin depeg detected! Price: 0.484857, deviation: 51.51%
2025-03-12 22:38:56,149 - market_maker - WARNING - Circuit breaker triggered, cancelling all orders
2025-03-12 22:38:56,149 - market_maker - INFO - Cancelling all open orders for USDT/USD
2025-03-12 22:38:56,149 - market_maker - INFO - Cancelled 0 open orders
2025-03-12 22:38:56,160 - market_maker - INFO - === Paper Trading Cycle 4/100 ===
2025-03-12 22:38:56,160 - market_maker - INFO - === Market Making Cycle: 2025-03-12 22:38:56.160794 ===
2025-03-12 22:38:56,161 - market_maker - WARNING - Stablecoin depeg detected! Price: 0.484857, deviation: 51.51%
2025-03-12 22:38:56,161 - market_maker - WARNING - Circuit breaker triggered, cancelling all orders
2025-03-12 22:38:56,161 - market_maker - INFO - Cancelling all open orders for USDT/USD
2025-03-12 22:38:56,161 - market_maker - INFO - Cancelled 0 open orders
2025-03-12 22:38:56,174 - market_maker - INFO - === Paper Trading Cycle 5/100 ===
2025-03-12 22:38:56,174 - market_maker - INFO - === Market Making Cycle: 2025-03-12 22:38:56.174372 ===
2025-03-12 22:38:56,175 - market_maker - WARNING - Stablecoin depeg detected! Price: 0.484857, deviation: 51.51%
2025-03-12 22:38:56,175 - market_maker - WARNING - Circuit breaker triggered, cancelling all orders
2025-03-12 22:38:56,175 - market_maker - INFO - Cancelling all open orders for USDT/USD
2025-03-12 22:38:56,175 - market_maker - INFO - Cancelled 0 open orders
2025-03-12 22:38:56,188 - market_maker - INFO - === Paper Trading Cycle 6/100 ===
2025-03-12 22:38:56,188 - market_maker - INFO - === Market Making Cycle: 2025-03-12 22:38:56.188263 ===
2025-03-12 22:38:56,189 - market_maker - WARNING - Stablecoin depeg detected! Price: 0.484857, deviation: 51.51%
2025-03-12 22:38:56,189 - market_maker - WARNING - Circuit breaker triggered, cancelling all orders
2025-03-12 22:38:56,189 - market_maker - INFO - Cancelling all open orders for USDT/USD
2025-03-12 22:38:56,189 - market_maker - INFO - Cancelled 0 open orders
2025-03-12 22:38:56,200 - market_maker - INFO - === Paper Trading Cycle 7/100 ===
2025-03-12 22:38:56,200 - market_maker - INFO - === Market Making Cycle: 2025-03-12 22:38:56.200303 ===
2025-03-12 22:38:56,200 - market_maker - WARNING - Stablecoin depeg detected! Price: 0.484857, deviation: 51.51%
2025-03-12 22:38:56,201 - market_maker - WARNING - Circuit breaker triggered, cancelling all orders
2025-03-12 22:38:56,201 - market_maker - INFO - Cancelling all open orders for USDT/USD
2025-03-12 22:38:56,201 - market_maker - INFO - Cancelled 0 open orders
2025-03-12 22:38:56,212 - market_maker - INFO - === Paper Trading Cycle 8/100 ===
2025-03-12 22:38:56,212 - market_maker - INFO - === Market Making Cycle: 2025-03-12 22:38:56.212692 ===
2025-03-12 22:38:56,213 - market_maker - WARNING - Stablecoin depeg detected! Price: 0.484857, deviation: 51.51%
2025-03-12 22:38:56,213 - market_maker - WARNING - Circuit breaker triggered, cancelling all orders
2025-03-12 22:38:56,213 - market_maker - INFO - Cancelling all open orders for USDT/USD
2025-03-12 22:38:56,213 - market_maker - INFO - Cancelled 0 open orders
2025-03-12 22:38:56,226 - market_maker - INFO - === Paper Trading Cycle 9/100 ===
2025-03-12 22:38:56,226 - market_maker - INFO - === Market Making Cycle: 2025-03-12 22:38:56.226361 ===
2025-03-12 22:38:56,227 - market_maker - WARNING - Stablecoin depeg detected! Price: 0.484857, deviation: 51.51%
2025-03-12 22:38:56,227 - market_maker - WARNING - Circuit breaker triggered, cancelling all orders
2025-03-12 22:38:56,227 - market_maker - INFO - Cancelling all open orders for USDT/USD
2025-03-12 22:38:56,227 - market_maker - INFO - Cancelled 0 open orders
2025-03-12 22:38:56,239 - market_maker - INFO - === Paper Trading Cycle 10/100 ===
2025-03-12 22:38:56,240 - market_maker - INFO - === Market Making Cycle: 2025-03-12 22:38:56.240014 ===
2025-03-12 22:38:56,240 - market_maker - WARNING - Stablecoin depeg detected! Price: 0.484857, deviation: 51.51%
2025-03-12 22:38:56,241 - market_maker - WARNING - Circuit breaker triggered, cancelling all orders
2025-03-12 22:38:56,241 - market_maker - INFO - Cancelling all open orders for USDT/USD
2025-03-12 22:38:56,241 - market_maker - INFO - Cancelled 0 open orders
2025-03-12 22:38:56,251 - market_maker - INFO - === Paper Trading Cycle 11/100 ===
2025-03-12 22:38:56,252 - market_maker - INFO - === Market Making Cycle: 2025-03-12 22:38:56.252013 ===
2025-03-12 22:38:56,252 - market_maker - WARNING - Stablecoin depeg detected! Price: 0.484857, deviation: 51.51%
2025-03-12 22:38:56,252 - market_maker - WARNING - Circuit breaker triggered, cancelling all orders
2025-03-12 22:38:56,252 - market_maker - INFO - Cancelling all open orders for USDT/USD
2025-03-12 22:38:56,253 - market_maker - INFO - Cancelled 0 open orders
2025-03-12 22:38:56,265 - market_maker - INFO - === Paper Trading Cycle 12/100 ===
2025-03-12 22:38:56,265 - market_maker - INFO - === Market Making Cycle: 2025-03-12 22:38:56.265702 ===
2025-03-12 22:38:56,266 - market_maker - WARNING - Stablecoin depeg detected! Price: 0.484857, deviation: 51.51%
2025-03-12 22:38:56,266 - market_maker - WARNING - Circuit breaker triggered, cancelling all orders
2025-03-12 22:38:56,266 - market_maker - INFO - Cancelling all open orders for USDT/USD
2025-03-12 22:38:56,266 - market_maker - INFO - Cancelled 0 open orders
2025-03-12 22:38:56,279 - market_maker - INFO - === Paper Trading Cycle 13/100 ===
2025-03-12 22:38:56,279 - market_maker - INFO - === Market Making Cycle: 2025-03-12 22:38:56.279712 ===
2025-03-12 22:38:56,280 - market_maker - WARNING - Stablecoin depeg detected! Price: 0.484857, deviation: 51.51%
2025-03-12 22:38:56,280 - market_maker - WARNING - Circuit breaker triggered, cancelling all orders
2025-03-12 22:38:56,280 - market_maker - INFO - Cancelling all open orders for USDT/USD
2025-03-12 22:38:56,280 - market_maker - INFO - Cancelled 0 open orders
2025-03-12 22:38:56,293 - market_maker - INFO - === Paper Trading Cycle 14/100 ===
2025-03-12 22:38:56,293 - market_maker - INFO - === Market Making Cycle: 2025-03-12 22:38:56.293680 ===
2025-03-12 22:38:56,295 - market_maker - WARNING - Stablecoin depeg detected! Price: 0.484857, deviation: 51.51%
2025-03-12 22:38:56,295 - market_maker - WARNING - Circuit breaker triggered, cancelling all orders
2025-03-12 22:38:56,295 - market_maker - INFO - Cancelling all open orders for USDT/USD
2025-03-12 22:38:56,295 - market_maker - INFO - Cancelled 0 open orders
2025-03-12 22:38:56,308 - market_maker - INFO - === Paper Trading Cycle 15/100 ===
2025-03-12 22:38:56,308 - market_maker - INFO - === Market Making Cycle: 2025-03-12 22:38:56.308300 ===
2025-03-12 22:38:56,309 - market_maker - WARNING - Stablecoin depeg detected! Price: 0.484857, deviation: 51.51%
2025-03-12 22:38:56,310 - market_maker - WARNING - Circuit breaker triggered, cancelling all orders
2025-03-12 22:38:56,310 - market_maker - INFO - Cancelling all open orders for USDT/USD
2025-03-12 22:38:56,310 - market_maker - INFO - Cancelled 0 open orders
2025-03-12 22:38:56,322 - market_maker - INFO - === Paper Trading Cycle 16/100 ===
2025-03-12 22:38:56,322 - market_maker - INFO - === Market Making Cycle: 2025-03-12 22:38:56.322975 ===
2025-03-12 22:38:56,324 - market_maker - WARNING - Stablecoin depeg detected! Price: 0.484857, deviation: 51.51%
2025-03-12 22:38:56,324 - market_maker - WARNING - Circuit breaker triggered, cancelling all orders
2025-03-12 22:38:56,324 - market_maker - INFO - Cancelling all open orders for USDT/USD
2025-03-12 22:38:56,324 - market_maker - INFO - Cancelled 0 open orders
2025-03-12 22:38:56,337 - market_maker - INFO - === Paper Trading Cycle 17/100 ===
2025-03-12 22:38:56,337 - market_maker - INFO - === Market Making Cycle: 2025-03-12 22:38:56.337404 ===
2025-03-12 22:38:56,338 - market_maker - WARNING - Stablecoin depeg detected! Price: 0.484857, deviation: 51.51%
2025-03-12 22:38:56,338 - market_maker - WARNING - Circuit breaker triggered, cancelling all orders
2025-03-12 22:38:56,338 - market_maker - INFO - Cancelling all open orders for USDT/USD
2025-03-12 22:38:56,338 - market_maker - INFO - Cancelled 0 open orders
2025-03-12 22:38:56,350 - market_maker - INFO - === Paper Trading Cycle 18/100 ===
2025-03-12 22:38:56,350 - market_maker - INFO - === Market Making Cycle: 2025-03-12 22:38:56.350410 ===
2025-03-12 22:38:56,351 - market_maker - WARNING - Stablecoin depeg detected! Price: 0.484857, deviation: 51.51%
2025-03-12 22:38:56,351 - market_maker - WARNING - Circuit breaker triggered, cancelling all orders
2025-03-12 22:38:56,351 - market_maker - INFO - Cancelling all open orders for USDT/USD
2025-03-12 22:38:56,351 - market_maker - INFO - Cancelled 0 open orders
2025-03-12 22:38:56,362 - market_maker - INFO - === Paper Trading Cycle 19/100 ===
2025-03-12 22:38:56,362 - market_maker - INFO - === Market Making Cycle: 2025-03-12 22:38:56.362982 ===
2025-03-12 22:38:56,364 - market_maker - WARNING - Stablecoin depeg detected! Price: 0.484857, deviation: 51.51%
2025-03-12 22:38:56,364 - market_maker - WARNING - Circuit breaker triggered, cancelling all orders
2025-03-12 22:38:56,364 - market_maker - INFO - Cancelling all open orders for USDT/USD
2025-03-12 22:38:56,364 - market_maker - INFO - Cancelled 0 open orders
2025-03-12 22:38:56,375 - market_maker - INFO - === Paper Trading Cycle 20/100 ===
2025-03-12 22:38:56,375 - market_maker - INFO - === Market Making Cycle: 2025-03-12 22:38:56.375477 ===
2025-03-12 22:38:56,376 - market_maker - WARNING - Stablecoin depeg detected! Price: 0.484857, deviation: 51.51%
2025-03-12 22:38:56,376 - market_maker - WARNING - Circuit breaker triggered, cancelling all orders
2025-03-12 22:38:56,376 - market_maker - INFO - Cancelling all open orders for USDT/USD
2025-03-12 22:38:56,376 - market_maker - INFO - Cancelled 0 open orders
2025-03-12 22:38:56,389 - market_maker - INFO - === Paper Trading Cycle 21/100 ===
2025-03-12 22:38:56,389 - market_maker - INFO - === Market Making Cycle: 2025-03-12 22:38:56.389382 ===
2025-03-12 22:38:56,390 - market_maker - WARNING - Stablecoin depeg detected! Price: 0.484857, deviation: 51.51%
2025-03-12 22:38:56,390 - market_maker - WARNING - Circuit breaker triggered, cancelling all orders
2025-03-12 22:38:56,391 - market_maker - INFO - Cancelling all open orders for USDT/USD
2025-03-12 22:38:56,391 - market_maker - INFO - Cancelled 0 open orders
2025-03-12 22:38:56,401 - market_maker - INFO - === Paper Trading Cycle 22/100 ===
2025-03-12 22:38:56,401 - market_maker - INFO - === Market Making Cycle: 2025-03-12 22:38:56.401416 ===
2025-03-12 22:38:56,402 - market_maker - WARNING - Stablecoin depeg detected! Price: 0.484857, deviation: 51.51%
2025-03-12 22:38:56,402 - market_maker - WARNING - Circuit breaker triggered, cancelling all orders
2025-03-12 22:38:56,402 - market_maker - INFO - Cancelling all open orders for USDT/USD
2025-03-12 22:38:56,403 - market_maker - INFO - Cancelled 0 open orders
2025-03-12 22:38:56,415 - market_maker - INFO - === Paper Trading Cycle 23/100 ===
2025-03-12 22:38:56,415 - market_maker - INFO - === Market Making Cycle: 2025-03-12 22:38:56.415725 ===
2025-03-12 22:38:56,416 - market_maker - WARNING - Stablecoin depeg detected! Price: 0.484857, deviation: 51.51%
2025-03-12 22:38:56,417 - market_maker - WARNING - Circuit breaker triggered, cancelling all orders
2025-03-12 22:38:56,417 - market_maker - INFO - Cancelling all open orders for USDT/USD
2025-03-12 22:38:56,417 - market_maker - INFO - Cancelled 0 open orders
2025-03-12 22:38:56,429 - market_maker - INFO - === Paper Trading Cycle 24/100 ===
2025-03-12 22:38:56,429 - market_maker - INFO - === Market Making Cycle: 2025-03-12 22:38:56.429926 ===
2025-03-12 22:38:56,431 - market_maker - WARNING - Stablecoin depeg detected! Price: 0.484857, deviation: 51.51%
2025-03-12 22:38:56,431 - market_maker - WARNING - Circuit breaker triggered, cancelling all orders
2025-03-12 22:38:56,431 - market_maker - INFO - Cancelling all open orders for USDT/USD
2025-03-12 22:38:56,431 - market_maker - INFO - Cancelled 0 open orders
2025-03-12 22:38:56,441 - market_maker - INFO - === Paper Trading Cycle 25/100 ===
2025-03-12 22:38:56,442 - market_maker - INFO - === Market Making Cycle: 2025-03-12 22:38:56.442107 ===
2025-03-12 22:38:56,443 - market_maker - WARNING - Stablecoin depeg detected! Price: 0.484857, deviation: 51.51%
2025-03-12 22:38:56,443 - market_maker - WARNING - Circuit breaker triggered, cancelling all orders
2025-03-12 22:38:56,443 - market_maker - INFO - Cancelling all open orders for USDT/USD
2025-03-12 22:38:56,443 - market_maker - INFO - Cancelled 0 open orders
2025-03-12 22:38:56,456 - market_maker - INFO - === Paper Trading Cycle 26/100 ===
2025-03-12 22:38:56,456 - market_maker - INFO - === Market Making Cycle: 2025-03-12 22:38:56.456225 ===
2025-03-12 22:38:56,457 - market_maker - WARNING - Stablecoin depeg detected! Price: 0.484857, deviation: 51.51%
2025-03-12 22:38:56,457 - market_maker - WARNING - Circuit breaker triggered, cancelling all orders
2025-03-12 22:38:56,457 - market_maker - INFO - Cancelling all open orders for USDT/USD
2025-03-12 22:38:56,457 - market_maker - INFO - Cancelled 0 open orders
2025-03-12 22:38:56,467 - market_maker - INFO - === Paper Trading Cycle 27/100 ===
2025-03-12 22:38:56,467 - market_maker - INFO - === Market Making Cycle: 2025-03-12 22:38:56.467591 ===
2025-03-12 22:38:56,468 - market_maker - WARNING - Stablecoin depeg detected! Price: 0.484857, deviation: 51.51%
2025-03-12 22:38:56,468 - market_maker - WARNING - Circuit breaker triggered, cancelling all orders
2025-03-12 22:38:56,468 - market_maker - INFO - Cancelling all open orders for USDT/USD
2025-03-12 22:38:56,468 - market_maker - INFO - Cancelled 0 open orders
2025-03-12 22:38:56,481 - market_maker - INFO - === Paper Trading Cycle 28/100 ===
2025-03-12 22:38:56,481 - market_maker - INFO - === Market Making Cycle: 2025-03-12 22:38:56.481303 ===
2025-03-12 22:38:56,482 - market_maker - WARNING - Stablecoin depeg detected! Price: 0.484857, deviation: 51.51%
2025-03-12 22:38:56,482 - market_maker - WARNING - Circuit breaker triggered, cancelling all orders
2025-03-12 22:38:56,482 - market_maker - INFO - Cancelling all open orders for USDT/USD
2025-03-12 22:38:56,482 - market_maker - INFO - Cancelled 0 open orders
2025-03-12 22:38:56,493 - market_maker - INFO - === Paper Trading Cycle 29/100 ===
2025-03-12 22:38:56,493 - market_maker - INFO - === Market Making Cycle: 2025-03-12 22:38:56.493185 ===
2025-03-12 22:38:56,493 - market_maker - WARNING - Stablecoin depeg detected! Price: 0.484857, deviation: 51.51%
2025-03-12 22:38:56,493 - market_maker - WARNING - Circuit breaker triggered, cancelling all orders
2025-03-12 22:38:56,493 - market_maker - INFO - Cancelling all open orders for USDT/USD
2025-03-12 22:38:56,494 - market_maker - INFO - Cancelled 0 open orders
2025-03-12 22:38:56,505 - market_maker - INFO - === Paper Trading Cycle 30/100 ===
2025-03-12 22:38:56,505 - market_maker - INFO - === Market Making Cycle: 2025-03-12 22:38:56.505463 ===
2025-03-12 22:38:56,506 - market_maker - WARNING - Stablecoin depeg detected! Price: 0.484857, deviation: 51.51%
2025-03-12 22:38:56,506 - market_maker - WARNING - Circuit breaker triggered, cancelling all orders
2025-03-12 22:38:56,506 - market_maker - INFO - Cancelling all open orders for USDT/USD
2025-03-12 22:38:56,506 - market_maker - INFO - Cancelled 0 open orders
2025-03-12 22:38:56,516 - market_maker - INFO - === Paper Trading Cycle 31/100 ===
2025-03-12 22:38:56,517 - market_maker - INFO - === Market Making Cycle: 2025-03-12 22:38:56.517142 ===
2025-03-12 22:38:56,517 - market_maker - WARNING - Stablecoin depeg detected! Price: 0.484857, deviation: 51.51%
2025-03-12 22:38:56,517 - market_maker - WARNING - Circuit breaker triggered, cancelling all orders
2025-03-12 22:38:56,517 - market_maker - INFO - Cancelling all open orders for USDT/USD
2025-03-12 22:38:56,517 - market_maker - INFO - Cancelled 0 open orders
2025-03-12 22:38:56,528 - market_maker - INFO - === Paper Trading Cycle 32/100 ===
2025-03-12 22:38:56,528 - market_maker - INFO - === Market Making Cycle: 2025-03-12 22:38:56.528962 ===
2025-03-12 22:38:56,529 - market_maker - WARNING - Stablecoin depeg detected! Price: 0.484857, deviation: 51.51%
2025-03-12 22:38:56,529 - market_maker - WARNING - Circuit breaker triggered, cancelling all orders
2025-03-12 22:38:56,529 - market_maker - INFO - Cancelling all open orders for USDT/USD
2025-03-12 22:38:56,530 - market_maker - INFO - Cancelled 0 open orders
2025-03-12 22:38:56,541 - market_maker - INFO - === Paper Trading Cycle 33/100 ===
2025-03-12 22:38:56,541 - market_maker - INFO - === Market Making Cycle: 2025-03-12 22:38:56.541981 ===
2025-03-12 22:38:56,542 - market_maker - WARNING - Stablecoin depeg detected! Price: 0.484857, deviation: 51.51%
2025-03-12 22:38:56,542 - market_maker - WARNING - Circuit breaker triggered, cancelling all orders
2025-03-12 22:38:56,542 - market_maker - INFO - Cancelling all open orders for USDT/USD
2025-03-12 22:38:56,542 - market_maker - INFO - Cancelled 0 open orders
2025-03-12 22:38:56,555 - market_maker - INFO - === Paper Trading Cycle 34/100 ===
2025-03-12 22:38:56,555 - market_maker - INFO - === Market Making Cycle: 2025-03-12 22:38:56.555417 ===
2025-03-12 22:38:56,556 - market_maker - WARNING - Stablecoin depeg detected! Price: 0.484857, deviation: 51.51%
2025-03-12 22:38:56,556 - market_maker - WARNING - Circuit breaker triggered, cancelling all orders
2025-03-12 22:38:56,556 - market_maker - INFO - Cancelling all open orders for USDT/USD
2025-03-12 22:38:56,556 - market_maker - INFO - Cancelled 0 open orders
2025-03-12 22:38:56,569 - market_maker - INFO - === Paper Trading Cycle 35/100 ===
2025-03-12 22:38:56,569 - market_maker - INFO - === Market Making Cycle: 2025-03-12 22:38:56.569216 ===
2025-03-12 22:38:56,570 - market_maker - WARNING - Stablecoin depeg detected! Price: 0.484857, deviation: 51.51%
2025-03-12 22:38:56,570 - market_maker - WARNING - Circuit breaker triggered, cancelling all orders
2025-03-12 22:38:56,570 - market_maker - INFO - Cancelling all open orders for USDT/USD
2025-03-12 22:38:56,570 - market_maker - INFO - Cancelled 0 open orders
2025-03-12 22:38:56,582 - market_maker - INFO - === Paper Trading Cycle 36/100 ===
2025-03-12 22:38:56,582 - market_maker - INFO - === Market Making Cycle: 2025-03-12 22:38:56.582438 ===
2025-03-12 22:38:56,583 - market_maker - WARNING - Stablecoin depeg detected! Price: 0.484857, deviation: 51.51%
2025-03-12 22:38:56,583 - market_maker - WARNING - Circuit breaker triggered, cancelling all orders
2025-03-12 22:38:56,583 - market_maker - INFO - Cancelling all open orders for USDT/USD
2025-03-12 22:38:56,583 - market_maker - INFO - Cancelled 0 open orders
2025-03-12 22:38:56,595 - market_maker - INFO - === Paper Trading Cycle 37/100 ===
2025-03-12 22:38:56,595 - market_maker - INFO - === Market Making Cycle: 2025-03-12 22:38:56.595322 ===
2025-03-12 22:38:56,596 - market_maker - WARNING - Stablecoin depeg detected! Price: 0.484857, deviation: 51.51%
2025-03-12 22:38:56,596 - market_maker - WARNING - Circuit breaker triggered, cancelling all orders
2025-03-12 22:38:56,596 - market_maker - INFO - Cancelling all open orders for USDT/USD
2025-03-12 22:38:56,596 - market_maker - INFO - Cancelled 0 open orders
2025-03-12 22:38:56,609 - market_maker - INFO - === Paper Trading Cycle 38/100 ===
2025-03-12 22:38:56,609 - market_maker - INFO - === Market Making Cycle: 2025-03-12 22:38:56.609221 ===
2025-03-12 22:38:56,610 - market_maker - WARNING - Stablecoin depeg detected! Price: 0.484857, deviation: 51.51%
2025-03-12 22:38:56,610 - market_maker - WARNING - Circuit breaker triggered, cancelling all orders
2025-03-12 22:38:56,610 - market_maker - INFO - Cancelling all open orders for USDT/USD
2025-03-12 22:38:56,610 - market_maker - INFO - Cancelled 0 open orders
2025-03-12 22:38:56,623 - market_maker - INFO - === Paper Trading Cycle 39/100 ===
2025-03-12 22:38:56,623 - market_maker - INFO - === Market Making Cycle: 2025-03-12 22:38:56.623171 ===
2025-03-12 22:38:56,624 - market_maker - WARNING - Stablecoin depeg detected! Price: 0.484857, deviation: 51.51%
2025-03-12 22:38:56,624 - market_maker - WARNING - Circuit breaker triggered, cancelling all orders
2025-03-12 22:38:56,624 - market_maker - INFO - Cancelling all open orders for USDT/USD
2025-03-12 22:38:56,624 - market_maker - INFO - Cancelled 0 open orders
2025-03-12 22:38:56,635 - market_maker - INFO - === Paper Trading Cycle 40/100 ===
2025-03-12 22:38:56,636 - market_maker - INFO - === Market Making Cycle: 2025-03-12 22:38:56.636030 ===
2025-03-12 22:38:56,636 - market_maker - WARNING - Stablecoin depeg detected! Price: 0.484857, deviation: 51.51%
2025-03-12 22:38:56,637 - market_maker - WARNING - Circuit breaker triggered, cancelling all orders
2025-03-12 22:38:56,637 - market_maker - INFO - Cancelling all open orders for USDT/USD
2025-03-12 22:38:56,637 - market_maker - INFO - Cancelled 0 open orders
2025-03-12 22:38:56,649 - market_maker - INFO - === Paper Trading Cycle 41/100 ===
2025-03-12 22:38:56,649 - market_maker - INFO - === Market Making Cycle: 2025-03-12 22:38:56.649829 ===
2025-03-12 22:38:56,650 - market_maker - WARNING - Stablecoin depeg detected! Price: 0.484857, deviation: 51.51%
2025-03-12 22:38:56,651 - market_maker - WARNING - Circuit breaker triggered, cancelling all orders
2025-03-12 22:38:56,651 - market_maker - INFO - Cancelling all open orders for USDT/USD
2025-03-12 22:38:56,651 - market_maker - INFO - Cancelled 0 open orders
2025-03-12 22:38:56,663 - market_maker - INFO - === Paper Trading Cycle 42/100 ===
2025-03-12 22:38:56,663 - market_maker - INFO - === Market Making Cycle: 2025-03-12 22:38:56.663952 ===
2025-03-12 22:38:56,665 - market_maker - WARNING - Stablecoin depeg detected! Price: 0.484857, deviation: 51.51%
2025-03-12 22:38:56,665 - market_maker - WARNING - Circuit breaker triggered, cancelling all orders
2025-03-12 22:38:56,665 - market_maker - INFO - Cancelling all open orders for USDT/USD
2025-03-12 22:38:56,665 - market_maker - INFO - Cancelled 0 open orders
2025-03-12 22:38:56,676 - market_maker - INFO - === Paper Trading Cycle 43/100 ===
2025-03-12 22:38:56,676 - market_maker - INFO - === Market Making Cycle: 2025-03-12 22:38:56.676701 ===
2025-03-12 22:38:56,677 - market_maker - WARNING - Stablecoin depeg detected! Price: 0.484857, deviation: 51.51%
2025-03-12 22:38:56,677 - market_maker - WARNING - Circuit breaker triggered, cancelling all orders
2025-03-12 22:38:56,677 - market_maker - INFO - Cancelling all open orders for USDT/USD
2025-03-12 22:38:56,677 - market_maker - INFO - Cancelled 0 open orders
2025-03-12 22:38:56,690 - market_maker - INFO - === Paper Trading Cycle 44/100 ===
2025-03-12 22:38:56,690 - market_maker - INFO - === Market Making Cycle: 2025-03-12 22:38:56.690647 ===
2025-03-12 22:38:56,691 - market_maker - WARNING - Stablecoin depeg detected! Price: 0.484857, deviation: 51.51%
2025-03-12 22:38:56,692 - market_maker - WARNING - Circuit breaker triggered, cancelling all orders
2025-03-12 22:38:56,692 - market_maker - INFO - Cancelling all open orders for USDT/USD
2025-03-12 22:38:56,692 - market_maker - INFO - Cancelled 0 open orders
2025-03-12 22:38:56,704 - market_maker - INFO - === Paper Trading Cycle 45/100 ===
2025-03-12 22:38:56,704 - market_maker - INFO - === Market Making Cycle: 2025-03-12 22:38:56.704845 ===
2025-03-12 22:38:56,705 - market_maker - WARNING - Stablecoin depeg detected! Price: 0.484857, deviation: 51.51%
2025-03-12 22:38:56,706 - market_maker - WARNING - Circuit breaker triggered, cancelling all orders
2025-03-12 22:38:56,706 - market_maker - INFO - Cancelling all open orders for USDT/USD
2025-03-12 22:38:56,706 - market_maker - INFO - Cancelled 0 open orders
2025-03-12 22:38:56,717 - market_maker - INFO - === Paper Trading Cycle 46/100 ===
2025-03-12 22:38:56,717 - market_maker - INFO - === Market Making Cycle: 2025-03-12 22:38:56.717402 ===
2025-03-12 22:38:56,718 - market_maker - WARNING - Stablecoin depeg detected! Price: 0.484857, deviation: 51.51%
2025-03-12 22:38:56,718 - market_maker - WARNING - Circuit breaker triggered, cancelling all orders
2025-03-12 22:38:56,719 - market_maker - INFO - Cancelling all open orders for USDT/USD
2025-03-12 22:38:56,719 - market_maker - INFO - Cancelled 0 open orders
2025-03-12 22:38:56,731 - market_maker - INFO - === Paper Trading Cycle 47/100 ===
2025-03-12 22:38:56,731 - market_maker - INFO - === Market Making Cycle: 2025-03-12 22:38:56.731901 ===
2025-03-12 22:38:56,732 - market_maker - WARNING - Stablecoin depeg detected! Price: 0.484857, deviation: 51.51%
2025-03-12 22:38:56,732 - market_maker - WARNING - Circuit breaker triggered, cancelling all orders
2025-03-12 22:38:56,733 - market_maker - INFO - Cancelling all open orders for USDT/USD
2025-03-12 22:38:56,733 - market_maker - INFO - Cancelled 0 open orders
2025-03-12 22:38:56,745 - market_maker - INFO - === Paper Trading Cycle 48/100 ===
2025-03-12 22:38:56,745 - market_maker - INFO - === Market Making Cycle: 2025-03-12 22:38:56.745936 ===
2025-03-12 22:38:56,746 - market_maker - WARNING - Stablecoin depeg detected! Price: 0.484857, deviation: 51.51%
2025-03-12 22:38:56,746 - market_maker - WARNING - Circuit breaker triggered, cancelling all orders
2025-03-12 22:38:56,746 - market_maker - INFO - Cancelling all open orders for USDT/USD
2025-03-12 22:38:56,746 - market_maker - INFO - Cancelled 0 open orders
2025-03-12 22:38:56,758 - market_maker - INFO - === Paper Trading Cycle 49/100 ===
2025-03-12 22:38:56,758 - market_maker - INFO - === Market Making Cycle: 2025-03-12 22:38:56.758698 ===
2025-03-12 22:38:56,759 - market_maker - WARNING - Stablecoin depeg detected! Price: 0.484857, deviation: 51.51%
2025-03-12 22:38:56,759 - market_maker - WARNING - Circuit breaker triggered, cancelling all orders
2025-03-12 22:38:56,759 - market_maker - INFO - Cancelling all open orders for USDT/USD
2025-03-12 22:38:56,759 - market_maker - INFO - Cancelled 0 open orders
2025-03-12 22:38:56,771 - market_maker - INFO - === Paper Trading Cycle 50/100 ===
2025-03-12 22:38:56,771 - market_maker - INFO - === Market Making Cycle: 2025-03-12 22:38:56.771402 ===
2025-03-12 22:38:56,772 - market_maker - WARNING - Stablecoin depeg detected! Price: 0.484857, deviation: 51.51%
2025-03-12 22:38:56,772 - market_maker - WARNING - Circuit breaker triggered, cancelling all orders
2025-03-12 22:38:56,772 - market_maker - INFO - Cancelling all open orders for USDT/USD
2025-03-12 22:38:56,772 - market_maker - INFO - Cancelled 0 open orders
2025-03-12 22:38:56,783 - market_maker - INFO - === Paper Trading Cycle 51/100 ===
2025-03-12 22:38:56,783 - market_maker - INFO - === Market Making Cycle: 2025-03-12 22:38:56.783787 ===
2025-03-12 22:38:56,784 - market_maker - WARNING - Stablecoin depeg detected! Price: 0.484857, deviation: 51.51%
2025-03-12 22:38:56,784 - market_maker - WARNING - Circuit breaker triggered, cancelling all orders
2025-03-12 22:38:56,784 - market_maker - INFO - Cancelling all open orders for USDT/USD
2025-03-12 22:38:56,784 - market_maker - INFO - Cancelled 0 open orders
2025-03-12 22:38:56,797 - market_maker - INFO - === Paper Trading Cycle 52/100 ===
2025-03-12 22:38:56,797 - market_maker - INFO - === Market Making Cycle: 2025-03-12 22:38:56.797382 ===
2025-03-12 22:38:56,798 - market_maker - WARNING - Stablecoin depeg detected! Price: 0.484857, deviation: 51.51%
2025-03-12 22:38:56,798 - market_maker - WARNING - Circuit breaker triggered, cancelling all orders
2025-03-12 22:38:56,798 - market_maker - INFO - Cancelling all open orders for USDT/USD
2025-03-12 22:38:56,798 - market_maker - INFO - Cancelled 0 open orders
2025-03-12 22:38:56,809 - market_maker - INFO - === Paper Trading Cycle 53/100 ===
2025-03-12 22:38:56,809 - market_maker - INFO - === Market Making Cycle: 2025-03-12 22:38:56.809930 ===
2025-03-12 22:38:56,810 - market_maker - WARNING - Stablecoin depeg detected! Price: 0.484857, deviation: 51.51%
2025-03-12 22:38:56,810 - market_maker - WARNING - Circuit breaker triggered, cancelling all orders
2025-03-12 22:38:56,811 - market_maker - INFO - Cancelling all open orders for USDT/USD
2025-03-12 22:38:56,811 - market_maker - INFO - Cancelled 0 open orders
2025-03-12 22:38:56,823 - market_maker - INFO - === Paper Trading Cycle 54/100 ===
2025-03-12 22:38:56,823 - market_maker - INFO - === Market Making Cycle: 2025-03-12 22:38:56.823425 ===
2025-03-12 22:38:56,824 - market_maker - WARNING - Stablecoin depeg detected! Price: 0.484857, deviation: 51.51%
2025-03-12 22:38:56,824 - market_maker - WARNING - Circuit breaker triggered, cancelling all orders
2025-03-12 22:38:56,824 - market_maker - INFO - Cancelling all open orders for USDT/USD
2025-03-12 22:38:56,824 - market_maker - INFO - Cancelled 0 open orders
2025-03-12 22:38:56,837 - market_maker - INFO - === Paper Trading Cycle 55/100 ===
2025-03-12 22:38:56,837 - market_maker - INFO - === Market Making Cycle: 2025-03-12 22:38:56.837346 ===
2025-03-12 22:38:56,838 - market_maker - WARNING - Stablecoin depeg detected! Price: 0.484857, deviation: 51.51%
2025-03-12 22:38:56,838 - market_maker - WARNING - Circuit breaker triggered, cancelling all orders
2025-03-12 22:38:56,838 - market_maker - INFO - Cancelling all open orders for USDT/USD
2025-03-12 22:38:56,838 - market_maker - INFO - Cancelled 0 open orders
2025-03-12 22:38:56,850 - market_maker - INFO - === Paper Trading Cycle 56/100 ===
2025-03-12 22:38:56,850 - market_maker - INFO - === Market Making Cycle: 2025-03-12 22:38:56.850434 ===
2025-03-12 22:38:56,851 - market_maker - WARNING - Stablecoin depeg detected! Price: 0.484857, deviation: 51.51%
2025-03-12 22:38:56,851 - market_maker - WARNING - Circuit breaker triggered, cancelling all orders
2025-03-12 22:38:56,851 - market_maker - INFO - Cancelling all open orders for USDT/USD
2025-03-12 22:38:56,851 - market_maker - INFO - Cancelled 0 open orders
2025-03-12 22:38:56,864 - market_maker - INFO - === Paper Trading Cycle 57/100 ===
2025-03-12 22:38:56,864 - market_maker - INFO - === Market Making Cycle: 2025-03-12 22:38:56.864449 ===
2025-03-12 22:38:56,865 - market_maker - WARNING - Stablecoin depeg detected! Price: 0.484857, deviation: 51.51%
2025-03-12 22:38:56,865 - market_maker - WARNING - Circuit breaker triggered, cancelling all orders
2025-03-12 22:38:56,865 - market_maker - INFO - Cancelling all open orders for USDT/USD
2025-03-12 22:38:56,865 - market_maker - INFO - Cancelled 0 open orders
2025-03-12 22:38:56,878 - market_maker - INFO - === Paper Trading Cycle 58/100 ===
2025-03-12 22:38:56,878 - market_maker - INFO - === Market Making Cycle: 2025-03-12 22:38:56.878631 ===
2025-03-12 22:38:56,879 - market_maker - WARNING - Stablecoin depeg detected! Price: 0.484857, deviation: 51.51%
2025-03-12 22:38:56,879 - market_maker - WARNING - Circuit breaker triggered, cancelling all orders
2025-03-12 22:38:56,880 - market_maker - INFO - Cancelling all open orders for USDT/USD
2025-03-12 22:38:56,880 - market_maker - INFO - Cancelled 0 open orders
2025-03-12 22:38:56,892 - market_maker - INFO - === Paper Trading Cycle 59/100 ===
2025-03-12 22:38:56,892 - market_maker - INFO - === Market Making Cycle: 2025-03-12 22:38:56.892820 ===
2025-03-12 22:38:56,893 - market_maker - WARNING - Stablecoin depeg detected! Price: 0.484857, deviation: 51.51%
2025-03-12 22:38:56,893 - market_maker - WARNING - Circuit breaker triggered, cancelling all orders
2025-03-12 22:38:56,893 - market_maker - INFO - Cancelling all open orders for USDT/USD
2025-03-12 22:38:56,893 - market_maker - INFO - Cancelled 0 open orders
2025-03-12 22:38:56,906 - market_maker - INFO - === Paper Trading Cycle 60/100 ===
2025-03-12 22:38:56,906 - market_maker - INFO - === Market Making Cycle: 2025-03-12 22:38:56.906481 ===
2025-03-12 22:38:56,907 - market_maker - WARNING - Stablecoin depeg detected! Price: 0.484857, deviation: 51.51%
2025-03-12 22:38:56,907 - market_maker - WARNING - Circuit breaker triggered, cancelling all orders
2025-03-12 22:38:56,907 - market_maker - INFO - Cancelling all open orders for USDT/USD
2025-03-12 22:38:56,907 - market_maker - INFO - Cancelled 0 open orders
2025-03-12 22:38:56,920 - market_maker - INFO - === Paper Trading Cycle 61/100 ===
2025-03-12 22:38:56,920 - market_maker - INFO - === Market Making Cycle: 2025-03-12 22:38:56.920541 ===
2025-03-12 22:38:56,921 - market_maker - WARNING - Stablecoin depeg detected! Price: 0.484857, deviation: 51.51%
2025-03-12 22:38:56,921 - market_maker - WARNING - Circuit breaker triggered, cancelling all orders
2025-03-12 22:38:56,921 - market_maker - INFO - Cancelling all open orders for USDT/USD
2025-03-12 22:38:56,921 - market_maker - INFO - Cancelled 0 open orders
2025-03-12 22:38:56,932 - market_maker - INFO - === Paper Trading Cycle 62/100 ===
2025-03-12 22:38:56,932 - market_maker - INFO - === Market Making Cycle: 2025-03-12 22:38:56.932928 ===
2025-03-12 22:38:56,933 - market_maker - WARNING - Stablecoin depeg detected! Price: 0.484857, deviation: 51.51%
2025-03-12 22:38:56,933 - market_maker - WARNING - Circuit breaker triggered, cancelling all orders
2025-03-12 22:38:56,933 - market_maker - INFO - Cancelling all open orders for USDT/USD
2025-03-12 22:38:56,933 - market_maker - INFO - Cancelled 0 open orders
2025-03-12 22:38:56,945 - market_maker - INFO - === Paper Trading Cycle 63/100 ===
2025-03-12 22:38:56,945 - market_maker - INFO - === Market Making Cycle: 2025-03-12 22:38:56.945192 ===
2025-03-12 22:38:56,946 - market_maker - WARNING - Stablecoin depeg detected! Price: 0.484857, deviation: 51.51%
2025-03-12 22:38:56,946 - market_maker - WARNING - Circuit breaker triggered, cancelling all orders
2025-03-12 22:38:56,946 - market_maker - INFO - Cancelling all open orders for USDT/USD
2025-03-12 22:38:56,946 - market_maker - INFO - Cancelled 0 open orders
2025-03-12 22:38:56,958 - market_maker - INFO - === Paper Trading Cycle 64/100 ===
2025-03-12 22:38:56,958 - market_maker - INFO - === Market Making Cycle: 2025-03-12 22:38:56.958758 ===
2025-03-12 22:38:56,959 - market_maker - WARNING - Stablecoin depeg detected! Price: 0.484857, deviation: 51.51%
2025-03-12 22:38:56,960 - market_maker - WARNING - Circuit breaker triggered, cancelling all orders
2025-03-12 22:38:56,960 - market_maker - INFO - Cancelling all open orders for USDT/USD
2025-03-12 22:38:56,960 - market_maker - INFO - Cancelled 0 open orders
2025-03-12 22:38:56,972 - market_maker - INFO - === Paper Trading Cycle 65/100 ===
2025-03-12 22:38:56,973 - market_maker - INFO - === Market Making Cycle: 2025-03-12 22:38:56.972991 ===
2025-03-12 22:38:56,974 - market_maker - WARNING - Stablecoin depeg detected! Price: 0.484857, deviation: 51.51%
2025-03-12 22:38:56,974 - market_maker - WARNING - Circuit breaker triggered, cancelling all orders
2025-03-12 22:38:56,974 - market_maker - INFO - Cancelling all open orders for USDT/USD
2025-03-12 22:38:56,974 - market_maker - INFO - Cancelled 0 open orders
2025-03-12 22:38:56,987 - market_maker - INFO - === Paper Trading Cycle 66/100 ===
2025-03-12 22:38:56,987 - market_maker - INFO - === Market Making Cycle: 2025-03-12 22:38:56.987390 ===
2025-03-12 22:38:56,988 - market_maker - WARNING - Stablecoin depeg detected! Price: 0.484857, deviation: 51.51%
2025-03-12 22:38:56,988 - market_maker - WARNING - Circuit breaker triggered, cancelling all orders
2025-03-12 22:38:56,988 - market_maker - INFO - Cancelling all open orders for USDT/USD
2025-03-12 22:38:56,988 - market_maker - INFO - Cancelled 0 open orders
2025-03-12 22:38:57,000 - market_maker - INFO - === Paper Trading Cycle 67/100 ===
2025-03-12 22:38:57,000 - market_maker - INFO - === Market Making Cycle: 2025-03-12 22:38:57.000366 ===
2025-03-12 22:38:57,001 - market_maker - WARNING - Stablecoin depeg detected! Price: 0.484857, deviation: 51.51%
2025-03-12 22:38:57,001 - market_maker - WARNING - Circuit breaker triggered, cancelling all orders
2025-03-12 22:38:57,001 - market_maker - INFO - Cancelling all open orders for USDT/USD
2025-03-12 22:38:57,001 - market_maker - INFO - Cancelled 0 open orders
2025-03-12 22:38:57,013 - market_maker - INFO - === Paper Trading Cycle 68/100 ===
2025-03-12 22:38:57,013 - market_maker - INFO - === Market Making Cycle: 2025-03-12 22:38:57.013634 ===
2025-03-12 22:38:57,015 - market_maker - WARNING - Stablecoin depeg detected! Price: 0.484857, deviation: 51.51%
2025-03-12 22:38:57,015 - market_maker - WARNING - Circuit breaker triggered, cancelling all orders
2025-03-12 22:38:57,015 - market_maker - INFO - Cancelling all open orders for USDT/USD
2025-03-12 22:38:57,015 - market_maker - INFO - Cancelled 0 open orders
2025-03-12 22:38:57,028 - market_maker - INFO - === Paper Trading Cycle 69/100 ===
2025-03-12 22:38:57,028 - market_maker - INFO - === Market Making Cycle: 2025-03-12 22:38:57.028144 ===
2025-03-12 22:38:57,029 - market_maker - WARNING - Stablecoin depeg detected! Price: 0.484857, deviation: 51.51%
2025-03-12 22:38:57,029 - market_maker - WARNING - Circuit breaker triggered, cancelling all orders
2025-03-12 22:38:57,029 - market_maker - INFO - Cancelling all open orders for USDT/USD
2025-03-12 22:38:57,029 - market_maker - INFO - Cancelled 0 open orders
2025-03-12 22:38:57,041 - market_maker - INFO - === Paper Trading Cycle 70/100 ===
2025-03-12 22:38:57,042 - market_maker - INFO - === Market Making Cycle: 2025-03-12 22:38:57.042113 ===
2025-03-12 22:38:57,043 - market_maker - WARNING - Stablecoin depeg detected! Price: 0.484857, deviation: 51.51%
2025-03-12 22:38:57,043 - market_maker - WARNING - Circuit breaker triggered, cancelling all orders
2025-03-12 22:38:57,043 - market_maker - INFO - Cancelling all open orders for USDT/USD
2025-03-12 22:38:57,043 - market_maker - INFO - Cancelled 0 open orders
2025-03-12 22:38:57,056 - market_maker - INFO - === Paper Trading Cycle 71/100 ===
2025-03-12 22:38:57,056 - market_maker - INFO - === Market Making Cycle: 2025-03-12 22:38:57.056489 ===
2025-03-12 22:38:57,057 - market_maker - WARNING - Stablecoin depeg detected! Price: 0.484857, deviation: 51.51%
2025-03-12 22:38:57,058 - market_maker - WARNING - Circuit breaker triggered, cancelling all orders
2025-03-12 22:38:57,058 - market_maker - INFO - Cancelling all open orders for USDT/USD
2025-03-12 22:38:57,058 - market_maker - INFO - Cancelled 0 open orders
2025-03-12 22:38:57,070 - market_maker - INFO - === Paper Trading Cycle 72/100 ===
2025-03-12 22:38:57,071 - market_maker - INFO - === Market Making Cycle: 2025-03-12 22:38:57.070994 ===
2025-03-12 22:38:57,072 - market_maker - WARNING - Stablecoin depeg detected! Price: 0.484857, deviation: 51.51%
2025-03-12 22:38:57,072 - market_maker - WARNING - Circuit breaker triggered, cancelling all orders
2025-03-12 22:38:57,072 - market_maker - INFO - Cancelling all open orders for USDT/USD
2025-03-12 22:38:57,072 - market_maker - INFO - Cancelled 0 open orders
2025-03-12 22:38:57,083 - market_maker - INFO - === Paper Trading Cycle 73/100 ===
2025-03-12 22:38:57,083 - market_maker - INFO - === Market Making Cycle: 2025-03-12 22:38:57.083710 ===
2025-03-12 22:38:57,084 - market_maker - WARNING - Stablecoin depeg detected! Price: 0.484857, deviation: 51.51%
2025-03-12 22:38:57,084 - market_maker - WARNING - Circuit breaker triggered, cancelling all orders
2025-03-12 22:38:57,084 - market_maker - INFO - Cancelling all open orders for USDT/USD
2025-03-12 22:38:57,084 - market_maker - INFO - Cancelled 0 open orders
2025-03-12 22:38:57,097 - market_maker - INFO - === Paper Trading Cycle 74/100 ===
2025-03-12 22:38:57,097 - market_maker - INFO - === Market Making Cycle: 2025-03-12 22:38:57.097732 ===
2025-03-12 22:38:57,099 - market_maker - WARNING - Stablecoin depeg detected! Price: 0.484857, deviation: 51.51%
2025-03-12 22:38:57,099 - market_maker - WARNING - Circuit breaker triggered, cancelling all orders
2025-03-12 22:38:57,099 - market_maker - INFO - Cancelling all open orders for USDT/USD
2025-03-12 22:38:57,099 - market_maker - INFO - Cancelled 0 open orders
2025-03-12 22:38:57,112 - market_maker - INFO - === Paper Trading Cycle 75/100 ===
2025-03-12 22:38:57,112 - market_maker - INFO - === Market Making Cycle: 2025-03-12 22:38:57.112287 ===
2025-03-12 22:38:57,113 - market_maker - WARNING - Stablecoin depeg detected! Price: 0.484857, deviation: 51.51%
2025-03-12 22:38:57,113 - market_maker - WARNING - Circuit breaker triggered, cancelling all orders
2025-03-12 22:38:57,113 - market_maker - INFO - Cancelling all open orders for USDT/USD
2025-03-12 22:38:57,113 - market_maker - INFO - Cancelled 0 open orders
2025-03-12 22:38:57,125 - market_maker - INFO - === Paper Trading Cycle 76/100 ===
2025-03-12 22:38:57,125 - market_maker - INFO - === Market Making Cycle: 2025-03-12 22:38:57.125447 ===
2025-03-12 22:38:57,126 - market_maker - WARNING - Stablecoin depeg detected! Price: 0.484857, deviation: 51.51%
2025-03-12 22:38:57,126 - market_maker - WARNING - Circuit breaker triggered, cancelling all orders
2025-03-12 22:38:57,126 - market_maker - INFO - Cancelling all open orders for USDT/USD
2025-03-12 22:38:57,126 - market_maker - INFO - Cancelled 0 open orders
2025-03-12 22:38:57,139 - market_maker - INFO - === Paper Trading Cycle 77/100 ===
2025-03-12 22:38:57,139 - market_maker - INFO - === Market Making Cycle: 2025-03-12 22:38:57.139532 ===
2025-03-12 22:38:57,141 - market_maker - WARNING - Stablecoin depeg detected! Price: 0.484857, deviation: 51.51%
2025-03-12 22:38:57,141 - market_maker - WARNING - Circuit breaker triggered, cancelling all orders
2025-03-12 22:38:57,141 - market_maker - INFO - Cancelling all open orders for USDT/USD
2025-03-12 22:38:57,141 - market_maker - INFO - Cancelled 0 open orders
2025-03-12 22:38:57,153 - market_maker - INFO - === Paper Trading Cycle 78/100 ===
2025-03-12 22:38:57,154 - market_maker - INFO - === Market Making Cycle: 2025-03-12 22:38:57.154122 ===
2025-03-12 22:38:57,155 - market_maker - WARNING - Stablecoin depeg detected! Price: 0.484857, deviation: 51.51%
2025-03-12 22:38:57,155 - market_maker - WARNING - Circuit breaker triggered, cancelling all orders
2025-03-12 22:38:57,155 - market_maker - INFO - Cancelling all open orders for USDT/USD
2025-03-12 22:38:57,155 - market_maker - INFO - Cancelled 0 open orders
2025-03-12 22:38:57,166 - market_maker - INFO - === Paper Trading Cycle 79/100 ===
2025-03-12 22:38:57,167 - market_maker - INFO - === Market Making Cycle: 2025-03-12 22:38:57.167056 ===
2025-03-12 22:38:57,168 - market_maker - WARNING - Stablecoin depeg detected! Price: 0.484857, deviation: 51.51%
2025-03-12 22:38:57,168 - market_maker - WARNING - Circuit breaker triggered, cancelling all orders
2025-03-12 22:38:57,168 - market_maker - INFO - Cancelling all open orders for USDT/USD
2025-03-12 22:38:57,168 - market_maker - INFO - Cancelled 0 open orders
2025-03-12 22:38:57,180 - market_maker - INFO - === Paper Trading Cycle 80/100 ===
2025-03-12 22:38:57,181 - market_maker - INFO - === Market Making Cycle: 2025-03-12 22:38:57.181128 ===
2025-03-12 22:38:57,182 - market_maker - WARNING - Stablecoin depeg detected! Price: 0.484857, deviation: 51.51%
2025-03-12 22:38:57,182 - market_maker - WARNING - Circuit breaker triggered, cancelling all orders
2025-03-12 22:38:57,182 - market_maker - INFO - Cancelling all open orders for USDT/USD
2025-03-12 22:38:57,182 - market_maker - INFO - Cancelled 0 open orders
2025-03-12 22:38:57,195 - market_maker - INFO - === Paper Trading Cycle 81/100 ===
2025-03-12 22:38:57,195 - market_maker - INFO - === Market Making Cycle: 2025-03-12 22:38:57.195714 ===
2025-03-12 22:38:57,196 - market_maker - WARNING - Stablecoin depeg detected! Price: 0.484857, deviation: 51.51%
2025-03-12 22:38:57,197 - market_maker - WARNING - Circuit breaker triggered, cancelling all orders
2025-03-12 22:38:57,197 - market_maker - INFO - Cancelling all open orders for USDT/USD
2025-03-12 22:38:57,197 - market_maker - INFO - Cancelled 0 open orders
2025-03-12 22:38:57,209 - market_maker - INFO - === Paper Trading Cycle 82/100 ===
2025-03-12 22:38:57,210 - market_maker - INFO - === Market Making Cycle: 2025-03-12 22:38:57.210024 ===
2025-03-12 22:38:57,211 - market_maker - WARNING - Stablecoin depeg detected! Price: 0.484857, deviation: 51.51%
2025-03-12 22:38:57,211 - market_maker - WARNING - Circuit breaker triggered, cancelling all orders
2025-03-12 22:38:57,211 - market_maker - INFO - Cancelling all open orders for USDT/USD
2025-03-12 22:38:57,211 - market_maker - INFO - Cancelled 0 open orders
2025-03-12 22:38:57,222 - market_maker - INFO - === Paper Trading Cycle 83/100 ===
2025-03-12 22:38:57,223 - market_maker - INFO - === Market Making Cycle: 2025-03-12 22:38:57.223160 ===
2025-03-12 22:38:57,224 - market_maker - WARNING - Stablecoin depeg detected! Price: 0.484857, deviation: 51.51%
2025-03-12 22:38:57,224 - market_maker - WARNING - Circuit breaker triggered, cancelling all orders
2025-03-12 22:38:57,224 - market_maker - INFO - Cancelling all open orders for USDT/USD
2025-03-12 22:38:57,225 - market_maker - INFO - Cancelled 0 open orders
2025-03-12 22:38:57,236 - market_maker - INFO - === Paper Trading Cycle 84/100 ===
2025-03-12 22:38:57,236 - market_maker - INFO - === Market Making Cycle: 2025-03-12 22:38:57.236348 ===
2025-03-12 22:38:57,237 - market_maker - WARNING - Stablecoin depeg detected! Price: 0.484857, deviation: 51.51%
2025-03-12 22:38:57,237 - market_maker - WARNING - Circuit breaker triggered, cancelling all orders
2025-03-12 22:38:57,237 - market_maker - INFO - Cancelling all open orders for USDT/USD
2025-03-12 22:38:57,237 - market_maker - INFO - Cancelled 0 open orders
2025-03-12 22:38:57,250 - market_maker - INFO - === Paper Trading Cycle 85/100 ===
2025-03-12 22:38:57,250 - market_maker - INFO - === Market Making Cycle: 2025-03-12 22:38:57.250452 ===
2025-03-12 22:38:57,251 - market_maker - WARNING - Stablecoin depeg detected! Price: 0.484857, deviation: 51.51%
2025-03-12 22:38:57,252 - market_maker - WARNING - Circuit breaker triggered, cancelling all orders
2025-03-12 22:38:57,252 - market_maker - INFO - Cancelling all open orders for USDT/USD
2025-03-12 22:38:57,252 - market_maker - INFO - Cancelled 0 open orders
2025-03-12 22:38:57,264 - market_maker - INFO - === Paper Trading Cycle 86/100 ===
2025-03-12 22:38:57,264 - market_maker - INFO - === Market Making Cycle: 2025-03-12 22:38:57.264986 ===
2025-03-12 22:38:57,266 - market_maker - WARNING - Stablecoin depeg detected! Price: 0.484857, deviation: 51.51%
2025-03-12 22:38:57,266 - market_maker - WARNING - Circuit breaker triggered, cancelling all orders
2025-03-12 22:38:57,266 - market_maker - INFO - Cancelling all open orders for USDT/USD
2025-03-12 22:38:57,266 - market_maker - INFO - Cancelled 0 open orders
2025-03-12 22:38:57,277 - market_maker - INFO - === Paper Trading Cycle 87/100 ===
2025-03-12 22:38:57,277 - market_maker - INFO - === Market Making Cycle: 2025-03-12 22:38:57.277198 ===
2025-03-12 22:38:57,278 - market_maker - WARNING - Stablecoin depeg detected! Price: 0.484857, deviation: 51.51%
2025-03-12 22:38:57,278 - market_maker - WARNING - Circuit breaker triggered, cancelling all orders
2025-03-12 22:38:57,278 - market_maker - INFO - Cancelling all open orders for USDT/USD
2025-03-12 22:38:57,278 - market_maker - INFO - Cancelled 0 open orders
2025-03-12 22:38:57,290 - market_maker - INFO - === Paper Trading Cycle 88/100 ===
2025-03-12 22:38:57,290 - market_maker - INFO - === Market Making Cycle: 2025-03-12 22:38:57.290583 ===
2025-03-12 22:38:57,291 - market_maker - WARNING - Stablecoin depeg detected! Price: 0.484857, deviation: 51.51%
2025-03-12 22:38:57,291 - market_maker - WARNING - Circuit breaker triggered, cancelling all orders
2025-03-12 22:38:57,291 - market_maker - INFO - Cancelling all open orders for USDT/USD
2025-03-12 22:38:57,291 - market_maker - INFO - Cancelled 0 open orders
2025-03-12 22:38:57,304 - market_maker - INFO - === Paper Trading Cycle 89/100 ===
2025-03-12 22:38:57,304 - market_maker - INFO - === Market Making Cycle: 2025-03-12 22:38:57.304640 ===
2025-03-12 22:38:57,306 - market_maker - WARNING - Stablecoin depeg detected! Price: 0.484857, deviation: 51.51%
2025-03-12 22:38:57,306 - market_maker - WARNING - Circuit breaker triggered, cancelling all orders
2025-03-12 22:38:57,306 - market_maker - INFO - Cancelling all open orders for USDT/USD
2025-03-12 22:38:57,306 - market_maker - INFO - Cancelled 0 open orders
2025-03-12 22:38:57,316 - market_maker - INFO - === Paper Trading Cycle 90/100 ===
2025-03-12 22:38:57,317 - market_maker - INFO - === Market Making Cycle: 2025-03-12 22:38:57.316995 ===
2025-03-12 22:38:57,317 - market_maker - WARNING - Stablecoin depeg detected! Price: 0.484857, deviation: 51.51%
2025-03-12 22:38:57,317 - market_maker - WARNING - Circuit breaker triggered, cancelling all orders
2025-03-12 22:38:57,318 - market_maker - INFO - Cancelling all open orders for USDT/USD
2025-03-12 22:38:57,318 - market_maker - INFO - Cancelled 0 open orders
2025-03-12 22:38:57,330 - market_maker - INFO - === Paper Trading Cycle 91/100 ===
2025-03-12 22:38:57,331 - market_maker - INFO - === Market Making Cycle: 2025-03-12 22:38:57.331023 ===
2025-03-12 22:38:57,332 - market_maker - WARNING - Stablecoin depeg detected! Price: 0.484857, deviation: 51.51%
2025-03-12 22:38:57,332 - market_maker - WARNING - Circuit breaker triggered, cancelling all orders
2025-03-12 22:38:57,332 - market_maker - INFO - Cancelling all open orders for USDT/USD
2025-03-12 22:38:57,332 - market_maker - INFO - Cancelled 0 open orders
2025-03-12 22:38:57,342 - market_maker - INFO - === Paper Trading Cycle 92/100 ===
2025-03-12 22:38:57,343 - market_maker - INFO - === Market Making Cycle: 2025-03-12 22:38:57.343155 ===
2025-03-12 22:38:57,344 - market_maker - WARNING - Stablecoin depeg detected! Price: 0.484857, deviation: 51.51%
2025-03-12 22:38:57,344 - market_maker - WARNING - Circuit breaker triggered, cancelling all orders
2025-03-12 22:38:57,344 - market_maker - INFO - Cancelling all open orders for USDT/USD
2025-03-12 22:38:57,344 - market_maker - INFO - Cancelled 0 open orders
2025-03-12 22:38:57,356 - market_maker - INFO - === Paper Trading Cycle 93/100 ===
2025-03-12 22:38:57,357 - market_maker - INFO - === Market Making Cycle: 2025-03-12 22:38:57.357078 ===
2025-03-12 22:38:57,358 - market_maker - WARNING - Stablecoin depeg detected! Price: 0.484857, deviation: 51.51%
2025-03-12 22:38:57,358 - market_maker - WARNING - Circuit breaker triggered, cancelling all orders
2025-03-12 22:38:57,358 - market_maker - INFO - Cancelling all open orders for USDT/USD
2025-03-12 22:38:57,358 - market_maker - INFO - Cancelled 0 open orders
2025-03-12 22:38:57,369 - market_maker - INFO - === Paper Trading Cycle 94/100 ===
2025-03-12 22:38:57,369 - market_maker - INFO - === Market Making Cycle: 2025-03-12 22:38:57.369465 ===
2025-03-12 22:38:57,370 - market_maker - WARNING - Stablecoin depeg detected! Price: 0.484857, deviation: 51.51%
2025-03-12 22:38:57,371 - market_maker - WARNING - Circuit breaker triggered, cancelling all orders
2025-03-12 22:38:57,371 - market_maker - INFO - Cancelling all open orders for USDT/USD
2025-03-12 22:38:57,371 - market_maker - INFO - Cancelled 0 open orders
2025-03-12 22:38:57,381 - market_maker - INFO - === Paper Trading Cycle 95/100 ===
2025-03-12 22:38:57,381 - market_maker - INFO - === Market Making Cycle: 2025-03-12 22:38:57.381895 ===
2025-03-12 22:38:57,382 - market_maker - WARNING - Stablecoin depeg detected! Price: 0.484857, deviation: 51.51%
2025-03-12 22:38:57,383 - market_maker - WARNING - Circuit breaker triggered, cancelling all orders
2025-03-12 22:38:57,383 - market_maker - INFO - Cancelling all open orders for USDT/USD
2025-03-12 22:38:57,383 - market_maker - INFO - Cancelled 0 open orders
2025-03-12 22:38:57,395 - market_maker - INFO - === Paper Trading Cycle 96/100 ===
2025-03-12 22:38:57,396 - market_maker - INFO - === Market Making Cycle: 2025-03-12 22:38:57.396079 ===
2025-03-12 22:38:57,397 - market_maker - WARNING - Stablecoin depeg detected! Price: 0.484857, deviation: 51.51%
2025-03-12 22:38:57,397 - market_maker - WARNING - Circuit breaker triggered, cancelling all orders
2025-03-12 22:38:57,397 - market_maker - INFO - Cancelling all open orders for USDT/USD
2025-03-12 22:38:57,397 - market_maker - INFO - Cancelled 0 open orders
2025-03-12 22:38:57,410 - market_maker - INFO - === Paper Trading Cycle 97/100 ===
2025-03-12 22:38:57,410 - market_maker - INFO - === Market Making Cycle: 2025-03-12 22:38:57.410502 ===
2025-03-12 22:38:57,411 - market_maker - WARNING - Stablecoin depeg detected! Price: 0.484857, deviation: 51.51%
2025-03-12 22:38:57,411 - market_maker - WARNING - Circuit breaker triggered, cancelling all orders
2025-03-12 22:38:57,411 - market_maker - INFO - Cancelling all open orders for USDT/USD
2025-03-12 22:38:57,411 - market_maker - INFO - Cancelled 0 open orders
2025-03-12 22:38:57,424 - market_maker - INFO - === Paper Trading Cycle 98/100 ===
2025-03-12 22:38:57,424 - market_maker - INFO - === Market Making Cycle: 2025-03-12 22:38:57.424575 ===
2025-03-12 22:38:57,425 - market_maker - WARNING - Stablecoin depeg detected! Price: 0.484857, deviation: 51.51%
2025-03-12 22:38:57,426 - market_maker - WARNING - Circuit breaker triggered, cancelling all orders
2025-03-12 22:38:57,426 - market_maker - INFO - Cancelling all open orders for USDT/USD
2025-03-12 22:38:57,426 - market_maker - INFO - Cancelled 0 open orders
2025-03-12 22:38:57,439 - market_maker - INFO - === Paper Trading Cycle 99/100 ===
2025-03-12 22:38:57,439 - market_maker - INFO - === Market Making Cycle: 2025-03-12 22:38:57.439163 ===
2025-03-12 22:38:57,440 - market_maker - WARNING - Stablecoin depeg detected! Price: 0.484857, deviation: 51.51%
2025-03-12 22:38:57,440 - market_maker - WARNING - Circuit breaker triggered, cancelling all orders
2025-03-12 22:38:57,440 - market_maker - INFO - Cancelling all open orders for USDT/USD
2025-03-12 22:38:57,440 - market_maker - INFO - Cancelled 0 open orders
2025-03-12 22:38:57,451 - market_maker - INFO - === Paper Trading Cycle 100/100 ===
2025-03-12 22:38:57,451 - market_maker - INFO - === Market Making Cycle: 2025-03-12 22:38:57.451560 ===
2025-03-12 22:38:57,452 - market_maker - WARNING - Stablecoin depeg detected! Price: 0.484857, deviation: 51.51%
2025-03-12 22:38:57,452 - market_maker - WARNING - Circuit breaker triggered, cancelling all orders
2025-03-12 22:38:57,452 - market_maker - INFO - Cancelling all open orders for USDT/USD
2025-03-12 22:38:57,452 - market_maker - INFO - Cancelled 0 open orders
2025-03-12 22:38:57,466 - market_maker - INFO - === Paper Trading Results ===
2025-03-12 22:38:57,467 - market_maker - INFO - Completed 0 position records
2025-03-12 22:38:57,467 - market_maker - INFO - Executed 0 trades
