2025-03-12 21:01:58,594 - market_maker - INFO - Starting market making bot
2025-03-12 21:01:58,596 - market_maker - INFO - Successfully initialized kraken exchange
2025-03-12 21:01:58,596 - market_maker - INFO - Initialized order manager for USDT/USD with base size 5.0
2025-03-12 21:01:58,596 - market_maker - INFO - Initialized circuit breakers with price change threshold: 0.1
2025-03-12 21:01:58,596 - market_maker - INFO - Initialized inventory manager with max pct: 0.1, threshold: 0.05
2025-03-12 21:01:58,596 - market_maker - INFO - Initialized A-S model with gamma=0.0001, lambda_b=1968834.64, lambda_a=87855.51
2025-03-12 21:01:58,596 - market_maker - INFO - === Market Making Cycle: 2025-03-12 21:01:58.596938 ===
2025-03-12 21:01:58,596 - market_maker - INFO - Fetching 40 1m candles for USDT/USD
2025-03-12 21:02:01,101 - market_maker - INFO - Successfully fetched 40 candles
2025-03-12 21:02:01,105 - market_maker - INFO - Current volatility estimate: 0.000071
2025-03-12 21:02:04,010 - market_maker - INFO - Balances: USDT=0, USD=0
2025-03-12 21:02:04,953 - market_maker - INFO - Updated inventory: 0.0000 (base: 0, quote: 0)
2025-03-12 21:02:04,953 - market_maker - INFO - A-S Model - Mid: 0.999665, Bid: 0.999664, Ask: 0.999676
2025-03-12 21:02:04,953 - market_maker - INFO - Prices - Mid: 0.999665, Bid: 0.999664, Ask: 0.999676
2025-03-12 21:02:04,953 - market_maker - INFO - Cancelling all open orders for USDT/USD
2025-03-12 21:02:08,005 - market_maker - INFO - Cancelled 0 open orders
2025-03-12 21:02:08,005 - market_maker - INFO - Placing buy order: 5.0 @ 0.999664
2025-03-12 21:02:08,199 - market_maker - ERROR - Error placing buy order: kraken {"error":["EOrder:Insufficient funds"]}
2025-03-12 21:02:08,199 - market_maker - INFO - Placing sell order: 5.0 @ 0.999676
2025-03-12 21:02:08,392 - market_maker - ERROR - Error placing sell order: kraken {"error":["EOrder:Insufficient funds"]}
2025-03-12 21:02:08,392 - market_maker - INFO - Cycle completed - Vol: 0.000071, Inv: 0.0000
2025-03-12 21:02:09,758 - market_maker - INFO - Bot stopped by user
2025-03-12 21:02:09,758 - market_maker - INFO - Cancelling all open orders for USDT/USD
2025-03-12 21:02:10,558 - market_maker - INFO - Bot shutting down
2025-03-12 21:02:10,558 - market_maker - INFO - Cancelling all open orders for USDT/USD
2025-03-12 21:02:11,416 - market_maker - INFO - Cancelled 0 open orders
