2025-03-13 01:56:11,314 - market_maker - INFO - Starting market making bot
2025-03-13 01:56:11,314 - market_maker - INFO - Calculating updated lambda values for USDT/USD...
2025-03-13 01:56:11,314 - market_maker - INFO - Estimating lambda values for USDT/USD from order book data...
2025-03-13 01:56:22,030 - market_maker - INFO - Estimated lambda values for USDT/USD: lambda_b=538.68, lambda_a=9520.21
2025-03-13 01:56:22,031 - market_maker - INFO - Latest λ values: λ_b = 538.68, λ_a = 9520.21
2025-03-13 01:56:22,043 - market_maker - INFO - Successfully initialized kraken exchange
2025-03-13 01:56:22,043 - market_maker - INFO - Initialized order manager for USDT/USD with base size 5.0
2025-03-13 01:56:22,043 - market_maker - INFO - Initialized circuit breakers with price change threshold: 0.2
2025-03-13 01:56:22,043 - market_maker - INFO - Initialized inventory manager with max pct: 0.35, threshold: 0.2
2025-03-13 01:56:22,043 - market_maker - INFO - Initialized A-S model with gamma=0.001, lambda_b=538.682645380004, lambda_a=9520.209648081343
2025-03-13 01:56:22,043 - market_maker - INFO - Avellaneda-Stoikov model initialized with: γ=0.001, λ_b=538.68, λ_a=9520.21
2025-03-13 01:56:22,043 - market_maker - INFO - === Market Making Cycle: 2025-03-13 01:56:22.043689 ===
2025-03-13 01:56:22,043 - market_maker - INFO - Fetching 40 5m candles for USDT/USD
2025-03-13 01:56:24,430 - market_maker - INFO - Successfully fetched 40 candles
2025-03-13 01:56:27,401 - market_maker - INFO - Balances: USDT=0, USD=0
2025-03-13 01:56:28,449 - market_maker - INFO - Updated inventory: 0.0000 (base: 0, quote: 0)
2025-03-13 01:56:28,450 - market_maker - INFO - A-S Model - Mid: 0.999855, Bid: 0.997999, Ask: 0.999960
2025-03-13 01:56:28,450 - market_maker - INFO - Prices - Mid: 0.999855, Bid: 0.997999, Ask: 0.999960
2025-03-13 01:56:31,464 - market_maker - INFO - Placing buy order: 5.0 @ 0.997999
2025-03-13 01:56:31,596 - market_maker - ERROR - Error placing buy order: kraken {"error":["EOrder:Insufficient funds"]}
2025-03-13 01:56:31,597 - market_maker - INFO - Placing sell order: 5.0 @ 0.999960
2025-03-13 01:56:31,707 - market_maker - ERROR - Error placing sell order: kraken {"error":["EOrder:Insufficient funds"]}
2025-03-13 01:56:31,708 - market_maker - INFO - Cycle completed - Vol: 0.000108, Inv: 0.0000
2025-03-13 01:57:48,796 - market_maker - INFO - Bot stopped by user
2025-03-13 01:57:48,798 - market_maker - INFO - Cancelling all open orders for USDT/USD
2025-03-13 01:57:48,954 - market_maker - INFO - Cancelled 0 open orders
2025-03-13 01:57:48,954 - market_maker - INFO - Bot shutting down
2025-03-13 01:57:48,955 - market_maker - INFO - Cancelling all open orders for USDT/USD
