2025-03-13 00:38:06,456 - market_maker - INFO - Starting market making bot in paper trading mode
2025-03-13 00:38:06,460 - market_maker - INFO - Generated 1000 historical candles
2025-03-13 00:38:06,460 - market_maker - INFO - Initialized mock exchange with balances: {'BTC': {'free': 1000.0, 'used': 0.0, 'total': 1000.0}, 'USD': {'free': 10000.0, 'used': 0.0, 'total': 10000.0}}
2025-03-13 00:38:06,460 - market_maker - INFO - Initialized mock exchange with price: 10000.0, volatility: 0.01
2025-03-13 00:38:06,460 - market_maker - INFO - Initialized order manager for BTC/USD with base size 5.0
2025-03-13 00:38:06,461 - market_maker - INFO - Initialized circuit breakers with price change threshold: 0.2
2025-03-13 00:38:06,461 - market_maker - INFO - Initialized inventory manager with max pct: 0.1, threshold: 0.05
2025-03-13 00:38:06,461 - market_maker - INFO - Initialized A-S model with gamma=0.001, lambda_b=194841.11975530925, lambda_a=50.0
2025-03-13 00:38:06,461 - market_maker - INFO - Starting paper trading for 100 cycles
2025-03-13 00:38:06,461 - market_maker - INFO - === Paper Trading Cycle 1/100 ===
2025-03-13 00:38:06,466 - market_maker - WARNING - Could not update volatility: string indices must be integers
2025-03-13 00:38:06,466 - market_maker - INFO - === Market Making Cycle: 2025-03-13 00:38:06.466794 ===
2025-03-13 00:38:06,467 - market_maker - WARNING - Stablecoin depeg detected! Price: 8883.776975, deviation: 888277.70%
2025-03-13 00:38:06,467 - market_maker - WARNING - Circuit breaker triggered, cancelling all orders
2025-03-13 00:38:06,467 - market_maker - INFO - Cancelling all open orders for BTC/USD
2025-03-13 00:38:06,467 - market_maker - INFO - Cancelled 0 open orders
2025-03-13 00:38:06,572 - market_maker - INFO - === Paper Trading Cycle 2/100 ===
2025-03-13 00:38:06,578 - market_maker - INFO - === Market Making Cycle: 2025-03-13 00:38:06.578049 ===
2025-03-13 00:38:06,578 - market_maker - WARNING - Stablecoin depeg detected! Price: 8883.776975, deviation: 888277.70%
2025-03-13 00:38:06,579 - market_maker - WARNING - Circuit breaker triggered, cancelling all orders
2025-03-13 00:38:06,579 - market_maker - INFO - Cancelling all open orders for BTC/USD
2025-03-13 00:38:06,579 - market_maker - INFO - Cancelled 0 open orders
2025-03-13 00:38:06,684 - market_maker - INFO - === Paper Trading Cycle 3/100 ===
2025-03-13 00:38:06,686 - market_maker - INFO - === Market Making Cycle: 2025-03-13 00:38:06.686740 ===
2025-03-13 00:38:06,687 - market_maker - WARNING - Stablecoin depeg detected! Price: 8883.776975, deviation: 888277.70%
2025-03-13 00:38:06,687 - market_maker - WARNING - Circuit breaker triggered, cancelling all orders
2025-03-13 00:38:06,687 - market_maker - INFO - Cancelling all open orders for BTC/USD
2025-03-13 00:38:06,688 - market_maker - INFO - Cancelled 0 open orders
2025-03-13 00:38:06,789 - market_maker - INFO - === Paper Trading Cycle 4/100 ===
2025-03-13 00:38:06,792 - market_maker - INFO - === Market Making Cycle: 2025-03-13 00:38:06.792727 ===
2025-03-13 00:38:06,793 - market_maker - WARNING - Stablecoin depeg detected! Price: 8883.776975, deviation: 888277.70%
2025-03-13 00:38:06,794 - market_maker - WARNING - Circuit breaker triggered, cancelling all orders
2025-03-13 00:38:06,794 - market_maker - INFO - Cancelling all open orders for BTC/USD
2025-03-13 00:38:06,794 - market_maker - INFO - Cancelled 0 open orders
2025-03-13 00:38:06,899 - market_maker - INFO - === Paper Trading Cycle 5/100 ===
2025-03-13 00:38:06,901 - market_maker - INFO - === Market Making Cycle: 2025-03-13 00:38:06.901244 ===
2025-03-13 00:38:06,902 - market_maker - WARNING - Stablecoin depeg detected! Price: 8883.776975, deviation: 888277.70%
2025-03-13 00:38:06,902 - market_maker - WARNING - Circuit breaker triggered, cancelling all orders
2025-03-13 00:38:06,902 - market_maker - INFO - Cancelling all open orders for BTC/USD
2025-03-13 00:38:06,902 - market_maker - INFO - Cancelled 0 open orders
2025-03-13 00:38:07,005 - market_maker - INFO - === Paper Trading Cycle 6/100 ===
2025-03-13 00:38:07,008 - market_maker - INFO - === Market Making Cycle: 2025-03-13 00:38:07.008646 ===
2025-03-13 00:38:07,009 - market_maker - WARNING - Stablecoin depeg detected! Price: 8883.776975, deviation: 888277.70%
2025-03-13 00:38:07,009 - market_maker - WARNING - Circuit breaker triggered, cancelling all orders
2025-03-13 00:38:07,010 - market_maker - INFO - Cancelling all open orders for BTC/USD
2025-03-13 00:38:07,010 - market_maker - INFO - Cancelled 0 open orders
2025-03-13 00:38:07,115 - market_maker - INFO - === Paper Trading Cycle 7/100 ===
2025-03-13 00:38:07,117 - market_maker - INFO - === Market Making Cycle: 2025-03-13 00:38:07.117630 ===
2025-03-13 00:38:07,118 - market_maker - WARNING - Stablecoin depeg detected! Price: 8883.776975, deviation: 888277.70%
2025-03-13 00:38:07,118 - market_maker - WARNING - Circuit breaker triggered, cancelling all orders
2025-03-13 00:38:07,118 - market_maker - INFO - Cancelling all open orders for BTC/USD
2025-03-13 00:38:07,118 - market_maker - INFO - Cancelled 0 open orders
2025-03-13 00:38:07,222 - market_maker - INFO - === Paper Trading Cycle 8/100 ===
2025-03-13 00:38:07,225 - market_maker - INFO - === Market Making Cycle: 2025-03-13 00:38:07.225047 ===
2025-03-13 00:38:07,225 - market_maker - WARNING - Stablecoin depeg detected! Price: 8883.776975, deviation: 888277.70%
2025-03-13 00:38:07,226 - market_maker - WARNING - Circuit breaker triggered, cancelling all orders
2025-03-13 00:38:07,226 - market_maker - INFO - Cancelling all open orders for BTC/USD
2025-03-13 00:38:07,226 - market_maker - INFO - Cancelled 0 open orders
2025-03-13 00:38:07,331 - market_maker - INFO - === Paper Trading Cycle 9/100 ===
2025-03-13 00:38:07,338 - market_maker - INFO - === Market Making Cycle: 2025-03-13 00:38:07.338621 ===
2025-03-13 00:38:07,339 - market_maker - WARNING - Stablecoin depeg detected! Price: 8883.776975, deviation: 888277.70%
2025-03-13 00:38:07,340 - market_maker - WARNING - Circuit breaker triggered, cancelling all orders
2025-03-13 00:38:07,340 - market_maker - INFO - Cancelling all open orders for BTC/USD
2025-03-13 00:38:07,340 - market_maker - INFO - Cancelled 0 open orders
2025-03-13 00:38:07,441 - market_maker - INFO - === Paper Trading Cycle 10/100 ===
2025-03-13 00:38:07,445 - market_maker - INFO - === Market Making Cycle: 2025-03-13 00:38:07.445621 ===
2025-03-13 00:38:07,446 - market_maker - WARNING - Stablecoin depeg detected! Price: 8883.776975, deviation: 888277.70%
2025-03-13 00:38:07,447 - market_maker - WARNING - Circuit breaker triggered, cancelling all orders
2025-03-13 00:38:07,447 - market_maker - INFO - Cancelling all open orders for BTC/USD
2025-03-13 00:38:07,447 - market_maker - INFO - Cancelled 0 open orders
2025-03-13 00:38:07,553 - market_maker - INFO - === Paper Trading Cycle 11/100 ===
2025-03-13 00:38:07,559 - market_maker - WARNING - Could not update volatility: string indices must be integers
2025-03-13 00:38:07,560 - market_maker - INFO - === Market Making Cycle: 2025-03-13 00:38:07.560109 ===
2025-03-13 00:38:07,561 - market_maker - WARNING - Stablecoin depeg detected! Price: 8883.776975, deviation: 888277.70%
2025-03-13 00:38:07,561 - market_maker - WARNING - Circuit breaker triggered, cancelling all orders
2025-03-13 00:38:07,561 - market_maker - INFO - Cancelling all open orders for BTC/USD
2025-03-13 00:38:07,561 - market_maker - INFO - Cancelled 0 open orders
2025-03-13 00:38:07,667 - market_maker - INFO - === Paper Trading Cycle 12/100 ===
2025-03-13 00:38:07,674 - market_maker - INFO - === Market Making Cycle: 2025-03-13 00:38:07.674305 ===
2025-03-13 00:38:07,676 - market_maker - WARNING - Stablecoin depeg detected! Price: 8883.776975, deviation: 888277.70%
2025-03-13 00:38:07,676 - market_maker - WARNING - Circuit breaker triggered, cancelling all orders
2025-03-13 00:38:07,676 - market_maker - INFO - Cancelling all open orders for BTC/USD
2025-03-13 00:38:07,676 - market_maker - INFO - Cancelled 0 open orders
2025-03-13 00:38:07,781 - market_maker - INFO - === Paper Trading Cycle 13/100 ===
2025-03-13 00:38:07,790 - market_maker - INFO - === Market Making Cycle: 2025-03-13 00:38:07.790258 ===
2025-03-13 00:38:07,791 - market_maker - WARNING - Stablecoin depeg detected! Price: 8883.776975, deviation: 888277.70%
2025-03-13 00:38:07,791 - market_maker - WARNING - Circuit breaker triggered, cancelling all orders
2025-03-13 00:38:07,791 - market_maker - INFO - Cancelling all open orders for BTC/USD
2025-03-13 00:38:07,791 - market_maker - INFO - Cancelled 0 open orders
2025-03-13 00:38:07,897 - market_maker - INFO - === Paper Trading Cycle 14/100 ===
2025-03-13 00:38:07,900 - market_maker - INFO - === Market Making Cycle: 2025-03-13 00:38:07.900664 ===
2025-03-13 00:38:07,901 - market_maker - WARNING - Stablecoin depeg detected! Price: 8883.776975, deviation: 888277.70%
2025-03-13 00:38:07,902 - market_maker - WARNING - Circuit breaker triggered, cancelling all orders
2025-03-13 00:38:07,902 - market_maker - INFO - Cancelling all open orders for BTC/USD
2025-03-13 00:38:07,902 - market_maker - INFO - Cancelled 0 open orders
2025-03-13 00:38:08,007 - market_maker - INFO - === Paper Trading Cycle 15/100 ===
2025-03-13 00:38:08,013 - market_maker - INFO - === Market Making Cycle: 2025-03-13 00:38:08.013942 ===
2025-03-13 00:38:08,015 - market_maker - WARNING - Stablecoin depeg detected! Price: 8883.776975, deviation: 888277.70%
2025-03-13 00:38:08,016 - market_maker - WARNING - Circuit breaker triggered, cancelling all orders
2025-03-13 00:38:08,016 - market_maker - INFO - Cancelling all open orders for BTC/USD
2025-03-13 00:38:08,016 - market_maker - INFO - Cancelled 0 open orders
2025-03-13 00:38:08,121 - market_maker - INFO - === Paper Trading Cycle 16/100 ===
2025-03-13 00:38:08,128 - market_maker - INFO - === Market Making Cycle: 2025-03-13 00:38:08.128503 ===
2025-03-13 00:38:08,130 - market_maker - WARNING - Stablecoin depeg detected! Price: 8883.776975, deviation: 888277.70%
2025-03-13 00:38:08,130 - market_maker - WARNING - Circuit breaker triggered, cancelling all orders
2025-03-13 00:38:08,130 - market_maker - INFO - Cancelling all open orders for BTC/USD
2025-03-13 00:38:08,130 - market_maker - INFO - Cancelled 0 open orders
2025-03-13 00:38:08,236 - market_maker - INFO - === Paper Trading Cycle 17/100 ===
2025-03-13 00:38:08,243 - market_maker - INFO - === Market Making Cycle: 2025-03-13 00:38:08.243306 ===
2025-03-13 00:38:08,245 - market_maker - WARNING - Stablecoin depeg detected! Price: 8883.776975, deviation: 888277.70%
2025-03-13 00:38:08,245 - market_maker - WARNING - Circuit breaker triggered, cancelling all orders
2025-03-13 00:38:08,245 - market_maker - INFO - Cancelling all open orders for BTC/USD
2025-03-13 00:38:08,245 - market_maker - INFO - Cancelled 0 open orders
2025-03-13 00:38:08,350 - market_maker - INFO - === Paper Trading Cycle 18/100 ===
2025-03-13 00:38:08,357 - market_maker - INFO - === Market Making Cycle: 2025-03-13 00:38:08.357898 ===
2025-03-13 00:38:08,359 - market_maker - WARNING - Stablecoin depeg detected! Price: 8883.776975, deviation: 888277.70%
2025-03-13 00:38:08,359 - market_maker - WARNING - Circuit breaker triggered, cancelling all orders
2025-03-13 00:38:08,359 - market_maker - INFO - Cancelling all open orders for BTC/USD
2025-03-13 00:38:08,360 - market_maker - INFO - Cancelled 0 open orders
2025-03-13 00:38:08,465 - market_maker - INFO - === Paper Trading Cycle 19/100 ===
2025-03-13 00:38:08,472 - market_maker - INFO - === Market Making Cycle: 2025-03-13 00:38:08.472038 ===
2025-03-13 00:38:08,474 - market_maker - WARNING - Stablecoin depeg detected! Price: 8883.776975, deviation: 888277.70%
2025-03-13 00:38:08,474 - market_maker - WARNING - Circuit breaker triggered, cancelling all orders
2025-03-13 00:38:08,474 - market_maker - INFO - Cancelling all open orders for BTC/USD
2025-03-13 00:38:08,474 - market_maker - INFO - Cancelled 0 open orders
2025-03-13 00:38:08,579 - market_maker - INFO - === Paper Trading Cycle 20/100 ===
2025-03-13 00:38:08,583 - market_maker - INFO - === Market Making Cycle: 2025-03-13 00:38:08.583350 ===
2025-03-13 00:38:08,584 - market_maker - WARNING - Stablecoin depeg detected! Price: 8883.776975, deviation: 888277.70%
2025-03-13 00:38:08,584 - market_maker - WARNING - Circuit breaker triggered, cancelling all orders
2025-03-13 00:38:08,584 - market_maker - INFO - Cancelling all open orders for BTC/USD
2025-03-13 00:38:08,584 - market_maker - INFO - Cancelled 0 open orders
2025-03-13 00:38:08,690 - market_maker - INFO - === Paper Trading Cycle 21/100 ===
2025-03-13 00:38:08,692 - market_maker - WARNING - Could not update volatility: string indices must be integers
2025-03-13 00:38:08,692 - market_maker - INFO - === Market Making Cycle: 2025-03-13 00:38:08.692174 ===
2025-03-13 00:38:08,692 - market_maker - WARNING - Stablecoin depeg detected! Price: 8883.776975, deviation: 888277.70%
2025-03-13 00:38:08,692 - market_maker - WARNING - Circuit breaker triggered, cancelling all orders
2025-03-13 00:38:08,692 - market_maker - INFO - Cancelling all open orders for BTC/USD
2025-03-13 00:38:08,693 - market_maker - INFO - Cancelled 0 open orders
2025-03-13 00:38:08,797 - market_maker - INFO - === Paper Trading Cycle 22/100 ===
2025-03-13 00:38:08,801 - market_maker - INFO - === Market Making Cycle: 2025-03-13 00:38:08.801540 ===
2025-03-13 00:38:08,802 - market_maker - WARNING - Stablecoin depeg detected! Price: 8883.776975, deviation: 888277.70%
2025-03-13 00:38:08,802 - market_maker - WARNING - Circuit breaker triggered, cancelling all orders
2025-03-13 00:38:08,803 - market_maker - INFO - Cancelling all open orders for BTC/USD
2025-03-13 00:38:08,803 - market_maker - INFO - Cancelled 0 open orders
2025-03-13 00:38:08,908 - market_maker - INFO - === Paper Trading Cycle 23/100 ===
2025-03-13 00:38:08,915 - market_maker - INFO - === Market Making Cycle: 2025-03-13 00:38:08.915008 ===
2025-03-13 00:38:08,916 - market_maker - WARNING - Stablecoin depeg detected! Price: 8883.776975, deviation: 888277.70%
2025-03-13 00:38:08,917 - market_maker - WARNING - Circuit breaker triggered, cancelling all orders
2025-03-13 00:38:08,917 - market_maker - INFO - Cancelling all open orders for BTC/USD
2025-03-13 00:38:08,917 - market_maker - INFO - Cancelled 0 open orders
2025-03-13 00:38:09,023 - market_maker - INFO - === Paper Trading Cycle 24/100 ===
2025-03-13 00:38:09,030 - market_maker - INFO - === Market Making Cycle: 2025-03-13 00:38:09.030197 ===
2025-03-13 00:38:09,032 - market_maker - WARNING - Stablecoin depeg detected! Price: 8883.776975, deviation: 888277.70%
2025-03-13 00:38:09,032 - market_maker - WARNING - Circuit breaker triggered, cancelling all orders
2025-03-13 00:38:09,032 - market_maker - INFO - Cancelling all open orders for BTC/USD
2025-03-13 00:38:09,032 - market_maker - INFO - Cancelled 0 open orders
2025-03-13 00:38:09,135 - market_maker - INFO - === Paper Trading Cycle 25/100 ===
2025-03-13 00:38:09,141 - market_maker - INFO - === Market Making Cycle: 2025-03-13 00:38:09.141869 ===
2025-03-13 00:38:09,143 - market_maker - WARNING - Stablecoin depeg detected! Price: 8883.776975, deviation: 888277.70%
2025-03-13 00:38:09,143 - market_maker - WARNING - Circuit breaker triggered, cancelling all orders
2025-03-13 00:38:09,144 - market_maker - INFO - Cancelling all open orders for BTC/USD
2025-03-13 00:38:09,144 - market_maker - INFO - Cancelled 0 open orders
2025-03-13 00:38:09,249 - market_maker - INFO - === Paper Trading Cycle 26/100 ===
2025-03-13 00:38:09,256 - market_maker - INFO - === Market Making Cycle: 2025-03-13 00:38:09.256191 ===
2025-03-13 00:38:09,257 - market_maker - WARNING - Stablecoin depeg detected! Price: 8883.776975, deviation: 888277.70%
2025-03-13 00:38:09,257 - market_maker - WARNING - Circuit breaker triggered, cancelling all orders
2025-03-13 00:38:09,258 - market_maker - INFO - Cancelling all open orders for BTC/USD
2025-03-13 00:38:09,258 - market_maker - INFO - Cancelled 0 open orders
2025-03-13 00:38:09,363 - market_maker - INFO - === Paper Trading Cycle 27/100 ===
2025-03-13 00:38:09,364 - market_maker - INFO - === Market Making Cycle: 2025-03-13 00:38:09.364734 ===
2025-03-13 00:38:09,365 - market_maker - WARNING - Stablecoin depeg detected! Price: 8883.776975, deviation: 888277.70%
2025-03-13 00:38:09,365 - market_maker - WARNING - Circuit breaker triggered, cancelling all orders
2025-03-13 00:38:09,365 - market_maker - INFO - Cancelling all open orders for BTC/USD
2025-03-13 00:38:09,365 - market_maker - INFO - Cancelled 0 open orders
2025-03-13 00:38:09,468 - market_maker - INFO - === Paper Trading Cycle 28/100 ===
2025-03-13 00:38:09,470 - market_maker - INFO - === Market Making Cycle: 2025-03-13 00:38:09.470784 ===
2025-03-13 00:38:09,471 - market_maker - WARNING - Stablecoin depeg detected! Price: 8883.776975, deviation: 888277.70%
2025-03-13 00:38:09,471 - market_maker - WARNING - Circuit breaker triggered, cancelling all orders
2025-03-13 00:38:09,471 - market_maker - INFO - Cancelling all open orders for BTC/USD
2025-03-13 00:38:09,471 - market_maker - INFO - Cancelled 0 open orders
2025-03-13 00:38:09,576 - market_maker - INFO - === Paper Trading Cycle 29/100 ===
2025-03-13 00:38:09,580 - market_maker - INFO - === Market Making Cycle: 2025-03-13 00:38:09.580702 ===
2025-03-13 00:38:09,582 - market_maker - WARNING - Stablecoin depeg detected! Price: 8883.776975, deviation: 888277.70%
2025-03-13 00:38:09,582 - market_maker - WARNING - Circuit breaker triggered, cancelling all orders
2025-03-13 00:38:09,582 - market_maker - INFO - Cancelling all open orders for BTC/USD
2025-03-13 00:38:09,582 - market_maker - INFO - Cancelled 0 open orders
2025-03-13 00:38:09,688 - market_maker - INFO - === Paper Trading Cycle 30/100 ===
2025-03-13 00:38:09,695 - market_maker - INFO - === Market Making Cycle: 2025-03-13 00:38:09.695527 ===
2025-03-13 00:38:09,697 - market_maker - WARNING - Stablecoin depeg detected! Price: 8883.776975, deviation: 888277.70%
2025-03-13 00:38:09,698 - market_maker - WARNING - Circuit breaker triggered, cancelling all orders
2025-03-13 00:38:09,698 - market_maker - INFO - Cancelling all open orders for BTC/USD
2025-03-13 00:38:09,698 - market_maker - INFO - Cancelled 0 open orders
2025-03-13 00:38:09,804 - market_maker - INFO - === Paper Trading Cycle 31/100 ===
2025-03-13 00:38:09,810 - market_maker - WARNING - Could not update volatility: string indices must be integers
2025-03-13 00:38:09,810 - market_maker - INFO - === Market Making Cycle: 2025-03-13 00:38:09.810515 ===
2025-03-13 00:38:09,811 - market_maker - WARNING - Stablecoin depeg detected! Price: 8883.776975, deviation: 888277.70%
2025-03-13 00:38:09,812 - market_maker - WARNING - Circuit breaker triggered, cancelling all orders
2025-03-13 00:38:09,812 - market_maker - INFO - Cancelling all open orders for BTC/USD
2025-03-13 00:38:09,812 - market_maker - INFO - Cancelled 0 open orders
2025-03-13 00:38:09,917 - market_maker - INFO - === Paper Trading Cycle 32/100 ===
2025-03-13 00:38:09,924 - market_maker - INFO - === Market Making Cycle: 2025-03-13 00:38:09.924915 ===
2025-03-13 00:38:09,926 - market_maker - WARNING - Stablecoin depeg detected! Price: 8883.776975, deviation: 888277.70%
2025-03-13 00:38:09,926 - market_maker - WARNING - Circuit breaker triggered, cancelling all orders
2025-03-13 00:38:09,926 - market_maker - INFO - Cancelling all open orders for BTC/USD
2025-03-13 00:38:09,926 - market_maker - INFO - Cancelled 0 open orders
2025-03-13 00:38:10,032 - market_maker - INFO - === Paper Trading Cycle 33/100 ===
2025-03-13 00:38:10,038 - market_maker - INFO - === Market Making Cycle: 2025-03-13 00:38:10.038936 ===
2025-03-13 00:38:10,041 - market_maker - WARNING - Stablecoin depeg detected! Price: 8883.776975, deviation: 888277.70%
2025-03-13 00:38:10,041 - market_maker - WARNING - Circuit breaker triggered, cancelling all orders
2025-03-13 00:38:10,041 - market_maker - INFO - Cancelling all open orders for BTC/USD
2025-03-13 00:38:10,041 - market_maker - INFO - Cancelled 0 open orders
2025-03-13 00:38:10,146 - market_maker - INFO - === Paper Trading Cycle 34/100 ===
2025-03-13 00:38:10,152 - market_maker - INFO - === Market Making Cycle: 2025-03-13 00:38:10.152822 ===
2025-03-13 00:38:10,154 - market_maker - WARNING - Stablecoin depeg detected! Price: 8883.776975, deviation: 888277.70%
2025-03-13 00:38:10,154 - market_maker - WARNING - Circuit breaker triggered, cancelling all orders
2025-03-13 00:38:10,155 - market_maker - INFO - Cancelling all open orders for BTC/USD
2025-03-13 00:38:10,155 - market_maker - INFO - Cancelled 0 open orders
2025-03-13 00:38:10,260 - market_maker - INFO - === Paper Trading Cycle 35/100 ===
2025-03-13 00:38:10,267 - market_maker - INFO - === Market Making Cycle: 2025-03-13 00:38:10.267620 ===
2025-03-13 00:38:10,269 - market_maker - WARNING - Stablecoin depeg detected! Price: 8883.776975, deviation: 888277.70%
2025-03-13 00:38:10,269 - market_maker - WARNING - Circuit breaker triggered, cancelling all orders
2025-03-13 00:38:10,269 - market_maker - INFO - Cancelling all open orders for BTC/USD
2025-03-13 00:38:10,269 - market_maker - INFO - Cancelled 0 open orders
2025-03-13 00:38:10,374 - market_maker - INFO - === Paper Trading Cycle 36/100 ===
2025-03-13 00:38:10,380 - market_maker - INFO - === Market Making Cycle: 2025-03-13 00:38:10.380817 ===
2025-03-13 00:38:10,382 - market_maker - WARNING - Stablecoin depeg detected! Price: 8883.776975, deviation: 888277.70%
2025-03-13 00:38:10,382 - market_maker - WARNING - Circuit breaker triggered, cancelling all orders
2025-03-13 00:38:10,382 - market_maker - INFO - Cancelling all open orders for BTC/USD
2025-03-13 00:38:10,382 - market_maker - INFO - Cancelled 0 open orders
2025-03-13 00:38:10,488 - market_maker - INFO - === Paper Trading Cycle 37/100 ===
2025-03-13 00:38:10,495 - market_maker - INFO - === Market Making Cycle: 2025-03-13 00:38:10.495369 ===
2025-03-13 00:38:10,497 - market_maker - WARNING - Stablecoin depeg detected! Price: 8883.776975, deviation: 888277.70%
2025-03-13 00:38:10,497 - market_maker - WARNING - Circuit breaker triggered, cancelling all orders
2025-03-13 00:38:10,497 - market_maker - INFO - Cancelling all open orders for BTC/USD
2025-03-13 00:38:10,497 - market_maker - INFO - Cancelled 0 open orders
2025-03-13 00:38:10,603 - market_maker - INFO - === Paper Trading Cycle 38/100 ===
2025-03-13 00:38:10,610 - market_maker - INFO - === Market Making Cycle: 2025-03-13 00:38:10.610861 ===
2025-03-13 00:38:10,612 - market_maker - WARNING - Stablecoin depeg detected! Price: 8883.776975, deviation: 888277.70%
2025-03-13 00:38:10,612 - market_maker - WARNING - Circuit breaker triggered, cancelling all orders
2025-03-13 00:38:10,612 - market_maker - INFO - Cancelling all open orders for BTC/USD
2025-03-13 00:38:10,613 - market_maker - INFO - Cancelled 0 open orders
2025-03-13 00:38:10,718 - market_maker - INFO - === Paper Trading Cycle 39/100 ===
2025-03-13 00:38:10,724 - market_maker - INFO - === Market Making Cycle: 2025-03-13 00:38:10.724949 ===
2025-03-13 00:38:10,726 - market_maker - WARNING - Stablecoin depeg detected! Price: 8883.776975, deviation: 888277.70%
2025-03-13 00:38:10,726 - market_maker - WARNING - Circuit breaker triggered, cancelling all orders
2025-03-13 00:38:10,726 - market_maker - INFO - Cancelling all open orders for BTC/USD
2025-03-13 00:38:10,726 - market_maker - INFO - Cancelled 0 open orders
2025-03-13 00:38:10,831 - market_maker - INFO - === Paper Trading Cycle 40/100 ===
2025-03-13 00:38:10,838 - market_maker - INFO - === Market Making Cycle: 2025-03-13 00:38:10.838210 ===
2025-03-13 00:38:10,840 - market_maker - WARNING - Stablecoin depeg detected! Price: 8883.776975, deviation: 888277.70%
2025-03-13 00:38:10,840 - market_maker - WARNING - Circuit breaker triggered, cancelling all orders
2025-03-13 00:38:10,840 - market_maker - INFO - Cancelling all open orders for BTC/USD
2025-03-13 00:38:10,840 - market_maker - INFO - Cancelled 0 open orders
2025-03-13 00:38:10,945 - market_maker - INFO - === Paper Trading Cycle 41/100 ===
2025-03-13 00:38:10,952 - market_maker - WARNING - Could not update volatility: string indices must be integers
2025-03-13 00:38:10,952 - market_maker - INFO - === Market Making Cycle: 2025-03-13 00:38:10.952377 ===
2025-03-13 00:38:10,953 - market_maker - WARNING - Stablecoin depeg detected! Price: 8883.776975, deviation: 888277.70%
2025-03-13 00:38:10,953 - market_maker - WARNING - Circuit breaker triggered, cancelling all orders
2025-03-13 00:38:10,953 - market_maker - INFO - Cancelling all open orders for BTC/USD
2025-03-13 00:38:10,953 - market_maker - INFO - Cancelled 0 open orders
2025-03-13 00:38:11,059 - market_maker - INFO - === Paper Trading Cycle 42/100 ===
2025-03-13 00:38:11,065 - market_maker - INFO - === Market Making Cycle: 2025-03-13 00:38:11.065580 ===
2025-03-13 00:38:11,067 - market_maker - WARNING - Stablecoin depeg detected! Price: 8883.776975, deviation: 888277.70%
2025-03-13 00:38:11,067 - market_maker - WARNING - Circuit breaker triggered, cancelling all orders
2025-03-13 00:38:11,067 - market_maker - INFO - Cancelling all open orders for BTC/USD
2025-03-13 00:38:11,067 - market_maker - INFO - Cancelled 0 open orders
2025-03-13 00:38:11,172 - market_maker - INFO - === Paper Trading Cycle 43/100 ===
2025-03-13 00:38:11,180 - market_maker - INFO - === Market Making Cycle: 2025-03-13 00:38:11.180060 ===
2025-03-13 00:38:11,182 - market_maker - WARNING - Stablecoin depeg detected! Price: 8883.776975, deviation: 888277.70%
2025-03-13 00:38:11,182 - market_maker - WARNING - Circuit breaker triggered, cancelling all orders
2025-03-13 00:38:11,182 - market_maker - INFO - Cancelling all open orders for BTC/USD
2025-03-13 00:38:11,182 - market_maker - INFO - Cancelled 0 open orders
2025-03-13 00:38:11,287 - market_maker - INFO - === Paper Trading Cycle 44/100 ===
2025-03-13 00:38:11,294 - market_maker - INFO - === Market Making Cycle: 2025-03-13 00:38:11.294126 ===
2025-03-13 00:38:11,295 - market_maker - WARNING - Stablecoin depeg detected! Price: 8883.776975, deviation: 888277.70%
2025-03-13 00:38:11,296 - market_maker - WARNING - Circuit breaker triggered, cancelling all orders
2025-03-13 00:38:11,296 - market_maker - INFO - Cancelling all open orders for BTC/USD
2025-03-13 00:38:11,296 - market_maker - INFO - Cancelled 0 open orders
2025-03-13 00:38:11,401 - market_maker - INFO - === Paper Trading Cycle 45/100 ===
2025-03-13 00:38:11,409 - market_maker - INFO - === Market Making Cycle: 2025-03-13 00:38:11.409322 ===
2025-03-13 00:38:11,410 - market_maker - WARNING - Stablecoin depeg detected! Price: 8883.776975, deviation: 888277.70%
2025-03-13 00:38:11,410 - market_maker - WARNING - Circuit breaker triggered, cancelling all orders
2025-03-13 00:38:11,410 - market_maker - INFO - Cancelling all open orders for BTC/USD
2025-03-13 00:38:11,411 - market_maker - INFO - Cancelled 0 open orders
2025-03-13 00:38:11,516 - market_maker - INFO - === Paper Trading Cycle 46/100 ===
2025-03-13 00:38:11,523 - market_maker - INFO - === Market Making Cycle: 2025-03-13 00:38:11.523222 ===
2025-03-13 00:38:11,525 - market_maker - WARNING - Stablecoin depeg detected! Price: 8883.776975, deviation: 888277.70%
2025-03-13 00:38:11,525 - market_maker - WARNING - Circuit breaker triggered, cancelling all orders
2025-03-13 00:38:11,525 - market_maker - INFO - Cancelling all open orders for BTC/USD
2025-03-13 00:38:11,525 - market_maker - INFO - Cancelled 0 open orders
2025-03-13 00:38:11,630 - market_maker - INFO - === Paper Trading Cycle 47/100 ===
2025-03-13 00:38:11,637 - market_maker - INFO - === Market Making Cycle: 2025-03-13 00:38:11.637502 ===
2025-03-13 00:38:11,639 - market_maker - WARNING - Stablecoin depeg detected! Price: 8883.776975, deviation: 888277.70%
2025-03-13 00:38:11,639 - market_maker - WARNING - Circuit breaker triggered, cancelling all orders
2025-03-13 00:38:11,639 - market_maker - INFO - Cancelling all open orders for BTC/USD
2025-03-13 00:38:11,640 - market_maker - INFO - Cancelled 0 open orders
2025-03-13 00:38:11,745 - market_maker - INFO - === Paper Trading Cycle 48/100 ===
2025-03-13 00:38:11,752 - market_maker - INFO - === Market Making Cycle: 2025-03-13 00:38:11.751999 ===
2025-03-13 00:38:11,753 - market_maker - WARNING - Stablecoin depeg detected! Price: 8883.776975, deviation: 888277.70%
2025-03-13 00:38:11,753 - market_maker - WARNING - Circuit breaker triggered, cancelling all orders
2025-03-13 00:38:11,753 - market_maker - INFO - Cancelling all open orders for BTC/USD
2025-03-13 00:38:11,753 - market_maker - INFO - Cancelled 0 open orders
2025-03-13 00:38:11,859 - market_maker - INFO - === Paper Trading Cycle 49/100 ===
2025-03-13 00:38:11,861 - market_maker - INFO - === Market Making Cycle: 2025-03-13 00:38:11.861947 ===
2025-03-13 00:38:11,862 - market_maker - WARNING - Stablecoin depeg detected! Price: 8883.776975, deviation: 888277.70%
2025-03-13 00:38:11,862 - market_maker - WARNING - Circuit breaker triggered, cancelling all orders
2025-03-13 00:38:11,862 - market_maker - INFO - Cancelling all open orders for BTC/USD
2025-03-13 00:38:11,863 - market_maker - INFO - Cancelled 0 open orders
2025-03-13 00:38:11,963 - market_maker - INFO - === Paper Trading Cycle 50/100 ===
2025-03-13 00:38:11,965 - market_maker - INFO - === Market Making Cycle: 2025-03-13 00:38:11.965723 ===
2025-03-13 00:38:11,966 - market_maker - WARNING - Stablecoin depeg detected! Price: 8883.776975, deviation: 888277.70%
2025-03-13 00:38:11,966 - market_maker - WARNING - Circuit breaker triggered, cancelling all orders
2025-03-13 00:38:11,966 - market_maker - INFO - Cancelling all open orders for BTC/USD
2025-03-13 00:38:11,966 - market_maker - INFO - Cancelled 0 open orders
2025-03-13 00:38:12,071 - market_maker - INFO - === Paper Trading Cycle 51/100 ===
2025-03-13 00:38:12,073 - market_maker - WARNING - Could not update volatility: string indices must be integers
2025-03-13 00:38:12,073 - market_maker - INFO - === Market Making Cycle: 2025-03-13 00:38:12.073386 ===
2025-03-13 00:38:12,073 - market_maker - WARNING - Stablecoin depeg detected! Price: 8883.776975, deviation: 888277.70%
2025-03-13 00:38:12,074 - market_maker - WARNING - Circuit breaker triggered, cancelling all orders
2025-03-13 00:38:12,074 - market_maker - INFO - Cancelling all open orders for BTC/USD
2025-03-13 00:38:12,074 - market_maker - INFO - Cancelled 0 open orders
2025-03-13 00:38:12,179 - market_maker - INFO - === Paper Trading Cycle 52/100 ===
2025-03-13 00:38:12,181 - market_maker - INFO - === Market Making Cycle: 2025-03-13 00:38:12.181379 ===
2025-03-13 00:38:12,182 - market_maker - WARNING - Stablecoin depeg detected! Price: 8883.776975, deviation: 888277.70%
2025-03-13 00:38:12,182 - market_maker - WARNING - Circuit breaker triggered, cancelling all orders
2025-03-13 00:38:12,182 - market_maker - INFO - Cancelling all open orders for BTC/USD
2025-03-13 00:38:12,182 - market_maker - INFO - Cancelled 0 open orders
2025-03-13 00:38:12,283 - market_maker - INFO - === Paper Trading Cycle 53/100 ===
2025-03-13 00:38:12,286 - market_maker - INFO - === Market Making Cycle: 2025-03-13 00:38:12.286843 ===
2025-03-13 00:38:12,287 - market_maker - WARNING - Stablecoin depeg detected! Price: 8883.776975, deviation: 888277.70%
2025-03-13 00:38:12,288 - market_maker - WARNING - Circuit breaker triggered, cancelling all orders
2025-03-13 00:38:12,288 - market_maker - INFO - Cancelling all open orders for BTC/USD
2025-03-13 00:38:12,288 - market_maker - INFO - Cancelled 0 open orders
2025-03-13 00:38:12,393 - market_maker - INFO - === Paper Trading Cycle 54/100 ===
2025-03-13 00:38:12,395 - market_maker - INFO - === Market Making Cycle: 2025-03-13 00:38:12.395037 ===
2025-03-13 00:38:12,395 - market_maker - WARNING - Stablecoin depeg detected! Price: 8883.776975, deviation: 888277.70%
2025-03-13 00:38:12,395 - market_maker - WARNING - Circuit breaker triggered, cancelling all orders
2025-03-13 00:38:12,395 - market_maker - INFO - Cancelling all open orders for BTC/USD
2025-03-13 00:38:12,395 - market_maker - INFO - Cancelled 0 open orders
2025-03-13 00:38:12,500 - market_maker - INFO - === Paper Trading Cycle 55/100 ===
2025-03-13 00:38:12,502 - market_maker - INFO - === Market Making Cycle: 2025-03-13 00:38:12.502910 ===
2025-03-13 00:38:12,503 - market_maker - WARNING - Stablecoin depeg detected! Price: 8883.776975, deviation: 888277.70%
2025-03-13 00:38:12,503 - market_maker - WARNING - Circuit breaker triggered, cancelling all orders
2025-03-13 00:38:12,503 - market_maker - INFO - Cancelling all open orders for BTC/USD
2025-03-13 00:38:12,503 - market_maker - INFO - Cancelled 0 open orders
2025-03-13 00:38:12,608 - market_maker - INFO - === Paper Trading Cycle 56/100 ===
2025-03-13 00:38:12,614 - market_maker - INFO - === Market Making Cycle: 2025-03-13 00:38:12.614834 ===
2025-03-13 00:38:12,616 - market_maker - WARNING - Stablecoin depeg detected! Price: 8883.776975, deviation: 888277.70%
2025-03-13 00:38:12,617 - market_maker - WARNING - Circuit breaker triggered, cancelling all orders
2025-03-13 00:38:12,617 - market_maker - INFO - Cancelling all open orders for BTC/USD
2025-03-13 00:38:12,617 - market_maker - INFO - Cancelled 0 open orders
2025-03-13 00:38:12,722 - market_maker - INFO - === Paper Trading Cycle 57/100 ===
2025-03-13 00:38:12,728 - market_maker - INFO - === Market Making Cycle: 2025-03-13 00:38:12.728562 ===
2025-03-13 00:38:12,730 - market_maker - WARNING - Stablecoin depeg detected! Price: 8883.776975, deviation: 888277.70%
2025-03-13 00:38:12,730 - market_maker - WARNING - Circuit breaker triggered, cancelling all orders
2025-03-13 00:38:12,731 - market_maker - INFO - Cancelling all open orders for BTC/USD
2025-03-13 00:38:12,731 - market_maker - INFO - Cancelled 0 open orders
2025-03-13 00:38:12,836 - market_maker - INFO - === Paper Trading Cycle 58/100 ===
2025-03-13 00:38:12,843 - market_maker - INFO - === Market Making Cycle: 2025-03-13 00:38:12.843124 ===
2025-03-13 00:38:12,845 - market_maker - WARNING - Stablecoin depeg detected! Price: 8883.776975, deviation: 888277.70%
2025-03-13 00:38:12,845 - market_maker - WARNING - Circuit breaker triggered, cancelling all orders
2025-03-13 00:38:12,845 - market_maker - INFO - Cancelling all open orders for BTC/USD
2025-03-13 00:38:12,845 - market_maker - INFO - Cancelled 0 open orders
2025-03-13 00:38:12,950 - market_maker - INFO - === Paper Trading Cycle 59/100 ===
2025-03-13 00:38:12,956 - market_maker - INFO - === Market Making Cycle: 2025-03-13 00:38:12.956934 ===
2025-03-13 00:38:12,958 - market_maker - WARNING - Stablecoin depeg detected! Price: 8883.776975, deviation: 888277.70%
2025-03-13 00:38:12,958 - market_maker - WARNING - Circuit breaker triggered, cancelling all orders
2025-03-13 00:38:12,959 - market_maker - INFO - Cancelling all open orders for BTC/USD
2025-03-13 00:38:12,959 - market_maker - INFO - Cancelled 0 open orders
2025-03-13 00:38:13,064 - market_maker - INFO - === Paper Trading Cycle 60/100 ===
2025-03-13 00:38:13,071 - market_maker - INFO - === Market Making Cycle: 2025-03-13 00:38:13.071825 ===
2025-03-13 00:38:13,073 - market_maker - WARNING - Stablecoin depeg detected! Price: 8883.776975, deviation: 888277.70%
2025-03-13 00:38:13,073 - market_maker - WARNING - Circuit breaker triggered, cancelling all orders
2025-03-13 00:38:13,073 - market_maker - INFO - Cancelling all open orders for BTC/USD
2025-03-13 00:38:13,073 - market_maker - INFO - Cancelled 0 open orders
2025-03-13 00:38:13,178 - market_maker - INFO - === Paper Trading Cycle 61/100 ===
2025-03-13 00:38:13,185 - market_maker - WARNING - Could not update volatility: string indices must be integers
2025-03-13 00:38:13,185 - market_maker - INFO - === Market Making Cycle: 2025-03-13 00:38:13.185266 ===
2025-03-13 00:38:13,186 - market_maker - WARNING - Stablecoin depeg detected! Price: 8883.776975, deviation: 888277.70%
2025-03-13 00:38:13,186 - market_maker - WARNING - Circuit breaker triggered, cancelling all orders
2025-03-13 00:38:13,187 - market_maker - INFO - Cancelling all open orders for BTC/USD
2025-03-13 00:38:13,187 - market_maker - INFO - Cancelled 0 open orders
2025-03-13 00:38:13,213 - market_maker - INFO - Paper trading stopped by user
2025-03-13 00:38:13,217 - market_maker - INFO - === Paper Trading Results ===
2025-03-13 00:38:13,217 - market_maker - INFO - Completed 0 position records
2025-03-13 00:38:13,217 - market_maker - INFO - Executed 0 trades
