2025-03-12 18:51:41,717 - market_maker - INFO - Starting market making bot
2025-03-12 18:51:41,719 - market_maker - INFO - Successfully initialized kraken exchange
2025-03-12 18:51:41,720 - market_maker - INFO - Initialized order manager for USDT/USD with base size 100.0
2025-03-12 18:51:41,720 - market_maker - INFO - Initialized circuit breakers with price change threshold: 0.1
2025-03-12 18:51:41,720 - market_maker - INFO - Initialized inventory manager with max pct: 0.1, threshold: 0.05
2025-03-12 18:51:41,720 - market_maker - INFO - Initialized A-S model with gamma=0.05, lambda_b=0.3, lambda_a=0.3
2025-03-12 18:51:41,720 - market_maker - INFO - === Market Making Cycle: 2025-03-12 18:51:41.720130 ===
2025-03-12 18:51:41,720 - market_maker - INFO - Fetching 40 1m candles for USDT/USD
2025-03-12 18:51:44,084 - market_maker - INFO - Successfully fetched 40 candles
2025-03-12 18:51:44,088 - market_maker - INFO - Current volatility estimate: 0.000007
2025-03-12 18:51:47,109 - market_maker - INFO - Balances: USDT=0, USD=0
2025-03-12 18:51:48,163 - market_maker - INFO - Updated inventory: 0.0000 (base: 0, quote: 0)
2025-03-12 18:51:48,164 - market_maker - INFO - A-S Model - Mid: 0.999795, Bid: -2.083219, Ask: 4.082809
2025-03-12 18:51:48,164 - market_maker - INFO - Prices - Mid: 0.999795, Bid: -2.083219, Ask: 4.082809
2025-03-12 18:51:48,164 - market_maker - INFO - Cancelling all open orders for USDT/USD
2025-03-12 18:51:51,083 - market_maker - INFO - Cancelled 0 open orders
2025-03-12 18:51:51,084 - market_maker - INFO - Placing buy order: 100.0 @ -2.083219
2025-03-12 18:51:51,196 - market_maker - ERROR - Error placing buy order: kraken {"error":["EGeneral:Invalid arguments:price"]}
2025-03-12 18:51:51,196 - market_maker - INFO - Placing sell order: 100.0 @ 4.082809
2025-03-12 18:51:51,315 - market_maker - ERROR - Error placing sell order: kraken {"error":["EOrder:Insufficient funds"]}
2025-03-12 18:51:51,316 - market_maker - INFO - Cycle completed - Vol: 0.000007, Inv: 0.0000
2025-03-12 18:51:57,017 - market_maker - INFO - Bot stopped by user
2025-03-12 18:51:57,018 - market_maker - INFO - Cancelling all open orders for USDT/USD
2025-03-12 18:51:57,145 - market_maker - INFO - Cancelled 0 open orders
2025-03-12 18:51:57,146 - market_maker - INFO - Bot shutting down
2025-03-12 18:51:57,146 - market_maker - INFO - Cancelling all open orders for USDT/USD
2025-03-12 18:52:00,200 - market_maker - INFO - Cancelled 0 open orders
