2025-03-12 22:38:53,072 - market_maker - INFO - Starting market making bot in paper trading mode
2025-03-12 22:38:53,075 - market_maker - INFO - Generated 1000 historical candles
2025-03-12 22:38:53,076 - market_maker - INFO - Initialized mock exchange with balances: {'BTC': {'free': 1.0, 'used': 0.0, 'total': 1.0}, 'USDT': {'free': 10000.0, 'used': 0.0, 'total': 10000.0}, 'USD': {'free': 10000.0, 'used': 0.0, 'total': 10000.0}}
2025-03-12 22:38:53,076 - market_maker - INFO - Initialized mock exchange for paper trading
2025-03-12 22:38:53,076 - market_maker - INFO - Initialized order manager for USDT/USD with base size 5.0
2025-03-12 22:38:53,076 - market_maker - INFO - Initialized circuit breakers with price change threshold: 0.2
2025-03-12 22:38:53,076 - market_maker - INFO - Initialized inventory manager with max pct: 0.1, threshold: 0.05
2025-03-12 22:38:53,076 - market_maker - INFO - Initialized A-S model with gamma=0.001, lambda_b=397.57, lambda_a=1442.46
2025-03-12 22:38:53,076 - market_maker - INFO - Starting paper trading for 100 cycles
2025-03-12 22:38:53,076 - market_maker - INFO - === Paper Trading Cycle 1/100 ===
2025-03-12 22:38:53,076 - market_maker - INFO - === Market Making Cycle: 2025-03-12 22:38:53.076221 ===
2025-03-12 22:38:53,077 - market_maker - WARNING - Stablecoin depeg detected! Price: 1.204832, deviation: 20.48%
2025-03-12 22:38:53,077 - market_maker - WARNING - Circuit breaker triggered, cancelling all orders
2025-03-12 22:38:53,077 - market_maker - INFO - Cancelling all open orders for USDT/USD
2025-03-12 22:38:53,077 - market_maker - INFO - Cancelled 0 open orders
2025-03-12 22:38:53,088 - market_maker - INFO - === Paper Trading Cycle 2/100 ===
2025-03-12 22:38:53,089 - market_maker - INFO - === Market Making Cycle: 2025-03-12 22:38:53.089068 ===
2025-03-12 22:38:53,089 - market_maker - WARNING - Stablecoin depeg detected! Price: 1.204832, deviation: 20.48%
2025-03-12 22:38:53,090 - market_maker - WARNING - Circuit breaker triggered, cancelling all orders
2025-03-12 22:38:53,090 - market_maker - INFO - Cancelling all open orders for USDT/USD
2025-03-12 22:38:53,090 - market_maker - INFO - Cancelled 0 open orders
2025-03-12 22:38:53,102 - market_maker - INFO - === Paper Trading Cycle 3/100 ===
2025-03-12 22:38:53,102 - market_maker - INFO - === Market Making Cycle: 2025-03-12 22:38:53.102756 ===
2025-03-12 22:38:53,103 - market_maker - WARNING - Stablecoin depeg detected! Price: 1.204832, deviation: 20.48%
2025-03-12 22:38:53,103 - market_maker - WARNING - Circuit breaker triggered, cancelling all orders
2025-03-12 22:38:53,103 - market_maker - INFO - Cancelling all open orders for USDT/USD
2025-03-12 22:38:53,103 - market_maker - INFO - Cancelled 0 open orders
2025-03-12 22:38:53,116 - market_maker - INFO - === Paper Trading Cycle 4/100 ===
2025-03-12 22:38:53,116 - market_maker - INFO - === Market Making Cycle: 2025-03-12 22:38:53.116433 ===
2025-03-12 22:38:53,117 - market_maker - WARNING - Stablecoin depeg detected! Price: 1.204832, deviation: 20.48%
2025-03-12 22:38:53,117 - market_maker - WARNING - Circuit breaker triggered, cancelling all orders
2025-03-12 22:38:53,117 - market_maker - INFO - Cancelling all open orders for USDT/USD
2025-03-12 22:38:53,117 - market_maker - INFO - Cancelled 0 open orders
2025-03-12 22:38:53,129 - market_maker - INFO - === Paper Trading Cycle 5/100 ===
2025-03-12 22:38:53,129 - market_maker - INFO - === Market Making Cycle: 2025-03-12 22:38:53.129495 ===
2025-03-12 22:38:53,130 - market_maker - WARNING - Stablecoin depeg detected! Price: 1.204832, deviation: 20.48%
2025-03-12 22:38:53,130 - market_maker - WARNING - Circuit breaker triggered, cancelling all orders
2025-03-12 22:38:53,130 - market_maker - INFO - Cancelling all open orders for USDT/USD
2025-03-12 22:38:53,130 - market_maker - INFO - Cancelled 0 open orders
2025-03-12 22:38:53,143 - market_maker - INFO - === Paper Trading Cycle 6/100 ===
2025-03-12 22:38:53,143 - market_maker - INFO - === Market Making Cycle: 2025-03-12 22:38:53.143239 ===
2025-03-12 22:38:53,144 - market_maker - WARNING - Stablecoin depeg detected! Price: 1.204832, deviation: 20.48%
2025-03-12 22:38:53,144 - market_maker - WARNING - Circuit breaker triggered, cancelling all orders
2025-03-12 22:38:53,144 - market_maker - INFO - Cancelling all open orders for USDT/USD
2025-03-12 22:38:53,144 - market_maker - INFO - Cancelled 0 open orders
2025-03-12 22:38:53,154 - market_maker - INFO - === Paper Trading Cycle 7/100 ===
2025-03-12 22:38:53,154 - market_maker - INFO - === Market Making Cycle: 2025-03-12 22:38:53.154612 ===
2025-03-12 22:38:53,155 - market_maker - WARNING - Stablecoin depeg detected! Price: 1.204832, deviation: 20.48%
2025-03-12 22:38:53,155 - market_maker - WARNING - Circuit breaker triggered, cancelling all orders
2025-03-12 22:38:53,155 - market_maker - INFO - Cancelling all open orders for USDT/USD
2025-03-12 22:38:53,155 - market_maker - INFO - Cancelled 0 open orders
2025-03-12 22:38:53,166 - market_maker - INFO - === Paper Trading Cycle 8/100 ===
2025-03-12 22:38:53,166 - market_maker - INFO - === Market Making Cycle: 2025-03-12 22:38:53.166336 ===
2025-03-12 22:38:53,166 - market_maker - WARNING - Stablecoin depeg detected! Price: 1.204832, deviation: 20.48%
2025-03-12 22:38:53,167 - market_maker - WARNING - Circuit breaker triggered, cancelling all orders
2025-03-12 22:38:53,167 - market_maker - INFO - Cancelling all open orders for USDT/USD
2025-03-12 22:38:53,167 - market_maker - INFO - Cancelled 0 open orders
2025-03-12 22:38:53,179 - market_maker - INFO - === Paper Trading Cycle 9/100 ===
2025-03-12 22:38:53,179 - market_maker - INFO - === Market Making Cycle: 2025-03-12 22:38:53.179842 ===
2025-03-12 22:38:53,180 - market_maker - WARNING - Stablecoin depeg detected! Price: 1.204832, deviation: 20.48%
2025-03-12 22:38:53,180 - market_maker - WARNING - Circuit breaker triggered, cancelling all orders
2025-03-12 22:38:53,180 - market_maker - INFO - Cancelling all open orders for USDT/USD
2025-03-12 22:38:53,180 - market_maker - INFO - Cancelled 0 open orders
2025-03-12 22:38:53,193 - market_maker - INFO - === Paper Trading Cycle 10/100 ===
2025-03-12 22:38:53,193 - market_maker - INFO - === Market Making Cycle: 2025-03-12 22:38:53.193366 ===
2025-03-12 22:38:53,194 - market_maker - WARNING - Stablecoin depeg detected! Price: 1.204832, deviation: 20.48%
2025-03-12 22:38:53,194 - market_maker - WARNING - Circuit breaker triggered, cancelling all orders
2025-03-12 22:38:53,194 - market_maker - INFO - Cancelling all open orders for USDT/USD
2025-03-12 22:38:53,194 - market_maker - INFO - Cancelled 0 open orders
2025-03-12 22:38:53,206 - market_maker - INFO - === Paper Trading Cycle 11/100 ===
2025-03-12 22:38:53,206 - market_maker - INFO - === Market Making Cycle: 2025-03-12 22:38:53.206976 ===
2025-03-12 22:38:53,208 - market_maker - WARNING - Stablecoin depeg detected! Price: 1.204832, deviation: 20.48%
2025-03-12 22:38:53,208 - market_maker - WARNING - Circuit breaker triggered, cancelling all orders
2025-03-12 22:38:53,208 - market_maker - INFO - Cancelling all open orders for USDT/USD
2025-03-12 22:38:53,208 - market_maker - INFO - Cancelled 0 open orders
2025-03-12 22:38:53,220 - market_maker - INFO - === Paper Trading Cycle 12/100 ===
2025-03-12 22:38:53,221 - market_maker - INFO - === Market Making Cycle: 2025-03-12 22:38:53.221109 ===
2025-03-12 22:38:53,221 - market_maker - WARNING - Stablecoin depeg detected! Price: 1.204832, deviation: 20.48%
2025-03-12 22:38:53,222 - market_maker - WARNING - Circuit breaker triggered, cancelling all orders
2025-03-12 22:38:53,222 - market_maker - INFO - Cancelling all open orders for USDT/USD
2025-03-12 22:38:53,222 - market_maker - INFO - Cancelled 0 open orders
2025-03-12 22:38:53,234 - market_maker - INFO - === Paper Trading Cycle 13/100 ===
2025-03-12 22:38:53,234 - market_maker - INFO - === Market Making Cycle: 2025-03-12 22:38:53.234816 ===
2025-03-12 22:38:53,235 - market_maker - WARNING - Stablecoin depeg detected! Price: 1.204832, deviation: 20.48%
2025-03-12 22:38:53,236 - market_maker - WARNING - Circuit breaker triggered, cancelling all orders
2025-03-12 22:38:53,236 - market_maker - INFO - Cancelling all open orders for USDT/USD
2025-03-12 22:38:53,236 - market_maker - INFO - Cancelled 0 open orders
2025-03-12 22:38:53,247 - market_maker - INFO - === Paper Trading Cycle 14/100 ===
2025-03-12 22:38:53,247 - market_maker - INFO - === Market Making Cycle: 2025-03-12 22:38:53.247859 ===
2025-03-12 22:38:53,248 - market_maker - WARNING - Stablecoin depeg detected! Price: 1.204832, deviation: 20.48%
2025-03-12 22:38:53,249 - market_maker - WARNING - Circuit breaker triggered, cancelling all orders
2025-03-12 22:38:53,249 - market_maker - INFO - Cancelling all open orders for USDT/USD
2025-03-12 22:38:53,249 - market_maker - INFO - Cancelled 0 open orders
2025-03-12 22:38:53,261 - market_maker - INFO - === Paper Trading Cycle 15/100 ===
2025-03-12 22:38:53,261 - market_maker - INFO - === Market Making Cycle: 2025-03-12 22:38:53.261967 ===
2025-03-12 22:38:53,263 - market_maker - WARNING - Stablecoin depeg detected! Price: 1.204832, deviation: 20.48%
2025-03-12 22:38:53,263 - market_maker - WARNING - Circuit breaker triggered, cancelling all orders
2025-03-12 22:38:53,263 - market_maker - INFO - Cancelling all open orders for USDT/USD
2025-03-12 22:38:53,263 - market_maker - INFO - Cancelled 0 open orders
2025-03-12 22:38:53,276 - market_maker - INFO - === Paper Trading Cycle 16/100 ===
2025-03-12 22:38:53,276 - market_maker - INFO - === Market Making Cycle: 2025-03-12 22:38:53.276730 ===
2025-03-12 22:38:53,278 - market_maker - WARNING - Stablecoin depeg detected! Price: 1.204832, deviation: 20.48%
2025-03-12 22:38:53,278 - market_maker - WARNING - Circuit breaker triggered, cancelling all orders
2025-03-12 22:38:53,278 - market_maker - INFO - Cancelling all open orders for USDT/USD
2025-03-12 22:38:53,278 - market_maker - INFO - Cancelled 0 open orders
2025-03-12 22:38:53,290 - market_maker - INFO - === Paper Trading Cycle 17/100 ===
2025-03-12 22:38:53,291 - market_maker - INFO - === Market Making Cycle: 2025-03-12 22:38:53.291154 ===
2025-03-12 22:38:53,292 - market_maker - WARNING - Stablecoin depeg detected! Price: 1.204832, deviation: 20.48%
2025-03-12 22:38:53,292 - market_maker - WARNING - Circuit breaker triggered, cancelling all orders
2025-03-12 22:38:53,292 - market_maker - INFO - Cancelling all open orders for USDT/USD
2025-03-12 22:38:53,293 - market_maker - INFO - Cancelled 0 open orders
2025-03-12 22:38:53,304 - market_maker - INFO - === Paper Trading Cycle 18/100 ===
2025-03-12 22:38:53,304 - market_maker - INFO - === Market Making Cycle: 2025-03-12 22:38:53.304676 ===
2025-03-12 22:38:53,306 - market_maker - WARNING - Stablecoin depeg detected! Price: 1.204832, deviation: 20.48%
2025-03-12 22:38:53,306 - market_maker - WARNING - Circuit breaker triggered, cancelling all orders
2025-03-12 22:38:53,306 - market_maker - INFO - Cancelling all open orders for USDT/USD
2025-03-12 22:38:53,306 - market_maker - INFO - Cancelled 0 open orders
2025-03-12 22:38:53,318 - market_maker - INFO - === Paper Trading Cycle 19/100 ===
2025-03-12 22:38:53,318 - market_maker - INFO - === Market Making Cycle: 2025-03-12 22:38:53.318284 ===
2025-03-12 22:38:53,319 - market_maker - WARNING - Stablecoin depeg detected! Price: 1.204832, deviation: 20.48%
2025-03-12 22:38:53,319 - market_maker - WARNING - Circuit breaker triggered, cancelling all orders
2025-03-12 22:38:53,319 - market_maker - INFO - Cancelling all open orders for USDT/USD
2025-03-12 22:38:53,319 - market_maker - INFO - Cancelled 0 open orders
2025-03-12 22:38:53,332 - market_maker - INFO - === Paper Trading Cycle 20/100 ===
2025-03-12 22:38:53,332 - market_maker - INFO - === Market Making Cycle: 2025-03-12 22:38:53.332713 ===
2025-03-12 22:38:53,334 - market_maker - WARNING - Stablecoin depeg detected! Price: 1.204832, deviation: 20.48%
2025-03-12 22:38:53,334 - market_maker - WARNING - Circuit breaker triggered, cancelling all orders
2025-03-12 22:38:53,334 - market_maker - INFO - Cancelling all open orders for USDT/USD
2025-03-12 22:38:53,334 - market_maker - INFO - Cancelled 0 open orders
2025-03-12 22:38:53,346 - market_maker - INFO - === Paper Trading Cycle 21/100 ===
2025-03-12 22:38:53,346 - market_maker - INFO - === Market Making Cycle: 2025-03-12 22:38:53.346335 ===
2025-03-12 22:38:53,347 - market_maker - WARNING - Stablecoin depeg detected! Price: 1.204832, deviation: 20.48%
2025-03-12 22:38:53,348 - market_maker - WARNING - Circuit breaker triggered, cancelling all orders
2025-03-12 22:38:53,348 - market_maker - INFO - Cancelling all open orders for USDT/USD
2025-03-12 22:38:53,348 - market_maker - INFO - Cancelled 0 open orders
2025-03-12 22:38:53,360 - market_maker - INFO - === Paper Trading Cycle 22/100 ===
2025-03-12 22:38:53,361 - market_maker - INFO - === Market Making Cycle: 2025-03-12 22:38:53.361080 ===
2025-03-12 22:38:53,362 - market_maker - WARNING - Stablecoin depeg detected! Price: 1.204832, deviation: 20.48%
2025-03-12 22:38:53,362 - market_maker - WARNING - Circuit breaker triggered, cancelling all orders
2025-03-12 22:38:53,363 - market_maker - INFO - Cancelling all open orders for USDT/USD
2025-03-12 22:38:53,363 - market_maker - INFO - Cancelled 0 open orders
2025-03-12 22:38:53,373 - market_maker - INFO - === Paper Trading Cycle 23/100 ===
2025-03-12 22:38:53,373 - market_maker - INFO - === Market Making Cycle: 2025-03-12 22:38:53.373580 ===
2025-03-12 22:38:53,375 - market_maker - WARNING - Stablecoin depeg detected! Price: 1.204832, deviation: 20.48%
2025-03-12 22:38:53,375 - market_maker - WARNING - Circuit breaker triggered, cancelling all orders
2025-03-12 22:38:53,375 - market_maker - INFO - Cancelling all open orders for USDT/USD
2025-03-12 22:38:53,375 - market_maker - INFO - Cancelled 0 open orders
2025-03-12 22:38:53,386 - market_maker - INFO - === Paper Trading Cycle 24/100 ===
2025-03-12 22:38:53,386 - market_maker - INFO - === Market Making Cycle: 2025-03-12 22:38:53.386501 ===
2025-03-12 22:38:53,388 - market_maker - WARNING - Stablecoin depeg detected! Price: 1.204832, deviation: 20.48%
2025-03-12 22:38:53,388 - market_maker - WARNING - Circuit breaker triggered, cancelling all orders
2025-03-12 22:38:53,388 - market_maker - INFO - Cancelling all open orders for USDT/USD
2025-03-12 22:38:53,388 - market_maker - INFO - Cancelled 0 open orders
2025-03-12 22:38:53,401 - market_maker - INFO - === Paper Trading Cycle 25/100 ===
2025-03-12 22:38:53,401 - market_maker - INFO - === Market Making Cycle: 2025-03-12 22:38:53.401483 ===
2025-03-12 22:38:53,403 - market_maker - WARNING - Stablecoin depeg detected! Price: 1.204832, deviation: 20.48%
2025-03-12 22:38:53,403 - market_maker - WARNING - Circuit breaker triggered, cancelling all orders
2025-03-12 22:38:53,403 - market_maker - INFO - Cancelling all open orders for USDT/USD
2025-03-12 22:38:53,403 - market_maker - INFO - Cancelled 0 open orders
2025-03-12 22:38:53,416 - market_maker - INFO - === Paper Trading Cycle 26/100 ===
2025-03-12 22:38:53,416 - market_maker - INFO - === Market Making Cycle: 2025-03-12 22:38:53.416306 ===
2025-03-12 22:38:53,417 - market_maker - WARNING - Stablecoin depeg detected! Price: 1.204832, deviation: 20.48%
2025-03-12 22:38:53,418 - market_maker - WARNING - Circuit breaker triggered, cancelling all orders
2025-03-12 22:38:53,418 - market_maker - INFO - Cancelling all open orders for USDT/USD
2025-03-12 22:38:53,418 - market_maker - INFO - Cancelled 0 open orders
2025-03-12 22:38:53,430 - market_maker - INFO - === Paper Trading Cycle 27/100 ===
2025-03-12 22:38:53,431 - market_maker - INFO - === Market Making Cycle: 2025-03-12 22:38:53.431124 ===
2025-03-12 22:38:53,432 - market_maker - WARNING - Stablecoin depeg detected! Price: 1.204832, deviation: 20.48%
2025-03-12 22:38:53,432 - market_maker - WARNING - Circuit breaker triggered, cancelling all orders
2025-03-12 22:38:53,432 - market_maker - INFO - Cancelling all open orders for USDT/USD
2025-03-12 22:38:53,433 - market_maker - INFO - Cancelled 0 open orders
2025-03-12 22:38:53,443 - market_maker - INFO - === Paper Trading Cycle 28/100 ===
2025-03-12 22:38:53,443 - market_maker - INFO - === Market Making Cycle: 2025-03-12 22:38:53.443925 ===
2025-03-12 22:38:53,445 - market_maker - WARNING - Stablecoin depeg detected! Price: 1.204832, deviation: 20.48%
2025-03-12 22:38:53,445 - market_maker - WARNING - Circuit breaker triggered, cancelling all orders
2025-03-12 22:38:53,445 - market_maker - INFO - Cancelling all open orders for USDT/USD
2025-03-12 22:38:53,446 - market_maker - INFO - Cancelled 0 open orders
2025-03-12 22:38:53,456 - market_maker - INFO - === Paper Trading Cycle 29/100 ===
2025-03-12 22:38:53,456 - market_maker - INFO - === Market Making Cycle: 2025-03-12 22:38:53.456901 ===
2025-03-12 22:38:53,458 - market_maker - WARNING - Stablecoin depeg detected! Price: 1.204832, deviation: 20.48%
2025-03-12 22:38:53,458 - market_maker - WARNING - Circuit breaker triggered, cancelling all orders
2025-03-12 22:38:53,458 - market_maker - INFO - Cancelling all open orders for USDT/USD
2025-03-12 22:38:53,458 - market_maker - INFO - Cancelled 0 open orders
2025-03-12 22:38:53,471 - market_maker - INFO - === Paper Trading Cycle 30/100 ===
2025-03-12 22:38:53,471 - market_maker - INFO - === Market Making Cycle: 2025-03-12 22:38:53.471201 ===
2025-03-12 22:38:53,472 - market_maker - WARNING - Stablecoin depeg detected! Price: 1.204832, deviation: 20.48%
2025-03-12 22:38:53,473 - market_maker - WARNING - Circuit breaker triggered, cancelling all orders
2025-03-12 22:38:53,473 - market_maker - INFO - Cancelling all open orders for USDT/USD
2025-03-12 22:38:53,473 - market_maker - INFO - Cancelled 0 open orders
2025-03-12 22:38:53,483 - market_maker - INFO - === Paper Trading Cycle 31/100 ===
2025-03-12 22:38:53,483 - market_maker - INFO - === Market Making Cycle: 2025-03-12 22:38:53.483490 ===
2025-03-12 22:38:53,484 - market_maker - WARNING - Stablecoin depeg detected! Price: 1.204832, deviation: 20.48%
2025-03-12 22:38:53,484 - market_maker - WARNING - Circuit breaker triggered, cancelling all orders
2025-03-12 22:38:53,484 - market_maker - INFO - Cancelling all open orders for USDT/USD
2025-03-12 22:38:53,484 - market_maker - INFO - Cancelled 0 open orders
2025-03-12 22:38:53,497 - market_maker - INFO - === Paper Trading Cycle 32/100 ===
2025-03-12 22:38:53,497 - market_maker - INFO - === Market Making Cycle: 2025-03-12 22:38:53.497794 ===
2025-03-12 22:38:53,499 - market_maker - WARNING - Stablecoin depeg detected! Price: 1.204832, deviation: 20.48%
2025-03-12 22:38:53,499 - market_maker - WARNING - Circuit breaker triggered, cancelling all orders
2025-03-12 22:38:53,499 - market_maker - INFO - Cancelling all open orders for USDT/USD
2025-03-12 22:38:53,499 - market_maker - INFO - Cancelled 0 open orders
2025-03-12 22:38:53,510 - market_maker - INFO - === Paper Trading Cycle 33/100 ===
2025-03-12 22:38:53,510 - market_maker - INFO - === Market Making Cycle: 2025-03-12 22:38:53.510690 ===
2025-03-12 22:38:53,512 - market_maker - WARNING - Stablecoin depeg detected! Price: 1.204832, deviation: 20.48%
2025-03-12 22:38:53,512 - market_maker - WARNING - Circuit breaker triggered, cancelling all orders
2025-03-12 22:38:53,512 - market_maker - INFO - Cancelling all open orders for USDT/USD
2025-03-12 22:38:53,512 - market_maker - INFO - Cancelled 0 open orders
2025-03-12 22:38:53,525 - market_maker - INFO - === Paper Trading Cycle 34/100 ===
2025-03-12 22:38:53,525 - market_maker - INFO - === Market Making Cycle: 2025-03-12 22:38:53.525229 ===
2025-03-12 22:38:53,526 - market_maker - WARNING - Stablecoin depeg detected! Price: 1.204832, deviation: 20.48%
2025-03-12 22:38:53,527 - market_maker - WARNING - Circuit breaker triggered, cancelling all orders
2025-03-12 22:38:53,527 - market_maker - INFO - Cancelling all open orders for USDT/USD
2025-03-12 22:38:53,527 - market_maker - INFO - Cancelled 0 open orders
2025-03-12 22:38:53,537 - market_maker - INFO - === Paper Trading Cycle 35/100 ===
2025-03-12 22:38:53,537 - market_maker - INFO - === Market Making Cycle: 2025-03-12 22:38:53.537938 ===
2025-03-12 22:38:53,539 - market_maker - WARNING - Stablecoin depeg detected! Price: 1.204832, deviation: 20.48%
2025-03-12 22:38:53,539 - market_maker - WARNING - Circuit breaker triggered, cancelling all orders
2025-03-12 22:38:53,539 - market_maker - INFO - Cancelling all open orders for USDT/USD
2025-03-12 22:38:53,539 - market_maker - INFO - Cancelled 0 open orders
2025-03-12 22:38:53,552 - market_maker - INFO - === Paper Trading Cycle 36/100 ===
2025-03-12 22:38:53,552 - market_maker - INFO - === Market Making Cycle: 2025-03-12 22:38:53.552602 ===
2025-03-12 22:38:53,554 - market_maker - WARNING - Stablecoin depeg detected! Price: 1.204832, deviation: 20.48%
2025-03-12 22:38:53,554 - market_maker - WARNING - Circuit breaker triggered, cancelling all orders
2025-03-12 22:38:53,554 - market_maker - INFO - Cancelling all open orders for USDT/USD
2025-03-12 22:38:53,554 - market_maker - INFO - Cancelled 0 open orders
2025-03-12 22:38:53,567 - market_maker - INFO - === Paper Trading Cycle 37/100 ===
2025-03-12 22:38:53,567 - market_maker - INFO - === Market Making Cycle: 2025-03-12 22:38:53.567750 ===
2025-03-12 22:38:53,569 - market_maker - WARNING - Stablecoin depeg detected! Price: 1.204832, deviation: 20.48%
2025-03-12 22:38:53,569 - market_maker - WARNING - Circuit breaker triggered, cancelling all orders
2025-03-12 22:38:53,569 - market_maker - INFO - Cancelling all open orders for USDT/USD
2025-03-12 22:38:53,569 - market_maker - INFO - Cancelled 0 open orders
2025-03-12 22:38:53,579 - market_maker - INFO - === Paper Trading Cycle 38/100 ===
2025-03-12 22:38:53,579 - market_maker - INFO - === Market Making Cycle: 2025-03-12 22:38:53.579527 ===
2025-03-12 22:38:53,581 - market_maker - WARNING - Stablecoin depeg detected! Price: 1.204832, deviation: 20.48%
2025-03-12 22:38:53,581 - market_maker - WARNING - Circuit breaker triggered, cancelling all orders
2025-03-12 22:38:53,581 - market_maker - INFO - Cancelling all open orders for USDT/USD
2025-03-12 22:38:53,581 - market_maker - INFO - Cancelled 0 open orders
2025-03-12 22:38:53,594 - market_maker - INFO - === Paper Trading Cycle 39/100 ===
2025-03-12 22:38:53,594 - market_maker - INFO - === Market Making Cycle: 2025-03-12 22:38:53.594471 ===
2025-03-12 22:38:53,595 - market_maker - WARNING - Stablecoin depeg detected! Price: 1.204832, deviation: 20.48%
2025-03-12 22:38:53,596 - market_maker - WARNING - Circuit breaker triggered, cancelling all orders
2025-03-12 22:38:53,596 - market_maker - INFO - Cancelling all open orders for USDT/USD
2025-03-12 22:38:53,596 - market_maker - INFO - Cancelled 0 open orders
2025-03-12 22:38:53,609 - market_maker - INFO - === Paper Trading Cycle 40/100 ===
2025-03-12 22:38:53,609 - market_maker - INFO - === Market Making Cycle: 2025-03-12 22:38:53.609370 ===
2025-03-12 22:38:53,611 - market_maker - WARNING - Stablecoin depeg detected! Price: 1.204832, deviation: 20.48%
2025-03-12 22:38:53,611 - market_maker - WARNING - Circuit breaker triggered, cancelling all orders
2025-03-12 22:38:53,611 - market_maker - INFO - Cancelling all open orders for USDT/USD
2025-03-12 22:38:53,611 - market_maker - INFO - Cancelled 0 open orders
2025-03-12 22:38:53,624 - market_maker - INFO - === Paper Trading Cycle 41/100 ===
2025-03-12 22:38:53,624 - market_maker - INFO - === Market Making Cycle: 2025-03-12 22:38:53.624266 ===
2025-03-12 22:38:53,625 - market_maker - WARNING - Stablecoin depeg detected! Price: 1.204832, deviation: 20.48%
2025-03-12 22:38:53,626 - market_maker - WARNING - Circuit breaker triggered, cancelling all orders
2025-03-12 22:38:53,626 - market_maker - INFO - Cancelling all open orders for USDT/USD
2025-03-12 22:38:53,626 - market_maker - INFO - Cancelled 0 open orders
2025-03-12 22:38:53,636 - market_maker - INFO - === Paper Trading Cycle 42/100 ===
2025-03-12 22:38:53,637 - market_maker - INFO - === Market Making Cycle: 2025-03-12 22:38:53.637190 ===
2025-03-12 22:38:53,638 - market_maker - WARNING - Stablecoin depeg detected! Price: 1.204832, deviation: 20.48%
2025-03-12 22:38:53,639 - market_maker - WARNING - Circuit breaker triggered, cancelling all orders
2025-03-12 22:38:53,639 - market_maker - INFO - Cancelling all open orders for USDT/USD
2025-03-12 22:38:53,639 - market_maker - INFO - Cancelled 0 open orders
2025-03-12 22:38:53,651 - market_maker - INFO - === Paper Trading Cycle 43/100 ===
2025-03-12 22:38:53,651 - market_maker - INFO - === Market Making Cycle: 2025-03-12 22:38:53.651321 ===
2025-03-12 22:38:53,653 - market_maker - WARNING - Stablecoin depeg detected! Price: 1.204832, deviation: 20.48%
2025-03-12 22:38:53,653 - market_maker - WARNING - Circuit breaker triggered, cancelling all orders
2025-03-12 22:38:53,653 - market_maker - INFO - Cancelling all open orders for USDT/USD
2025-03-12 22:38:53,653 - market_maker - INFO - Cancelled 0 open orders
2025-03-12 22:38:53,666 - market_maker - INFO - === Paper Trading Cycle 44/100 ===
2025-03-12 22:38:53,666 - market_maker - INFO - === Market Making Cycle: 2025-03-12 22:38:53.666321 ===
2025-03-12 22:38:53,667 - market_maker - WARNING - Stablecoin depeg detected! Price: 1.204832, deviation: 20.48%
2025-03-12 22:38:53,668 - market_maker - WARNING - Circuit breaker triggered, cancelling all orders
2025-03-12 22:38:53,668 - market_maker - INFO - Cancelling all open orders for USDT/USD
2025-03-12 22:38:53,668 - market_maker - INFO - Cancelled 0 open orders
2025-03-12 22:38:53,680 - market_maker - INFO - === Paper Trading Cycle 45/100 ===
2025-03-12 22:38:53,680 - market_maker - INFO - === Market Making Cycle: 2025-03-12 22:38:53.680865 ===
2025-03-12 22:38:53,681 - market_maker - WARNING - Stablecoin depeg detected! Price: 1.204832, deviation: 20.48%
2025-03-12 22:38:53,681 - market_maker - WARNING - Circuit breaker triggered, cancelling all orders
2025-03-12 22:38:53,681 - market_maker - INFO - Cancelling all open orders for USDT/USD
2025-03-12 22:38:53,681 - market_maker - INFO - Cancelled 0 open orders
2025-03-12 22:38:53,694 - market_maker - INFO - === Paper Trading Cycle 46/100 ===
2025-03-12 22:38:53,694 - market_maker - INFO - === Market Making Cycle: 2025-03-12 22:38:53.694485 ===
2025-03-12 22:38:53,695 - market_maker - WARNING - Stablecoin depeg detected! Price: 1.204832, deviation: 20.48%
2025-03-12 22:38:53,695 - market_maker - WARNING - Circuit breaker triggered, cancelling all orders
2025-03-12 22:38:53,695 - market_maker - INFO - Cancelling all open orders for USDT/USD
2025-03-12 22:38:53,695 - market_maker - INFO - Cancelled 0 open orders
2025-03-12 22:38:53,707 - market_maker - INFO - === Paper Trading Cycle 47/100 ===
2025-03-12 22:38:53,708 - market_maker - INFO - === Market Making Cycle: 2025-03-12 22:38:53.708156 ===
2025-03-12 22:38:53,709 - market_maker - WARNING - Stablecoin depeg detected! Price: 1.204832, deviation: 20.48%
2025-03-12 22:38:53,709 - market_maker - WARNING - Circuit breaker triggered, cancelling all orders
2025-03-12 22:38:53,709 - market_maker - INFO - Cancelling all open orders for USDT/USD
2025-03-12 22:38:53,709 - market_maker - INFO - Cancelled 0 open orders
2025-03-12 22:38:53,721 - market_maker - INFO - === Paper Trading Cycle 48/100 ===
2025-03-12 22:38:53,722 - market_maker - INFO - === Market Making Cycle: 2025-03-12 22:38:53.722011 ===
2025-03-12 22:38:53,722 - market_maker - WARNING - Stablecoin depeg detected! Price: 1.204832, deviation: 20.48%
2025-03-12 22:38:53,722 - market_maker - WARNING - Circuit breaker triggered, cancelling all orders
2025-03-12 22:38:53,722 - market_maker - INFO - Cancelling all open orders for USDT/USD
2025-03-12 22:38:53,722 - market_maker - INFO - Cancelled 0 open orders
2025-03-12 22:38:53,735 - market_maker - INFO - === Paper Trading Cycle 49/100 ===
2025-03-12 22:38:53,735 - market_maker - INFO - === Market Making Cycle: 2025-03-12 22:38:53.735482 ===
2025-03-12 22:38:53,736 - market_maker - WARNING - Stablecoin depeg detected! Price: 1.204832, deviation: 20.48%
2025-03-12 22:38:53,736 - market_maker - WARNING - Circuit breaker triggered, cancelling all orders
2025-03-12 22:38:53,736 - market_maker - INFO - Cancelling all open orders for USDT/USD
2025-03-12 22:38:53,736 - market_maker - INFO - Cancelled 0 open orders
2025-03-12 22:38:53,748 - market_maker - INFO - === Paper Trading Cycle 50/100 ===
2025-03-12 22:38:53,748 - market_maker - INFO - === Market Making Cycle: 2025-03-12 22:38:53.748519 ===
2025-03-12 22:38:53,749 - market_maker - WARNING - Stablecoin depeg detected! Price: 1.204832, deviation: 20.48%
2025-03-12 22:38:53,749 - market_maker - WARNING - Circuit breaker triggered, cancelling all orders
2025-03-12 22:38:53,749 - market_maker - INFO - Cancelling all open orders for USDT/USD
2025-03-12 22:38:53,749 - market_maker - INFO - Cancelled 0 open orders
2025-03-12 22:38:53,762 - market_maker - INFO - === Paper Trading Cycle 51/100 ===
2025-03-12 22:38:53,762 - market_maker - INFO - === Market Making Cycle: 2025-03-12 22:38:53.762478 ===
2025-03-12 22:38:53,763 - market_maker - WARNING - Stablecoin depeg detected! Price: 1.204832, deviation: 20.48%
2025-03-12 22:38:53,763 - market_maker - WARNING - Circuit breaker triggered, cancelling all orders
2025-03-12 22:38:53,763 - market_maker - INFO - Cancelling all open orders for USDT/USD
2025-03-12 22:38:53,763 - market_maker - INFO - Cancelled 0 open orders
2025-03-12 22:38:53,775 - market_maker - INFO - === Paper Trading Cycle 52/100 ===
2025-03-12 22:38:53,776 - market_maker - INFO - === Market Making Cycle: 2025-03-12 22:38:53.776058 ===
2025-03-12 22:38:53,776 - market_maker - WARNING - Stablecoin depeg detected! Price: 1.204832, deviation: 20.48%
2025-03-12 22:38:53,777 - market_maker - WARNING - Circuit breaker triggered, cancelling all orders
2025-03-12 22:38:53,777 - market_maker - INFO - Cancelling all open orders for USDT/USD
2025-03-12 22:38:53,777 - market_maker - INFO - Cancelled 0 open orders
2025-03-12 22:38:53,787 - market_maker - INFO - === Paper Trading Cycle 53/100 ===
2025-03-12 22:38:53,788 - market_maker - INFO - === Market Making Cycle: 2025-03-12 22:38:53.788039 ===
2025-03-12 22:38:53,788 - market_maker - WARNING - Stablecoin depeg detected! Price: 1.204832, deviation: 20.48%
2025-03-12 22:38:53,788 - market_maker - WARNING - Circuit breaker triggered, cancelling all orders
2025-03-12 22:38:53,788 - market_maker - INFO - Cancelling all open orders for USDT/USD
2025-03-12 22:38:53,788 - market_maker - INFO - Cancelled 0 open orders
2025-03-12 22:38:53,801 - market_maker - INFO - === Paper Trading Cycle 54/100 ===
2025-03-12 22:38:53,801 - market_maker - INFO - === Market Making Cycle: 2025-03-12 22:38:53.801615 ===
2025-03-12 22:38:53,802 - market_maker - WARNING - Stablecoin depeg detected! Price: 1.204832, deviation: 20.48%
2025-03-12 22:38:53,802 - market_maker - WARNING - Circuit breaker triggered, cancelling all orders
2025-03-12 22:38:53,802 - market_maker - INFO - Cancelling all open orders for USDT/USD
2025-03-12 22:38:53,802 - market_maker - INFO - Cancelled 0 open orders
2025-03-12 22:38:53,812 - market_maker - INFO - === Paper Trading Cycle 55/100 ===
2025-03-12 22:38:53,813 - market_maker - INFO - === Market Making Cycle: 2025-03-12 22:38:53.812992 ===
2025-03-12 22:38:53,814 - market_maker - WARNING - Stablecoin depeg detected! Price: 1.204832, deviation: 20.48%
2025-03-12 22:38:53,814 - market_maker - WARNING - Circuit breaker triggered, cancelling all orders
2025-03-12 22:38:53,814 - market_maker - INFO - Cancelling all open orders for USDT/USD
2025-03-12 22:38:53,814 - market_maker - INFO - Cancelled 0 open orders
2025-03-12 22:38:53,826 - market_maker - INFO - === Paper Trading Cycle 56/100 ===
2025-03-12 22:38:53,826 - market_maker - INFO - === Market Making Cycle: 2025-03-12 22:38:53.826944 ===
2025-03-12 22:38:53,827 - market_maker - WARNING - Stablecoin depeg detected! Price: 1.204832, deviation: 20.48%
2025-03-12 22:38:53,827 - market_maker - WARNING - Circuit breaker triggered, cancelling all orders
2025-03-12 22:38:53,828 - market_maker - INFO - Cancelling all open orders for USDT/USD
2025-03-12 22:38:53,828 - market_maker - INFO - Cancelled 0 open orders
2025-03-12 22:38:53,840 - market_maker - INFO - === Paper Trading Cycle 57/100 ===
2025-03-12 22:38:53,840 - market_maker - INFO - === Market Making Cycle: 2025-03-12 22:38:53.840822 ===
2025-03-12 22:38:53,841 - market_maker - WARNING - Stablecoin depeg detected! Price: 1.204832, deviation: 20.48%
2025-03-12 22:38:53,841 - market_maker - WARNING - Circuit breaker triggered, cancelling all orders
2025-03-12 22:38:53,841 - market_maker - INFO - Cancelling all open orders for USDT/USD
2025-03-12 22:38:53,841 - market_maker - INFO - Cancelled 0 open orders
2025-03-12 22:38:53,853 - market_maker - INFO - === Paper Trading Cycle 58/100 ===
2025-03-12 22:38:53,853 - market_maker - INFO - === Market Making Cycle: 2025-03-12 22:38:53.853257 ===
2025-03-12 22:38:53,853 - market_maker - WARNING - Stablecoin depeg detected! Price: 1.204832, deviation: 20.48%
2025-03-12 22:38:53,854 - market_maker - WARNING - Circuit breaker triggered, cancelling all orders
2025-03-12 22:38:53,854 - market_maker - INFO - Cancelling all open orders for USDT/USD
2025-03-12 22:38:53,854 - market_maker - INFO - Cancelled 0 open orders
2025-03-12 22:38:53,865 - market_maker - INFO - === Paper Trading Cycle 59/100 ===
2025-03-12 22:38:53,865 - market_maker - INFO - === Market Making Cycle: 2025-03-12 22:38:53.865322 ===
2025-03-12 22:38:53,866 - market_maker - WARNING - Stablecoin depeg detected! Price: 1.204832, deviation: 20.48%
2025-03-12 22:38:53,866 - market_maker - WARNING - Circuit breaker triggered, cancelling all orders
2025-03-12 22:38:53,866 - market_maker - INFO - Cancelling all open orders for USDT/USD
2025-03-12 22:38:53,866 - market_maker - INFO - Cancelled 0 open orders
2025-03-12 22:38:53,879 - market_maker - INFO - === Paper Trading Cycle 60/100 ===
2025-03-12 22:38:53,879 - market_maker - INFO - === Market Making Cycle: 2025-03-12 22:38:53.879411 ===
2025-03-12 22:38:53,880 - market_maker - WARNING - Stablecoin depeg detected! Price: 1.204832, deviation: 20.48%
2025-03-12 22:38:53,880 - market_maker - WARNING - Circuit breaker triggered, cancelling all orders
2025-03-12 22:38:53,880 - market_maker - INFO - Cancelling all open orders for USDT/USD
2025-03-12 22:38:53,880 - market_maker - INFO - Cancelled 0 open orders
2025-03-12 22:38:53,893 - market_maker - INFO - === Paper Trading Cycle 61/100 ===
2025-03-12 22:38:53,893 - market_maker - INFO - === Market Making Cycle: 2025-03-12 22:38:53.893152 ===
2025-03-12 22:38:53,894 - market_maker - WARNING - Stablecoin depeg detected! Price: 1.204832, deviation: 20.48%
2025-03-12 22:38:53,894 - market_maker - WARNING - Circuit breaker triggered, cancelling all orders
2025-03-12 22:38:53,894 - market_maker - INFO - Cancelling all open orders for USDT/USD
2025-03-12 22:38:53,894 - market_maker - INFO - Cancelled 0 open orders
2025-03-12 22:38:53,907 - market_maker - INFO - === Paper Trading Cycle 62/100 ===
2025-03-12 22:38:53,907 - market_maker - INFO - === Market Making Cycle: 2025-03-12 22:38:53.907104 ===
2025-03-12 22:38:53,907 - market_maker - WARNING - Stablecoin depeg detected! Price: 1.204832, deviation: 20.48%
2025-03-12 22:38:53,908 - market_maker - WARNING - Circuit breaker triggered, cancelling all orders
2025-03-12 22:38:53,908 - market_maker - INFO - Cancelling all open orders for USDT/USD
2025-03-12 22:38:53,908 - market_maker - INFO - Cancelled 0 open orders
2025-03-12 22:38:53,919 - market_maker - INFO - === Paper Trading Cycle 63/100 ===
2025-03-12 22:38:53,919 - market_maker - INFO - === Market Making Cycle: 2025-03-12 22:38:53.919379 ===
2025-03-12 22:38:53,920 - market_maker - WARNING - Stablecoin depeg detected! Price: 1.204832, deviation: 20.48%
2025-03-12 22:38:53,920 - market_maker - WARNING - Circuit breaker triggered, cancelling all orders
2025-03-12 22:38:53,920 - market_maker - INFO - Cancelling all open orders for USDT/USD
2025-03-12 22:38:53,920 - market_maker - INFO - Cancelled 0 open orders
2025-03-12 22:38:53,933 - market_maker - INFO - === Paper Trading Cycle 64/100 ===
2025-03-12 22:38:53,933 - market_maker - INFO - === Market Making Cycle: 2025-03-12 22:38:53.933266 ===
2025-03-12 22:38:53,934 - market_maker - WARNING - Stablecoin depeg detected! Price: 1.204832, deviation: 20.48%
2025-03-12 22:38:53,934 - market_maker - WARNING - Circuit breaker triggered, cancelling all orders
2025-03-12 22:38:53,934 - market_maker - INFO - Cancelling all open orders for USDT/USD
2025-03-12 22:38:53,934 - market_maker - INFO - Cancelled 0 open orders
2025-03-12 22:38:53,946 - market_maker - INFO - === Paper Trading Cycle 65/100 ===
2025-03-12 22:38:53,946 - market_maker - INFO - === Market Making Cycle: 2025-03-12 22:38:53.946201 ===
2025-03-12 22:38:53,947 - market_maker - WARNING - Stablecoin depeg detected! Price: 1.204832, deviation: 20.48%
2025-03-12 22:38:53,947 - market_maker - WARNING - Circuit breaker triggered, cancelling all orders
2025-03-12 22:38:53,947 - market_maker - INFO - Cancelling all open orders for USDT/USD
2025-03-12 22:38:53,947 - market_maker - INFO - Cancelled 0 open orders
2025-03-12 22:38:53,960 - market_maker - INFO - === Paper Trading Cycle 66/100 ===
2025-03-12 22:38:53,960 - market_maker - INFO - === Market Making Cycle: 2025-03-12 22:38:53.960578 ===
2025-03-12 22:38:53,961 - market_maker - WARNING - Stablecoin depeg detected! Price: 1.204832, deviation: 20.48%
2025-03-12 22:38:53,962 - market_maker - WARNING - Circuit breaker triggered, cancelling all orders
2025-03-12 22:38:53,962 - market_maker - INFO - Cancelling all open orders for USDT/USD
2025-03-12 22:38:53,962 - market_maker - INFO - Cancelled 0 open orders
2025-03-12 22:38:53,974 - market_maker - INFO - === Paper Trading Cycle 67/100 ===
2025-03-12 22:38:53,975 - market_maker - INFO - === Market Making Cycle: 2025-03-12 22:38:53.975112 ===
2025-03-12 22:38:53,976 - market_maker - WARNING - Stablecoin depeg detected! Price: 1.204832, deviation: 20.48%
2025-03-12 22:38:53,976 - market_maker - WARNING - Circuit breaker triggered, cancelling all orders
2025-03-12 22:38:53,976 - market_maker - INFO - Cancelling all open orders for USDT/USD
2025-03-12 22:38:53,976 - market_maker - INFO - Cancelled 0 open orders
2025-03-12 22:38:53,987 - market_maker - INFO - === Paper Trading Cycle 68/100 ===
2025-03-12 22:38:53,987 - market_maker - INFO - === Market Making Cycle: 2025-03-12 22:38:53.987827 ===
2025-03-12 22:38:53,988 - market_maker - WARNING - Stablecoin depeg detected! Price: 1.204832, deviation: 20.48%
2025-03-12 22:38:53,989 - market_maker - WARNING - Circuit breaker triggered, cancelling all orders
2025-03-12 22:38:53,989 - market_maker - INFO - Cancelling all open orders for USDT/USD
2025-03-12 22:38:53,989 - market_maker - INFO - Cancelled 0 open orders
2025-03-12 22:38:54,001 - market_maker - INFO - === Paper Trading Cycle 69/100 ===
2025-03-12 22:38:54,002 - market_maker - INFO - === Market Making Cycle: 2025-03-12 22:38:54.002017 ===
2025-03-12 22:38:54,003 - market_maker - WARNING - Stablecoin depeg detected! Price: 1.204832, deviation: 20.48%
2025-03-12 22:38:54,003 - market_maker - WARNING - Circuit breaker triggered, cancelling all orders
2025-03-12 22:38:54,003 - market_maker - INFO - Cancelling all open orders for USDT/USD
2025-03-12 22:38:54,003 - market_maker - INFO - Cancelled 0 open orders
2025-03-12 22:38:54,016 - market_maker - INFO - === Paper Trading Cycle 70/100 ===
2025-03-12 22:38:54,016 - market_maker - INFO - === Market Making Cycle: 2025-03-12 22:38:54.016524 ===
2025-03-12 22:38:54,017 - market_maker - WARNING - Stablecoin depeg detected! Price: 1.204832, deviation: 20.48%
2025-03-12 22:38:54,017 - market_maker - WARNING - Circuit breaker triggered, cancelling all orders
2025-03-12 22:38:54,017 - market_maker - INFO - Cancelling all open orders for USDT/USD
2025-03-12 22:38:54,018 - market_maker - INFO - Cancelled 0 open orders
2025-03-12 22:38:54,029 - market_maker - INFO - === Paper Trading Cycle 71/100 ===
2025-03-12 22:38:54,029 - market_maker - INFO - === Market Making Cycle: 2025-03-12 22:38:54.029475 ===
2025-03-12 22:38:54,030 - market_maker - WARNING - Stablecoin depeg detected! Price: 1.204832, deviation: 20.48%
2025-03-12 22:38:54,030 - market_maker - WARNING - Circuit breaker triggered, cancelling all orders
2025-03-12 22:38:54,030 - market_maker - INFO - Cancelling all open orders for USDT/USD
2025-03-12 22:38:54,030 - market_maker - INFO - Cancelled 0 open orders
2025-03-12 22:38:54,043 - market_maker - INFO - === Paper Trading Cycle 72/100 ===
2025-03-12 22:38:54,043 - market_maker - INFO - === Market Making Cycle: 2025-03-12 22:38:54.043658 ===
2025-03-12 22:38:54,045 - market_maker - WARNING - Stablecoin depeg detected! Price: 1.204832, deviation: 20.48%
2025-03-12 22:38:54,045 - market_maker - WARNING - Circuit breaker triggered, cancelling all orders
2025-03-12 22:38:54,045 - market_maker - INFO - Cancelling all open orders for USDT/USD
2025-03-12 22:38:54,045 - market_maker - INFO - Cancelled 0 open orders
2025-03-12 22:38:54,055 - market_maker - INFO - === Paper Trading Cycle 73/100 ===
2025-03-12 22:38:54,055 - market_maker - INFO - === Market Making Cycle: 2025-03-12 22:38:54.055752 ===
2025-03-12 22:38:54,056 - market_maker - WARNING - Stablecoin depeg detected! Price: 1.204832, deviation: 20.48%
2025-03-12 22:38:54,057 - market_maker - WARNING - Circuit breaker triggered, cancelling all orders
2025-03-12 22:38:54,057 - market_maker - INFO - Cancelling all open orders for USDT/USD
2025-03-12 22:38:54,057 - market_maker - INFO - Cancelled 0 open orders
2025-03-12 22:38:54,069 - market_maker - INFO - === Paper Trading Cycle 74/100 ===
2025-03-12 22:38:54,069 - market_maker - INFO - === Market Making Cycle: 2025-03-12 22:38:54.069383 ===
2025-03-12 22:38:54,070 - market_maker - WARNING - Stablecoin depeg detected! Price: 1.204832, deviation: 20.48%
2025-03-12 22:38:54,071 - market_maker - WARNING - Circuit breaker triggered, cancelling all orders
2025-03-12 22:38:54,071 - market_maker - INFO - Cancelling all open orders for USDT/USD
2025-03-12 22:38:54,071 - market_maker - INFO - Cancelled 0 open orders
2025-03-12 22:38:54,083 - market_maker - INFO - === Paper Trading Cycle 75/100 ===
2025-03-12 22:38:54,084 - market_maker - INFO - === Market Making Cycle: 2025-03-12 22:38:54.084181 ===
2025-03-12 22:38:54,085 - market_maker - WARNING - Stablecoin depeg detected! Price: 1.204832, deviation: 20.48%
2025-03-12 22:38:54,085 - market_maker - WARNING - Circuit breaker triggered, cancelling all orders
2025-03-12 22:38:54,085 - market_maker - INFO - Cancelling all open orders for USDT/USD
2025-03-12 22:38:54,085 - market_maker - INFO - Cancelled 0 open orders
2025-03-12 22:38:54,097 - market_maker - INFO - === Paper Trading Cycle 76/100 ===
2025-03-12 22:38:54,097 - market_maker - INFO - === Market Making Cycle: 2025-03-12 22:38:54.097851 ===
2025-03-12 22:38:54,099 - market_maker - WARNING - Stablecoin depeg detected! Price: 1.204832, deviation: 20.48%
2025-03-12 22:38:54,099 - market_maker - WARNING - Circuit breaker triggered, cancelling all orders
2025-03-12 22:38:54,099 - market_maker - INFO - Cancelling all open orders for USDT/USD
2025-03-12 22:38:54,099 - market_maker - INFO - Cancelled 0 open orders
2025-03-12 22:38:54,112 - market_maker - INFO - === Paper Trading Cycle 77/100 ===
2025-03-12 22:38:54,112 - market_maker - INFO - === Market Making Cycle: 2025-03-12 22:38:54.112152 ===
2025-03-12 22:38:54,113 - market_maker - WARNING - Stablecoin depeg detected! Price: 1.204832, deviation: 20.48%
2025-03-12 22:38:54,113 - market_maker - WARNING - Circuit breaker triggered, cancelling all orders
2025-03-12 22:38:54,113 - market_maker - INFO - Cancelling all open orders for USDT/USD
2025-03-12 22:38:54,113 - market_maker - INFO - Cancelled 0 open orders
2025-03-12 22:38:54,123 - market_maker - INFO - === Paper Trading Cycle 78/100 ===
2025-03-12 22:38:54,124 - market_maker - INFO - === Market Making Cycle: 2025-03-12 22:38:54.124180 ===
2025-03-12 22:38:54,125 - market_maker - WARNING - Stablecoin depeg detected! Price: 1.204832, deviation: 20.48%
2025-03-12 22:38:54,125 - market_maker - WARNING - Circuit breaker triggered, cancelling all orders
2025-03-12 22:38:54,125 - market_maker - INFO - Cancelling all open orders for USDT/USD
2025-03-12 22:38:54,125 - market_maker - INFO - Cancelled 0 open orders
2025-03-12 22:38:54,137 - market_maker - INFO - === Paper Trading Cycle 79/100 ===
2025-03-12 22:38:54,137 - market_maker - INFO - === Market Making Cycle: 2025-03-12 22:38:54.137861 ===
2025-03-12 22:38:54,139 - market_maker - WARNING - Stablecoin depeg detected! Price: 1.204832, deviation: 20.48%
2025-03-12 22:38:54,139 - market_maker - WARNING - Circuit breaker triggered, cancelling all orders
2025-03-12 22:38:54,139 - market_maker - INFO - Cancelling all open orders for USDT/USD
2025-03-12 22:38:54,139 - market_maker - INFO - Cancelled 0 open orders
2025-03-12 22:38:54,150 - market_maker - INFO - === Paper Trading Cycle 80/100 ===
2025-03-12 22:38:54,151 - market_maker - INFO - === Market Making Cycle: 2025-03-12 22:38:54.151154 ===
2025-03-12 22:38:54,152 - market_maker - WARNING - Stablecoin depeg detected! Price: 1.204832, deviation: 20.48%
2025-03-12 22:38:54,152 - market_maker - WARNING - Circuit breaker triggered, cancelling all orders
2025-03-12 22:38:54,152 - market_maker - INFO - Cancelling all open orders for USDT/USD
2025-03-12 22:38:54,153 - market_maker - INFO - Cancelled 0 open orders
2025-03-12 22:38:54,165 - market_maker - INFO - === Paper Trading Cycle 81/100 ===
2025-03-12 22:38:54,165 - market_maker - INFO - === Market Making Cycle: 2025-03-12 22:38:54.165790 ===
2025-03-12 22:38:54,166 - market_maker - WARNING - Stablecoin depeg detected! Price: 1.204832, deviation: 20.48%
2025-03-12 22:38:54,167 - market_maker - WARNING - Circuit breaker triggered, cancelling all orders
2025-03-12 22:38:54,167 - market_maker - INFO - Cancelling all open orders for USDT/USD
2025-03-12 22:38:54,167 - market_maker - INFO - Cancelled 0 open orders
2025-03-12 22:38:54,179 - market_maker - INFO - === Paper Trading Cycle 82/100 ===
2025-03-12 22:38:54,179 - market_maker - INFO - === Market Making Cycle: 2025-03-12 22:38:54.179523 ===
2025-03-12 22:38:54,181 - market_maker - WARNING - Stablecoin depeg detected! Price: 1.204832, deviation: 20.48%
2025-03-12 22:38:54,181 - market_maker - WARNING - Circuit breaker triggered, cancelling all orders
2025-03-12 22:38:54,181 - market_maker - INFO - Cancelling all open orders for USDT/USD
2025-03-12 22:38:54,181 - market_maker - INFO - Cancelled 0 open orders
2025-03-12 22:38:54,193 - market_maker - INFO - === Paper Trading Cycle 83/100 ===
2025-03-12 22:38:54,194 - market_maker - INFO - === Market Making Cycle: 2025-03-12 22:38:54.194169 ===
2025-03-12 22:38:54,195 - market_maker - WARNING - Stablecoin depeg detected! Price: 1.204832, deviation: 20.48%
2025-03-12 22:38:54,195 - market_maker - WARNING - Circuit breaker triggered, cancelling all orders
2025-03-12 22:38:54,195 - market_maker - INFO - Cancelling all open orders for USDT/USD
2025-03-12 22:38:54,195 - market_maker - INFO - Cancelled 0 open orders
2025-03-12 22:38:54,208 - market_maker - INFO - === Paper Trading Cycle 84/100 ===
2025-03-12 22:38:54,208 - market_maker - INFO - === Market Making Cycle: 2025-03-12 22:38:54.208622 ===
2025-03-12 22:38:54,209 - market_maker - WARNING - Stablecoin depeg detected! Price: 1.204832, deviation: 20.48%
2025-03-12 22:38:54,210 - market_maker - WARNING - Circuit breaker triggered, cancelling all orders
2025-03-12 22:38:54,210 - market_maker - INFO - Cancelling all open orders for USDT/USD
2025-03-12 22:38:54,210 - market_maker - INFO - Cancelled 0 open orders
2025-03-12 22:38:54,222 - market_maker - INFO - === Paper Trading Cycle 85/100 ===
2025-03-12 22:38:54,222 - market_maker - INFO - === Market Making Cycle: 2025-03-12 22:38:54.222920 ===
2025-03-12 22:38:54,224 - market_maker - WARNING - Stablecoin depeg detected! Price: 1.204832, deviation: 20.48%
2025-03-12 22:38:54,224 - market_maker - WARNING - Circuit breaker triggered, cancelling all orders
2025-03-12 22:38:54,224 - market_maker - INFO - Cancelling all open orders for USDT/USD
2025-03-12 22:38:54,224 - market_maker - INFO - Cancelled 0 open orders
2025-03-12 22:38:54,235 - market_maker - INFO - === Paper Trading Cycle 86/100 ===
2025-03-12 22:38:54,236 - market_maker - INFO - === Market Making Cycle: 2025-03-12 22:38:54.236103 ===
2025-03-12 22:38:54,237 - market_maker - WARNING - Stablecoin depeg detected! Price: 1.204832, deviation: 20.48%
2025-03-12 22:38:54,237 - market_maker - WARNING - Circuit breaker triggered, cancelling all orders
2025-03-12 22:38:54,237 - market_maker - INFO - Cancelling all open orders for USDT/USD
2025-03-12 22:38:54,237 - market_maker - INFO - Cancelled 0 open orders
2025-03-12 22:38:54,250 - market_maker - INFO - === Paper Trading Cycle 87/100 ===
2025-03-12 22:38:54,250 - market_maker - INFO - === Market Making Cycle: 2025-03-12 22:38:54.250552 ===
2025-03-12 22:38:54,251 - market_maker - WARNING - Stablecoin depeg detected! Price: 1.204832, deviation: 20.48%
2025-03-12 22:38:54,252 - market_maker - WARNING - Circuit breaker triggered, cancelling all orders
2025-03-12 22:38:54,252 - market_maker - INFO - Cancelling all open orders for USDT/USD
2025-03-12 22:38:54,252 - market_maker - INFO - Cancelled 0 open orders
2025-03-12 22:38:54,264 - market_maker - INFO - === Paper Trading Cycle 88/100 ===
2025-03-12 22:38:54,264 - market_maker - INFO - === Market Making Cycle: 2025-03-12 22:38:54.264691 ===
2025-03-12 22:38:54,273 - market_maker - WARNING - Stablecoin depeg detected! Price: 1.204832, deviation: 20.48%
2025-03-12 22:38:54,308 - market_maker - WARNING - Circuit breaker triggered, cancelling all orders
2025-03-12 22:38:54,308 - market_maker - INFO - Cancelling all open orders for USDT/USD
2025-03-12 22:38:54,309 - market_maker - INFO - Cancelled 0 open orders
2025-03-12 22:38:54,324 - market_maker - INFO - === Paper Trading Cycle 89/100 ===
2025-03-12 22:38:54,325 - market_maker - INFO - === Market Making Cycle: 2025-03-12 22:38:54.325955 ===
2025-03-12 22:38:54,326 - market_maker - WARNING - Stablecoin depeg detected! Price: 1.204832, deviation: 20.48%
2025-03-12 22:38:54,326 - market_maker - WARNING - Circuit breaker triggered, cancelling all orders
2025-03-12 22:38:54,326 - market_maker - INFO - Cancelling all open orders for USDT/USD
2025-03-12 22:38:54,326 - market_maker - INFO - Cancelled 0 open orders
2025-03-12 22:38:54,339 - market_maker - INFO - === Paper Trading Cycle 90/100 ===
2025-03-12 22:38:54,339 - market_maker - INFO - === Market Making Cycle: 2025-03-12 22:38:54.339663 ===
2025-03-12 22:38:54,340 - market_maker - WARNING - Stablecoin depeg detected! Price: 1.204832, deviation: 20.48%
2025-03-12 22:38:54,340 - market_maker - WARNING - Circuit breaker triggered, cancelling all orders
2025-03-12 22:38:54,340 - market_maker - INFO - Cancelling all open orders for USDT/USD
2025-03-12 22:38:54,340 - market_maker - INFO - Cancelled 0 open orders
2025-03-12 22:38:54,352 - market_maker - INFO - === Paper Trading Cycle 91/100 ===
2025-03-12 22:38:54,352 - market_maker - INFO - === Market Making Cycle: 2025-03-12 22:38:54.352525 ===
2025-03-12 22:38:54,353 - market_maker - WARNING - Stablecoin depeg detected! Price: 1.204832, deviation: 20.48%
2025-03-12 22:38:54,353 - market_maker - WARNING - Circuit breaker triggered, cancelling all orders
2025-03-12 22:38:54,353 - market_maker - INFO - Cancelling all open orders for USDT/USD
2025-03-12 22:38:54,353 - market_maker - INFO - Cancelled 0 open orders
2025-03-12 22:38:54,363 - market_maker - INFO - === Paper Trading Cycle 92/100 ===
2025-03-12 22:38:54,364 - market_maker - INFO - === Market Making Cycle: 2025-03-12 22:38:54.364067 ===
2025-03-12 22:38:54,364 - market_maker - WARNING - Stablecoin depeg detected! Price: 1.204832, deviation: 20.48%
2025-03-12 22:38:54,364 - market_maker - WARNING - Circuit breaker triggered, cancelling all orders
2025-03-12 22:38:54,365 - market_maker - INFO - Cancelling all open orders for USDT/USD
2025-03-12 22:38:54,365 - market_maker - INFO - Cancelled 0 open orders
2025-03-12 22:38:54,377 - market_maker - INFO - === Paper Trading Cycle 93/100 ===
2025-03-12 22:38:54,377 - market_maker - INFO - === Market Making Cycle: 2025-03-12 22:38:54.377735 ===
2025-03-12 22:38:54,378 - market_maker - WARNING - Stablecoin depeg detected! Price: 1.204832, deviation: 20.48%
2025-03-12 22:38:54,378 - market_maker - WARNING - Circuit breaker triggered, cancelling all orders
2025-03-12 22:38:54,378 - market_maker - INFO - Cancelling all open orders for USDT/USD
2025-03-12 22:38:54,378 - market_maker - INFO - Cancelled 0 open orders
2025-03-12 22:38:54,391 - market_maker - INFO - === Paper Trading Cycle 94/100 ===
2025-03-12 22:38:54,391 - market_maker - INFO - === Market Making Cycle: 2025-03-12 22:38:54.391383 ===
2025-03-12 22:38:54,392 - market_maker - WARNING - Stablecoin depeg detected! Price: 1.204832, deviation: 20.48%
2025-03-12 22:38:54,392 - market_maker - WARNING - Circuit breaker triggered, cancelling all orders
2025-03-12 22:38:54,392 - market_maker - INFO - Cancelling all open orders for USDT/USD
2025-03-12 22:38:54,392 - market_maker - INFO - Cancelled 0 open orders
2025-03-12 22:38:54,403 - market_maker - INFO - === Paper Trading Cycle 95/100 ===
2025-03-12 22:38:54,403 - market_maker - INFO - === Market Making Cycle: 2025-03-12 22:38:54.403609 ===
2025-03-12 22:38:54,404 - market_maker - WARNING - Stablecoin depeg detected! Price: 1.204832, deviation: 20.48%
2025-03-12 22:38:54,404 - market_maker - WARNING - Circuit breaker triggered, cancelling all orders
2025-03-12 22:38:54,404 - market_maker - INFO - Cancelling all open orders for USDT/USD
2025-03-12 22:38:54,404 - market_maker - INFO - Cancelled 0 open orders
2025-03-12 22:38:54,415 - market_maker - INFO - === Paper Trading Cycle 96/100 ===
2025-03-12 22:38:54,415 - market_maker - INFO - === Market Making Cycle: 2025-03-12 22:38:54.415694 ===
2025-03-12 22:38:54,416 - market_maker - WARNING - Stablecoin depeg detected! Price: 1.204832, deviation: 20.48%
2025-03-12 22:38:54,416 - market_maker - WARNING - Circuit breaker triggered, cancelling all orders
2025-03-12 22:38:54,416 - market_maker - INFO - Cancelling all open orders for USDT/USD
2025-03-12 22:38:54,416 - market_maker - INFO - Cancelled 0 open orders
2025-03-12 22:38:54,427 - market_maker - INFO - === Paper Trading Cycle 97/100 ===
2025-03-12 22:38:54,427 - market_maker - INFO - === Market Making Cycle: 2025-03-12 22:38:54.427691 ===
2025-03-12 22:38:54,428 - market_maker - WARNING - Stablecoin depeg detected! Price: 1.204832, deviation: 20.48%
2025-03-12 22:38:54,428 - market_maker - WARNING - Circuit breaker triggered, cancelling all orders
2025-03-12 22:38:54,428 - market_maker - INFO - Cancelling all open orders for USDT/USD
2025-03-12 22:38:54,428 - market_maker - INFO - Cancelled 0 open orders
2025-03-12 22:38:54,441 - market_maker - INFO - === Paper Trading Cycle 98/100 ===
2025-03-12 22:38:54,442 - market_maker - INFO - === Market Making Cycle: 2025-03-12 22:38:54.442447 ===
2025-03-12 22:38:54,443 - market_maker - WARNING - Stablecoin depeg detected! Price: 1.204832, deviation: 20.48%
2025-03-12 22:38:54,443 - market_maker - WARNING - Circuit breaker triggered, cancelling all orders
2025-03-12 22:38:54,443 - market_maker - INFO - Cancelling all open orders for USDT/USD
2025-03-12 22:38:54,443 - market_maker - INFO - Cancelled 0 open orders
2025-03-12 22:38:54,456 - market_maker - INFO - === Paper Trading Cycle 99/100 ===
2025-03-12 22:38:54,456 - market_maker - INFO - === Market Making Cycle: 2025-03-12 22:38:54.456318 ===
2025-03-12 22:38:54,457 - market_maker - WARNING - Stablecoin depeg detected! Price: 1.204832, deviation: 20.48%
2025-03-12 22:38:54,457 - market_maker - WARNING - Circuit breaker triggered, cancelling all orders
2025-03-12 22:38:54,457 - market_maker - INFO - Cancelling all open orders for USDT/USD
2025-03-12 22:38:54,457 - market_maker - INFO - Cancelled 0 open orders
2025-03-12 22:38:54,469 - market_maker - INFO - === Paper Trading Cycle 100/100 ===
2025-03-12 22:38:54,469 - market_maker - INFO - === Market Making Cycle: 2025-03-12 22:38:54.469366 ===
2025-03-12 22:38:54,470 - market_maker - WARNING - Stablecoin depeg detected! Price: 1.204832, deviation: 20.48%
2025-03-12 22:38:54,470 - market_maker - WARNING - Circuit breaker triggered, cancelling all orders
2025-03-12 22:38:54,470 - market_maker - INFO - Cancelling all open orders for USDT/USD
2025-03-12 22:38:54,470 - market_maker - INFO - Cancelled 0 open orders
2025-03-12 22:38:54,482 - market_maker - INFO - === Paper Trading Results ===
2025-03-12 22:38:54,482 - market_maker - INFO - Completed 0 position records
2025-03-12 22:38:54,482 - market_maker - INFO - Executed 0 trades
