2025-03-12 22:59:16,015 - market_maker - INFO - Starting market making bot in paper trading mode
2025-03-12 22:59:16,019 - market_maker - INFO - Generated 1000 historical candles
2025-03-12 22:59:16,019 - market_maker - INFO - Initialized mock exchange with balances: {'BTC': {'free': 1.0, 'used': 0.0, 'total': 1.0}, 'USDT': {'free': 10000.0, 'used': 0.0, 'total': 10000.0}, 'USD': {'free': 10000.0, 'used': 0.0, 'total': 10000.0}}
2025-03-12 22:59:16,019 - market_maker - INFO - Initialized mock exchange for paper trading
2025-03-12 22:59:16,019 - market_maker - INFO - Initialized order manager for USDT/USD with base size 5.0
2025-03-12 22:59:16,019 - market_maker - INFO - Initialized circuit breakers with price change threshold: 0.2
2025-03-12 22:59:16,019 - market_maker - INFO - Initialized inventory manager with max pct: 0.1, threshold: 0.05
2025-03-12 22:59:16,019 - market_maker - INFO - Initialized A-S model with gamma=0.001, lambda_b=397.57, lambda_a=1442.46
2025-03-12 22:59:16,019 - market_maker - INFO - Starting paper trading for 100 cycles
2025-03-12 22:59:16,019 - market_maker - INFO - === Paper Trading Cycle 1/100 ===
2025-03-12 22:59:16,019 - market_maker - INFO - === Market Making Cycle: 2025-03-12 22:59:16.019938 ===
2025-03-12 22:59:16,024 - market_maker - WARNING - Stablecoin depeg detected! Price: 0.641353, deviation: 35.86%
2025-03-12 22:59:16,024 - market_maker - WARNING - Circuit breaker triggered, cancelling all orders
2025-03-12 22:59:16,024 - market_maker - INFO - Cancelling all open orders for USDT/USD
2025-03-12 22:59:16,024 - market_maker - INFO - Cancelled 0 open orders
2025-03-12 22:59:16,037 - market_maker - INFO - === Paper Trading Cycle 2/100 ===
2025-03-12 22:59:16,037 - market_maker - INFO - === Market Making Cycle: 2025-03-12 22:59:16.037569 ===
2025-03-12 22:59:16,038 - market_maker - WARNING - Stablecoin depeg detected! Price: 0.641353, deviation: 35.86%
2025-03-12 22:59:16,038 - market_maker - WARNING - Circuit breaker triggered, cancelling all orders
2025-03-12 22:59:16,038 - market_maker - INFO - Cancelling all open orders for USDT/USD
2025-03-12 22:59:16,038 - market_maker - INFO - Cancelled 0 open orders
2025-03-12 22:59:16,049 - market_maker - INFO - === Paper Trading Cycle 3/100 ===
2025-03-12 22:59:16,049 - market_maker - INFO - === Market Making Cycle: 2025-03-12 22:59:16.049873 ===
2025-03-12 22:59:16,050 - market_maker - WARNING - Stablecoin depeg detected! Price: 0.641353, deviation: 35.86%
2025-03-12 22:59:16,050 - market_maker - WARNING - Circuit breaker triggered, cancelling all orders
2025-03-12 22:59:16,050 - market_maker - INFO - Cancelling all open orders for USDT/USD
2025-03-12 22:59:16,050 - market_maker - INFO - Cancelled 0 open orders
2025-03-12 22:59:16,063 - market_maker - INFO - === Paper Trading Cycle 4/100 ===
2025-03-12 22:59:16,063 - market_maker - INFO - === Market Making Cycle: 2025-03-12 22:59:16.063436 ===
2025-03-12 22:59:16,064 - market_maker - WARNING - Stablecoin depeg detected! Price: 0.641353, deviation: 35.86%
2025-03-12 22:59:16,064 - market_maker - WARNING - Circuit breaker triggered, cancelling all orders
2025-03-12 22:59:16,064 - market_maker - INFO - Cancelling all open orders for USDT/USD
2025-03-12 22:59:16,064 - market_maker - INFO - Cancelled 0 open orders
2025-03-12 22:59:16,076 - market_maker - INFO - === Paper Trading Cycle 5/100 ===
2025-03-12 22:59:16,077 - market_maker - INFO - === Market Making Cycle: 2025-03-12 22:59:16.077091 ===
2025-03-12 22:59:16,078 - market_maker - WARNING - Stablecoin depeg detected! Price: 0.641353, deviation: 35.86%
2025-03-12 22:59:16,078 - market_maker - WARNING - Circuit breaker triggered, cancelling all orders
2025-03-12 22:59:16,078 - market_maker - INFO - Cancelling all open orders for USDT/USD
2025-03-12 22:59:16,078 - market_maker - INFO - Cancelled 0 open orders
2025-03-12 22:59:16,090 - market_maker - INFO - === Paper Trading Cycle 6/100 ===
2025-03-12 22:59:16,092 - market_maker - INFO - === Market Making Cycle: 2025-03-12 22:59:16.092030 ===
2025-03-12 22:59:16,092 - market_maker - WARNING - Stablecoin depeg detected! Price: 0.641353, deviation: 35.86%
2025-03-12 22:59:16,092 - market_maker - WARNING - Circuit breaker triggered, cancelling all orders
2025-03-12 22:59:16,092 - market_maker - INFO - Cancelling all open orders for USDT/USD
2025-03-12 22:59:16,092 - market_maker - INFO - Cancelled 0 open orders
2025-03-12 22:59:16,103 - market_maker - INFO - === Paper Trading Cycle 7/100 ===
2025-03-12 22:59:16,103 - market_maker - INFO - === Market Making Cycle: 2025-03-12 22:59:16.103233 ===
2025-03-12 22:59:16,103 - market_maker - WARNING - Stablecoin depeg detected! Price: 0.641353, deviation: 35.86%
2025-03-12 22:59:16,103 - market_maker - WARNING - Circuit breaker triggered, cancelling all orders
2025-03-12 22:59:16,104 - market_maker - INFO - Cancelling all open orders for USDT/USD
2025-03-12 22:59:16,104 - market_maker - INFO - Cancelled 0 open orders
2025-03-12 22:59:16,116 - market_maker - INFO - === Paper Trading Cycle 8/100 ===
2025-03-12 22:59:16,116 - market_maker - INFO - === Market Making Cycle: 2025-03-12 22:59:16.116735 ===
2025-03-12 22:59:16,117 - market_maker - WARNING - Stablecoin depeg detected! Price: 0.641353, deviation: 35.86%
2025-03-12 22:59:16,117 - market_maker - WARNING - Circuit breaker triggered, cancelling all orders
2025-03-12 22:59:16,117 - market_maker - INFO - Cancelling all open orders for USDT/USD
2025-03-12 22:59:16,117 - market_maker - INFO - Cancelled 0 open orders
2025-03-12 22:59:16,128 - market_maker - INFO - === Paper Trading Cycle 9/100 ===
2025-03-12 22:59:16,128 - market_maker - INFO - === Market Making Cycle: 2025-03-12 22:59:16.128181 ===
2025-03-12 22:59:16,128 - market_maker - WARNING - Stablecoin depeg detected! Price: 0.641353, deviation: 35.86%
2025-03-12 22:59:16,129 - market_maker - WARNING - Circuit breaker triggered, cancelling all orders
2025-03-12 22:59:16,129 - market_maker - INFO - Cancelling all open orders for USDT/USD
2025-03-12 22:59:16,129 - market_maker - INFO - Cancelled 0 open orders
2025-03-12 22:59:16,140 - market_maker - INFO - === Paper Trading Cycle 10/100 ===
2025-03-12 22:59:16,141 - market_maker - INFO - === Market Making Cycle: 2025-03-12 22:59:16.141065 ===
2025-03-12 22:59:16,141 - market_maker - WARNING - Stablecoin depeg detected! Price: 0.641353, deviation: 35.86%
2025-03-12 22:59:16,141 - market_maker - WARNING - Circuit breaker triggered, cancelling all orders
2025-03-12 22:59:16,141 - market_maker - INFO - Cancelling all open orders for USDT/USD
2025-03-12 22:59:16,142 - market_maker - INFO - Cancelled 0 open orders
2025-03-12 22:59:16,154 - market_maker - INFO - === Paper Trading Cycle 11/100 ===
2025-03-12 22:59:16,154 - market_maker - INFO - === Market Making Cycle: 2025-03-12 22:59:16.154705 ===
2025-03-12 22:59:16,155 - market_maker - WARNING - Stablecoin depeg detected! Price: 0.641353, deviation: 35.86%
2025-03-12 22:59:16,155 - market_maker - WARNING - Circuit breaker triggered, cancelling all orders
2025-03-12 22:59:16,155 - market_maker - INFO - Cancelling all open orders for USDT/USD
2025-03-12 22:59:16,155 - market_maker - INFO - Cancelled 0 open orders
2025-03-12 22:59:16,168 - market_maker - INFO - === Paper Trading Cycle 12/100 ===
2025-03-12 22:59:16,168 - market_maker - INFO - === Market Making Cycle: 2025-03-12 22:59:16.168514 ===
2025-03-12 22:59:16,169 - market_maker - WARNING - Stablecoin depeg detected! Price: 0.641353, deviation: 35.86%
2025-03-12 22:59:16,169 - market_maker - WARNING - Circuit breaker triggered, cancelling all orders
2025-03-12 22:59:16,169 - market_maker - INFO - Cancelling all open orders for USDT/USD
2025-03-12 22:59:16,169 - market_maker - INFO - Cancelled 0 open orders
2025-03-12 22:59:16,180 - market_maker - INFO - === Paper Trading Cycle 13/100 ===
2025-03-12 22:59:16,180 - market_maker - INFO - === Market Making Cycle: 2025-03-12 22:59:16.180817 ===
2025-03-12 22:59:16,181 - market_maker - WARNING - Stablecoin depeg detected! Price: 0.641353, deviation: 35.86%
2025-03-12 22:59:16,181 - market_maker - WARNING - Circuit breaker triggered, cancelling all orders
2025-03-12 22:59:16,181 - market_maker - INFO - Cancelling all open orders for USDT/USD
2025-03-12 22:59:16,182 - market_maker - INFO - Cancelled 0 open orders
2025-03-12 22:59:16,194 - market_maker - INFO - === Paper Trading Cycle 14/100 ===
2025-03-12 22:59:16,194 - market_maker - INFO - === Market Making Cycle: 2025-03-12 22:59:16.194807 ===
2025-03-12 22:59:16,195 - market_maker - WARNING - Stablecoin depeg detected! Price: 0.641353, deviation: 35.86%
2025-03-12 22:59:16,196 - market_maker - WARNING - Circuit breaker triggered, cancelling all orders
2025-03-12 22:59:16,196 - market_maker - INFO - Cancelling all open orders for USDT/USD
2025-03-12 22:59:16,196 - market_maker - INFO - Cancelled 0 open orders
2025-03-12 22:59:16,208 - market_maker - INFO - === Paper Trading Cycle 15/100 ===
2025-03-12 22:59:16,208 - market_maker - INFO - === Market Making Cycle: 2025-03-12 22:59:16.208833 ===
2025-03-12 22:59:16,209 - market_maker - WARNING - Stablecoin depeg detected! Price: 0.641353, deviation: 35.86%
2025-03-12 22:59:16,209 - market_maker - WARNING - Circuit breaker triggered, cancelling all orders
2025-03-12 22:59:16,209 - market_maker - INFO - Cancelling all open orders for USDT/USD
2025-03-12 22:59:16,209 - market_maker - INFO - Cancelled 0 open orders
2025-03-12 22:59:16,222 - market_maker - INFO - === Paper Trading Cycle 16/100 ===
2025-03-12 22:59:16,222 - market_maker - INFO - === Market Making Cycle: 2025-03-12 22:59:16.222320 ===
2025-03-12 22:59:16,222 - market_maker - WARNING - Stablecoin depeg detected! Price: 0.641353, deviation: 35.86%
2025-03-12 22:59:16,222 - market_maker - WARNING - Circuit breaker triggered, cancelling all orders
2025-03-12 22:59:16,222 - market_maker - INFO - Cancelling all open orders for USDT/USD
2025-03-12 22:59:16,222 - market_maker - INFO - Cancelled 0 open orders
2025-03-12 22:59:16,235 - market_maker - INFO - === Paper Trading Cycle 17/100 ===
2025-03-12 22:59:16,235 - market_maker - INFO - === Market Making Cycle: 2025-03-12 22:59:16.235664 ===
2025-03-12 22:59:16,236 - market_maker - WARNING - Stablecoin depeg detected! Price: 0.641353, deviation: 35.86%
2025-03-12 22:59:16,236 - market_maker - WARNING - Circuit breaker triggered, cancelling all orders
2025-03-12 22:59:16,236 - market_maker - INFO - Cancelling all open orders for USDT/USD
2025-03-12 22:59:16,236 - market_maker - INFO - Cancelled 0 open orders
2025-03-12 22:59:16,249 - market_maker - INFO - === Paper Trading Cycle 18/100 ===
2025-03-12 22:59:16,249 - market_maker - INFO - === Market Making Cycle: 2025-03-12 22:59:16.249391 ===
2025-03-12 22:59:16,250 - market_maker - WARNING - Stablecoin depeg detected! Price: 0.641353, deviation: 35.86%
2025-03-12 22:59:16,250 - market_maker - WARNING - Circuit breaker triggered, cancelling all orders
2025-03-12 22:59:16,250 - market_maker - INFO - Cancelling all open orders for USDT/USD
2025-03-12 22:59:16,250 - market_maker - INFO - Cancelled 0 open orders
2025-03-12 22:59:16,261 - market_maker - INFO - === Paper Trading Cycle 19/100 ===
2025-03-12 22:59:16,261 - market_maker - INFO - === Market Making Cycle: 2025-03-12 22:59:16.261947 ===
2025-03-12 22:59:16,262 - market_maker - WARNING - Stablecoin depeg detected! Price: 0.641353, deviation: 35.86%
2025-03-12 22:59:16,262 - market_maker - WARNING - Circuit breaker triggered, cancelling all orders
2025-03-12 22:59:16,262 - market_maker - INFO - Cancelling all open orders for USDT/USD
2025-03-12 22:59:16,263 - market_maker - INFO - Cancelled 0 open orders
2025-03-12 22:59:16,275 - market_maker - INFO - === Paper Trading Cycle 20/100 ===
2025-03-12 22:59:16,275 - market_maker - INFO - === Market Making Cycle: 2025-03-12 22:59:16.275714 ===
2025-03-12 22:59:16,276 - market_maker - WARNING - Stablecoin depeg detected! Price: 0.641353, deviation: 35.86%
2025-03-12 22:59:16,276 - market_maker - WARNING - Circuit breaker triggered, cancelling all orders
2025-03-12 22:59:16,276 - market_maker - INFO - Cancelling all open orders for USDT/USD
2025-03-12 22:59:16,276 - market_maker - INFO - Cancelled 0 open orders
2025-03-12 22:59:16,289 - market_maker - INFO - === Paper Trading Cycle 21/100 ===
2025-03-12 22:59:16,289 - market_maker - INFO - === Market Making Cycle: 2025-03-12 22:59:16.289499 ===
2025-03-12 22:59:16,290 - market_maker - WARNING - Stablecoin depeg detected! Price: 0.641353, deviation: 35.86%
2025-03-12 22:59:16,290 - market_maker - WARNING - Circuit breaker triggered, cancelling all orders
2025-03-12 22:59:16,290 - market_maker - INFO - Cancelling all open orders for USDT/USD
2025-03-12 22:59:16,290 - market_maker - INFO - Cancelled 0 open orders
2025-03-12 22:59:16,301 - market_maker - INFO - === Paper Trading Cycle 22/100 ===
2025-03-12 22:59:16,301 - market_maker - INFO - === Market Making Cycle: 2025-03-12 22:59:16.301625 ===
2025-03-12 22:59:16,302 - market_maker - WARNING - Stablecoin depeg detected! Price: 0.641353, deviation: 35.86%
2025-03-12 22:59:16,302 - market_maker - WARNING - Circuit breaker triggered, cancelling all orders
2025-03-12 22:59:16,302 - market_maker - INFO - Cancelling all open orders for USDT/USD
2025-03-12 22:59:16,302 - market_maker - INFO - Cancelled 0 open orders
2025-03-12 22:59:16,315 - market_maker - INFO - === Paper Trading Cycle 23/100 ===
2025-03-12 22:59:16,315 - market_maker - INFO - === Market Making Cycle: 2025-03-12 22:59:16.315395 ===
2025-03-12 22:59:16,316 - market_maker - WARNING - Stablecoin depeg detected! Price: 0.641353, deviation: 35.86%
2025-03-12 22:59:16,316 - market_maker - WARNING - Circuit breaker triggered, cancelling all orders
2025-03-12 22:59:16,316 - market_maker - INFO - Cancelling all open orders for USDT/USD
2025-03-12 22:59:16,316 - market_maker - INFO - Cancelled 0 open orders
2025-03-12 22:59:16,328 - market_maker - INFO - === Paper Trading Cycle 24/100 ===
2025-03-12 22:59:16,328 - market_maker - INFO - === Market Making Cycle: 2025-03-12 22:59:16.328978 ===
2025-03-12 22:59:16,329 - market_maker - WARNING - Stablecoin depeg detected! Price: 0.641353, deviation: 35.86%
2025-03-12 22:59:16,329 - market_maker - WARNING - Circuit breaker triggered, cancelling all orders
2025-03-12 22:59:16,329 - market_maker - INFO - Cancelling all open orders for USDT/USD
2025-03-12 22:59:16,329 - market_maker - INFO - Cancelled 0 open orders
2025-03-12 22:59:16,342 - market_maker - INFO - === Paper Trading Cycle 25/100 ===
2025-03-12 22:59:16,342 - market_maker - INFO - === Market Making Cycle: 2025-03-12 22:59:16.342684 ===
2025-03-12 22:59:16,343 - market_maker - WARNING - Stablecoin depeg detected! Price: 0.641353, deviation: 35.86%
2025-03-12 22:59:16,343 - market_maker - WARNING - Circuit breaker triggered, cancelling all orders
2025-03-12 22:59:16,343 - market_maker - INFO - Cancelling all open orders for USDT/USD
2025-03-12 22:59:16,343 - market_maker - INFO - Cancelled 0 open orders
2025-03-12 22:59:16,356 - market_maker - INFO - === Paper Trading Cycle 26/100 ===
2025-03-12 22:59:16,356 - market_maker - INFO - === Market Making Cycle: 2025-03-12 22:59:16.356314 ===
2025-03-12 22:59:16,356 - market_maker - WARNING - Stablecoin depeg detected! Price: 0.641353, deviation: 35.86%
2025-03-12 22:59:16,357 - market_maker - WARNING - Circuit breaker triggered, cancelling all orders
2025-03-12 22:59:16,357 - market_maker - INFO - Cancelling all open orders for USDT/USD
2025-03-12 22:59:16,357 - market_maker - INFO - Cancelled 0 open orders
2025-03-12 22:59:16,368 - market_maker - INFO - === Paper Trading Cycle 27/100 ===
2025-03-12 22:59:16,368 - market_maker - INFO - === Market Making Cycle: 2025-03-12 22:59:16.368619 ===
2025-03-12 22:59:16,369 - market_maker - WARNING - Stablecoin depeg detected! Price: 0.641353, deviation: 35.86%
2025-03-12 22:59:16,369 - market_maker - WARNING - Circuit breaker triggered, cancelling all orders
2025-03-12 22:59:16,369 - market_maker - INFO - Cancelling all open orders for USDT/USD
2025-03-12 22:59:16,369 - market_maker - INFO - Cancelled 0 open orders
2025-03-12 22:59:16,382 - market_maker - INFO - === Paper Trading Cycle 28/100 ===
2025-03-12 22:59:16,382 - market_maker - INFO - === Market Making Cycle: 2025-03-12 22:59:16.382348 ===
2025-03-12 22:59:16,383 - market_maker - WARNING - Stablecoin depeg detected! Price: 0.641353, deviation: 35.86%
2025-03-12 22:59:16,383 - market_maker - WARNING - Circuit breaker triggered, cancelling all orders
2025-03-12 22:59:16,383 - market_maker - INFO - Cancelling all open orders for USDT/USD
2025-03-12 22:59:16,383 - market_maker - INFO - Cancelled 0 open orders
2025-03-12 22:59:16,395 - market_maker - INFO - === Paper Trading Cycle 29/100 ===
2025-03-12 22:59:16,396 - market_maker - INFO - === Market Making Cycle: 2025-03-12 22:59:16.395982 ===
2025-03-12 22:59:16,396 - market_maker - WARNING - Stablecoin depeg detected! Price: 0.641353, deviation: 35.86%
2025-03-12 22:59:16,397 - market_maker - WARNING - Circuit breaker triggered, cancelling all orders
2025-03-12 22:59:16,397 - market_maker - INFO - Cancelling all open orders for USDT/USD
2025-03-12 22:59:16,397 - market_maker - INFO - Cancelled 0 open orders
2025-03-12 22:59:16,409 - market_maker - INFO - === Paper Trading Cycle 30/100 ===
2025-03-12 22:59:16,409 - market_maker - INFO - === Market Making Cycle: 2025-03-12 22:59:16.409911 ===
2025-03-12 22:59:16,410 - market_maker - WARNING - Stablecoin depeg detected! Price: 0.641353, deviation: 35.86%
2025-03-12 22:59:16,411 - market_maker - WARNING - Circuit breaker triggered, cancelling all orders
2025-03-12 22:59:16,411 - market_maker - INFO - Cancelling all open orders for USDT/USD
2025-03-12 22:59:16,411 - market_maker - INFO - Cancelled 0 open orders
2025-03-12 22:59:16,423 - market_maker - INFO - === Paper Trading Cycle 31/100 ===
2025-03-12 22:59:16,423 - market_maker - INFO - === Market Making Cycle: 2025-03-12 22:59:16.423841 ===
2025-03-12 22:59:16,424 - market_maker - WARNING - Stablecoin depeg detected! Price: 0.641353, deviation: 35.86%
2025-03-12 22:59:16,425 - market_maker - WARNING - Circuit breaker triggered, cancelling all orders
2025-03-12 22:59:16,425 - market_maker - INFO - Cancelling all open orders for USDT/USD
2025-03-12 22:59:16,425 - market_maker - INFO - Cancelled 0 open orders
2025-03-12 22:59:16,437 - market_maker - INFO - === Paper Trading Cycle 32/100 ===
2025-03-12 22:59:16,437 - market_maker - INFO - === Market Making Cycle: 2025-03-12 22:59:16.437914 ===
2025-03-12 22:59:16,438 - market_maker - WARNING - Stablecoin depeg detected! Price: 0.641353, deviation: 35.86%
2025-03-12 22:59:16,438 - market_maker - WARNING - Circuit breaker triggered, cancelling all orders
2025-03-12 22:59:16,438 - market_maker - INFO - Cancelling all open orders for USDT/USD
2025-03-12 22:59:16,438 - market_maker - INFO - Cancelled 0 open orders
2025-03-12 22:59:16,451 - market_maker - INFO - === Paper Trading Cycle 33/100 ===
2025-03-12 22:59:16,451 - market_maker - INFO - === Market Making Cycle: 2025-03-12 22:59:16.451634 ===
2025-03-12 22:59:16,452 - market_maker - WARNING - Stablecoin depeg detected! Price: 0.641353, deviation: 35.86%
2025-03-12 22:59:16,452 - market_maker - WARNING - Circuit breaker triggered, cancelling all orders
2025-03-12 22:59:16,452 - market_maker - INFO - Cancelling all open orders for USDT/USD
2025-03-12 22:59:16,452 - market_maker - INFO - Cancelled 0 open orders
2025-03-12 22:59:16,465 - market_maker - INFO - === Paper Trading Cycle 34/100 ===
2025-03-12 22:59:16,465 - market_maker - INFO - === Market Making Cycle: 2025-03-12 22:59:16.465425 ===
2025-03-12 22:59:16,466 - market_maker - WARNING - Stablecoin depeg detected! Price: 0.641353, deviation: 35.86%
2025-03-12 22:59:16,466 - market_maker - WARNING - Circuit breaker triggered, cancelling all orders
2025-03-12 22:59:16,466 - market_maker - INFO - Cancelling all open orders for USDT/USD
2025-03-12 22:59:16,466 - market_maker - INFO - Cancelled 0 open orders
2025-03-12 22:59:16,479 - market_maker - INFO - === Paper Trading Cycle 35/100 ===
2025-03-12 22:59:16,479 - market_maker - INFO - === Market Making Cycle: 2025-03-12 22:59:16.479659 ===
2025-03-12 22:59:16,480 - market_maker - WARNING - Stablecoin depeg detected! Price: 0.641353, deviation: 35.86%
2025-03-12 22:59:16,480 - market_maker - WARNING - Circuit breaker triggered, cancelling all orders
2025-03-12 22:59:16,480 - market_maker - INFO - Cancelling all open orders for USDT/USD
2025-03-12 22:59:16,480 - market_maker - INFO - Cancelled 0 open orders
2025-03-12 22:59:16,493 - market_maker - INFO - === Paper Trading Cycle 36/100 ===
2025-03-12 22:59:16,493 - market_maker - INFO - === Market Making Cycle: 2025-03-12 22:59:16.493351 ===
2025-03-12 22:59:16,494 - market_maker - WARNING - Stablecoin depeg detected! Price: 0.641353, deviation: 35.86%
2025-03-12 22:59:16,494 - market_maker - WARNING - Circuit breaker triggered, cancelling all orders
2025-03-12 22:59:16,494 - market_maker - INFO - Cancelling all open orders for USDT/USD
2025-03-12 22:59:16,494 - market_maker - INFO - Cancelled 0 open orders
2025-03-12 22:59:16,505 - market_maker - INFO - === Paper Trading Cycle 37/100 ===
2025-03-12 22:59:16,505 - market_maker - INFO - === Market Making Cycle: 2025-03-12 22:59:16.505330 ===
2025-03-12 22:59:16,506 - market_maker - WARNING - Stablecoin depeg detected! Price: 0.641353, deviation: 35.86%
2025-03-12 22:59:16,506 - market_maker - WARNING - Circuit breaker triggered, cancelling all orders
2025-03-12 22:59:16,506 - market_maker - INFO - Cancelling all open orders for USDT/USD
2025-03-12 22:59:16,506 - market_maker - INFO - Cancelled 0 open orders
2025-03-12 22:59:16,519 - market_maker - INFO - === Paper Trading Cycle 38/100 ===
2025-03-12 22:59:16,519 - market_maker - INFO - === Market Making Cycle: 2025-03-12 22:59:16.519519 ===
2025-03-12 22:59:16,520 - market_maker - WARNING - Stablecoin depeg detected! Price: 0.641353, deviation: 35.86%
2025-03-12 22:59:16,520 - market_maker - WARNING - Circuit breaker triggered, cancelling all orders
2025-03-12 22:59:16,520 - market_maker - INFO - Cancelling all open orders for USDT/USD
2025-03-12 22:59:16,520 - market_maker - INFO - Cancelled 0 open orders
2025-03-12 22:59:16,532 - market_maker - INFO - === Paper Trading Cycle 39/100 ===
2025-03-12 22:59:16,532 - market_maker - INFO - === Market Making Cycle: 2025-03-12 22:59:16.532442 ===
2025-03-12 22:59:16,534 - market_maker - WARNING - Stablecoin depeg detected! Price: 0.641353, deviation: 35.86%
2025-03-12 22:59:16,534 - market_maker - WARNING - Circuit breaker triggered, cancelling all orders
2025-03-12 22:59:16,534 - market_maker - INFO - Cancelling all open orders for USDT/USD
2025-03-12 22:59:16,534 - market_maker - INFO - Cancelled 0 open orders
2025-03-12 22:59:16,544 - market_maker - INFO - === Paper Trading Cycle 40/100 ===
2025-03-12 22:59:16,544 - market_maker - INFO - === Market Making Cycle: 2025-03-12 22:59:16.544756 ===
2025-03-12 22:59:16,546 - market_maker - WARNING - Stablecoin depeg detected! Price: 0.641353, deviation: 35.86%
2025-03-12 22:59:16,546 - market_maker - WARNING - Circuit breaker triggered, cancelling all orders
2025-03-12 22:59:16,546 - market_maker - INFO - Cancelling all open orders for USDT/USD
2025-03-12 22:59:16,546 - market_maker - INFO - Cancelled 0 open orders
2025-03-12 22:59:16,556 - market_maker - INFO - === Paper Trading Cycle 41/100 ===
2025-03-12 22:59:16,556 - market_maker - INFO - === Market Making Cycle: 2025-03-12 22:59:16.556970 ===
2025-03-12 22:59:16,557 - market_maker - WARNING - Stablecoin depeg detected! Price: 0.641353, deviation: 35.86%
2025-03-12 22:59:16,558 - market_maker - WARNING - Circuit breaker triggered, cancelling all orders
2025-03-12 22:59:16,558 - market_maker - INFO - Cancelling all open orders for USDT/USD
2025-03-12 22:59:16,558 - market_maker - INFO - Cancelled 0 open orders
2025-03-12 22:59:16,570 - market_maker - INFO - === Paper Trading Cycle 42/100 ===
2025-03-12 22:59:16,570 - market_maker - INFO - === Market Making Cycle: 2025-03-12 22:59:16.570857 ===
2025-03-12 22:59:16,571 - market_maker - WARNING - Stablecoin depeg detected! Price: 0.641353, deviation: 35.86%
2025-03-12 22:59:16,571 - market_maker - WARNING - Circuit breaker triggered, cancelling all orders
2025-03-12 22:59:16,571 - market_maker - INFO - Cancelling all open orders for USDT/USD
2025-03-12 22:59:16,571 - market_maker - INFO - Cancelled 0 open orders
2025-03-12 22:59:16,583 - market_maker - INFO - === Paper Trading Cycle 43/100 ===
2025-03-12 22:59:16,583 - market_maker - INFO - === Market Making Cycle: 2025-03-12 22:59:16.583697 ===
2025-03-12 22:59:16,585 - market_maker - WARNING - Stablecoin depeg detected! Price: 0.641353, deviation: 35.86%
2025-03-12 22:59:16,585 - market_maker - WARNING - Circuit breaker triggered, cancelling all orders
2025-03-12 22:59:16,585 - market_maker - INFO - Cancelling all open orders for USDT/USD
2025-03-12 22:59:16,585 - market_maker - INFO - Cancelled 0 open orders
2025-03-12 22:59:16,598 - market_maker - INFO - === Paper Trading Cycle 44/100 ===
2025-03-12 22:59:16,598 - market_maker - INFO - === Market Making Cycle: 2025-03-12 22:59:16.598280 ===
2025-03-12 22:59:16,599 - market_maker - WARNING - Stablecoin depeg detected! Price: 0.641353, deviation: 35.86%
2025-03-12 22:59:16,600 - market_maker - WARNING - Circuit breaker triggered, cancelling all orders
2025-03-12 22:59:16,600 - market_maker - INFO - Cancelling all open orders for USDT/USD
2025-03-12 22:59:16,600 - market_maker - INFO - Cancelled 0 open orders
2025-03-12 22:59:16,612 - market_maker - INFO - === Paper Trading Cycle 45/100 ===
2025-03-12 22:59:16,613 - market_maker - INFO - === Market Making Cycle: 2025-03-12 22:59:16.613104 ===
2025-03-12 22:59:16,614 - market_maker - WARNING - Stablecoin depeg detected! Price: 0.641353, deviation: 35.86%
2025-03-12 22:59:16,614 - market_maker - WARNING - Circuit breaker triggered, cancelling all orders
2025-03-12 22:59:16,615 - market_maker - INFO - Cancelling all open orders for USDT/USD
2025-03-12 22:59:16,615 - market_maker - INFO - Cancelled 0 open orders
2025-03-12 22:59:16,627 - market_maker - INFO - === Paper Trading Cycle 46/100 ===
2025-03-12 22:59:16,628 - market_maker - INFO - === Market Making Cycle: 2025-03-12 22:59:16.628078 ===
2025-03-12 22:59:16,629 - market_maker - WARNING - Stablecoin depeg detected! Price: 0.641353, deviation: 35.86%
2025-03-12 22:59:16,629 - market_maker - WARNING - Circuit breaker triggered, cancelling all orders
2025-03-12 22:59:16,630 - market_maker - INFO - Cancelling all open orders for USDT/USD
2025-03-12 22:59:16,630 - market_maker - INFO - Cancelled 0 open orders
2025-03-12 22:59:16,642 - market_maker - INFO - === Paper Trading Cycle 47/100 ===
2025-03-12 22:59:16,643 - market_maker - INFO - === Market Making Cycle: 2025-03-12 22:59:16.642964 ===
2025-03-12 22:59:16,644 - market_maker - WARNING - Stablecoin depeg detected! Price: 0.641353, deviation: 35.86%
2025-03-12 22:59:16,644 - market_maker - WARNING - Circuit breaker triggered, cancelling all orders
2025-03-12 22:59:16,645 - market_maker - INFO - Cancelling all open orders for USDT/USD
2025-03-12 22:59:16,645 - market_maker - INFO - Cancelled 0 open orders
2025-03-12 22:59:16,657 - market_maker - INFO - === Paper Trading Cycle 48/100 ===
2025-03-12 22:59:16,657 - market_maker - INFO - === Market Making Cycle: 2025-03-12 22:59:16.657348 ===
2025-03-12 22:59:16,659 - market_maker - WARNING - Stablecoin depeg detected! Price: 0.641353, deviation: 35.86%
2025-03-12 22:59:16,659 - market_maker - WARNING - Circuit breaker triggered, cancelling all orders
2025-03-12 22:59:16,659 - market_maker - INFO - Cancelling all open orders for USDT/USD
2025-03-12 22:59:16,659 - market_maker - INFO - Cancelled 0 open orders
2025-03-12 22:59:16,669 - market_maker - INFO - === Paper Trading Cycle 49/100 ===
2025-03-12 22:59:16,670 - market_maker - INFO - === Market Making Cycle: 2025-03-12 22:59:16.670050 ===
2025-03-12 22:59:16,671 - market_maker - WARNING - Stablecoin depeg detected! Price: 0.641353, deviation: 35.86%
2025-03-12 22:59:16,672 - market_maker - WARNING - Circuit breaker triggered, cancelling all orders
2025-03-12 22:59:16,672 - market_maker - INFO - Cancelling all open orders for USDT/USD
2025-03-12 22:59:16,672 - market_maker - INFO - Cancelled 0 open orders
2025-03-12 22:59:16,682 - market_maker - INFO - === Paper Trading Cycle 50/100 ===
2025-03-12 22:59:16,682 - market_maker - INFO - === Market Making Cycle: 2025-03-12 22:59:16.682784 ===
2025-03-12 22:59:16,684 - market_maker - WARNING - Stablecoin depeg detected! Price: 0.641353, deviation: 35.86%
2025-03-12 22:59:16,684 - market_maker - WARNING - Circuit breaker triggered, cancelling all orders
2025-03-12 22:59:16,684 - market_maker - INFO - Cancelling all open orders for USDT/USD
2025-03-12 22:59:16,684 - market_maker - INFO - Cancelled 0 open orders
2025-03-12 22:59:16,697 - market_maker - INFO - === Paper Trading Cycle 51/100 ===
2025-03-12 22:59:16,697 - market_maker - INFO - === Market Making Cycle: 2025-03-12 22:59:16.697589 ===
2025-03-12 22:59:16,698 - market_maker - WARNING - Stablecoin depeg detected! Price: 0.641353, deviation: 35.86%
2025-03-12 22:59:16,698 - market_maker - WARNING - Circuit breaker triggered, cancelling all orders
2025-03-12 22:59:16,698 - market_maker - INFO - Cancelling all open orders for USDT/USD
2025-03-12 22:59:16,698 - market_maker - INFO - Cancelled 0 open orders
2025-03-12 22:59:16,711 - market_maker - INFO - === Paper Trading Cycle 52/100 ===
2025-03-12 22:59:16,711 - market_maker - INFO - === Market Making Cycle: 2025-03-12 22:59:16.711587 ===
2025-03-12 22:59:16,712 - market_maker - WARNING - Stablecoin depeg detected! Price: 0.641353, deviation: 35.86%
2025-03-12 22:59:16,712 - market_maker - WARNING - Circuit breaker triggered, cancelling all orders
2025-03-12 22:59:16,712 - market_maker - INFO - Cancelling all open orders for USDT/USD
2025-03-12 22:59:16,712 - market_maker - INFO - Cancelled 0 open orders
2025-03-12 22:59:16,725 - market_maker - INFO - === Paper Trading Cycle 53/100 ===
2025-03-12 22:59:16,725 - market_maker - INFO - === Market Making Cycle: 2025-03-12 22:59:16.725168 ===
2025-03-12 22:59:16,725 - market_maker - WARNING - Stablecoin depeg detected! Price: 0.641353, deviation: 35.86%
2025-03-12 22:59:16,726 - market_maker - WARNING - Circuit breaker triggered, cancelling all orders
2025-03-12 22:59:16,726 - market_maker - INFO - Cancelling all open orders for USDT/USD
2025-03-12 22:59:16,726 - market_maker - INFO - Cancelled 0 open orders
2025-03-12 22:59:16,736 - market_maker - INFO - === Paper Trading Cycle 54/100 ===
2025-03-12 22:59:16,736 - market_maker - INFO - === Market Making Cycle: 2025-03-12 22:59:16.736386 ===
2025-03-12 22:59:16,737 - market_maker - WARNING - Stablecoin depeg detected! Price: 0.641353, deviation: 35.86%
2025-03-12 22:59:16,737 - market_maker - WARNING - Circuit breaker triggered, cancelling all orders
2025-03-12 22:59:16,737 - market_maker - INFO - Cancelling all open orders for USDT/USD
2025-03-12 22:59:16,737 - market_maker - INFO - Cancelled 0 open orders
2025-03-12 22:59:16,748 - market_maker - INFO - === Paper Trading Cycle 55/100 ===
2025-03-12 22:59:16,748 - market_maker - INFO - === Market Making Cycle: 2025-03-12 22:59:16.748559 ===
2025-03-12 22:59:16,749 - market_maker - WARNING - Stablecoin depeg detected! Price: 0.641353, deviation: 35.86%
2025-03-12 22:59:16,749 - market_maker - WARNING - Circuit breaker triggered, cancelling all orders
2025-03-12 22:59:16,749 - market_maker - INFO - Cancelling all open orders for USDT/USD
2025-03-12 22:59:16,749 - market_maker - INFO - Cancelled 0 open orders
2025-03-12 22:59:16,762 - market_maker - INFO - === Paper Trading Cycle 56/100 ===
2025-03-12 22:59:16,762 - market_maker - INFO - === Market Making Cycle: 2025-03-12 22:59:16.762339 ===
2025-03-12 22:59:16,763 - market_maker - WARNING - Stablecoin depeg detected! Price: 0.641353, deviation: 35.86%
2025-03-12 22:59:16,763 - market_maker - WARNING - Circuit breaker triggered, cancelling all orders
2025-03-12 22:59:16,763 - market_maker - INFO - Cancelling all open orders for USDT/USD
2025-03-12 22:59:16,763 - market_maker - INFO - Cancelled 0 open orders
2025-03-12 22:59:16,774 - market_maker - INFO - === Paper Trading Cycle 57/100 ===
2025-03-12 22:59:16,774 - market_maker - INFO - === Market Making Cycle: 2025-03-12 22:59:16.774856 ===
2025-03-12 22:59:16,775 - market_maker - WARNING - Stablecoin depeg detected! Price: 0.641353, deviation: 35.86%
2025-03-12 22:59:16,775 - market_maker - WARNING - Circuit breaker triggered, cancelling all orders
2025-03-12 22:59:16,775 - market_maker - INFO - Cancelling all open orders for USDT/USD
2025-03-12 22:59:16,776 - market_maker - INFO - Cancelled 0 open orders
2025-03-12 22:59:16,786 - market_maker - INFO - === Paper Trading Cycle 58/100 ===
2025-03-12 22:59:16,786 - market_maker - INFO - === Market Making Cycle: 2025-03-12 22:59:16.786496 ===
2025-03-12 22:59:16,787 - market_maker - WARNING - Stablecoin depeg detected! Price: 0.641353, deviation: 35.86%
2025-03-12 22:59:16,787 - market_maker - WARNING - Circuit breaker triggered, cancelling all orders
2025-03-12 22:59:16,787 - market_maker - INFO - Cancelling all open orders for USDT/USD
2025-03-12 22:59:16,787 - market_maker - INFO - Cancelled 0 open orders
2025-03-12 22:59:16,800 - market_maker - INFO - === Paper Trading Cycle 59/100 ===
2025-03-12 22:59:16,800 - market_maker - INFO - === Market Making Cycle: 2025-03-12 22:59:16.800319 ===
2025-03-12 22:59:16,801 - market_maker - WARNING - Stablecoin depeg detected! Price: 0.641353, deviation: 35.86%
2025-03-12 22:59:16,801 - market_maker - WARNING - Circuit breaker triggered, cancelling all orders
2025-03-12 22:59:16,801 - market_maker - INFO - Cancelling all open orders for USDT/USD
2025-03-12 22:59:16,801 - market_maker - INFO - Cancelled 0 open orders
2025-03-12 22:59:16,812 - market_maker - INFO - === Paper Trading Cycle 60/100 ===
2025-03-12 22:59:16,812 - market_maker - INFO - === Market Making Cycle: 2025-03-12 22:59:16.812697 ===
2025-03-12 22:59:16,813 - market_maker - WARNING - Stablecoin depeg detected! Price: 0.641353, deviation: 35.86%
2025-03-12 22:59:16,813 - market_maker - WARNING - Circuit breaker triggered, cancelling all orders
2025-03-12 22:59:16,813 - market_maker - INFO - Cancelling all open orders for USDT/USD
2025-03-12 22:59:16,813 - market_maker - INFO - Cancelled 0 open orders
2025-03-12 22:59:16,826 - market_maker - INFO - === Paper Trading Cycle 61/100 ===
2025-03-12 22:59:16,826 - market_maker - INFO - === Market Making Cycle: 2025-03-12 22:59:16.826688 ===
2025-03-12 22:59:16,827 - market_maker - WARNING - Stablecoin depeg detected! Price: 0.641353, deviation: 35.86%
2025-03-12 22:59:16,828 - market_maker - WARNING - Circuit breaker triggered, cancelling all orders
2025-03-12 22:59:16,828 - market_maker - INFO - Cancelling all open orders for USDT/USD
2025-03-12 22:59:16,828 - market_maker - INFO - Cancelled 0 open orders
2025-03-12 22:59:16,841 - market_maker - INFO - === Paper Trading Cycle 62/100 ===
2025-03-12 22:59:16,841 - market_maker - INFO - === Market Making Cycle: 2025-03-12 22:59:16.841132 ===
2025-03-12 22:59:16,842 - market_maker - WARNING - Stablecoin depeg detected! Price: 0.641353, deviation: 35.86%
2025-03-12 22:59:16,842 - market_maker - WARNING - Circuit breaker triggered, cancelling all orders
2025-03-12 22:59:16,842 - market_maker - INFO - Cancelling all open orders for USDT/USD
2025-03-12 22:59:16,842 - market_maker - INFO - Cancelled 0 open orders
2025-03-12 22:59:16,853 - market_maker - INFO - === Paper Trading Cycle 63/100 ===
2025-03-12 22:59:16,853 - market_maker - INFO - === Market Making Cycle: 2025-03-12 22:59:16.853315 ===
2025-03-12 22:59:16,854 - market_maker - WARNING - Stablecoin depeg detected! Price: 0.641353, deviation: 35.86%
2025-03-12 22:59:16,854 - market_maker - WARNING - Circuit breaker triggered, cancelling all orders
2025-03-12 22:59:16,854 - market_maker - INFO - Cancelling all open orders for USDT/USD
2025-03-12 22:59:16,854 - market_maker - INFO - Cancelled 0 open orders
2025-03-12 22:59:16,866 - market_maker - INFO - === Paper Trading Cycle 64/100 ===
2025-03-12 22:59:16,866 - market_maker - INFO - === Market Making Cycle: 2025-03-12 22:59:16.866199 ===
2025-03-12 22:59:16,867 - market_maker - WARNING - Stablecoin depeg detected! Price: 0.641353, deviation: 35.86%
2025-03-12 22:59:16,867 - market_maker - WARNING - Circuit breaker triggered, cancelling all orders
2025-03-12 22:59:16,867 - market_maker - INFO - Cancelling all open orders for USDT/USD
2025-03-12 22:59:16,867 - market_maker - INFO - Cancelled 0 open orders
2025-03-12 22:59:16,878 - market_maker - INFO - === Paper Trading Cycle 65/100 ===
2025-03-12 22:59:16,879 - market_maker - INFO - === Market Making Cycle: 2025-03-12 22:59:16.879125 ===
2025-03-12 22:59:16,880 - market_maker - WARNING - Stablecoin depeg detected! Price: 0.641353, deviation: 35.86%
2025-03-12 22:59:16,880 - market_maker - WARNING - Circuit breaker triggered, cancelling all orders
2025-03-12 22:59:16,880 - market_maker - INFO - Cancelling all open orders for USDT/USD
2025-03-12 22:59:16,880 - market_maker - INFO - Cancelled 0 open orders
2025-03-12 22:59:16,891 - market_maker - INFO - === Paper Trading Cycle 66/100 ===
2025-03-12 22:59:16,891 - market_maker - INFO - === Market Making Cycle: 2025-03-12 22:59:16.891565 ===
2025-03-12 22:59:16,892 - market_maker - WARNING - Stablecoin depeg detected! Price: 0.641353, deviation: 35.86%
2025-03-12 22:59:16,893 - market_maker - WARNING - Circuit breaker triggered, cancelling all orders
2025-03-12 22:59:16,893 - market_maker - INFO - Cancelling all open orders for USDT/USD
2025-03-12 22:59:16,893 - market_maker - INFO - Cancelled 0 open orders
2025-03-12 22:59:16,905 - market_maker - INFO - === Paper Trading Cycle 67/100 ===
2025-03-12 22:59:16,905 - market_maker - INFO - === Market Making Cycle: 2025-03-12 22:59:16.905951 ===
2025-03-12 22:59:16,907 - market_maker - WARNING - Stablecoin depeg detected! Price: 0.641353, deviation: 35.86%
2025-03-12 22:59:16,907 - market_maker - WARNING - Circuit breaker triggered, cancelling all orders
2025-03-12 22:59:16,907 - market_maker - INFO - Cancelling all open orders for USDT/USD
2025-03-12 22:59:16,907 - market_maker - INFO - Cancelled 0 open orders
2025-03-12 22:59:16,920 - market_maker - INFO - === Paper Trading Cycle 68/100 ===
2025-03-12 22:59:16,920 - market_maker - INFO - === Market Making Cycle: 2025-03-12 22:59:16.920453 ===
2025-03-12 22:59:16,921 - market_maker - WARNING - Stablecoin depeg detected! Price: 0.641353, deviation: 35.86%
2025-03-12 22:59:16,921 - market_maker - WARNING - Circuit breaker triggered, cancelling all orders
2025-03-12 22:59:16,921 - market_maker - INFO - Cancelling all open orders for USDT/USD
2025-03-12 22:59:16,921 - market_maker - INFO - Cancelled 0 open orders
2025-03-12 22:59:16,934 - market_maker - INFO - === Paper Trading Cycle 69/100 ===
2025-03-12 22:59:16,934 - market_maker - INFO - === Market Making Cycle: 2025-03-12 22:59:16.934580 ===
2025-03-12 22:59:16,935 - market_maker - WARNING - Stablecoin depeg detected! Price: 0.641353, deviation: 35.86%
2025-03-12 22:59:16,936 - market_maker - WARNING - Circuit breaker triggered, cancelling all orders
2025-03-12 22:59:16,936 - market_maker - INFO - Cancelling all open orders for USDT/USD
2025-03-12 22:59:16,936 - market_maker - INFO - Cancelled 0 open orders
2025-03-12 22:59:16,948 - market_maker - INFO - === Paper Trading Cycle 70/100 ===
2025-03-12 22:59:16,948 - market_maker - INFO - === Market Making Cycle: 2025-03-12 22:59:16.948860 ===
2025-03-12 22:59:16,949 - market_maker - WARNING - Stablecoin depeg detected! Price: 0.641353, deviation: 35.86%
2025-03-12 22:59:16,949 - market_maker - WARNING - Circuit breaker triggered, cancelling all orders
2025-03-12 22:59:16,949 - market_maker - INFO - Cancelling all open orders for USDT/USD
2025-03-12 22:59:16,949 - market_maker - INFO - Cancelled 0 open orders
2025-03-12 22:59:16,962 - market_maker - INFO - === Paper Trading Cycle 71/100 ===
2025-03-12 22:59:16,962 - market_maker - INFO - === Market Making Cycle: 2025-03-12 22:59:16.962481 ===
2025-03-12 22:59:16,963 - market_maker - WARNING - Stablecoin depeg detected! Price: 0.641353, deviation: 35.86%
2025-03-12 22:59:16,963 - market_maker - WARNING - Circuit breaker triggered, cancelling all orders
2025-03-12 22:59:16,963 - market_maker - INFO - Cancelling all open orders for USDT/USD
2025-03-12 22:59:16,963 - market_maker - INFO - Cancelled 0 open orders
2025-03-12 22:59:16,975 - market_maker - INFO - === Paper Trading Cycle 72/100 ===
2025-03-12 22:59:16,976 - market_maker - INFO - === Market Making Cycle: 2025-03-12 22:59:16.976239 ===
2025-03-12 22:59:16,979 - market_maker - WARNING - Stablecoin depeg detected! Price: 0.641353, deviation: 35.86%
2025-03-12 22:59:16,979 - market_maker - WARNING - Circuit breaker triggered, cancelling all orders
2025-03-12 22:59:16,979 - market_maker - INFO - Cancelling all open orders for USDT/USD
2025-03-12 22:59:16,979 - market_maker - INFO - Cancelled 0 open orders
2025-03-12 22:59:16,992 - market_maker - INFO - === Paper Trading Cycle 73/100 ===
2025-03-12 22:59:16,992 - market_maker - INFO - === Market Making Cycle: 2025-03-12 22:59:16.992764 ===
2025-03-12 22:59:16,993 - market_maker - WARNING - Stablecoin depeg detected! Price: 0.641353, deviation: 35.86%
2025-03-12 22:59:16,993 - market_maker - WARNING - Circuit breaker triggered, cancelling all orders
2025-03-12 22:59:16,993 - market_maker - INFO - Cancelling all open orders for USDT/USD
2025-03-12 22:59:16,993 - market_maker - INFO - Cancelled 0 open orders
2025-03-12 22:59:17,005 - market_maker - INFO - === Paper Trading Cycle 74/100 ===
2025-03-12 22:59:17,006 - market_maker - INFO - === Market Making Cycle: 2025-03-12 22:59:17.006132 ===
2025-03-12 22:59:17,007 - market_maker - WARNING - Stablecoin depeg detected! Price: 0.641353, deviation: 35.86%
2025-03-12 22:59:17,007 - market_maker - WARNING - Circuit breaker triggered, cancelling all orders
2025-03-12 22:59:17,007 - market_maker - INFO - Cancelling all open orders for USDT/USD
2025-03-12 22:59:17,007 - market_maker - INFO - Cancelled 0 open orders
2025-03-12 22:59:17,020 - market_maker - INFO - === Paper Trading Cycle 75/100 ===
2025-03-12 22:59:17,021 - market_maker - INFO - === Market Making Cycle: 2025-03-12 22:59:17.020866 ===
2025-03-12 22:59:17,022 - market_maker - WARNING - Stablecoin depeg detected! Price: 0.641353, deviation: 35.86%
2025-03-12 22:59:17,022 - market_maker - WARNING - Circuit breaker triggered, cancelling all orders
2025-03-12 22:59:17,022 - market_maker - INFO - Cancelling all open orders for USDT/USD
2025-03-12 22:59:17,022 - market_maker - INFO - Cancelled 0 open orders
2025-03-12 22:59:17,035 - market_maker - INFO - === Paper Trading Cycle 76/100 ===
2025-03-12 22:59:17,036 - market_maker - INFO - === Market Making Cycle: 2025-03-12 22:59:17.036135 ===
2025-03-12 22:59:17,039 - market_maker - WARNING - Stablecoin depeg detected! Price: 0.641353, deviation: 35.86%
2025-03-12 22:59:17,039 - market_maker - WARNING - Circuit breaker triggered, cancelling all orders
2025-03-12 22:59:17,039 - market_maker - INFO - Cancelling all open orders for USDT/USD
2025-03-12 22:59:17,039 - market_maker - INFO - Cancelled 0 open orders
2025-03-12 22:59:17,052 - market_maker - INFO - === Paper Trading Cycle 77/100 ===
2025-03-12 22:59:17,054 - market_maker - INFO - === Market Making Cycle: 2025-03-12 22:59:17.054667 ===
2025-03-12 22:59:17,056 - market_maker - WARNING - Stablecoin depeg detected! Price: 0.641353, deviation: 35.86%
2025-03-12 22:59:17,056 - market_maker - WARNING - Circuit breaker triggered, cancelling all orders
2025-03-12 22:59:17,056 - market_maker - INFO - Cancelling all open orders for USDT/USD
2025-03-12 22:59:17,056 - market_maker - INFO - Cancelled 0 open orders
2025-03-12 22:59:17,070 - market_maker - INFO - === Paper Trading Cycle 78/100 ===
2025-03-12 22:59:17,071 - market_maker - INFO - === Market Making Cycle: 2025-03-12 22:59:17.071182 ===
2025-03-12 22:59:17,072 - market_maker - WARNING - Stablecoin depeg detected! Price: 0.641353, deviation: 35.86%
2025-03-12 22:59:17,072 - market_maker - WARNING - Circuit breaker triggered, cancelling all orders
2025-03-12 22:59:17,073 - market_maker - INFO - Cancelling all open orders for USDT/USD
2025-03-12 22:59:17,073 - market_maker - INFO - Cancelled 0 open orders
2025-03-12 22:59:17,085 - market_maker - INFO - === Paper Trading Cycle 79/100 ===
2025-03-12 22:59:17,086 - market_maker - INFO - === Market Making Cycle: 2025-03-12 22:59:17.086226 ===
2025-03-12 22:59:17,090 - market_maker - WARNING - Stablecoin depeg detected! Price: 0.641353, deviation: 35.86%
2025-03-12 22:59:17,090 - market_maker - WARNING - Circuit breaker triggered, cancelling all orders
2025-03-12 22:59:17,090 - market_maker - INFO - Cancelling all open orders for USDT/USD
2025-03-12 22:59:17,090 - market_maker - INFO - Cancelled 0 open orders
2025-03-12 22:59:17,103 - market_maker - INFO - === Paper Trading Cycle 80/100 ===
2025-03-12 22:59:17,103 - market_maker - INFO - === Market Making Cycle: 2025-03-12 22:59:17.103594 ===
2025-03-12 22:59:17,105 - market_maker - WARNING - Stablecoin depeg detected! Price: 0.641353, deviation: 35.86%
2025-03-12 22:59:17,105 - market_maker - WARNING - Circuit breaker triggered, cancelling all orders
2025-03-12 22:59:17,106 - market_maker - INFO - Cancelling all open orders for USDT/USD
2025-03-12 22:59:17,106 - market_maker - INFO - Cancelled 0 open orders
2025-03-12 22:59:17,118 - market_maker - INFO - === Paper Trading Cycle 81/100 ===
2025-03-12 22:59:17,118 - market_maker - INFO - === Market Making Cycle: 2025-03-12 22:59:17.118952 ===
2025-03-12 22:59:17,120 - market_maker - WARNING - Stablecoin depeg detected! Price: 0.641353, deviation: 35.86%
2025-03-12 22:59:17,120 - market_maker - WARNING - Circuit breaker triggered, cancelling all orders
2025-03-12 22:59:17,120 - market_maker - INFO - Cancelling all open orders for USDT/USD
2025-03-12 22:59:17,120 - market_maker - INFO - Cancelled 0 open orders
2025-03-12 22:59:17,132 - market_maker - INFO - === Paper Trading Cycle 82/100 ===
2025-03-12 22:59:17,133 - market_maker - INFO - === Market Making Cycle: 2025-03-12 22:59:17.133108 ===
2025-03-12 22:59:17,134 - market_maker - WARNING - Stablecoin depeg detected! Price: 0.641353, deviation: 35.86%
2025-03-12 22:59:17,134 - market_maker - WARNING - Circuit breaker triggered, cancelling all orders
2025-03-12 22:59:17,134 - market_maker - INFO - Cancelling all open orders for USDT/USD
2025-03-12 22:59:17,134 - market_maker - INFO - Cancelled 0 open orders
2025-03-12 22:59:17,146 - market_maker - INFO - === Paper Trading Cycle 83/100 ===
2025-03-12 22:59:17,147 - market_maker - INFO - === Market Making Cycle: 2025-03-12 22:59:17.147004 ===
2025-03-12 22:59:17,148 - market_maker - WARNING - Stablecoin depeg detected! Price: 0.641353, deviation: 35.86%
2025-03-12 22:59:17,148 - market_maker - WARNING - Circuit breaker triggered, cancelling all orders
2025-03-12 22:59:17,148 - market_maker - INFO - Cancelling all open orders for USDT/USD
2025-03-12 22:59:17,148 - market_maker - INFO - Cancelled 0 open orders
2025-03-12 22:59:17,160 - market_maker - INFO - === Paper Trading Cycle 84/100 ===
2025-03-12 22:59:17,161 - market_maker - INFO - === Market Making Cycle: 2025-03-12 22:59:17.161066 ===
2025-03-12 22:59:17,162 - market_maker - WARNING - Stablecoin depeg detected! Price: 0.641353, deviation: 35.86%
2025-03-12 22:59:17,162 - market_maker - WARNING - Circuit breaker triggered, cancelling all orders
2025-03-12 22:59:17,162 - market_maker - INFO - Cancelling all open orders for USDT/USD
2025-03-12 22:59:17,162 - market_maker - INFO - Cancelled 0 open orders
2025-03-12 22:59:17,175 - market_maker - INFO - === Paper Trading Cycle 85/100 ===
2025-03-12 22:59:17,175 - market_maker - INFO - === Market Making Cycle: 2025-03-12 22:59:17.175454 ===
2025-03-12 22:59:17,176 - market_maker - WARNING - Stablecoin depeg detected! Price: 0.641353, deviation: 35.86%
2025-03-12 22:59:17,176 - market_maker - WARNING - Circuit breaker triggered, cancelling all orders
2025-03-12 22:59:17,176 - market_maker - INFO - Cancelling all open orders for USDT/USD
2025-03-12 22:59:17,176 - market_maker - INFO - Cancelled 0 open orders
2025-03-12 22:59:17,188 - market_maker - INFO - === Paper Trading Cycle 86/100 ===
2025-03-12 22:59:17,188 - market_maker - INFO - === Market Making Cycle: 2025-03-12 22:59:17.188214 ===
2025-03-12 22:59:17,189 - market_maker - WARNING - Stablecoin depeg detected! Price: 0.641353, deviation: 35.86%
2025-03-12 22:59:17,189 - market_maker - WARNING - Circuit breaker triggered, cancelling all orders
2025-03-12 22:59:17,189 - market_maker - INFO - Cancelling all open orders for USDT/USD
2025-03-12 22:59:17,189 - market_maker - INFO - Cancelled 0 open orders
2025-03-12 22:59:17,202 - market_maker - INFO - === Paper Trading Cycle 87/100 ===
2025-03-12 22:59:17,202 - market_maker - INFO - === Market Making Cycle: 2025-03-12 22:59:17.202137 ===
2025-03-12 22:59:17,202 - market_maker - WARNING - Stablecoin depeg detected! Price: 0.641353, deviation: 35.86%
2025-03-12 22:59:17,203 - market_maker - WARNING - Circuit breaker triggered, cancelling all orders
2025-03-12 22:59:17,203 - market_maker - INFO - Cancelling all open orders for USDT/USD
2025-03-12 22:59:17,203 - market_maker - INFO - Cancelled 0 open orders
2025-03-12 22:59:17,215 - market_maker - INFO - === Paper Trading Cycle 88/100 ===
2025-03-12 22:59:17,215 - market_maker - INFO - === Market Making Cycle: 2025-03-12 22:59:17.215309 ===
2025-03-12 22:59:17,216 - market_maker - WARNING - Stablecoin depeg detected! Price: 0.641353, deviation: 35.86%
2025-03-12 22:59:17,216 - market_maker - WARNING - Circuit breaker triggered, cancelling all orders
2025-03-12 22:59:17,216 - market_maker - INFO - Cancelling all open orders for USDT/USD
2025-03-12 22:59:17,216 - market_maker - INFO - Cancelled 0 open orders
2025-03-12 22:59:17,228 - market_maker - INFO - === Paper Trading Cycle 89/100 ===
2025-03-12 22:59:17,228 - market_maker - INFO - === Market Making Cycle: 2025-03-12 22:59:17.228190 ===
2025-03-12 22:59:17,229 - market_maker - WARNING - Stablecoin depeg detected! Price: 0.641353, deviation: 35.86%
2025-03-12 22:59:17,229 - market_maker - WARNING - Circuit breaker triggered, cancelling all orders
2025-03-12 22:59:17,229 - market_maker - INFO - Cancelling all open orders for USDT/USD
2025-03-12 22:59:17,229 - market_maker - INFO - Cancelled 0 open orders
2025-03-12 22:59:17,240 - market_maker - INFO - === Paper Trading Cycle 90/100 ===
2025-03-12 22:59:17,240 - market_maker - INFO - === Market Making Cycle: 2025-03-12 22:59:17.240846 ===
2025-03-12 22:59:17,244 - market_maker - WARNING - Stablecoin depeg detected! Price: 0.641353, deviation: 35.86%
2025-03-12 22:59:17,245 - market_maker - WARNING - Circuit breaker triggered, cancelling all orders
2025-03-12 22:59:17,245 - market_maker - INFO - Cancelling all open orders for USDT/USD
2025-03-12 22:59:17,246 - market_maker - INFO - Cancelled 0 open orders
2025-03-12 22:59:17,258 - market_maker - INFO - === Paper Trading Cycle 91/100 ===
2025-03-12 22:59:17,258 - market_maker - INFO - === Market Making Cycle: 2025-03-12 22:59:17.258646 ===
2025-03-12 22:59:17,263 - market_maker - WARNING - Stablecoin depeg detected! Price: 0.641353, deviation: 35.86%
2025-03-12 22:59:17,263 - market_maker - WARNING - Circuit breaker triggered, cancelling all orders
2025-03-12 22:59:17,263 - market_maker - INFO - Cancelling all open orders for USDT/USD
2025-03-12 22:59:17,263 - market_maker - INFO - Cancelled 0 open orders
2025-03-12 22:59:17,276 - market_maker - INFO - === Paper Trading Cycle 92/100 ===
2025-03-12 22:59:17,277 - market_maker - INFO - === Market Making Cycle: 2025-03-12 22:59:17.277670 ===
2025-03-12 22:59:17,287 - market_maker - WARNING - Stablecoin depeg detected! Price: 0.641353, deviation: 35.86%
2025-03-12 22:59:17,287 - market_maker - WARNING - Circuit breaker triggered, cancelling all orders
2025-03-12 22:59:17,287 - market_maker - INFO - Cancelling all open orders for USDT/USD
2025-03-12 22:59:17,287 - market_maker - INFO - Cancelled 0 open orders
2025-03-12 22:59:17,300 - market_maker - INFO - === Paper Trading Cycle 93/100 ===
2025-03-12 22:59:17,300 - market_maker - INFO - === Market Making Cycle: 2025-03-12 22:59:17.300438 ===
2025-03-12 22:59:17,301 - market_maker - WARNING - Stablecoin depeg detected! Price: 0.641353, deviation: 35.86%
2025-03-12 22:59:17,302 - market_maker - WARNING - Circuit breaker triggered, cancelling all orders
2025-03-12 22:59:17,302 - market_maker - INFO - Cancelling all open orders for USDT/USD
2025-03-12 22:59:17,302 - market_maker - INFO - Cancelled 0 open orders
2025-03-12 22:59:17,314 - market_maker - INFO - === Paper Trading Cycle 94/100 ===
2025-03-12 22:59:17,315 - market_maker - INFO - === Market Making Cycle: 2025-03-12 22:59:17.315023 ===
2025-03-12 22:59:17,315 - market_maker - WARNING - Stablecoin depeg detected! Price: 0.641353, deviation: 35.86%
2025-03-12 22:59:17,315 - market_maker - WARNING - Circuit breaker triggered, cancelling all orders
2025-03-12 22:59:17,315 - market_maker - INFO - Cancelling all open orders for USDT/USD
2025-03-12 22:59:17,315 - market_maker - INFO - Cancelled 0 open orders
2025-03-12 22:59:17,327 - market_maker - INFO - === Paper Trading Cycle 95/100 ===
2025-03-12 22:59:17,327 - market_maker - INFO - === Market Making Cycle: 2025-03-12 22:59:17.327265 ===
2025-03-12 22:59:17,327 - market_maker - WARNING - Stablecoin depeg detected! Price: 0.641353, deviation: 35.86%
2025-03-12 22:59:17,328 - market_maker - WARNING - Circuit breaker triggered, cancelling all orders
2025-03-12 22:59:17,328 - market_maker - INFO - Cancelling all open orders for USDT/USD
2025-03-12 22:59:17,328 - market_maker - INFO - Cancelled 0 open orders
2025-03-12 22:59:17,340 - market_maker - INFO - === Paper Trading Cycle 96/100 ===
2025-03-12 22:59:17,340 - market_maker - INFO - === Market Making Cycle: 2025-03-12 22:59:17.340865 ===
2025-03-12 22:59:17,341 - market_maker - WARNING - Stablecoin depeg detected! Price: 0.641353, deviation: 35.86%
2025-03-12 22:59:17,341 - market_maker - WARNING - Circuit breaker triggered, cancelling all orders
2025-03-12 22:59:17,341 - market_maker - INFO - Cancelling all open orders for USDT/USD
2025-03-12 22:59:17,341 - market_maker - INFO - Cancelled 0 open orders
2025-03-12 22:59:17,352 - market_maker - INFO - === Paper Trading Cycle 97/100 ===
2025-03-12 22:59:17,352 - market_maker - INFO - === Market Making Cycle: 2025-03-12 22:59:17.352257 ===
2025-03-12 22:59:17,353 - market_maker - WARNING - Stablecoin depeg detected! Price: 0.641353, deviation: 35.86%
2025-03-12 22:59:17,353 - market_maker - WARNING - Circuit breaker triggered, cancelling all orders
2025-03-12 22:59:17,353 - market_maker - INFO - Cancelling all open orders for USDT/USD
2025-03-12 22:59:17,353 - market_maker - INFO - Cancelled 0 open orders
2025-03-12 22:59:17,363 - market_maker - INFO - === Paper Trading Cycle 98/100 ===
2025-03-12 22:59:17,364 - market_maker - INFO - === Market Making Cycle: 2025-03-12 22:59:17.364123 ===
2025-03-12 22:59:17,364 - market_maker - WARNING - Stablecoin depeg detected! Price: 0.641353, deviation: 35.86%
2025-03-12 22:59:17,365 - market_maker - WARNING - Circuit breaker triggered, cancelling all orders
2025-03-12 22:59:17,365 - market_maker - INFO - Cancelling all open orders for USDT/USD
2025-03-12 22:59:17,365 - market_maker - INFO - Cancelled 0 open orders
2025-03-12 22:59:17,377 - market_maker - INFO - === Paper Trading Cycle 99/100 ===
2025-03-12 22:59:17,377 - market_maker - INFO - === Market Making Cycle: 2025-03-12 22:59:17.377256 ===
2025-03-12 22:59:17,378 - market_maker - WARNING - Stablecoin depeg detected! Price: 0.641353, deviation: 35.86%
2025-03-12 22:59:17,378 - market_maker - WARNING - Circuit breaker triggered, cancelling all orders
2025-03-12 22:59:17,378 - market_maker - INFO - Cancelling all open orders for USDT/USD
2025-03-12 22:59:17,378 - market_maker - INFO - Cancelled 0 open orders
2025-03-12 22:59:17,389 - market_maker - INFO - === Paper Trading Cycle 100/100 ===
2025-03-12 22:59:17,389 - market_maker - INFO - === Market Making Cycle: 2025-03-12 22:59:17.389154 ===
2025-03-12 22:59:17,390 - market_maker - WARNING - Stablecoin depeg detected! Price: 0.641353, deviation: 35.86%
2025-03-12 22:59:17,390 - market_maker - WARNING - Circuit breaker triggered, cancelling all orders
2025-03-12 22:59:17,390 - market_maker - INFO - Cancelling all open orders for USDT/USD
2025-03-12 22:59:17,390 - market_maker - INFO - Cancelled 0 open orders
2025-03-12 22:59:17,404 - market_maker - INFO - === Paper Trading Results ===
2025-03-12 22:59:17,404 - market_maker - INFO - Completed 0 position records
2025-03-12 22:59:17,404 - market_maker - INFO - Executed 0 trades
